[2016.02.17-05.39.51:747][  0]Log file open, 02/17/16 16:39:51
[2016.02.17-05.39.51:747][  0]LogInit:Display: Running engine for game: Swap
[2016.02.17-05.39.51:747][  0]LogPlatformFile: Not using cached read wrapper
[2016.02.17-05.39.51:747][  0]LogInit:Display: RandInit(-576969348) SRandInit(-576969347).
[2016.02.17-05.39.51:747][  0]LogTaskGraph: Started task graph with 4 named threads and 7 total threads.
[2016.02.17-05.39.51:747][  0]LogStats: Stats thread started at 0.256539
[2016.02.17-05.39.51:747][  0]LogInit: Version: 4.10.2-2818068+++depot+UE4-Releases+4.10
[2016.02.17-05.39.51:747][  0]LogInit: API Version: 2758231
[2016.02.17-05.39.51:747][  0]LogInit: Compiled (64-bit): Jan  6 2016 17:36:42
[2016.02.17-05.39.51:747][  0]LogInit: Compiled with Visual C++: 19.00.23026.00
[2016.02.17-05.39.51:747][  0]LogInit: Build Configuration: Development
[2016.02.17-05.39.51:747][  0]LogInit: Branch Name: ++depot+UE4-Releases+4.10
[2016.02.17-05.39.51:747][  0]LogInit: Command line:  
[2016.02.17-05.39.51:747][  0]LogInit: Base directory: C:/Program Files (x86)/Epic Games/4.10/Engine/Binaries/Win64/
[2016.02.17-05.39.51:747][  0]LogInit: Rocket: 1
[2016.02.17-05.39.51:784][  0]LogInit: Using libcurl 7.41.0
[2016.02.17-05.39.51:784][  0]LogInit:  - built for x86_64-pc-win32
[2016.02.17-05.39.51:784][  0]LogInit:  - supports SSL with WinSSL
[2016.02.17-05.39.51:784][  0]LogInit:  - other features:
[2016.02.17-05.39.51:784][  0]LogInit:      CURL_VERSION_SSL
[2016.02.17-05.39.51:784][  0]LogInit:      CURL_VERSION_IPV6
[2016.02.17-05.39.51:784][  0]LogInit:      CURL_VERSION_ASYNCHDNS
[2016.02.17-05.39.51:784][  0]LogInit:      CURL_VERSION_LARGEFILE
[2016.02.17-05.39.51:784][  0]LogInit:      CURL_VERSION_IDN
[2016.02.17-05.39.51:784][  0]LogInit:  CurlRequestOptions (configurable via config and command line):
[2016.02.17-05.39.51:784][  0]LogInit:  - bVerifyPeer = true  - Libcurl will verify peer certificate
[2016.02.17-05.39.51:784][  0]LogInit:  - bUseHttpProxy = false  - Libcurl will NOT use HTTP proxy
[2016.02.17-05.39.51:784][  0]LogInit:  - bDontReuseConnections = false  - Libcurl will reuse connections
[2016.02.17-05.39.51:784][  0]LogInit:  - CertBundlePath = nullptr  - Libcurl will use whatever was configured at build time.
[2016.02.17-05.39.51:839][  0]LogInit: Presizing for 0 objects not considered by GC, pre-allocating 0 bytes.
[2016.02.17-05.39.51:846][  0]LogInit: Object subsystem initialized
[2016.02.17-05.39.51:857][  0]LogInit: Selected Device Profile: [Windows]
[2016.02.17-05.39.51:857][  0]LogInit: Applying CVar settings loaded from the selected device profile: [Windows]
[2016.02.17-05.39.51:868][  0]LogInit: Computer: HARST-E0B24C
[2016.02.17-05.39.51:868][  0]LogInit: User: lochlanmckinno
[2016.02.17-05.39.51:868][  0]LogInit: CPU Page size=4096, Cores=4
[2016.02.17-05.39.51:868][  0]LogInit: High frequency timer resolution =3.410263 MHz
[2016.02.17-05.39.51:868][  0]LogMemory: Memory total: Physical=15.9GB (16GB approx)
[2016.02.17-05.39.51:868][  0]LogMemory: Platform Memory Stats for Windows
[2016.02.17-05.39.51:868][  0]LogMemory: Process Physical Memory: 58.16 MB used, 58.16 MB peak
[2016.02.17-05.39.51:868][  0]LogMemory: Process Virtual Memory: 61.59 MB used, 61.59 MB peak
[2016.02.17-05.39.51:868][  0]LogMemory: Physical Memory: 4371.26 MB used, 16301.11 MB total
[2016.02.17-05.39.51:868][  0]LogMemory: Virtual Memory: 356.14 MB used, 8388608.00 MB total
[2016.02.17-05.39.52:197][  0]LogTextLocalizationManager: No specific translations for ('en-US') exist, so ('en') translations will be used.
[2016.02.17-05.39.52:715][  0]LogD3D11RHI: Found D3D11 adapter 0: NVIDIA GeForce GTX 560  (Feature Level 11_0)
[2016.02.17-05.39.52:715][  0]LogD3D11RHI: Adapter has 979MB of dedicated video memory, 0MB of dedicated system memory, and 3071MB of shared system memory, 2 output[s]
[2016.02.17-05.39.52:818][  0]LogD3D11RHI: Found D3D11 adapter 1: Intel(R) HD Graphics 3000 (Feature Level 10_0)
[2016.02.17-05.39.52:818][  0]LogD3D11RHI: Adapter has 64MB of dedicated video memory, 0MB of dedicated system memory, and 1632MB of shared system memory, 0 output[s]
[2016.02.17-05.39.52:818][  0]LogD3D11RHI: Chosen D3D11 Adapter Id = 0
[2016.02.17-05.39.52:822][  0]LogD3D11RHI: !Direct3DDevice
[2016.02.17-05.39.52:822][  0]LogRHI: Texture pool is 685 MB (70% of 979 MB)
[2016.02.17-05.39.52:831][  0]LogD3D11RHI: Async texture creation enabled
[2016.02.17-05.39.52:850][  0]LogShaderCompilers: Guid format shader working directory is -39 characters bigger than the processId version (../../../../../../Users/lochlan.mckinno/Documents/GitHub/UE4Projects/GroupProject/Swap/Swap/Intermediate/Shaders/WorkingDirectory/10296/).
[2016.02.17-05.39.52:851][  0]LogShaderCompilers: Cleaned the shader compiler working directory 'C:/Users/LOCHLA~1.MCK/AppData/Local/Temp/UnrealShaderWorkingDir/D7ADB0C646F1FB007195D981BA67F1CE/'.
[2016.02.17-05.39.52:851][  0]LogShaderCompilers:Display: Using Local Shader Compiler.
[2016.02.17-05.39.54:252][  0]LogTemp:Display: Loaded TP AllDesktopTargetPlatform
[2016.02.17-05.39.54:256][  0]LogTemp:Display: Loaded TP WindowsClientTargetPlatform
[2016.02.17-05.39.54:260][  0]LogTemp:Display: Loaded TP WindowsNoEditorTargetPlatform
[2016.02.17-05.39.54:264][  0]LogTemp:Display: Loaded TP WindowsServerTargetPlatform
[2016.02.17-05.39.54:268][  0]LogTemp:Display: Loaded TP WindowsTargetPlatform
[2016.02.17-05.39.54:272][  0]LogTemp:Display: Loaded TP AndroidTargetPlatform
[2016.02.17-05.39.54:275][  0]LogTemp:Display: Loaded TP Android_ASTCTargetPlatform
[2016.02.17-05.39.54:278][  0]LogTemp:Display: Loaded TP Android_ATCTargetPlatform
[2016.02.17-05.39.54:281][  0]LogTemp:Display: Loaded TP Android_DXTTargetPlatform
[2016.02.17-05.39.54:283][  0]LogTemp:Display: Loaded TP Android_ETC1TargetPlatform
[2016.02.17-05.39.54:286][  0]LogTemp:Display: Loaded TP Android_ETC2TargetPlatform
[2016.02.17-05.39.54:292][  0]LogTemp:Display: Loaded TP Android_MultiTargetPlatform
[2016.02.17-05.39.54:292][  0]LogTemp:Display: Loaded TP Android_PVRTCTargetPlatform
[2016.02.17-05.39.54:293][  0]LogTemp:Display: Loaded TP HTML5TargetPlatform
[2016.02.17-05.39.54:328][  0]LogTemp:Display: Loaded TP IOSTargetPlatform
[2016.02.17-05.39.54:330][  0]LogTemp:Display: Loaded TP LinuxNoEditorTargetPlatform
[2016.02.17-05.39.54:333][  0]LogTemp:Display: Loaded TP LinuxServerTargetPlatform
[2016.02.17-05.39.54:337][  0]LogTemp:Display: Loaded TP LinuxTargetPlatform
[2016.02.17-05.39.54:337][  0]LogTargetPlatformManager:Display: Building Assets For Windows
[2016.02.17-05.39.54:645][  0]LogDerivedDataCache:Display: Max Cache Size: 512 MB
[2016.02.17-05.39.54:779][  0]LogDerivedDataCache: Loaded boot cache 0.13s 41MB C:/Users/lochlan.mckinno/AppData/Local/UnrealEngine/4.10/DerivedDataCache/Boot.ddc.
[2016.02.17-05.39.54:779][  0]LogDerivedDataCache:Display: Loaded Boot cache: C:/Users/lochlan.mckinno/AppData/Local/UnrealEngine/4.10/DerivedDataCache/Boot.ddc
[2016.02.17-05.39.54:779][  0]LogDerivedDataCache: FDerivedDataBackendGraph:  Pak pak cache file ../../../../../../Users/lochlan.mckinno/Documents/GitHub/UE4Projects/GroupProject/Swap/Swap/DerivedDataCache/DDC.ddp not found, will not use a pak cache.
[2016.02.17-05.39.54:779][  0]LogDerivedDataCache: Unable to find inner node Pak for hierarchical cache Hierarchy.
[2016.02.17-05.39.54:779][  0]LogDerivedDataCache: FDerivedDataBackendGraph:  CompressedPak pak cache file ../../../../../../Users/lochlan.mckinno/Documents/GitHub/UE4Projects/GroupProject/Swap/Swap/DerivedDataCache/Compressed.ddp not found, will not use a pak cache.
[2016.02.17-05.39.54:779][  0]LogDerivedDataCache: Unable to find inner node CompressedPak for hierarchical cache Hierarchy.
[2016.02.17-05.39.54:840][  0]LogDerivedDataCache:Display: Pak cache opened for reading ../../../Engine/DerivedDataCache/Compressed.ddp.
[2016.02.17-05.39.54:852][  0]LogDerivedDataCache: Using Local data cache path C:/Users/lochlan.mckinno/AppData/Local/UnrealEngine/Common/DerivedDataCache: Writable
[2016.02.17-05.39.58:742][  0]LogInit: Selected Device Profile: [Windows]
[2016.02.17-05.39.58:745][  0]LogContentStreaming: Texture pool size is 0.000000MB
[2016.02.17-05.39.58:795][  0]LogMeshUtilities: No automatic mesh reduction module available
[2016.02.17-05.39.58:795][  0]LogMeshUtilities: No automatic mesh merging module available
[2016.02.17-05.39.59:275][  0]LogInit: WinSock: version 1.1 (2.2), MaxSocks=32767, MaxUdp=65467
[2016.02.17-05.40.01:011][  0]UdpMessaging: Initializing bridge on interface 0.0.0.0:0 to multicast group 230.0.0.1:6666.
[2016.02.17-05.40.01:141][  0]LogAssetRegistry: FAssetRegistry took 0.0103 seconds to start up
[2016.02.17-05.40.01:314][  0]SourceControl: Info Source control is disabled
[2016.02.17-05.40.01:415][  0]SourceControl: Info Source control is disabled
[2016.02.17-05.40.01:424][  0]SourceControl: Info Source control is disabled
[2016.02.17-05.40.01:433][  0]SourceControl: Info Source control is disabled
[2016.02.17-05.40.01:680][  0]LogObj: 28633 objects as part of root set at end of initial load.
[2016.02.17-05.40.01:680][  0]LogUObjectAllocator: 6099744 out of 0 bytes used by permanent object pool.
[2016.02.17-05.40.01:740][  0]LogEngine: Initializing Engine...
[2016.02.17-05.40.01:743][  0]LogHMD: Can't find Oculus library dev build: is proper Runtime installed? Version: 0.8.0.0
[2016.02.17-05.40.01:749][  0]LogHMD: SteamVR failed to initialize.  Err: 110
[2016.02.17-05.40.01:882][  0]LogAIModule: Creating AISystem for world NewWorld
[2016.02.17-05.40.01:907][  0]LogInit: XAudio2 using 'Speakers (Realtek High Definition Audio)' : 2 channels at 48 kHz using 32 bits per sample (channel mask 0x3)
[2016.02.17-05.40.01:932][  0]LogInit: FAudioDevice initialized.
[2016.02.17-05.40.01:951][  0]LogDerivedDataCache: Saved boot cache 0.02s 41MB C:/Users/lochlan.mckinno/AppData/Local/UnrealEngine/4.10/DerivedDataCache/Boot.ddc.
[2016.02.17-05.40.01:956][  0]LogInit: Texture streaming: Enabled
[2016.02.17-05.40.01:961][  0]LogAnalytics: Creating configured Analytics provider AnalyticsET
[2016.02.17-05.40.01:961][  0]LogAnalytics: [UEEditor.Rocket.Release] APIServer = http://et2.epicgames.com/ET2/. AppVersion = 4.10.2-2818068+++depot+UE4-Releases+4.10
[2016.02.17-05.40.01:962][  0]LogAnalytics: [UEEditor.Rocket.Release] SetUserId 8d1324dd4868e743bab9559b4e9e057f|301fef3b08c942d8a99328d34c0005e3|9ea81f69-1d3b-48ca-bf64-be68fb411e75
[2016.02.17-05.40.01:962][  0]LogAnalytics: [UEEditor.Rocket.Release] AnalyticsET::StartSession
[2016.02.17-05.40.02:401][  0]LogInit: Transaction tracking system initialized
[2016.02.17-05.40.02:430][  0]BlueprintLog: New page: Editor Load
[2016.02.17-05.40.02:509][  0]LocalizationService: Info Localization service is disabled
[2016.02.17-05.40.02:589][  0]LogConsoleResponse:Display: 
[2016.02.17-05.40.02:725][  0]LogFileCache: Scanning file cache for directory 'C:/Users/lochlan.mckinno/Documents/GitHub/UE4Projects/GroupProject/Swap/Swap/Content/' took 0.01s
[2016.02.17-05.40.02:725][  0]LogCook:Display: Done creating registry. It took  0.00s.
[2016.02.17-05.40.02:784][  0]SourceControl: Info Source control is disabled
[2016.02.17-05.40.02:784][  0]Cmd: MAP LOAD FILE="../../../../../../Users/lochlan.mckinno/Documents/GitHub/UE4Projects/GroupProject/Swap/Swap/Content/Maps/swapMap.umap" TEMPLATE=0 SHOWPROGRESS=1 FEATURELEVEL=3
[2016.02.17-05.40.02:784][  0]LightingResults: New page: Lighting Build
[2016.02.17-05.40.02:788][  0]MapCheck: New page: Map Check
[2016.02.17-05.40.02:788][  0]LightingResults: New page: Lighting Build
[2016.02.17-05.40.02:802][  0]LogParticles: Destroying 0 GPU particle simulations for FXSystem 0x0000000024D77420
[2016.02.17-05.40.03:026][  0]LogTexture:Display: Building textures: HQ_Lightmap0_1 (AutoDXT)
[2016.02.17-05.40.03:029][  0]LogTexture:Display: Building textures: HQ_Lightmap1_2 (AutoDXT)
[2016.02.17-05.40.03:030][  0]LogTexture:Display: Building textures: LQ_Lightmap_0_1 (DXT1)
[2016.02.17-05.40.03:033][  0]LogTexture:Display: Building textures: LQ_Lightmap_1_2 (DXT1)
[2016.02.17-05.40.03:037][  0]LogTexture:Display: Building textures: ShadowMapTexture2D_0 (G8)
[2016.02.17-05.40.03:038][  0]LogTexture:Display: Building textures: ShadowMapTexture2D_1 (G8)
[2016.02.17-05.40.03:077][  0]LogAIModule: Creating AISystem for world swapMap
[2016.02.17-05.40.03:088][  0]LogEditorServer: Finished looking for orphan Actors (0.000 secs)
[2016.02.17-05.40.03:089][  0]Cmd: MAP CHECKDEP NOCLEARLOG
[2016.02.17-05.40.03:130][  0]MapCheck: Info Map check complete: 0 Error(s), 0 Warning(s), took 40.793ms to complete.
[2016.02.17-05.40.03:130][  0]LogFileHelpers: Loading map 'swapMap' took 0.347
[2016.02.17-05.40.03:229][  0]LogCollectionManager: Loaded 0 collections in 0.001493 seconds
[2016.02.17-05.40.03:269][  0]LogFileCache: Scanning file cache for directory 'C:/Users/lochlan.mckinno/Documents/GitHub/UE4Projects/GroupProject/Swap/Swap/Saved/Collections/' took 0.01s
[2016.02.17-05.40.03:269][  0]LogFileCache: Scanning file cache for directory 'C:/Users/lochlan.mckinno/Documents/GitHub/UE4Projects/GroupProject/Swap/Swap/Content/Developers/lochlanmckinno/Collections/' took 0.01s
[2016.02.17-05.40.03:269][  0]LogFileCache: Scanning file cache for directory 'C:/Users/lochlan.mckinno/Documents/GitHub/UE4Projects/GroupProject/Swap/Swap/Content/Collections/' took 0.01s
[2016.02.17-05.40.03:269][  0]LogCollectionManager: Rebuilt the GUID cache for 0 collections in 0.000004 seconds
[2016.02.17-05.40.03:276][  0]LogContentBrowser: Native class hierarchy populated in 0.0066 seconds. Added 1893 classes and 338 folders.
[2016.02.17-05.40.03:282][  0]LogContentBrowser: Native class hierarchy updated for 'WidgetCarousel' in 0.0003 seconds. Added 0 classes and 0 folders.
[2016.02.17-05.40.03:432][  0]LogContentBrowser: Native class hierarchy updated for 'AddContentDialog' in 0.0003 seconds. Added 0 classes and 0 folders.
[2016.02.17-05.40.03:436][  0]LogContentBrowser: Native class hierarchy updated for 'SceneOutliner' in 0.0003 seconds. Added 1 classes and 2 folders.
[2016.02.17-05.40.03:462][  0]LogCrashTracker: Crashtracker disabled due to settings.
[2016.02.17-05.40.03:467][  0]LogUObjectGlobals:Warning: Failed to find object 'Class None.'
[2016.02.17-05.40.03:488][  0]LogLoad: Full Startup: 12.62 seconds (BP compile: 0.05 seconds)
[2016.02.17-05.40.03:500][  0]LogOcInput: Can't find Oculus library dev build: is proper Runtime installed? Version: 0.8.0.0
[2016.02.17-05.40.03:561][  0]LogContentStreaming: Texture pool size now 1000 MB
[2016.02.17-05.40.03:728][  0]LogRenderer: Reallocating scene render targets to support 1208x572 (Frame:2).
[2016.02.17-05.40.03:918][  4]LogAssetRegistry: Asset discovery search completed in 2.7873 seconds
[2016.02.17-05.40.03:918][  4]LogCollectionManager: Rebuilt the object cache for 0 collections in 0.000001 seconds (found 0 objects)
[2016.02.17-05.40.03:918][  4]LogCollectionManager: Fixed up redirectors for 0 collections in 0.000025 seconds (updated 0 objects)
[2016.02.17-05.40.19:906][961]LogPlayLevel: PlayLevel: No blueprints needed recompiling
[2016.02.17-05.40.19:907][961]PIE: New page: PIE session: swapMap (Feb 18, 2016, 3:40:19 AM)
[2016.02.17-05.40.19:907][961]LogPlayLevel: Creating play world package: /Game/Maps/UEDPIE_0_swapMap
[2016.02.17-05.40.19:910][961]LogPlayLevel: PIE: StaticDuplicateObject took: (0.002742s)
[2016.02.17-05.40.19:911][961]LogAIModule: Creating AISystem for world swapMap
[2016.02.17-05.40.19:911][961]LogPlayLevel: PIE: World Init took: (0.001087s)
[2016.02.17-05.40.19:911][961]LogPlayLevel: PIE: Created PIE world by copying editor world from /Game/Maps/swapMap.swapMap to /Game/Maps/UEDPIE_0_swapMap.swapMap (0.004052s)
[2016.02.17-05.40.19:930][961]LogInit: XAudio2 using 'Speakers (Realtek High Definition Audio)' : 2 channels at 48 kHz using 32 bits per sample (channel mask 0x3)
[2016.02.17-05.40.19:939][961]LogInit: FAudioDevice initialized.
[2016.02.17-05.40.20:074][961]LogWorld: Game class is 'SwapGameMode_C'
[2016.02.17-05.40.20:077][961]LogWorld: Bringing World /Game/Maps/UEDPIE_0_swapMap.swapMap up for play (max tick rate 0) at 2016.02.17-16.40.20
[2016.02.17-05.40.20:077][961]LogActor:Warning: GameSession /Game/Maps/UEDPIE_0_swapMap.swapMap:PersistentLevel.GameSession_0 has natively added scene component(s), but none of them were set as the actor's RootComponent - picking one arbitrarily
[2016.02.17-05.40.20:078][961]LogActor:Warning: GameNetworkManager /Game/Maps/UEDPIE_0_swapMap.swapMap:PersistentLevel.GameNetworkManager_0 has natively added scene component(s), but none of them were set as the actor's RootComponent - picking one arbitrarily
[2016.02.17-05.40.20:078][961]LogWorld: Bringing up level for play took: 0.001772
[2016.02.17-05.40.20:086][961]PIE: Info Play in editor start time for /Game/Maps/UEDPIE_0_swapMap 1.145
[2016.02.17-05.41.19:891][428]LogActorComponent: UnregisterComponent: (/Engine/Transient.CharMoveComp) Not registered. Aborting.
[2016.02.17-05.41.58:718][616]LogParticles: Destroying 0 GPU particle simulations for FXSystem 0x000000001F63C220
[2016.02.17-05.41.59:975][710]LogPlayLevel: PlayLevel: No blueprints needed recompiling
[2016.02.17-05.41.59:975][710]PIE: New page: PIE session: swapMap (Feb 18, 2016, 3:41:59 AM)
[2016.02.17-05.41.59:975][710]LogPlayLevel: Creating play world package: /Game/Maps/UEDPIE_0_swapMap
[2016.02.17-05.41.59:980][710]LogPlayLevel: PIE: StaticDuplicateObject took: (0.004195s)
[2016.02.17-05.41.59:980][710]LogAIModule: Creating AISystem for world swapMap
[2016.02.17-05.41.59:980][710]LogPlayLevel: PIE: World Init took: (0.000819s)
[2016.02.17-05.41.59:981][710]LogPlayLevel: PIE: Created PIE world by copying editor world from /Game/Maps/swapMap.swapMap to /Game/Maps/UEDPIE_0_swapMap.swapMap (0.005195s)
[2016.02.17-05.41.59:994][710]LogInit: XAudio2 using 'Speakers (Realtek High Definition Audio)' : 2 channels at 48 kHz using 32 bits per sample (channel mask 0x3)
[2016.02.17-05.42.00:002][710]LogInit: FAudioDevice initialized.
[2016.02.17-05.42.00:033][710]LogWorld: Game class is 'SwapGameMode_C'
[2016.02.17-05.42.00:036][710]LogWorld: Bringing World /Game/Maps/UEDPIE_0_swapMap.swapMap up for play (max tick rate 0) at 2016.02.17-16.42.00
[2016.02.17-05.42.00:036][710]LogActor:Warning: GameSession /Game/Maps/UEDPIE_0_swapMap.swapMap:PersistentLevel.GameSession_1 has natively added scene component(s), but none of them were set as the actor's RootComponent - picking one arbitrarily
[2016.02.17-05.42.00:036][710]LogActor:Warning: GameNetworkManager /Game/Maps/UEDPIE_0_swapMap.swapMap:PersistentLevel.GameNetworkManager_1 has natively added scene component(s), but none of them were set as the actor's RootComponent - picking one arbitrarily
[2016.02.17-05.42.00:036][710]LogWorld: Bringing up level for play took: 0.001841
[2016.02.17-05.42.00:038][710]PIE: Info Play in editor start time for /Game/Maps/UEDPIE_0_swapMap -0.898
[2016.02.17-05.42.07:263][479]Set new viewmode: Wireframe
[2016.02.17-05.42.07:980][565]Set new viewmode: Wireframe
[2016.02.17-05.42.08:669][643]LogParticles: Destroying 0 GPU particle simulations for FXSystem 0x0000000010936520
[2016.02.17-05.42.10:466][776]LogPlayLevel: PlayLevel: No blueprints needed recompiling
[2016.02.17-05.42.10:466][776]PIE: New page: PIE session: swapMap (Feb 18, 2016, 3:42:10 AM)
[2016.02.17-05.42.10:466][776]LogPlayLevel: Creating play world package: /Game/Maps/UEDPIE_0_swapMap
[2016.02.17-05.42.10:468][776]LogPlayLevel: PIE: StaticDuplicateObject took: (0.002601s)
[2016.02.17-05.42.10:469][776]LogAIModule: Creating AISystem for world swapMap
[2016.02.17-05.42.10:469][776]LogPlayLevel: PIE: World Init took: (0.001017s)
[2016.02.17-05.42.10:470][776]LogPlayLevel: PIE: Created PIE world by copying editor world from /Game/Maps/swapMap.swapMap to /Game/Maps/UEDPIE_0_swapMap.swapMap (0.003826s)
[2016.02.17-05.42.10:484][776]LogInit: XAudio2 using 'Speakers (Realtek High Definition Audio)' : 2 channels at 48 kHz using 32 bits per sample (channel mask 0x3)
[2016.02.17-05.42.10:492][776]LogInit: FAudioDevice initialized.
[2016.02.17-05.42.10:520][776]LogWorld: Game class is 'SwapGameMode_C'
[2016.02.17-05.42.10:523][776]LogWorld: Bringing World /Game/Maps/UEDPIE_0_swapMap.swapMap up for play (max tick rate 0) at 2016.02.17-16.42.10
[2016.02.17-05.42.10:523][776]LogActor:Warning: GameSession /Game/Maps/UEDPIE_0_swapMap.swapMap:PersistentLevel.GameSession_2 has natively added scene component(s), but none of them were set as the actor's RootComponent - picking one arbitrarily
[2016.02.17-05.42.10:523][776]LogActor:Warning: GameNetworkManager /Game/Maps/UEDPIE_0_swapMap.swapMap:PersistentLevel.GameNetworkManager_2 has natively added scene component(s), but none of them were set as the actor's RootComponent - picking one arbitrarily
[2016.02.17-05.42.10:523][776]LogWorld: Bringing up level for play took: 0.001959
[2016.02.17-05.42.10:525][776]PIE: Info Play in editor start time for /Game/Maps/UEDPIE_0_swapMap -0.411
[2016.02.17-05.42.21:528][947]Set new viewmode: Wireframe
[2016.02.17-05.42.21:922][989]LogParticles: Destroying 0 GPU particle simulations for FXSystem 0x000000001083FA60
[2016.02.17-05.42.22:987][ 86]LogEditorViewport: Clicking on Actor (LMB): StaticMeshActor (Floor)
[2016.02.17-05.42.23:309][ 99]LogPlayLevel: PlayLevel: No blueprints needed recompiling
[2016.02.17-05.42.23:309][ 99]PIE: New page: PIE session: swapMap (Feb 18, 2016, 3:42:23 AM)
[2016.02.17-05.42.23:309][ 99]LogPlayLevel: Creating play world package: /Game/Maps/UEDPIE_0_swapMap
[2016.02.17-05.42.23:312][ 99]LogPlayLevel: PIE: StaticDuplicateObject took: (0.002741s)
[2016.02.17-05.42.23:313][ 99]LogAIModule: Creating AISystem for world swapMap
[2016.02.17-05.42.23:313][ 99]LogPlayLevel: PIE: World Init took: (0.000985s)
[2016.02.17-05.42.23:313][ 99]LogPlayLevel: PIE: Created PIE world by copying editor world from /Game/Maps/swapMap.swapMap to /Game/Maps/UEDPIE_0_swapMap.swapMap (0.003906s)
[2016.02.17-05.42.23:329][ 99]LogInit: XAudio2 using 'Speakers (Realtek High Definition Audio)' : 2 channels at 48 kHz using 32 bits per sample (channel mask 0x3)
[2016.02.17-05.42.23:337][ 99]LogInit: FAudioDevice initialized.
[2016.02.17-05.42.23:371][ 99]LogWorld: Game class is 'SwapGameMode_C'
[2016.02.17-05.42.23:374][ 99]LogWorld: Bringing World /Game/Maps/UEDPIE_0_swapMap.swapMap up for play (max tick rate 0) at 2016.02.17-16.42.23
[2016.02.17-05.42.23:374][ 99]LogActor:Warning: GameSession /Game/Maps/UEDPIE_0_swapMap.swapMap:PersistentLevel.GameSession_3 has natively added scene component(s), but none of them were set as the actor's RootComponent - picking one arbitrarily
[2016.02.17-05.42.23:374][ 99]LogActor:Warning: GameNetworkManager /Game/Maps/UEDPIE_0_swapMap.swapMap:PersistentLevel.GameNetworkManager_3 has natively added scene component(s), but none of them were set as the actor's RootComponent - picking one arbitrarily
[2016.02.17-05.42.23:374][ 99]LogWorld: Bringing up level for play took: 0.001910
[2016.02.17-05.42.23:376][ 99]PIE: Info Play in editor start time for /Game/Maps/UEDPIE_0_swapMap 0.44
[2016.02.17-05.42.28:806][670]LogParticles: Destroying 0 GPU particle simulations for FXSystem 0x000000001919DB20
[2016.02.17-05.42.30:273][779]LogPlayLevel: PlayLevel: No blueprints needed recompiling
[2016.02.17-05.42.30:273][779]PIE: New page: PIE session: swapMap (Feb 18, 2016, 3:42:30 AM)
[2016.02.17-05.42.30:273][779]LogPlayLevel: Creating play world package: /Game/Maps/UEDPIE_0_swapMap
[2016.02.17-05.42.30:276][779]LogPlayLevel: PIE: StaticDuplicateObject took: (0.003336s)
[2016.02.17-05.42.30:278][779]LogAIModule: Creating AISystem for world swapMap
[2016.02.17-05.42.30:278][779]LogPlayLevel: PIE: World Init took: (0.001209s)
[2016.02.17-05.42.30:278][779]LogPlayLevel: PIE: Created PIE world by copying editor world from /Game/Maps/swapMap.swapMap to /Game/Maps/UEDPIE_0_swapMap.swapMap (0.004746s)
[2016.02.17-05.42.30:292][779]LogInit: XAudio2 using 'Speakers (Realtek High Definition Audio)' : 2 channels at 48 kHz using 32 bits per sample (channel mask 0x3)
[2016.02.17-05.42.30:299][779]LogInit: FAudioDevice initialized.
[2016.02.17-05.42.30:329][779]LogWorld: Game class is 'SwapGameMode_C'
[2016.02.17-05.42.30:331][779]LogWorld: Bringing World /Game/Maps/UEDPIE_0_swapMap.swapMap up for play (max tick rate 0) at 2016.02.17-16.42.30
[2016.02.17-05.42.30:331][779]LogActor:Warning: GameSession /Game/Maps/UEDPIE_0_swapMap.swapMap:PersistentLevel.GameSession_4 has natively added scene component(s), but none of them were set as the actor's RootComponent - picking one arbitrarily
[2016.02.17-05.42.30:332][779]LogActor:Warning: GameNetworkManager /Game/Maps/UEDPIE_0_swapMap.swapMap:PersistentLevel.GameNetworkManager_4 has natively added scene component(s), but none of them were set as the actor's RootComponent - picking one arbitrarily
[2016.02.17-05.42.30:332][779]LogWorld: Bringing up level for play took: 0.001733
[2016.02.17-05.42.30:334][779]PIE: Info Play in editor start time for /Game/Maps/UEDPIE_0_swapMap -0.602
[2016.02.17-05.42.35:114][283]LogParticles: Destroying 0 GPU particle simulations for FXSystem 0x000000001919F920
[2016.02.17-05.42.36:365][397]LogEditorViewport: Clicking on Actor (LMB): BP_Sky_Sphere_C (Sky Sphere)
[2016.02.17-05.42.36:668][411]LogPlayLevel: PlayLevel: No blueprints needed recompiling
[2016.02.17-05.42.36:668][411]PIE: New page: PIE session: swapMap (Feb 18, 2016, 3:42:36 AM)
[2016.02.17-05.42.36:668][411]LogPlayLevel: Creating play world package: /Game/Maps/UEDPIE_0_swapMap
[2016.02.17-05.42.36:671][411]LogPlayLevel: PIE: StaticDuplicateObject took: (0.002422s)
[2016.02.17-05.42.36:672][411]LogAIModule: Creating AISystem for world swapMap
[2016.02.17-05.42.36:672][411]LogPlayLevel: PIE: World Init took: (0.001107s)
[2016.02.17-05.42.36:672][411]LogPlayLevel: PIE: Created PIE world by copying editor world from /Game/Maps/swapMap.swapMap to /Game/Maps/UEDPIE_0_swapMap.swapMap (0.003702s)
[2016.02.17-05.42.36:686][411]LogInit: XAudio2 using 'Speakers (Realtek High Definition Audio)' : 2 channels at 48 kHz using 32 bits per sample (channel mask 0x3)
[2016.02.17-05.42.36:694][411]LogInit: FAudioDevice initialized.
[2016.02.17-05.42.36:736][411]LogWorld: Game class is 'SwapGameMode_C'
[2016.02.17-05.42.36:741][411]LogWorld: Bringing World /Game/Maps/UEDPIE_0_swapMap.swapMap up for play (max tick rate 0) at 2016.02.17-16.42.36
[2016.02.17-05.42.36:741][411]LogActor:Warning: GameSession /Game/Maps/UEDPIE_0_swapMap.swapMap:PersistentLevel.GameSession_5 has natively added scene component(s), but none of them were set as the actor's RootComponent - picking one arbitrarily
[2016.02.17-05.42.36:742][411]LogActor:Warning: GameNetworkManager /Game/Maps/UEDPIE_0_swapMap.swapMap:PersistentLevel.GameNetworkManager_5 has natively added scene component(s), but none of them were set as the actor's RootComponent - picking one arbitrarily
[2016.02.17-05.42.36:742][411]LogWorld: Bringing up level for play took: 0.003526
[2016.02.17-05.42.36:746][411]PIE: Info Play in editor start time for /Game/Maps/UEDPIE_0_swapMap -0.189
[2016.02.17-05.42.55:820][453]LogParticles: Destroying 0 GPU particle simulations for FXSystem 0x00000000194B9300
[2016.02.17-05.42.56:932][540]LogPlayLevel: PlayLevel: No blueprints needed recompiling
[2016.02.17-05.42.56:932][540]PIE: New page: PIE session: swapMap (Feb 18, 2016, 3:42:56 AM)
[2016.02.17-05.42.56:932][540]LogPlayLevel: Creating play world package: /Game/Maps/UEDPIE_0_swapMap
[2016.02.17-05.42.56:935][540]LogPlayLevel: PIE: StaticDuplicateObject took: (0.003082s)
[2016.02.17-05.42.56:936][540]LogAIModule: Creating AISystem for world swapMap
[2016.02.17-05.42.56:936][540]LogPlayLevel: PIE: World Init took: (0.000726s)
[2016.02.17-05.42.56:936][540]LogPlayLevel: PIE: Created PIE world by copying editor world from /Game/Maps/swapMap.swapMap to /Game/Maps/UEDPIE_0_swapMap.swapMap (0.003986s)
[2016.02.17-05.42.56:954][540]LogInit: XAudio2 using 'Speakers (Realtek High Definition Audio)' : 2 channels at 48 kHz using 32 bits per sample (channel mask 0x3)
[2016.02.17-05.42.56:963][540]LogInit: FAudioDevice initialized.
[2016.02.17-05.42.56:996][540]LogWorld: Game class is 'SwapGameMode_C'
[2016.02.17-05.42.56:999][540]LogWorld: Bringing World /Game/Maps/UEDPIE_0_swapMap.swapMap up for play (max tick rate 0) at 2016.02.17-16.42.56
[2016.02.17-05.42.56:999][540]LogActor:Warning: GameSession /Game/Maps/UEDPIE_0_swapMap.swapMap:PersistentLevel.GameSession_6 has natively added scene component(s), but none of them were set as the actor's RootComponent - picking one arbitrarily
[2016.02.17-05.42.56:999][540]LogActor:Warning: GameNetworkManager /Game/Maps/UEDPIE_0_swapMap.swapMap:PersistentLevel.GameNetworkManager_6 has natively added scene component(s), but none of them were set as the actor's RootComponent - picking one arbitrarily
[2016.02.17-05.42.56:999][540]LogWorld: Bringing up level for play took: 0.001840
[2016.02.17-05.42.57:001][540]PIE: Info Play in editor start time for /Game/Maps/UEDPIE_0_swapMap 0.067
[2016.02.17-05.43.07:757][694]LogParticles: Destroying 0 GPU particle simulations for FXSystem 0x00000000194BB4C0
[2016.02.17-05.44.13:251][ 92]LogPlayLevel: PlayLevel: No blueprints needed recompiling
[2016.02.17-05.44.13:252][ 92]PIE: New page: PIE session: swapMap (Feb 18, 2016, 3:44:13 AM)
[2016.02.17-05.44.13:252][ 92]LogPlayLevel: Creating play world package: /Game/Maps/UEDPIE_0_swapMap
[2016.02.17-05.44.13:254][ 92]LogPlayLevel: PIE: StaticDuplicateObject took: (0.002354s)
[2016.02.17-05.44.13:256][ 92]LogAIModule: Creating AISystem for world swapMap
[2016.02.17-05.44.13:256][ 92]LogPlayLevel: PIE: World Init took: (0.001792s)
[2016.02.17-05.44.13:256][ 92]LogPlayLevel: PIE: Created PIE world by copying editor world from /Game/Maps/swapMap.swapMap to /Game/Maps/UEDPIE_0_swapMap.swapMap (0.004330s)
[2016.02.17-05.44.13:256][ 92]LogActorComponent: UnregisterComponent: (/Engine/Transient.CharMoveComp) Not registered. Aborting.
[2016.02.17-05.44.13:272][ 92]LogInit: XAudio2 using 'Speakers (Realtek High Definition Audio)' : 2 channels at 48 kHz using 32 bits per sample (channel mask 0x3)
[2016.02.17-05.44.13:280][ 92]LogInit: FAudioDevice initialized.
[2016.02.17-05.44.13:310][ 92]LogWorld: Game class is 'SwapGameMode_C'
[2016.02.17-05.44.13:312][ 92]LogWorld: Bringing World /Game/Maps/UEDPIE_0_swapMap.swapMap up for play (max tick rate 0) at 2016.02.17-16.44.13
[2016.02.17-05.44.13:312][ 92]LogActor:Warning: GameSession /Game/Maps/UEDPIE_0_swapMap.swapMap:PersistentLevel.GameSession_7 has natively added scene component(s), but none of them were set as the actor's RootComponent - picking one arbitrarily
[2016.02.17-05.44.13:313][ 92]LogActor:Warning: GameNetworkManager /Game/Maps/UEDPIE_0_swapMap.swapMap:PersistentLevel.GameNetworkManager_7 has natively added scene component(s), but none of them were set as the actor's RootComponent - picking one arbitrarily
[2016.02.17-05.44.13:313][ 92]LogWorld: Bringing up level for play took: 0.001733
[2016.02.17-05.44.13:315][ 92]PIE: Info Play in editor start time for /Game/Maps/UEDPIE_0_swapMap 0.384
[2016.02.17-05.49.36:338][105]LogParticles: Destroying 0 GPU particle simulations for FXSystem 0x00000000508991C0
[2016.02.17-05.49.43:410][754]LogEditorViewport: Clicking on Actor (context menu): StaticMeshActor (Floor)
[2016.02.17-05.49.43:586][763]LogEditorViewport: Clicking on Actor (context menu): StaticMeshActor (Floor)
[2016.02.17-05.49.44:367][825]LogEditorViewport: Clicking on Actor (LMB): BP_Sky_Sphere_C (Sky Sphere)
[2016.02.17-05.52.09:324][511]LogEditorViewport: Clicking on Actor (LMB): SwapObjectTest_C (SwapObjectTest)
[2016.02.17-05.52.12:831][802]LogPlayLevel: PlayLevel: No blueprints needed recompiling
[2016.02.17-05.52.12:832][802]PIE: New page: PIE session: swapMap (Feb 18, 2016, 3:52:12 AM)
[2016.02.17-05.52.12:832][802]LogPlayLevel: Creating play world package: /Game/Maps/UEDPIE_0_swapMap
[2016.02.17-05.52.12:834][802]LogPlayLevel: PIE: StaticDuplicateObject took: (0.002784s)
[2016.02.17-05.52.12:836][802]LogAIModule: Creating AISystem for world swapMap
[2016.02.17-05.52.12:836][802]LogPlayLevel: PIE: World Init took: (0.001403s)
[2016.02.17-05.52.12:836][802]LogPlayLevel: PIE: Created PIE world by copying editor world from /Game/Maps/swapMap.swapMap to /Game/Maps/UEDPIE_0_swapMap.swapMap (0.004368s)
[2016.02.17-05.52.12:836][802]LogActorComponent: UnregisterComponent: (/Engine/Transient.CharMoveComp) Not registered. Aborting.
[2016.02.17-05.52.12:851][802]LogInit: XAudio2 using 'Speakers (Realtek High Definition Audio)' : 2 channels at 48 kHz using 32 bits per sample (channel mask 0x3)
[2016.02.17-05.52.12:859][802]LogInit: FAudioDevice initialized.
[2016.02.17-05.52.12:887][802]LogWorld: Game class is 'SwapGameMode_C'
[2016.02.17-05.52.12:890][802]LogWorld: Bringing World /Game/Maps/UEDPIE_0_swapMap.swapMap up for play (max tick rate 0) at 2016.02.17-16.52.12
[2016.02.17-05.52.12:890][802]LogActor:Warning: GameSession /Game/Maps/UEDPIE_0_swapMap.swapMap:PersistentLevel.GameSession_8 has natively added scene component(s), but none of them were set as the actor's RootComponent - picking one arbitrarily
[2016.02.17-05.52.12:890][802]LogActor:Warning: GameNetworkManager /Game/Maps/UEDPIE_0_swapMap.swapMap:PersistentLevel.GameNetworkManager_8 has natively added scene component(s), but none of them were set as the actor's RootComponent - picking one arbitrarily
[2016.02.17-05.52.12:890][802]LogWorld: Bringing up level for play took: 0.001787
[2016.02.17-05.52.12:892][802]PIE: Info Play in editor start time for /Game/Maps/UEDPIE_0_swapMap -0.017
[2016.02.17-05.52.40:350][740]LogParticles: Destroying 0 GPU particle simulations for FXSystem 0x0000000010935940
[2016.02.17-05.52.47:246][276]LogActorFactory: Actor Factory created Cube
[2016.02.17-05.52.48:214][358]LogActorFactory: Actor Factory created Cube
[2016.02.17-05.52.50:327][534]LogPlayLevel: PlayLevel: No blueprints needed recompiling
[2016.02.17-05.52.50:327][534]PIE: New page: PIE session: swapMap (Feb 18, 2016, 3:52:50 AM)
[2016.02.17-05.52.50:327][534]LogPlayLevel: Creating play world package: /Game/Maps/UEDPIE_0_swapMap
[2016.02.17-05.52.50:330][534]LogPlayLevel: PIE: StaticDuplicateObject took: (0.002887s)
[2016.02.17-05.52.50:331][534]LogAIModule: Creating AISystem for world swapMap
[2016.02.17-05.52.50:331][534]LogPlayLevel: PIE: World Init took: (0.000708s)
[2016.02.17-05.52.50:331][534]LogPlayLevel: PIE: Created PIE world by copying editor world from /Game/Maps/swapMap.swapMap to /Game/Maps/UEDPIE_0_swapMap.swapMap (0.003771s)
[2016.02.17-05.52.50:346][534]LogInit: XAudio2 using 'Speakers (Realtek High Definition Audio)' : 2 channels at 48 kHz using 32 bits per sample (channel mask 0x3)
[2016.02.17-05.52.50:354][534]LogInit: FAudioDevice initialized.
[2016.02.17-05.52.50:383][534]LogWorld: Game class is 'SwapGameMode_C'
[2016.02.17-05.52.50:386][534]LogWorld: Bringing World /Game/Maps/UEDPIE_0_swapMap.swapMap up for play (max tick rate 0) at 2016.02.17-16.52.50
[2016.02.17-05.52.50:386][534]LogActor:Warning: GameSession /Game/Maps/UEDPIE_0_swapMap.swapMap:PersistentLevel.GameSession_9 has natively added scene component(s), but none of them were set as the actor's RootComponent - picking one arbitrarily
[2016.02.17-05.52.50:386][534]LogActor:Warning: GameNetworkManager /Game/Maps/UEDPIE_0_swapMap.swapMap:PersistentLevel.GameNetworkManager_9 has natively added scene component(s), but none of them were set as the actor's RootComponent - picking one arbitrarily
[2016.02.17-05.52.50:386][534]LogWorld: Bringing up level for play took: 0.001856
[2016.02.17-05.52.50:388][534]PIE: Info Play in editor start time for /Game/Maps/UEDPIE_0_swapMap -0.519
[2016.02.17-05.52.59:107][441]LogParticles: Destroying 0 GPU particle simulations for FXSystem 0x00000000109063E0
[2016.02.17-05.53.36:291][656]LogEditorViewport: Clicking on Actor (LMB): SwapObjectTest_C (SwapObjectTest)
[2016.02.17-05.54.19:337][229]LogPlayLevel: PlayLevel: No blueprints needed recompiling
[2016.02.17-05.54.19:337][229]PIE: New page: PIE session: swapMap (Feb 18, 2016, 3:54:19 AM)
[2016.02.17-05.54.19:338][229]LogPlayLevel: Creating play world package: /Game/Maps/UEDPIE_0_swapMap
[2016.02.17-05.54.19:341][229]LogPlayLevel: PIE: StaticDuplicateObject took: (0.003572s)
[2016.02.17-05.54.19:342][229]LogAIModule: Creating AISystem for world swapMap
[2016.02.17-05.54.19:342][229]LogPlayLevel: PIE: World Init took: (0.001168s)
[2016.02.17-05.54.19:342][229]LogPlayLevel: PIE: Created PIE world by copying editor world from /Game/Maps/swapMap.swapMap to /Game/Maps/UEDPIE_0_swapMap.swapMap (0.004937s)
[2016.02.17-05.54.19:362][229]LogInit: XAudio2 using 'Speakers (Realtek High Definition Audio)' : 2 channels at 48 kHz using 32 bits per sample (channel mask 0x3)
[2016.02.17-05.54.19:370][229]LogInit: FAudioDevice initialized.
[2016.02.17-05.54.19:399][229]LogWorld: Game class is 'SwapGameMode_C'
[2016.02.17-05.54.19:403][229]LogWorld: Bringing World /Game/Maps/UEDPIE_0_swapMap.swapMap up for play (max tick rate 0) at 2016.02.17-16.54.19
[2016.02.17-05.54.19:403][229]LogActor:Warning: GameSession /Game/Maps/UEDPIE_0_swapMap.swapMap:PersistentLevel.GameSession_10 has natively added scene component(s), but none of them were set as the actor's RootComponent - picking one arbitrarily
[2016.02.17-05.54.19:403][229]LogActor:Warning: GameNetworkManager /Game/Maps/UEDPIE_0_swapMap.swapMap:PersistentLevel.GameNetworkManager_10 has natively added scene component(s), but none of them were set as the actor's RootComponent - picking one arbitrarily
[2016.02.17-05.54.19:403][229]LogWorld: Bringing up level for play took: 0.003151
[2016.02.17-05.54.19:405][229]PIE: Info Play in editor start time for /Game/Maps/UEDPIE_0_swapMap 0.502
[2016.02.17-05.57.03:703][313]LogParticles: Destroying 0 GPU particle simulations for FXSystem 0x0000000056955D00
[2016.02.17-05.57.06:881][507]LogSavePackage: Save=26.708204ms
[2016.02.17-05.57.06:881][507]LogSavePackage: Moving '../../../../../../Users/lochlan.mckinno/Documents/GitHub/UE4Projects/GroupProject/Swap/Swap/Saved/swapMapC44192C048DE73C201DC36A75A3CEC1E.tmp' to '../../../../../../Users/lochlan.mckinno/Documents/GitHub/UE4Projects/GroupProject/Swap/Swap/Content/Maps/swapMap.umap'
[2016.02.17-05.57.06:884][507]LogSavePackage: Total save time: 35.528049ms
[2016.02.17-05.57.06:884][507]LogSavePackage:Display: Finished SavePackage ../../../../../../Users/lochlan.mckinno/Documents/GitHub/UE4Projects/GroupProject/Swap/Swap/Content/Maps/swapMap.umap
[2016.02.17-05.57.08:705][622]Cmd: QUIT_EDITOR
[2016.02.17-05.57.08:823][622]LogExit: Preparing to exit.
[2016.02.17-05.57.09:092][622]LogExit: Editor shut down
[2016.02.17-05.57.09:093][622]LogExit: Transaction tracking system shut down
[2016.02.17-05.57.09:097][622]LogParticles: Destroying 0 GPU particle simulations for FXSystem 0x00000000119A5260
[2016.02.17-05.57.09:098][622]LogParticles: Destroying 0 GPU particle simulations for FXSystem 0x0000000012B33880
[2016.02.17-05.57.09:098][622]LogParticles: Destroying 0 GPU particle simulations for FXSystem 0x000000001F8C0720
[2016.02.17-05.57.09:098][622]LogParticles: Destroying 0 GPU particle simulations for FXSystem 0x000000001919E200
[2016.02.17-05.57.09:225][622]LogParticles: Destroying 0 GPU particle simulations for FXSystem 0x000000001919EDE0
[2016.02.17-05.57.09:225][622]LogExit: Object subsystem successfully closed.
[2016.02.17-05.57.09:241][622]LogD3D11RHI: Shutdown
[2016.02.17-05.57.09:241][622]LogD3D11RHI: CleanupD3DDevice
[2016.02.17-05.57.09:293][622]LogD3D11RHI: ~FD3D11DynamicRHI
[2016.02.17-05.57.09:307][622]LogModuleManager: Shutting down and abandoning module CookingStats (199)
[2016.02.17-05.57.09:307][622]LogModuleManager: Shutting down and abandoning module CrashTracker (198)
[2016.02.17-05.57.09:307][622]LogModuleManager: Shutting down and abandoning module SceneOutliner (197)
[2016.02.17-05.57.09:307][622]LogModuleManager: Shutting down and abandoning module SuperSearch (196)
[2016.02.17-05.57.09:307][622]LogModuleManager: Shutting down and abandoning module WidgetCarousel (195)
[2016.02.17-05.57.09:307][622]LogModuleManager: Shutting down and abandoning module AddContentDialog (194)
[2016.02.17-05.57.09:308][622]LogModuleManager: Shutting down and abandoning module EditorWidgets (193)
[2016.02.17-05.57.09:308][622]LogModuleManager: Shutting down and abandoning module CollectionManager (192)
[2016.02.17-05.57.09:308][622]LogModuleManager: Shutting down and abandoning module StatsViewer (191)
[2016.02.17-05.57.09:308][622]LogModuleManager: Shutting down and abandoning module FoliageEdit (190)
[2016.02.17-05.57.09:308][622]LogModuleManager: Shutting down and abandoning module LandscapeEditor (189)
[2016.02.17-05.57.09:309][622]LogModuleManager: Shutting down and abandoning module ActorPickerMode (188)
[2016.02.17-05.57.09:309][622]LogModuleManager: Shutting down and abandoning module GeometryMode (187)
[2016.02.17-05.57.09:309][622]LogModuleManager: Shutting down and abandoning module TextureAlignMode (186)
[2016.02.17-05.57.09:309][622]LogModuleManager: Shutting down and abandoning module BspMode (185)
[2016.02.17-05.57.09:309][622]LogModuleManager: Shutting down and abandoning module PlacementMode (184)
[2016.02.17-05.57.09:309][622]LogModuleManager: Shutting down and abandoning module AutomationWorker (183)
[2016.02.17-05.57.09:309][622]LogModuleManager: Shutting down and abandoning module CharacterAI (182)
[2016.02.17-05.57.09:309][622]LogModuleManager: Shutting down and abandoning module SmartSnapping (181)
[2016.02.17-05.57.09:309][622]LogModuleManager: Shutting down and abandoning module ViewportSnapping (180)
[2016.02.17-05.57.09:309][622]LogModuleManager: Shutting down and abandoning module LogVisualizer (179)
[2016.02.17-05.57.09:309][622]LogModuleManager: Shutting down and abandoning module GameProjectGeneration (178)
[2016.02.17-05.57.09:309][622]LogModuleManager: Shutting down and abandoning module IntroTutorials (177)
[2016.02.17-05.57.09:309][622]LogModuleManager: Shutting down and abandoning module EditorLiveStreaming (176)
[2016.02.17-05.57.09:309][622]LogModuleManager: Shutting down and abandoning module IOSPlatformEditor (175)
[2016.02.17-05.57.09:309][622]LogModuleManager: Shutting down and abandoning module HTML5PlatformEditor (174)
[2016.02.17-05.57.09:309][622]LogModuleManager: Shutting down and abandoning module AndroidDeviceDetection (173)
[2016.02.17-05.57.09:564][622]LogModuleManager: Shutting down and abandoning module AndroidPlatformEditor (172)
[2016.02.17-05.57.09:564][622]LogModuleManager: Shutting down and abandoning module IOSRuntimeSettings (171)
[2016.02.17-05.57.09:564][622]LogModuleManager: Shutting down and abandoning module AndroidRuntimeSettings (170)
[2016.02.17-05.57.09:564][622]LogModuleManager: Shutting down and abandoning module MergeActors (169)
[2016.02.17-05.57.09:564][622]LogModuleManager: Shutting down and abandoning module SizeMap (168)
[2016.02.17-05.57.09:564][622]LogModuleManager: Shutting down and abandoning module TreeMap (167)
[2016.02.17-05.57.09:564][622]LogModuleManager: Shutting down and abandoning module ReferenceViewer (166)
[2016.02.17-05.57.09:564][622]LogModuleManager: Shutting down and abandoning module LocalizationService (165)
[2016.02.17-05.57.09:564][622]LogModuleManager: Shutting down and abandoning module LocalizationDashboard (164)
[2016.02.17-05.57.09:564][622]LogModuleManager: Shutting down and abandoning module HardwareTargeting (163)
[2016.02.17-05.57.09:564][622]LogModuleManager: Shutting down and abandoning module DeviceProfileEditor (162)
[2016.02.17-05.57.09:564][622]LogModuleManager: Shutting down and abandoning module UndoHistory (161)
[2016.02.17-05.57.09:564][622]LogModuleManager: Shutting down and abandoning module GameplayTagsEditor (160)
[2016.02.17-05.57.09:564][622]LogModuleManager: Shutting down and abandoning module UserFeedback (159)
[2016.02.17-05.57.09:564][622]LogModuleManager: Shutting down and abandoning module XmlParser (158)
[2016.02.17-05.57.09:564][622]LogModuleManager: Shutting down and abandoning module Blutility (157)
[2016.02.17-05.57.09:564][622]LogModuleManager: Shutting down and abandoning module ProjectTargetPlatformEditor (156)
[2016.02.17-05.57.09:565][622]LogModuleManager: Shutting down and abandoning module ProjectSettingsViewer (155)
[2016.02.17-05.57.09:565][622]LogModuleManager: Shutting down and abandoning module InputBindingEditor (154)
[2016.02.17-05.57.09:565][622]LogModuleManager: Shutting down and abandoning module EditorSettingsViewer (153)
[2016.02.17-05.57.09:565][622]LogModuleManager: Shutting down and abandoning module SettingsEditor (152)
[2016.02.17-05.57.09:565][622]LogModuleManager: Shutting down and abandoning module ProjectLauncher (151)
[2016.02.17-05.57.09:565][622]LogModuleManager: Shutting down and abandoning module SessionFrontend (150)
[2016.02.17-05.57.09:565][622]LogModuleManager: Shutting down and abandoning module ProfilerClient (149)
[2016.02.17-05.57.09:565][622]LogModuleManager: Shutting down and abandoning module TargetDeviceServices (148)
[2016.02.17-05.57.09:565][622]LogModuleManager: Shutting down and abandoning module DeviceManager (147)
[2016.02.17-05.57.09:565][622]LogModuleManager: Shutting down and abandoning module AutomationController (146)
[2016.02.17-05.57.09:565][622]LogModuleManager: Shutting down and abandoning module AutomationWindow (145)
[2016.02.17-05.57.09:565][622]LogModuleManager: Shutting down and abandoning module Layers (144)
[2016.02.17-05.57.09:565][622]LogModuleManager: Shutting down and abandoning module ComponentVisualizers (143)
[2016.02.17-05.57.09:565][622]LogModuleManager: Shutting down and abandoning module DetailCustomizations (142)
[2016.02.17-05.57.09:565][622]LogModuleManager: Shutting down and abandoning module PackagesDialog (141)
[2016.02.17-05.57.09:566][622]LogModuleManager: Shutting down and abandoning module Persona (140)
[2016.02.17-05.57.09:566][622]LogModuleManager: Shutting down and abandoning module Kismet (139)
[2016.02.17-05.57.09:566][622]LogModuleManager: Shutting down and abandoning module GraphEditor (138)
[2016.02.17-05.57.09:566][622]LogModuleManager: Shutting down and abandoning module ClassViewer (137)
[2016.02.17-05.57.09:566][622]LogModuleManager: Shutting down and abandoning module Toolbox (136)
[2016.02.17-05.57.09:566][622]LogModuleManager: Shutting down and abandoning module ModuleUI (135)
[2016.02.17-05.57.09:566][622]LogModuleManager: Shutting down and abandoning module MovieSceneTools (134)
[2016.02.17-05.57.09:566][622]LogModuleManager: Shutting down and abandoning module OutputLog (133)
[2016.02.17-05.57.09:566][622]LogModuleManager: Shutting down and abandoning module GammaUI (132)
[2016.02.17-05.57.09:566][622]LogModuleManager: Shutting down and abandoning module Documentation (131)
[2016.02.17-05.57.09:566][622]LogModuleManager: Shutting down and abandoning module GameLiveStreaming (130)
[2016.02.17-05.57.09:566][622]LogModuleManager: Shutting down and abandoning module StreamingPauseRendering (129)
[2016.02.17-05.57.09:566][622]LogModuleManager: Shutting down and abandoning module AnalyticsET (128)
[2016.02.17-05.57.09:566][622]LogModuleManager: Shutting down and abandoning module Analytics (127)
[2016.02.17-05.57.09:566][622]LogModuleManager: Shutting down and abandoning module AITestSuite (126)
[2016.02.17-05.57.09:566][622]LogModuleManager: Shutting down and abandoning module GameplayDebugger (125)
[2016.02.17-05.57.09:566][622]LogModuleManager: Shutting down and abandoning module AIModule (124)
[2016.02.17-05.57.09:566][622]LogModuleManager: Shutting down and abandoning module ProfilerService (123)
[2016.02.17-05.57.09:719][622]LogModuleManager: Shutting down and abandoning module TaskGraph (122)
[2016.02.17-05.57.09:719][622]LogModuleManager: Shutting down and abandoning module SlateRemote (121)
[2016.02.17-05.57.09:719][622]LogModuleManager: Shutting down and abandoning module SteamVRController (120)
[2016.02.17-05.57.09:719][622]LogModuleManager: Shutting down and abandoning module SteamVR (119)
[2016.02.17-05.57.09:719][622]LogModuleManager: Shutting down and abandoning module ProceduralMeshComponent (118)
[2016.02.17-05.57.09:719][622]LogModuleManager: Shutting down and abandoning module OculusLibrary (117)
[2016.02.17-05.57.09:719][622]LogModuleManager: Shutting down and abandoning module OculusInput (116)
[2016.02.17-05.57.09:719][622]LogModuleManager: Shutting down and abandoning module LeapMotionController (115)
[2016.02.17-05.57.09:727][622]LogModuleManager: Shutting down and abandoning module CustomMeshComponent (114)
[2016.02.17-05.57.09:727][622]LogModuleManager: Shutting down and abandoning module CableComponent (113)
[2016.02.17-05.57.09:727][622]LogModuleManager: Shutting down and abandoning module ArchVisCharacter (112)
[2016.02.17-05.57.09:727][622]LogModuleManager: Shutting down and abandoning module MessagingDebugger (111)
[2016.02.17-05.57.09:727][622]LogModuleManager: Shutting down and abandoning module MediaPlayerEditor (110)
[2016.02.17-05.57.09:727][622]LogModuleManager: Shutting down and abandoning module HTML5Networking (109)
[2016.02.17-05.57.09:727][622]LogModuleManager: Shutting down and abandoning module SpeedTreeImporter (108)
[2016.02.17-05.57.09:727][622]LogModuleManager: Shutting down and abandoning module PluginBrowser (107)
[2016.02.17-05.57.09:727][622]LogModuleManager: Shutting down and abandoning module EpicSurvey (106)
[2016.02.17-05.57.09:727][622]LogModuleManager: Shutting down and abandoning module DesktopPlatform (105)
[2016.02.17-05.57.09:727][622]LogModuleManager: Shutting down and abandoning module VisualStudioSourceCodeAccess (104)
[2016.02.17-05.57.09:727][622]LogModuleManager: Shutting down and abandoning module UObjectPlugin (103)
[2016.02.17-05.57.09:727][622]LogModuleManager: Shutting down and abandoning module SubversionSourceControl (102)
[2016.02.17-05.57.09:727][622]LogModuleManager: Shutting down and abandoning module PerforceSourceControl (101)
[2016.02.17-05.57.09:727][622]LogModuleManager: Shutting down and abandoning module SourceControl (100)
[2016.02.17-05.57.09:727][622]LogModuleManager: Shutting down and abandoning module GitSourceControl (99)
[2016.02.17-05.57.09:727][622]LogModuleManager: Shutting down and abandoning module LightPropagationVolumeEditor (98)
[2016.02.17-05.57.09:727][622]LogModuleManager: Shutting down and abandoning module PaperTiledImporter (97)
[2016.02.17-05.57.09:727][622]LogModuleManager: Shutting down and abandoning module PaperSpriteSheetImporter (96)
[2016.02.17-05.57.09:727][622]LogModuleManager: Shutting down and abandoning module MeshPaint (95)
[2016.02.17-05.57.09:727][622]LogModuleManager: Shutting down and abandoning module SlateReflector (94)
[2016.02.17-05.57.09:727][622]LogModuleManager: Shutting down and abandoning module HotReload (93)
[2016.02.17-05.57.09:727][622]LogModuleManager: Shutting down and abandoning module MainFrame (92)
[2016.02.17-05.57.09:727][622]LogModuleManager: Shutting down and abandoning module LevelEditor (91)
[2016.02.17-05.57.09:728][622]LogModuleManager: Shutting down and abandoning module DirectoryWatcher (90)
[2016.02.17-05.57.09:729][622]LogModuleManager: Shutting down and abandoning module AssetRegistry (89)
[2016.02.17-05.57.09:789][622]LogModuleManager: Shutting down and abandoning module ContentBrowser (88)
[2016.02.17-05.57.09:790][622]LogModuleManager: Shutting down and abandoning module Paper2DEditor (87)
[2016.02.17-05.57.09:790][622]LogModuleManager: Shutting down and abandoning module UdpMessaging (86)
[2016.02.17-05.57.09:890][622]LogModuleManager: Shutting down and abandoning module LightPropagationVolumeRuntime (85)
[2016.02.17-05.57.09:890][622]LogModuleManager: Shutting down and abandoning module Paper2D (84)
[2016.02.17-05.57.09:890][622]LogModuleManager: Shutting down and abandoning module WindowsMoviePlayer (83)
[2016.02.17-05.57.09:893][622]LogModuleManager: Shutting down and abandoning module Media (82)
[2016.02.17-05.57.09:893][622]LogModuleManager: Shutting down and abandoning module WmfMedia (81)
[2016.02.17-05.57.09:894][622]LogModuleManager: Shutting down and abandoning module OnlineBlueprintSupport (80)
[2016.02.17-05.57.09:894][622]LogModuleManager: Shutting down and abandoning module GameplayTasksEditor (79)
[2016.02.17-05.57.09:894][622]LogModuleManager: Shutting down and abandoning module PropertyEditor (78)
[2016.02.17-05.57.09:894][622]LogModuleManager: Shutting down and abandoning module BehaviorTreeEditor (77)
[2016.02.17-05.57.09:894][622]LogModuleManager: Shutting down and abandoning module FunctionalTesting (76)
[2016.02.17-05.57.09:894][622]LogModuleManager: Shutting down and abandoning module CollisionAnalyzer (75)
[2016.02.17-05.57.09:894][622]LogModuleManager: Shutting down and abandoning module WorkspaceMenuStructure (74)
[2016.02.17-05.57.09:894][622]LogModuleManager: Shutting down and abandoning module MessageLog (73)
[2016.02.17-05.57.09:894][622]LogModuleManager: Shutting down and abandoning module Sequencer (72)
[2016.02.17-05.57.09:894][622]LogModuleManager: Shutting down and abandoning module AssetTools (71)
[2016.02.17-05.57.09:894][622]LogModuleManager: Shutting down and abandoning module UMGEditor (70)
[2016.02.17-05.57.09:894][622]LogModuleManager: Shutting down and abandoning module UMG (69)
[2016.02.17-05.57.09:894][622]LogModuleManager: Shutting down and abandoning module Slate (68)
[2016.02.17-05.57.09:894][622]LogModuleManager: Shutting down and abandoning module EditorStyle (67)
[2016.02.17-05.57.09:897][622]LogModuleManager: Shutting down and abandoning module SessionServices (66)
[2016.02.17-05.57.09:897][622]LogModuleManager: Shutting down and abandoning module SourceCodeAccess (65)
[2016.02.17-05.57.09:897][622]LogModuleManager: Shutting down and abandoning module HeadMountedDisplay (64)
[2016.02.17-05.57.09:897][622]LogModuleManager: Shutting down and abandoning module XAudio2 (63)
[2016.02.17-05.57.09:897][622]LogModuleManager: Shutting down and abandoning module Networking (61)
[2016.02.17-05.57.09:897][622]LogModuleManager: Shutting down and abandoning module Core (60)
[2016.02.17-05.57.09:897][622]LogModuleManager: Shutting down and abandoning module KismetCompiler (59)
[2016.02.17-05.57.09:897][622]LogModuleManager: Shutting down and abandoning module PhysXFormats (58)
[2016.02.17-05.57.09:897][622]LogModuleManager: Shutting down and abandoning module MeshUtilities (57)
[2016.02.17-05.57.09:897][622]LogModuleManager: Shutting down and abandoning module DerivedDataCache (56)
[2016.02.17-05.57.09:942][622]LogDerivedDataCache: Shutdown
[2016.02.17-05.57.09:942][622]LogModuleManager: Shutting down and abandoning module ShaderFormatOpenGL (55)
[2016.02.17-05.57.09:942][622]LogModuleManager: Shutting down and abandoning module ShaderFormatD3D (54)
[2016.02.17-05.57.09:942][622]LogModuleManager: Shutting down and abandoning module MetalShaderFormat (53)
[2016.02.17-05.57.09:942][622]LogModuleManager: Shutting down and abandoning module TextureFormatUncompressed (52)
[2016.02.17-05.57.09:942][622]LogModuleManager: Shutting down and abandoning module TextureFormatPVR (51)
[2016.02.17-05.57.09:942][622]LogModuleManager: Shutting down and abandoning module TextureFormatIntelISPCTexComp (50)
[2016.02.17-05.57.09:942][622]LogModuleManager: Shutting down and abandoning module TextureFormatDXT (49)
[2016.02.17-05.57.09:942][622]LogModuleManager: Shutting down and abandoning module ImageWrapper (48)
[2016.02.17-05.57.09:942][622]LogModuleManager: Shutting down and abandoning module TextureFormatASTC (47)
[2016.02.17-05.57.09:942][622]LogModuleManager: Shutting down and abandoning module TextureFormatAndroid (46)
[2016.02.17-05.57.09:942][622]LogModuleManager: Shutting down and abandoning module AudioFormatOpus (45)
[2016.02.17-05.57.09:942][622]LogModuleManager: Shutting down and abandoning module AudioFormatOgg (44)
[2016.02.17-05.57.09:942][622]LogModuleManager: Shutting down and abandoning module AudioFormatADPCM (43)
[2016.02.17-05.57.09:942][622]LogModuleManager: Shutting down and abandoning module LinuxTargetPlatform (42)
[2016.02.17-05.57.09:942][622]LogModuleManager: Shutting down and abandoning module LinuxServerTargetPlatform (41)
[2016.02.17-05.57.09:942][622]LogModuleManager: Shutting down and abandoning module LinuxNoEditorTargetPlatform (40)
[2016.02.17-05.57.09:942][622]LogModuleManager: Shutting down and abandoning module Messaging (39)
[2016.02.17-05.57.09:942][622]LogModuleManager: Shutting down and abandoning module IOSTargetPlatform (38)
[2016.02.17-05.57.09:942][622]LogModuleManager: Shutting down and abandoning module HTML5TargetPlatform (37)
[2016.02.17-05.57.09:942][622]LogModuleManager: Shutting down and abandoning module Android_PVRTCTargetPlatform (36)
[2016.02.17-05.57.09:942][622]LogModuleManager: Shutting down and abandoning module Android_MultiTargetPlatform (35)
[2016.02.17-05.57.09:942][622]LogModuleManager: Shutting down and abandoning module Android_ETC2TargetPlatform (34)
[2016.02.17-05.57.09:942][622]LogModuleManager: Shutting down and abandoning module Android_ETC1TargetPlatform (33)
[2016.02.17-05.57.09:942][622]LogModuleManager: Shutting down and abandoning module Android_DXTTargetPlatform (32)
[2016.02.17-05.57.09:942][622]LogModuleManager: Shutting down and abandoning module Android_ATCTargetPlatform (31)
[2016.02.17-05.57.09:942][622]LogModuleManager: Shutting down and abandoning module Android_ASTCTargetPlatform (30)
[2016.02.17-05.57.09:942][622]LogModuleManager: Shutting down and abandoning module AndroidTargetPlatform (29)
[2016.02.17-05.57.09:942][622]LogModuleManager: Shutting down and abandoning module WindowsTargetPlatform (28)
[2016.02.17-05.57.09:942][622]LogModuleManager: Shutting down and abandoning module WindowsServerTargetPlatform (27)
[2016.02.17-05.57.09:942][622]LogModuleManager: Shutting down and abandoning module WindowsNoEditorTargetPlatform (26)
[2016.02.17-05.57.09:942][622]LogModuleManager: Shutting down and abandoning module WindowsClientTargetPlatform (25)
[2016.02.17-05.57.09:942][622]LogModuleManager: Shutting down and abandoning module AllDesktopTargetPlatform (24)
[2016.02.17-05.57.09:942][622]LogModuleManager: Shutting down and abandoning module TargetPlatform (23)
[2016.02.17-05.57.09:942][622]LogModuleManager: Shutting down and abandoning module InputCore (22)
[2016.02.17-05.57.09:942][622]LogModuleManager: Shutting down and abandoning module Settings (21)
[2016.02.17-05.57.09:942][622]LogModuleManager: Shutting down and abandoning module OnlineSubsystem (19)
[2016.02.17-05.57.09:942][622]LogModuleManager: Shutting down and abandoning module HTTP (18)
[2016.02.17-05.57.11:943][622]LogModuleManager: Shutting down and abandoning module XMPP (17)
[2016.02.17-05.57.11:943][622]LogModuleManager: Shutting down and abandoning module OculusRift (16)
[2016.02.17-05.57.11:943][622]LogModuleManager: Shutting down and abandoning module ExampleDeviceProfileSelector (15)
[2016.02.17-05.57.11:943][622]LogModuleManager: Shutting down and abandoning module TextureCompressor (14)
[2016.02.17-05.57.11:943][622]LogModuleManager: Shutting down and abandoning module ShaderCore (13)
[2016.02.17-05.57.11:943][622]LogModuleManager: Shutting down and abandoning module Landscape (12)
[2016.02.17-05.57.11:943][622]LogModuleManager: Shutting down and abandoning module SlateRHIRenderer (11)
[2016.02.17-05.57.11:944][622]LogModuleManager: Shutting down and abandoning module OpenGLDrv (10)
[2016.02.17-05.57.11:944][622]LogModuleManager: Shutting down and abandoning module D3D11RHI (9)
[2016.02.17-05.57.11:944][622]LogModuleManager: Shutting down and abandoning module AnimGraphRuntime (8)
[2016.02.17-05.57.11:944][622]LogModuleManager: Shutting down and abandoning module Renderer (7)
[2016.02.17-05.57.11:944][622]LogModuleManager: Shutting down and abandoning module Engine (6)
[2016.02.17-05.57.11:944][622]LogModuleManager: Shutting down and abandoning module CoreUObject (5)
[2016.02.17-05.57.11:944][622]LogModuleManager: Shutting down and abandoning module NetworkFile (4)
[2016.02.17-05.57.11:944][622]LogModuleManager: Shutting down and abandoning module StreamingFile (3)
[2016.02.17-05.57.11:944][622]LogModuleManager: Shutting down and abandoning module SandboxFile (2)
[2016.02.17-05.57.11:944][622]LogModuleManager: Shutting down and abandoning module PakFile (1)
[2016.02.17-05.57.11:945][622]LogExit: Exiting.
[2016.02.17-05.57.11:956][622]Log file closed, 02/17/16 16:57:11
