[2016.02.17-03.23.30:995][  0]Log file open, 02/17/16 14:23:30
[2016.02.17-03.23.30:995][  0]LogInit:Display: Running engine for game: Swap
[2016.02.17-03.23.30:995][  0]LogPlatformFile: Not using cached read wrapper
[2016.02.17-03.23.30:995][  0]LogInit:Display: RandInit(412719640) SRandInit(412719641).
[2016.02.17-03.23.30:995][  0]LogTaskGraph: Started task graph with 4 named threads and 7 total threads.
[2016.02.17-03.23.30:995][  0]LogStats: Stats thread started at 0.060551
[2016.02.17-03.23.30:995][  0]LogInit: Version: 4.10.2-2818068+++depot+UE4-Releases+4.10
[2016.02.17-03.23.30:995][  0]LogInit: API Version: 2758231
[2016.02.17-03.23.30:995][  0]LogInit: Compiled (64-bit): Jan  6 2016 17:36:42
[2016.02.17-03.23.30:995][  0]LogInit: Compiled with Visual C++: 19.00.23026.00
[2016.02.17-03.23.30:995][  0]LogInit: Build Configuration: Development
[2016.02.17-03.23.30:995][  0]LogInit: Branch Name: ++depot+UE4-Releases+4.10
[2016.02.17-03.23.30:995][  0]LogInit: Command line:  
[2016.02.17-03.23.30:995][  0]LogInit: Base directory: C:/Program Files (x86)/Epic Games/4.10/Engine/Binaries/Win64/
[2016.02.17-03.23.30:995][  0]LogInit: Rocket: 1
[2016.02.17-03.23.30:998][  0]LogInit: Using libcurl 7.41.0
[2016.02.17-03.23.30:998][  0]LogInit:  - built for x86_64-pc-win32
[2016.02.17-03.23.30:998][  0]LogInit:  - supports SSL with WinSSL
[2016.02.17-03.23.30:998][  0]LogInit:  - other features:
[2016.02.17-03.23.30:998][  0]LogInit:      CURL_VERSION_SSL
[2016.02.17-03.23.30:998][  0]LogInit:      CURL_VERSION_IPV6
[2016.02.17-03.23.30:998][  0]LogInit:      CURL_VERSION_ASYNCHDNS
[2016.02.17-03.23.30:998][  0]LogInit:      CURL_VERSION_LARGEFILE
[2016.02.17-03.23.30:998][  0]LogInit:      CURL_VERSION_IDN
[2016.02.17-03.23.30:998][  0]LogInit:  CurlRequestOptions (configurable via config and command line):
[2016.02.17-03.23.30:998][  0]LogInit:  - bVerifyPeer = true  - Libcurl will verify peer certificate
[2016.02.17-03.23.30:998][  0]LogInit:  - bUseHttpProxy = false  - Libcurl will NOT use HTTP proxy
[2016.02.17-03.23.30:998][  0]LogInit:  - bDontReuseConnections = false  - Libcurl will reuse connections
[2016.02.17-03.23.30:998][  0]LogInit:  - CertBundlePath = nullptr  - Libcurl will use whatever was configured at build time.
[2016.02.17-03.23.31:002][  0]LogInit: Presizing for 0 objects not considered by GC, pre-allocating 0 bytes.
[2016.02.17-03.23.31:007][  0]LogInit: Object subsystem initialized
[2016.02.17-03.23.31:008][  0]LogInit: Selected Device Profile: [Windows]
[2016.02.17-03.23.31:008][  0]LogInit: Applying CVar settings loaded from the selected device profile: [Windows]
[2016.02.17-03.23.31:013][  0]LogInit: Computer: HARST-D2A9E8
[2016.02.17-03.23.31:013][  0]LogInit: User: jackcarolan
[2016.02.17-03.23.31:013][  0]LogInit: CPU Page size=4096, Cores=4
[2016.02.17-03.23.31:013][  0]LogInit: High frequency timer resolution =3.323613 MHz
[2016.02.17-03.23.31:013][  0]LogMemory: Memory total: Physical=16.0GB (16GB approx)
[2016.02.17-03.23.31:013][  0]LogMemory: Platform Memory Stats for Windows
[2016.02.17-03.23.31:013][  0]LogMemory: Process Physical Memory: 56.86 MB used, 56.86 MB peak
[2016.02.17-03.23.31:014][  0]LogMemory: Process Virtual Memory: 58.59 MB used, 58.59 MB peak
[2016.02.17-03.23.31:014][  0]LogMemory: Physical Memory: 3392.05 MB used, 16345.20 MB total
[2016.02.17-03.23.31:014][  0]LogMemory: Virtual Memory: 352.91 MB used, 8388608.00 MB total
[2016.02.17-03.23.31:042][  0]LogTextLocalizationManager: No specific translations for ('en-US') exist, so ('en') translations will be used.
[2016.02.17-03.23.31:394][  0]LogD3D11RHI: Found D3D11 adapter 0: NVIDIA GeForce GTX 660 Ti (Feature Level 11_0)
[2016.02.17-03.23.31:394][  0]LogD3D11RHI: Adapter has 1989MB of dedicated video memory, 0MB of dedicated system memory, and 2048MB of shared system memory, 2 output[s]
[2016.02.17-03.23.31:394][  0]LogD3D11RHI: Chosen D3D11 Adapter Id = 0
[2016.02.17-03.23.31:397][  0]LogD3D11RHI: !Direct3DDevice
[2016.02.17-03.23.31:398][  0]LogRHI: Texture pool is 1361 MB (70% of 1945 MB)
[2016.02.17-03.23.31:405][  0]LogD3D11RHI: Async texture creation enabled
[2016.02.17-03.23.31:418][  0]LogShaderCompilers: Guid format shader working directory is -32 characters bigger than the processId version (../../../../../../Users/jack.carolan/Desktop/Git/UE4Projects/GroupProject/Swap/Swap/Intermediate/Shaders/WorkingDirectory/2084/).
[2016.02.17-03.23.31:418][  0]LogShaderCompilers: Cleaned the shader compiler working directory 'C:/Users/JACK~1.CAR/AppData/Local/Temp/UnrealShaderWorkingDir/7E6994114187C7579136DC8701DED847/'.
[2016.02.17-03.23.31:418][  0]LogShaderCompilers:Display: Using Local Shader Compiler.
[2016.02.17-03.23.32:158][  0]LogTemp:Display: Loaded TP AllDesktopTargetPlatform
[2016.02.17-03.23.32:160][  0]LogTemp:Display: Loaded TP WindowsClientTargetPlatform
[2016.02.17-03.23.32:163][  0]LogTemp:Display: Loaded TP WindowsNoEditorTargetPlatform
[2016.02.17-03.23.32:166][  0]LogTemp:Display: Loaded TP WindowsServerTargetPlatform
[2016.02.17-03.23.32:168][  0]LogTemp:Display: Loaded TP WindowsTargetPlatform
[2016.02.17-03.23.32:170][  0]LogTemp:Display: Loaded TP AndroidTargetPlatform
[2016.02.17-03.23.32:172][  0]LogTemp:Display: Loaded TP Android_ASTCTargetPlatform
[2016.02.17-03.23.32:174][  0]LogTemp:Display: Loaded TP Android_ATCTargetPlatform
[2016.02.17-03.23.32:176][  0]LogTemp:Display: Loaded TP Android_DXTTargetPlatform
[2016.02.17-03.23.32:178][  0]LogTemp:Display: Loaded TP Android_ETC1TargetPlatform
[2016.02.17-03.23.32:180][  0]LogTemp:Display: Loaded TP Android_ETC2TargetPlatform
[2016.02.17-03.23.32:185][  0]LogTemp:Display: Loaded TP Android_MultiTargetPlatform
[2016.02.17-03.23.32:185][  0]LogTemp:Display: Loaded TP Android_PVRTCTargetPlatform
[2016.02.17-03.23.32:185][  0]LogTemp:Display: Loaded TP HTML5TargetPlatform
[2016.02.17-03.23.32:199][  0]LogTemp:Display: Loaded TP IOSTargetPlatform
[2016.02.17-03.23.32:201][  0]LogTemp:Display: Loaded TP LinuxNoEditorTargetPlatform
[2016.02.17-03.23.32:204][  0]LogTemp:Display: Loaded TP LinuxServerTargetPlatform
[2016.02.17-03.23.32:206][  0]LogTemp:Display: Loaded TP LinuxTargetPlatform
[2016.02.17-03.23.32:206][  0]LogTargetPlatformManager:Display: Building Assets For Windows
[2016.02.17-03.23.32:252][  0]LogDerivedDataCache:Display: Max Cache Size: 512 MB
[2016.02.17-03.23.32:285][  0]LogDerivedDataCache: Loaded boot cache 0.03s 41MB C:/Users/jack.carolan/AppData/Local/UnrealEngine/4.10/DerivedDataCache/Boot.ddc.
[2016.02.17-03.23.32:285][  0]LogDerivedDataCache:Display: Loaded Boot cache: C:/Users/jack.carolan/AppData/Local/UnrealEngine/4.10/DerivedDataCache/Boot.ddc
[2016.02.17-03.23.32:285][  0]LogDerivedDataCache: FDerivedDataBackendGraph:  Pak pak cache file ../../../../../../Users/jack.carolan/Desktop/Git/UE4Projects/GroupProject/Swap/Swap/DerivedDataCache/DDC.ddp not found, will not use a pak cache.
[2016.02.17-03.23.32:285][  0]LogDerivedDataCache: Unable to find inner node Pak for hierarchical cache Hierarchy.
[2016.02.17-03.23.32:285][  0]LogDerivedDataCache: FDerivedDataBackendGraph:  CompressedPak pak cache file ../../../../../../Users/jack.carolan/Desktop/Git/UE4Projects/GroupProject/Swap/Swap/DerivedDataCache/Compressed.ddp not found, will not use a pak cache.
[2016.02.17-03.23.32:285][  0]LogDerivedDataCache: Unable to find inner node CompressedPak for hierarchical cache Hierarchy.
[2016.02.17-03.23.32:332][  0]LogDerivedDataCache:Display: Pak cache opened for reading ../../../Engine/DerivedDataCache/Compressed.ddp.
[2016.02.17-03.23.32:343][  0]LogDerivedDataCache: Using Local data cache path C:/Users/jack.carolan/AppData/Local/UnrealEngine/Common/DerivedDataCache: Writable
[2016.02.17-03.23.32:476][  0]LogInit: Selected Device Profile: [Windows]
[2016.02.17-03.23.32:477][  0]LogContentStreaming: Texture pool size is 0.000000MB
[2016.02.17-03.23.32:502][  0]LogMeshUtilities: No automatic mesh reduction module available
[2016.02.17-03.23.32:502][  0]LogMeshUtilities: No automatic mesh merging module available
[2016.02.17-03.23.32:750][  0]LogInit: WinSock: version 1.1 (2.2), MaxSocks=32767, MaxUdp=65467
[2016.02.17-03.23.33:276][  0]UdpMessaging: Initializing bridge on interface 0.0.0.0:0 to multicast group 230.0.0.1:6666.
[2016.02.17-03.23.33:376][  0]LogAssetRegistry: FAssetRegistry took 0.0102 seconds to start up
[2016.02.17-03.23.33:489][  0]SourceControl: Info Source control is disabled
[2016.02.17-03.23.33:519][  0]SourceControl: Info Source control is disabled
[2016.02.17-03.23.33:524][  0]SourceControl: Info Source control is disabled
[2016.02.17-03.23.33:530][  0]SourceControl: Info Source control is disabled
[2016.02.17-03.23.33:658][  0]LogObj: 28633 objects as part of root set at end of initial load.
[2016.02.17-03.23.33:658][  0]LogUObjectAllocator: 6099744 out of 0 bytes used by permanent object pool.
[2016.02.17-03.23.33:704][  0]LogEngine: Initializing Engine...
[2016.02.17-03.23.33:705][  0]LogHMD: Can't find Oculus library dev build: is proper Runtime installed? Version: 0.8.0.0
[2016.02.17-03.23.33:706][  0]LogHMD: SteamVR failed to initialize.  Err: 110
[2016.02.17-03.23.33:808][  0]LogAIModule: Creating AISystem for world NewWorld
[2016.02.17-03.23.33:812][  0]LogInit: XAudio2 using 'Speakers (High Definition Audio Device)' : 2 channels at 44.1 kHz using 16 bits per sample (channel mask 0x3)
[2016.02.17-03.23.33:823][  0]LogInit: FAudioDevice initialized.
[2016.02.17-03.23.33:841][  0]LogDerivedDataCache: Saved boot cache 0.02s 41MB C:/Users/jack.carolan/AppData/Local/UnrealEngine/4.10/DerivedDataCache/Boot.ddc.
[2016.02.17-03.23.33:844][  0]LogInit: Texture streaming: Enabled
[2016.02.17-03.23.33:846][  0]LogAnalytics: Creating configured Analytics provider AnalyticsET
[2016.02.17-03.23.33:846][  0]LogAnalytics: [UEEditor.Rocket.Release] APIServer = http://et2.epicgames.com/ET2/. AppVersion = 4.10.2-2818068+++depot+UE4-Releases+4.10
[2016.02.17-03.23.33:846][  0]LogAnalytics: [UEEditor.Rocket.Release] SetUserId 46cfea764061f1b9c41e02b8bd51e989|aeaa3af4045243359e0d8c4eedc51930|83405bc8-af7b-4bc6-aae5-6e4514ef7c9f
[2016.02.17-03.23.33:846][  0]LogAnalytics: [UEEditor.Rocket.Release] AnalyticsET::StartSession
[2016.02.17-03.23.33:852][  0]LogInit: Transaction tracking system initialized
[2016.02.17-03.23.33:866][  0]BlueprintLog: New page: Editor Load
[2016.02.17-03.23.34:009][  0]LocalizationService: Info Localization service is disabled
[2016.02.17-03.23.34:051][  0]LogConsoleResponse:Display: 
[2016.02.17-03.23.34:134][  0]LogCook:Display: Done creating registry. It took  0.00s.
[2016.02.17-03.23.34:164][  0]LogFileCache: Scanning file cache for directory 'C:/Users/jack.carolan/Desktop/Git/UE4Projects/GroupProject/Swap/Swap/Content/' took 0.01s
[2016.02.17-03.23.34:164][  0]SourceControl: Info Source control is disabled
[2016.02.17-03.23.34:164][  0]Cmd: MAP LOAD FILE="../../../Engine/Content/Maps/Templates/Template_Default.umap" TEMPLATE=1 SHOWPROGRESS=1 FEATURELEVEL=3
[2016.02.17-03.23.34:164][  0]LightingResults: New page: Lighting Build
[2016.02.17-03.23.34:166][  0]MapCheck: New page: Map Check
[2016.02.17-03.23.34:166][  0]LightingResults: New page: Lighting Build
[2016.02.17-03.23.34:173][  0]LogParticles: Destroying 0 GPU particle simulations for FXSystem 0x0000000023A87420
[2016.02.17-03.23.34:376][  0]LogAIModule: Creating AISystem for world Untitled_1
[2016.02.17-03.23.34:380][  0]LogEditorServer: Finished looking for orphan Actors (0.000 secs)
[2016.02.17-03.23.34:383][  0]Cmd: MAP CHECKDEP NOCLEARLOG
[2016.02.17-03.23.34:410][  0]MapCheck: Info Map check complete: 0 Error(s), 0 Warning(s), took 26.85ms to complete.
[2016.02.17-03.23.34:410][  0]LogFileHelpers: Loading map 'Template_Default' took 0.246
[2016.02.17-03.23.34:532][  0]LogCollectionManager: Loaded 0 collections in 0.001073 seconds
[2016.02.17-03.23.34:571][  0]LogFileCache: Scanning file cache for directory 'C:/Users/jack.carolan/Desktop/Git/UE4Projects/GroupProject/Swap/Swap/Saved/Collections/' took 0.01s
[2016.02.17-03.23.34:571][  0]LogFileCache: Scanning file cache for directory 'C:/Users/jack.carolan/Desktop/Git/UE4Projects/GroupProject/Swap/Swap/Content/Developers/jackcarolan/Collections/' took 0.01s
[2016.02.17-03.23.34:571][  0]LogFileCache: Scanning file cache for directory 'C:/Users/jack.carolan/Desktop/Git/UE4Projects/GroupProject/Swap/Swap/Content/Collections/' took 0.01s
[2016.02.17-03.23.34:571][  0]LogCollectionManager: Rebuilt the GUID cache for 0 collections in 0.000002 seconds
[2016.02.17-03.23.34:579][  0]LogContentBrowser: Native class hierarchy populated in 0.0079 seconds. Added 1893 classes and 338 folders.
[2016.02.17-03.23.34:585][  0]LogContentBrowser: Native class hierarchy updated for 'WidgetCarousel' in 0.0003 seconds. Added 0 classes and 0 folders.
[2016.02.17-03.23.34:615][  0]LogContentBrowser: Native class hierarchy updated for 'AddContentDialog' in 0.0003 seconds. Added 0 classes and 0 folders.
[2016.02.17-03.23.34:618][  0]LogContentBrowser: Native class hierarchy updated for 'SceneOutliner' in 0.0002 seconds. Added 1 classes and 2 folders.
[2016.02.17-03.23.34:651][  0]LogCrashTracker: Crashtracker disabled due to settings.
[2016.02.17-03.23.34:688][  0]LogLoad: Full Startup: 3.97 seconds (BP compile: 0.03 seconds)
[2016.02.17-03.23.34:698][  0]LogOcInput: Can't find Oculus library dev build: is proper Runtime installed? Version: 0.8.0.0
[2016.02.17-03.23.34:741][  0]LogContentStreaming: Texture pool size now 1000 MB
[2016.02.17-03.23.34:868][  0]LogRenderer: Reallocating scene render targets to support 1208x572 (Frame:2).
[2016.02.17-03.23.34:960][  2]LogAssetRegistry: Asset discovery search completed in 1.5942 seconds
[2016.02.17-03.23.34:960][  2]LogCollectionManager: Rebuilt the object cache for 0 collections in 0.000001 seconds (found 0 objects)
[2016.02.17-03.23.34:960][  2]LogCollectionManager: Fixed up redirectors for 0 collections in 0.000017 seconds (updated 0 objects)
[2016.02.17-03.23.42:536][766]LogLinker:Warning: Asset '../../../Engine/Content/ArtTools/RenderToTexture/Macros/RenderToTextureMacros.uasset' has been saved with empty engine version. The asset will be loaded but may be incompatible.
[2016.02.17-03.23.42:870][766]LogContentBrowser: Native class hierarchy updated for 'BlueprintGraph' in 0.0006 seconds. Added 107 classes and 0 folders.
[2016.02.17-03.24.02:988][ 33]LogPlayLevel: PlayLevel: No blueprints needed recompiling
[2016.02.17-03.24.02:988][ 33]PIE: New page: PIE session: Untitled_1 (Feb 18, 2016, 1:24:02 AM)
[2016.02.17-03.24.02:988][ 33]LogPlayLevel: Creating play world package: /Temp/UEDPIE_0_Untitled_1
[2016.02.17-03.24.02:990][ 33]LogPlayLevel: PIE: StaticDuplicateObject took: (0.001221s)
[2016.02.17-03.24.02:990][ 33]LogAIModule: Creating AISystem for world Untitled_1
[2016.02.17-03.24.02:990][ 33]LogPlayLevel: PIE: World Init took: (0.000480s)
[2016.02.17-03.24.02:990][ 33]LogPlayLevel: PIE: Created PIE world by copying editor world from /Temp/Untitled_1.Untitled_1 to /Temp/UEDPIE_0_Untitled_1.Untitled_1 (0.001860s)
[2016.02.17-03.24.02:990][ 33]LogActorComponent: UnregisterComponent: (/Engine/Transient.CharMoveComp) Not registered. Aborting.
[2016.02.17-03.24.03:019][ 33]LogInit: XAudio2 using 'Speakers (High Definition Audio Device)' : 2 channels at 44.1 kHz using 16 bits per sample (channel mask 0x3)
[2016.02.17-03.24.03:023][ 33]LogInit: FAudioDevice initialized.
[2016.02.17-03.24.03:069][ 33]LogWorld: Game class is 'SwapGameMode_C'
[2016.02.17-03.24.03:071][ 33]LogWorld: Bringing World /Temp/UEDPIE_0_Untitled_1.Untitled_1 up for play (max tick rate 0) at 2016.02.17-14.24.03
[2016.02.17-03.24.03:071][ 33]LogActor:Warning: GameSession /Temp/UEDPIE_0_Untitled_1.Untitled_1:PersistentLevel.GameSession_0 has natively added scene component(s), but none of them were set as the actor's RootComponent - picking one arbitrarily
[2016.02.17-03.24.03:071][ 33]LogActor:Warning: GameNetworkManager /Temp/UEDPIE_0_Untitled_1.Untitled_1:PersistentLevel.GameNetworkManager_0 has natively added scene component(s), but none of them were set as the actor's RootComponent - picking one arbitrarily
[2016.02.17-03.24.03:071][ 33]LogWorld: Bringing up level for play took: 0.001239
[2016.02.17-03.24.03:073][ 33]PIE: Info Play in editor start time for /Temp/UEDPIE_0_Untitled_1 -0.199
[2016.02.17-03.24.07:111][510]LogParticles: Destroying 0 GPU particle simulations for FXSystem 0x0000000023675A80
[2016.02.17-03.24.16:805][606]LogAIModule: Creating AISystem for world swapMap
[2016.02.17-03.24.16:808][606]LogActorComponent: UnregisterComponent: (/Engine/Transient.CharMoveComp) Not registered. Aborting.
[2016.02.17-03.24.16:826][606]Cmd: MAP LOAD FILE="../../../../../../Users/jack.carolan/Desktop/Git/UE4Projects/GroupProject/Swap/Swap/Content/Maps/swapMap.umap" TEMPLATE=0 SHOWPROGRESS=1 FEATURELEVEL=3
[2016.02.17-03.24.16:826][606]LightingResults: New page: Lighting Build
[2016.02.17-03.24.16:837][606]LoadErrors: New page: Loading map: swapMap.umap
[2016.02.17-03.24.16:837][606]MapCheck: New page: Map Check
[2016.02.17-03.24.16:837][606]LightingResults: New page: Lighting Build
[2016.02.17-03.24.16:853][606]LogParticles: Destroying 0 GPU particle simulations for FXSystem 0x0000000012EFB740
[2016.02.17-03.24.16:890][606]LogEditorServer: Finished looking for orphan Actors (0.000 secs)
[2016.02.17-03.24.16:908][606]Cmd: MAP CHECKDEP NOCLEARLOG
[2016.02.17-03.24.16:941][606]MapCheck: Info Map check complete: 0 Error(s), 0 Warning(s), took 33.2ms to complete.
[2016.02.17-03.24.16:942][606]LogFileHelpers: Loading map 'swapMap' took 0.116
[2016.02.17-03.25.05:098][487]LogActorComponent: UnregisterComponent: (/Engine/Transient.CharMoveComp) Not registered. Aborting.
[2016.02.17-03.25.05:149][487]LogSavePackage: Save=7.256260ms
[2016.02.17-03.25.05:149][487]LogSavePackage: Moving '../../../../../../Users/jack.carolan/Desktop/Git/UE4Projects/GroupProject/Swap/Swap/Saved/SwapObjectTest12809393477BED49BF2119BCD8B05EFE.tmp' to '../../../../../../Users/jack.carolan/Desktop/Git/UE4Projects/GroupProject/Swap/Swap/Content/BluePrints/SwapObjectTest.uasset'
[2016.02.17-03.25.05:150][487]LogSavePackage: Total save time: 9.908795ms
[2016.02.17-03.25.05:150][487]LogSavePackage:Display: Finished SavePackage ../../../../../../Users/jack.carolan/Desktop/Git/UE4Projects/GroupProject/Swap/Swap/Content/BluePrints/SwapObjectTest.uasset
[2016.02.17-03.25.09:870][966]LogRenderer: Reallocating scene render targets to support 1208x712 (Frame:9043).
[2016.02.17-03.25.14:580][523]LogActorComponent: UnregisterComponent: (/Engine/Transient.CharMoveComp) Not registered. Aborting.
[2016.02.17-03.25.45:171][180]BlueprintLog: New page: Compile SwapObjectTest
[2016.02.17-03.25.45:225][180]BlueprintEditorCompileResults: Info [0134.50] Compile of SwapObjectTest successful! [in 54 ms]
[2016.02.17-03.25.46:071][272]LogSavePackage: Save=14.053682ms
[2016.02.17-03.25.46:071][272]LogSavePackage: Moving '../../../../../../Users/jack.carolan/Desktop/Git/UE4Projects/GroupProject/Swap/Swap/Saved/SwapObjectTestE1DA8DD143DCA870F1A78FADF3546CBD.tmp' to '../../../../../../Users/jack.carolan/Desktop/Git/UE4Projects/GroupProject/Swap/Swap/Content/BluePrints/SwapObjectTest.uasset'
[2016.02.17-03.25.46:072][272]LogSavePackage: Total save time: 16.257007ms
[2016.02.17-03.25.46:072][272]LogSavePackage:Display: Finished SavePackage ../../../../../../Users/jack.carolan/Desktop/Git/UE4Projects/GroupProject/Swap/Swap/Content/BluePrints/SwapObjectTest.uasset
[2016.02.17-03.25.55:985][407]LogEditorViewport: Clicking on Actor (LMB): StaticMeshActor (Floor)
[2016.02.17-03.25.58:777][722]LogEditorViewport: Clicking on Actor (LMB): BP_Sky_Sphere_C (Sky Sphere)
[2016.02.17-03.26.05:069][381]LogActorComponent: UnregisterComponent: (/Engine/Transient.CharMoveComp) Not registered. Aborting.
[2016.02.17-03.26.05:089][381]LogSlate:Warning: Prevented a slow task dialog from being summoned while a context menu was open
[2016.02.17-03.26.05:162][381]LogSavePackage: Save=16.818445ms
[2016.02.17-03.26.05:162][381]LogSavePackage: Moving '../../../../../../Users/jack.carolan/Desktop/Git/UE4Projects/GroupProject/Swap/Swap/Saved/swapMapD111A8494F316E8F51CE8187ADB07BBF.tmp' to '../../../../../../Users/jack.carolan/Desktop/Git/UE4Projects/GroupProject/Swap/Swap/Content/Maps/swapMap.umap'
[2016.02.17-03.26.05:164][381]LogSavePackage: Total save time: 19.686408ms
[2016.02.17-03.26.05:164][381]LogSavePackage:Display: Finished SavePackage ../../../../../../Users/jack.carolan/Desktop/Git/UE4Projects/GroupProject/Swap/Swap/Content/Maps/swapMap.umap
[2016.02.17-03.26.05:180][381]LogFileHelpers: Saving map 'swapMap' took 0.091
[2016.02.17-03.27.06:423][528]LogActorComponent: UnregisterComponent: (/Engine/Transient.CharMoveComp) Not registered. Aborting.
[2016.02.17-03.27.13:306][347]LogActorComponent: UnregisterComponent: (/Engine/Transient.CharacterMovementComponent_0) Not registered. Aborting.
[2016.02.17-03.27.14:041][430]LogActorComponent: UnregisterComponent: (/Engine/Transient.CharacterMovementComponent_1) Not registered. Aborting.
[2016.02.17-03.36.04:953][ 28]LogActorComponent: UnregisterComponent: (/Engine/Transient.CharacterMovementComponent_2) Not registered. Aborting.
[2016.02.17-03.36.04:975][ 28]LogFileHelpers: Editor autosave (incl. sublevels) for '/Game/Maps/swapMap' took 0.021
[2016.02.17-03.36.04:979][ 28]OBJ SavePackage: Generating thumbnails for [1] asset(s) in package [/Game/BluePrints/SwapMan] ([1] browsable assets)...
[2016.02.17-03.36.04:999][ 28]OBJ SavePackage:     Rendered thumbnail for [Blueprint /Game/BluePrints/SwapMan.SwapMan]
[2016.02.17-03.36.04:999][ 28]OBJ SavePackage: Finished generating thumbnails for package [/Game/BluePrints/SwapMan]
[2016.02.17-03.36.05:077][ 28]LogSavePackage: Save=75.768448ms
[2016.02.17-03.36.05:077][ 28]LogSavePackage: Moving '../../../../../../Users/jack.carolan/Desktop/Git/UE4Projects/GroupProject/Swap/Swap/Saved/SwapMan_Auto1A9034BB14A4A621A96ACBCABDDEAF507.tmp' to '../../../../../../Users/jack.carolan/Desktop/Git/UE4Projects/GroupProject/Swap/Swap/Saved/Autosaves/Game/BluePrints/SwapMan_Auto1.uasset'
[2016.02.17-03.36.05:077][ 28]LogSavePackage: Total save time: 77.815916ms
[2016.02.17-03.36.05:077][ 28]LogSavePackage:Display: Finished SavePackage ../../../../../../Users/jack.carolan/Desktop/Git/UE4Projects/GroupProject/Swap/Swap/Saved/Autosaves/Game/BluePrints/SwapMan_Auto1.uasset
[2016.02.17-03.36.05:077][ 28]LogFileHelpers: Auto-saving content packages took 0.102
[2016.02.17-05.19.00:310][181]LogActorComponent: UnregisterComponent: (/Engine/Transient.CharMoveComp) Not registered. Aborting.
[2016.02.17-05.19.07:378][ 22]LogActorComponent: UnregisterComponent: (/Engine/Transient.CharacterMovementComponent_3) Not registered. Aborting.
[2016.02.17-05.19.08:498][150]LogActorComponent: UnregisterComponent: (/Engine/Transient.CharacterMovementComponent_4) Not registered. Aborting.
[2016.02.17-05.19.12:415][609]LogActorComponent: UnregisterComponent: (/Engine/Transient.CharacterMovementComponent_5) Not registered. Aborting.
[2016.02.17-05.19.13:234][696]LogActorComponent: UnregisterComponent: (/Engine/Transient.CharacterMovementComponent_6) Not registered. Aborting.
[2016.02.17-05.19.14:032][785]BlueprintLog: New page: Compile SwapMan
[2016.02.17-05.19.14:091][785]LogActorComponent: UnregisterComponent: (/Engine/Transient.CharacterMovementComponent_7) Not registered. Aborting.
[2016.02.17-05.19.14:119][785]BlueprintEditorCompileResults: Info [6943.52] Compile of SwapMan successful! [in 86 ms]
[2016.02.17-05.19.14:942][882]LogActorComponent: UnregisterComponent: (/Engine/Transient.CharMoveComp) Not registered. Aborting.
[2016.02.17-05.19.15:003][882]Cmd: OBJ SAVEPACKAGE PACKAGE="/Game/BluePrints/SwapMan" FILE="../../../../../../Users/jack.carolan/Desktop/Git/UE4Projects/GroupProject/Swap/Swap/Content/BluePrints/SwapMan.uasset" SILENT=true
[2016.02.17-05.19.15:086][882]LogSavePackage: Save=80.114922ms
[2016.02.17-05.19.15:086][882]LogSavePackage: Moving '../../../../../../Users/jack.carolan/Desktop/Git/UE4Projects/GroupProject/Swap/Swap/Saved/SwapManF57B83EC404A59B0836C589E4118A985.tmp' to '../../../../../../Users/jack.carolan/Desktop/Git/UE4Projects/GroupProject/Swap/Swap/Content/BluePrints/SwapMan.uasset'
[2016.02.17-05.19.15:087][882]LogSavePackage: Total save time: 83.633985ms
[2016.02.17-05.19.15:087][882]LogSavePackage:Display: Finished SavePackage ../../../../../../Users/jack.carolan/Desktop/Git/UE4Projects/GroupProject/Swap/Swap/Content/BluePrints/SwapMan.uasset
[2016.02.17-05.19.16:196][ 14]LogActorComponent: UnregisterComponent: (/Engine/Transient.CharMoveComp) Not registered. Aborting.
[2016.02.17-05.19.20:455][519]LogActorComponent: UnregisterComponent: (/Engine/Transient.CharacterMovementComponent_8) Not registered. Aborting.
[2016.02.17-05.20.26:525][762]BlueprintLog: New page: Compile SwapMan
[2016.02.17-05.20.26:581][762]LogActorComponent: UnregisterComponent: (/Engine/Transient.CharacterMovementComponent_9) Not registered. Aborting.
[2016.02.17-05.20.26:606][762]BlueprintEditorCompileResults: Info [7016.01] Compile of SwapMan successful! [in 81 ms]
[2016.02.17-05.20.27:380][854]LogActorComponent: UnregisterComponent: (/Engine/Transient.CharMoveComp) Not registered. Aborting.
[2016.02.17-05.20.27:435][854]Cmd: OBJ SAVEPACKAGE PACKAGE="/Game/BluePrints/SwapMan" FILE="../../../../../../Users/jack.carolan/Desktop/Git/UE4Projects/GroupProject/Swap/Swap/Content/BluePrints/SwapMan.uasset" SILENT=true
[2016.02.17-05.20.27:518][854]LogSavePackage: Save=80.922775ms
[2016.02.17-05.20.27:518][854]LogSavePackage: Moving '../../../../../../Users/jack.carolan/Desktop/Git/UE4Projects/GroupProject/Swap/Swap/Saved/SwapMan9EF3CA4845B0850E6FA944A0C8CB26AD.tmp' to '../../../../../../Users/jack.carolan/Desktop/Git/UE4Projects/GroupProject/Swap/Swap/Content/BluePrints/SwapMan.uasset'
[2016.02.17-05.20.27:519][854]LogSavePackage: Total save time: 83.327092ms
[2016.02.17-05.20.27:519][854]LogSavePackage:Display: Finished SavePackage ../../../../../../Users/jack.carolan/Desktop/Git/UE4Projects/GroupProject/Swap/Swap/Content/BluePrints/SwapMan.uasset
[2016.02.17-05.20.30:663][229]LogPlayLevel: PlayLevel: No blueprints needed recompiling
[2016.02.17-05.20.30:664][229]PIE: New page: PIE session: swapMap (Feb 18, 2016, 3:20:30 AM)
[2016.02.17-05.20.30:664][229]LogPlayLevel: Creating play world package: /Game/Maps/UEDPIE_0_swapMap
[2016.02.17-05.20.30:665][229]LogPlayLevel: PIE: StaticDuplicateObject took: (0.001731s)
[2016.02.17-05.20.30:666][229]LogAIModule: Creating AISystem for world swapMap
[2016.02.17-05.20.30:666][229]LogPlayLevel: PIE: World Init took: (0.000544s)
[2016.02.17-05.20.30:666][229]LogPlayLevel: PIE: Created PIE world by copying editor world from /Game/Maps/swapMap.swapMap to /Game/Maps/UEDPIE_0_swapMap.swapMap (0.002428s)
[2016.02.17-05.20.30:666][229]LogActorComponent: UnregisterComponent: (/Engine/Transient.CharMoveComp) Not registered. Aborting.
[2016.02.17-05.20.30:689][229]LogInit: XAudio2 using 'Speakers (High Definition Audio Device)' : 2 channels at 44.1 kHz using 16 bits per sample (channel mask 0x3)
[2016.02.17-05.20.30:693][229]LogInit: FAudioDevice initialized.
[2016.02.17-05.20.30:725][229]LogWorld: Game class is 'SwapGameMode_C'
[2016.02.17-05.20.30:727][229]LogWorld: Bringing World /Game/Maps/UEDPIE_0_swapMap.swapMap up for play (max tick rate 0) at 2016.02.17-16.20.30
[2016.02.17-05.20.30:727][229]LogActor:Warning: GameSession /Game/Maps/UEDPIE_0_swapMap.swapMap:PersistentLevel.GameSession_1 has natively added scene component(s), but none of them were set as the actor's RootComponent - picking one arbitrarily
[2016.02.17-05.20.30:727][229]LogActor:Warning: GameNetworkManager /Game/Maps/UEDPIE_0_swapMap.swapMap:PersistentLevel.GameNetworkManager_1 has natively added scene component(s), but none of them were set as the actor's RootComponent - picking one arbitrarily
[2016.02.17-05.20.30:727][229]LogWorld: Bringing up level for play took: 0.001449
[2016.02.17-05.20.30:729][229]PIE: Info Play in editor start time for /Game/Maps/UEDPIE_0_swapMap -0.417
[2016.02.17-05.20.58:135][507]LogParticles: Destroying 0 GPU particle simulations for FXSystem 0x000000015994A980
[2016.02.17-05.21.40:643][579]BlueprintLog: New page: Compile SwapMan
[2016.02.17-05.21.40:700][579]LogActorComponent: UnregisterComponent: (/Engine/Transient.CharMoveComp) Not registered. Aborting.
[2016.02.17-05.21.40:725][579]BlueprintEditorCompileResults: Info [7090.13] Compile of SwapMan successful! [in 81 ms]
[2016.02.17-05.21.41:471][667]LogActorComponent: UnregisterComponent: (/Engine/Transient.CharMoveComp) Not registered. Aborting.
[2016.02.17-05.21.41:536][667]Cmd: OBJ SAVEPACKAGE PACKAGE="/Game/BluePrints/SwapMan" FILE="../../../../../../Users/jack.carolan/Desktop/Git/UE4Projects/GroupProject/Swap/Swap/Content/BluePrints/SwapMan.uasset" SILENT=true
[2016.02.17-05.21.41:617][667]LogSavePackage: Save=79.287209ms
[2016.02.17-05.21.41:617][667]LogSavePackage: Moving '../../../../../../Users/jack.carolan/Desktop/Git/UE4Projects/GroupProject/Swap/Swap/Saved/SwapManBF3073894893D89A203AE2BCD973DC42.tmp' to '../../../../../../Users/jack.carolan/Desktop/Git/UE4Projects/GroupProject/Swap/Swap/Content/BluePrints/SwapMan.uasset'
[2016.02.17-05.21.41:618][667]LogSavePackage: Total save time: 81.667151ms
[2016.02.17-05.21.41:618][667]LogSavePackage:Display: Finished SavePackage ../../../../../../Users/jack.carolan/Desktop/Git/UE4Projects/GroupProject/Swap/Swap/Content/BluePrints/SwapMan.uasset
[2016.02.17-05.21.55:902][370]LogPlayLevel: PlayLevel: No blueprints needed recompiling
[2016.02.17-05.21.55:902][370]PIE: New page: PIE session: swapMap (Feb 18, 2016, 3:21:55 AM)
[2016.02.17-05.21.55:902][370]LogPlayLevel: Creating play world package: /Game/Maps/UEDPIE_0_swapMap
[2016.02.17-05.21.55:904][370]LogPlayLevel: PIE: StaticDuplicateObject took: (0.002073s)
[2016.02.17-05.21.55:904][370]LogAIModule: Creating AISystem for world swapMap
[2016.02.17-05.21.55:904][370]LogPlayLevel: PIE: World Init took: (0.000530s)
[2016.02.17-05.21.55:905][370]LogPlayLevel: PIE: Created PIE world by copying editor world from /Game/Maps/swapMap.swapMap to /Game/Maps/UEDPIE_0_swapMap.swapMap (0.002781s)
[2016.02.17-05.21.55:905][370]LogActorComponent: UnregisterComponent: (/Engine/Transient.CharMoveComp) Not registered. Aborting.
[2016.02.17-05.21.55:927][370]LogInit: XAudio2 using 'Speakers (High Definition Audio Device)' : 2 channels at 44.1 kHz using 16 bits per sample (channel mask 0x3)
[2016.02.17-05.21.55:932][370]LogInit: FAudioDevice initialized.
[2016.02.17-05.21.55:963][370]LogWorld: Game class is 'SwapGameMode_C'
[2016.02.17-05.21.55:965][370]LogWorld: Bringing World /Game/Maps/UEDPIE_0_swapMap.swapMap up for play (max tick rate 0) at 2016.02.17-16.21.55
[2016.02.17-05.21.55:965][370]LogActor:Warning: GameSession /Game/Maps/UEDPIE_0_swapMap.swapMap:PersistentLevel.GameSession_2 has natively added scene component(s), but none of them were set as the actor's RootComponent - picking one arbitrarily
[2016.02.17-05.21.55:965][370]LogActor:Warning: GameNetworkManager /Game/Maps/UEDPIE_0_swapMap.swapMap:PersistentLevel.GameNetworkManager_2 has natively added scene component(s), but none of them were set as the actor's RootComponent - picking one arbitrarily
[2016.02.17-05.21.55:965][370]LogWorld: Bringing up level for play took: 0.001363
[2016.02.17-05.21.55:967][370]PIE: Info Play in editor start time for /Game/Maps/UEDPIE_0_swapMap 0.826
[2016.02.17-05.22.48:227][622]LogParticles: Destroying 0 GPU particle simulations for FXSystem 0x000000015B728C20
[2016.02.17-05.23.25:564][ 27]Cmd: OBJ SAVEPACKAGE PACKAGE="/Game/BluePrints/SwapMan" FILE="../../../../../../Users/jack.carolan/Desktop/Git/UE4Projects/GroupProject/Swap/Swap/Content/BluePrints/SwapMan.uasset" SILENT=true
[2016.02.17-05.23.25:640][ 27]LogSavePackage: Save=73.354210ms
[2016.02.17-05.23.25:640][ 27]LogSavePackage: Moving '../../../../../../Users/jack.carolan/Desktop/Git/UE4Projects/GroupProject/Swap/Swap/Saved/SwapMan4EA14C5644CBAEFA79A9D7A66436E5FF.tmp' to '../../../../../../Users/jack.carolan/Desktop/Git/UE4Projects/GroupProject/Swap/Swap/Content/BluePrints/SwapMan.uasset'
[2016.02.17-05.23.25:641][ 27]LogSavePackage: Total save time: 76.342523ms
[2016.02.17-05.23.25:641][ 27]LogSavePackage:Display: Finished SavePackage ../../../../../../Users/jack.carolan/Desktop/Git/UE4Projects/GroupProject/Swap/Swap/Content/BluePrints/SwapMan.uasset
[2016.02.17-05.23.45:544][413]BlueprintLog: New page: Compile SwapMan
[2016.02.17-05.23.45:565][413]LogBlueprint:Error: [compiler SwapMan] Error This blueprint (self) is not a SceneComponent, therefore ' Target ' must have a connection.
[2016.02.17-05.23.45:637][413]LogActorComponent: UnregisterComponent: (/Engine/Transient.CharMoveComp) Not registered. Aborting.
[2016.02.17-05.23.45:662][413]LogBlueprint:Warning: [compiler SwapMan] Warning [7215.08] Compile of SwapMan failed. 1 Fatal Issue(s) 0 Warning(s) [in 118 ms]
[2016.02.17-05.23.45:662][413]BlueprintEditorCompileResults:Error: Error This blueprint (self) is not a SceneComponent, therefore ' Target ' must have a connection.
[2016.02.17-05.23.45:662][413]BlueprintEditorCompileResults:Warning: Warning [7215.08] Compile of SwapMan failed. 1 Fatal Issue(s) 0 Warning(s) [in 118 ms]
[2016.02.17-05.24.09:727][262]BlueprintLog: New page: Compile SwapMan
[2016.02.17-05.24.09:783][262]LogActorComponent: UnregisterComponent: (/Engine/Transient.CharMoveComp) Not registered. Aborting.
[2016.02.17-05.24.09:810][262]BlueprintEditorCompileResults: Info [7239.22] Compile of SwapMan successful! [in 82 ms]
[2016.02.17-05.24.10:500][344]LogActorComponent: UnregisterComponent: (/Engine/Transient.CharMoveComp) Not registered. Aborting.
[2016.02.17-05.24.10:565][344]Cmd: OBJ SAVEPACKAGE PACKAGE="/Game/BluePrints/SwapMan" FILE="../../../../../../Users/jack.carolan/Desktop/Git/UE4Projects/GroupProject/Swap/Swap/Content/BluePrints/SwapMan.uasset" SILENT=true
[2016.02.17-05.24.10:648][344]LogSavePackage: Save=80.794907ms
[2016.02.17-05.24.10:648][344]LogSavePackage: Moving '../../../../../../Users/jack.carolan/Desktop/Git/UE4Projects/GroupProject/Swap/Swap/Saved/SwapManD88BC8224876BBCF26FA278995143A33.tmp' to '../../../../../../Users/jack.carolan/Desktop/Git/UE4Projects/GroupProject/Swap/Swap/Content/BluePrints/SwapMan.uasset'
[2016.02.17-05.24.10:649][344]LogSavePackage: Total save time: 83.214562ms
[2016.02.17-05.24.10:649][344]LogSavePackage:Display: Finished SavePackage ../../../../../../Users/jack.carolan/Desktop/Git/UE4Projects/GroupProject/Swap/Swap/Content/BluePrints/SwapMan.uasset
[2016.02.17-05.24.12:827][597]LogPlayLevel: PlayLevel: No blueprints needed recompiling
[2016.02.17-05.24.12:827][597]PIE: New page: PIE session: swapMap (Feb 18, 2016, 3:24:12 AM)
[2016.02.17-05.24.12:827][597]LogPlayLevel: Creating play world package: /Game/Maps/UEDPIE_0_swapMap
[2016.02.17-05.24.12:829][597]LogPlayLevel: PIE: StaticDuplicateObject took: (0.001649s)
[2016.02.17-05.24.12:830][597]LogAIModule: Creating AISystem for world swapMap
[2016.02.17-05.24.12:830][597]LogPlayLevel: PIE: World Init took: (0.000531s)
[2016.02.17-05.24.12:830][597]LogPlayLevel: PIE: Created PIE world by copying editor world from /Game/Maps/swapMap.swapMap to /Game/Maps/UEDPIE_0_swapMap.swapMap (0.002338s)
[2016.02.17-05.24.12:830][597]LogActorComponent: UnregisterComponent: (/Engine/Transient.CharMoveComp) Not registered. Aborting.
[2016.02.17-05.24.12:852][597]LogInit: XAudio2 using 'Speakers (High Definition Audio Device)' : 2 channels at 44.1 kHz using 16 bits per sample (channel mask 0x3)
[2016.02.17-05.24.12:856][597]LogInit: FAudioDevice initialized.
[2016.02.17-05.24.12:893][597]LogWorld: Game class is 'SwapGameMode_C'
[2016.02.17-05.24.12:898][597]LogWorld: Bringing World /Game/Maps/UEDPIE_0_swapMap.swapMap up for play (max tick rate 0) at 2016.02.17-16.24.12
[2016.02.17-05.24.12:898][597]LogActor:Warning: GameSession /Game/Maps/UEDPIE_0_swapMap.swapMap:PersistentLevel.GameSession_3 has natively added scene component(s), but none of them were set as the actor's RootComponent - picking one arbitrarily
[2016.02.17-05.24.12:898][597]LogActor:Warning: GameNetworkManager /Game/Maps/UEDPIE_0_swapMap.swapMap:PersistentLevel.GameNetworkManager_3 has natively added scene component(s), but none of them were set as the actor's RootComponent - picking one arbitrarily
[2016.02.17-05.24.12:899][597]LogWorld: Bringing up level for play took: 0.003123
[2016.02.17-05.24.12:902][597]PIE: Info Play in editor start time for /Game/Maps/UEDPIE_0_swapMap -0.233
[2016.02.17-05.24.34:142][133]LogParticles: Destroying 0 GPU particle simulations for FXSystem 0x000000015B72BA60
[2016.02.17-05.25.12:825][732]BlueprintLog: New page: Compile SwapMan
[2016.02.17-05.25.12:881][732]LogActorComponent: UnregisterComponent: (/Engine/Transient.CharMoveComp) Not registered. Aborting.
[2016.02.17-05.25.12:906][732]BlueprintEditorCompileResults: Info [7302.32] Compile of SwapMan successful! [in 80 ms]
[2016.02.17-05.25.14:579][932]LogActorComponent: UnregisterComponent: (/Engine/Transient.CharMoveComp) Not registered. Aborting.
[2016.02.17-05.25.14:643][932]Cmd: OBJ SAVEPACKAGE PACKAGE="/Game/BluePrints/SwapMan" FILE="../../../../../../Users/jack.carolan/Desktop/Git/UE4Projects/GroupProject/Swap/Swap/Content/BluePrints/SwapMan.uasset" SILENT=true
[2016.02.17-05.25.14:725][932]LogSavePackage: Save=79.408165ms
[2016.02.17-05.25.14:725][932]LogSavePackage: Moving '../../../../../../Users/jack.carolan/Desktop/Git/UE4Projects/GroupProject/Swap/Swap/Saved/SwapManD1B1550C4FD00220601D5D8289C7AD39.tmp' to '../../../../../../Users/jack.carolan/Desktop/Git/UE4Projects/GroupProject/Swap/Swap/Content/BluePrints/SwapMan.uasset'
[2016.02.17-05.25.14:727][932]LogSavePackage: Total save time: 82.680505ms
[2016.02.17-05.25.14:727][932]LogSavePackage:Display: Finished SavePackage ../../../../../../Users/jack.carolan/Desktop/Git/UE4Projects/GroupProject/Swap/Swap/Content/BluePrints/SwapMan.uasset
[2016.02.17-05.25.16:555][149]LogPlayLevel: PlayLevel: No blueprints needed recompiling
[2016.02.17-05.25.16:555][149]PIE: New page: PIE session: swapMap (Feb 18, 2016, 3:25:16 AM)
[2016.02.17-05.25.16:555][149]LogPlayLevel: Creating play world package: /Game/Maps/UEDPIE_0_swapMap
[2016.02.17-05.25.16:557][149]LogPlayLevel: PIE: StaticDuplicateObject took: (0.001662s)
[2016.02.17-05.25.16:557][149]LogAIModule: Creating AISystem for world swapMap
[2016.02.17-05.25.16:557][149]LogPlayLevel: PIE: World Init took: (0.000509s)
[2016.02.17-05.25.16:557][149]LogPlayLevel: PIE: Created PIE world by copying editor world from /Game/Maps/swapMap.swapMap to /Game/Maps/UEDPIE_0_swapMap.swapMap (0.002329s)
[2016.02.17-05.25.16:557][149]LogActorComponent: UnregisterComponent: (/Engine/Transient.CharMoveComp) Not registered. Aborting.
[2016.02.17-05.25.16:580][149]LogInit: XAudio2 using 'Speakers (High Definition Audio Device)' : 2 channels at 44.1 kHz using 16 bits per sample (channel mask 0x3)
[2016.02.17-05.25.16:584][149]LogInit: FAudioDevice initialized.
[2016.02.17-05.25.16:613][149]LogWorld: Game class is 'SwapGameMode_C'
[2016.02.17-05.25.16:614][149]LogWorld: Bringing World /Game/Maps/UEDPIE_0_swapMap.swapMap up for play (max tick rate 0) at 2016.02.17-16.25.16
[2016.02.17-05.25.16:614][149]LogActor:Warning: GameSession /Game/Maps/UEDPIE_0_swapMap.swapMap:PersistentLevel.GameSession_4 has natively added scene component(s), but none of them were set as the actor's RootComponent - picking one arbitrarily
[2016.02.17-05.25.16:615][149]LogActor:Warning: GameNetworkManager /Game/Maps/UEDPIE_0_swapMap.swapMap:PersistentLevel.GameNetworkManager_4 has natively added scene component(s), but none of them were set as the actor's RootComponent - picking one arbitrarily
[2016.02.17-05.25.16:615][149]LogWorld: Bringing up level for play took: 0.001379
[2016.02.17-05.25.16:616][149]PIE: Info Play in editor start time for /Game/Maps/UEDPIE_0_swapMap -0.515
[2016.02.17-05.25.27:125][402]LogParticles: Destroying 0 GPU particle simulations for FXSystem 0x0000000029E3E200
[2016.02.17-05.26.15:866][796]BlueprintLog: New page: Compile SwapMan
[2016.02.17-05.26.15:922][796]LogActorComponent: UnregisterComponent: (/Engine/Transient.CharMoveComp) Not registered. Aborting.
[2016.02.17-05.26.15:948][796]BlueprintEditorCompileResults: Info [7365.37] Compile of SwapMan successful! [in 81 ms]
[2016.02.17-05.26.16:787][896]LogActorComponent: UnregisterComponent: (/Engine/Transient.CharMoveComp) Not registered. Aborting.
[2016.02.17-05.26.16:841][896]Cmd: OBJ SAVEPACKAGE PACKAGE="/Game/BluePrints/SwapMan" FILE="../../../../../../Users/jack.carolan/Desktop/Git/UE4Projects/GroupProject/Swap/Swap/Content/BluePrints/SwapMan.uasset" SILENT=true
[2016.02.17-05.26.16:922][896]LogSavePackage: Save=79.625694ms
[2016.02.17-05.26.16:922][896]LogSavePackage: Moving '../../../../../../Users/jack.carolan/Desktop/Git/UE4Projects/GroupProject/Swap/Swap/Saved/SwapMan9C7BB1D64FF06E3C8D2D60958643875C.tmp' to '../../../../../../Users/jack.carolan/Desktop/Git/UE4Projects/GroupProject/Swap/Swap/Content/BluePrints/SwapMan.uasset'
[2016.02.17-05.26.16:923][896]LogSavePackage: Total save time: 82.126588ms
[2016.02.17-05.26.16:923][896]LogSavePackage:Display: Finished SavePackage ../../../../../../Users/jack.carolan/Desktop/Git/UE4Projects/GroupProject/Swap/Swap/Content/BluePrints/SwapMan.uasset
[2016.02.17-05.26.18:119][ 38]LogPlayLevel: PlayLevel: No blueprints needed recompiling
[2016.02.17-05.26.18:119][ 38]PIE: New page: PIE session: swapMap (Feb 18, 2016, 3:26:18 AM)
[2016.02.17-05.26.18:119][ 38]LogPlayLevel: Creating play world package: /Game/Maps/UEDPIE_0_swapMap
[2016.02.17-05.26.18:121][ 38]LogPlayLevel: PIE: StaticDuplicateObject took: (0.001634s)
[2016.02.17-05.26.18:121][ 38]LogAIModule: Creating AISystem for world swapMap
[2016.02.17-05.26.18:121][ 38]LogPlayLevel: PIE: World Init took: (0.000532s)
[2016.02.17-05.26.18:121][ 38]LogPlayLevel: PIE: Created PIE world by copying editor world from /Game/Maps/swapMap.swapMap to /Game/Maps/UEDPIE_0_swapMap.swapMap (0.002324s)
[2016.02.17-05.26.18:121][ 38]LogActorComponent: UnregisterComponent: (/Engine/Transient.CharMoveComp) Not registered. Aborting.
[2016.02.17-05.26.18:145][ 38]LogInit: XAudio2 using 'Speakers (High Definition Audio Device)' : 2 channels at 44.1 kHz using 16 bits per sample (channel mask 0x3)
[2016.02.17-05.26.18:150][ 38]LogInit: FAudioDevice initialized.
[2016.02.17-05.26.18:177][ 38]LogWorld: Game class is 'SwapGameMode_C'
[2016.02.17-05.26.18:180][ 38]LogWorld: Bringing World /Game/Maps/UEDPIE_0_swapMap.swapMap up for play (max tick rate 0) at 2016.02.17-16.26.18
[2016.02.17-05.26.18:180][ 38]LogActor:Warning: GameSession /Game/Maps/UEDPIE_0_swapMap.swapMap:PersistentLevel.GameSession_5 has natively added scene component(s), but none of them were set as the actor's RootComponent - picking one arbitrarily
[2016.02.17-05.26.18:180][ 38]LogActor:Warning: GameNetworkManager /Game/Maps/UEDPIE_0_swapMap.swapMap:PersistentLevel.GameNetworkManager_5 has natively added scene component(s), but none of them were set as the actor's RootComponent - picking one arbitrarily
[2016.02.17-05.26.18:180][ 38]LogWorld: Bringing up level for play took: 0.001463
[2016.02.17-05.26.18:182][ 38]PIE: Info Play in editor start time for /Game/Maps/UEDPIE_0_swapMap 1.053
[2016.02.17-05.26.28:604][278]LogParticles: Destroying 0 GPU particle simulations for FXSystem 0x0000000165F7B420
[2016.02.17-05.27.14:109][689]BlueprintLog: New page: Compile SwapMan
[2016.02.17-05.27.14:165][689]LogActorComponent: UnregisterComponent: (/Engine/Transient.CharMoveComp) Not registered. Aborting.
[2016.02.17-05.27.14:190][689]BlueprintEditorCompileResults: Info [7423.61] Compile of SwapMan successful! [in 80 ms]
[2016.02.17-05.27.15:004][786]LogActorComponent: UnregisterComponent: (/Engine/Transient.CharMoveComp) Not registered. Aborting.
[2016.02.17-05.27.15:057][786]Cmd: OBJ SAVEPACKAGE PACKAGE="/Game/BluePrints/SwapMan" FILE="../../../../../../Users/jack.carolan/Desktop/Git/UE4Projects/GroupProject/Swap/Swap/Content/BluePrints/SwapMan.uasset" SILENT=true
[2016.02.17-05.27.15:139][786]LogSavePackage: Save=79.979828ms
[2016.02.17-05.27.15:139][786]LogSavePackage: Moving '../../../../../../Users/jack.carolan/Desktop/Git/UE4Projects/GroupProject/Swap/Swap/Saved/SwapMan385B375640ECE4A1B0FD79B84E7C187D.tmp' to '../../../../../../Users/jack.carolan/Desktop/Git/UE4Projects/GroupProject/Swap/Swap/Content/BluePrints/SwapMan.uasset'
[2016.02.17-05.27.15:140][786]LogSavePackage: Total save time: 82.469590ms
[2016.02.17-05.27.15:140][786]LogSavePackage:Display: Finished SavePackage ../../../../../../Users/jack.carolan/Desktop/Git/UE4Projects/GroupProject/Swap/Swap/Content/BluePrints/SwapMan.uasset
[2016.02.17-05.27.22:403][655]LogPlayLevel: PlayLevel: No blueprints needed recompiling
[2016.02.17-05.27.22:403][655]PIE: New page: PIE session: swapMap (Feb 18, 2016, 3:27:22 AM)
[2016.02.17-05.27.22:403][655]LogPlayLevel: Creating play world package: /Game/Maps/UEDPIE_0_swapMap
[2016.02.17-05.27.22:405][655]LogPlayLevel: PIE: StaticDuplicateObject took: (0.001625s)
[2016.02.17-05.27.22:406][655]LogAIModule: Creating AISystem for world swapMap
[2016.02.17-05.27.22:406][655]LogPlayLevel: PIE: World Init took: (0.000511s)
[2016.02.17-05.27.22:406][655]LogPlayLevel: PIE: Created PIE world by copying editor world from /Game/Maps/swapMap.swapMap to /Game/Maps/UEDPIE_0_swapMap.swapMap (0.002287s)
[2016.02.17-05.27.22:406][655]LogActorComponent: UnregisterComponent: (/Engine/Transient.CharMoveComp) Not registered. Aborting.
[2016.02.17-05.27.22:428][655]LogInit: XAudio2 using 'Speakers (High Definition Audio Device)' : 2 channels at 44.1 kHz using 16 bits per sample (channel mask 0x3)
[2016.02.17-05.27.22:432][655]LogInit: FAudioDevice initialized.
[2016.02.17-05.27.22:461][655]LogWorld: Game class is 'SwapGameMode_C'
[2016.02.17-05.27.22:463][655]LogWorld: Bringing World /Game/Maps/UEDPIE_0_swapMap.swapMap up for play (max tick rate 0) at 2016.02.17-16.27.22
[2016.02.17-05.27.22:463][655]LogActor:Warning: GameSession /Game/Maps/UEDPIE_0_swapMap.swapMap:PersistentLevel.GameSession_6 has natively added scene component(s), but none of them were set as the actor's RootComponent - picking one arbitrarily
[2016.02.17-05.27.22:463][655]LogActor:Warning: GameNetworkManager /Game/Maps/UEDPIE_0_swapMap.swapMap:PersistentLevel.GameNetworkManager_6 has natively added scene component(s), but none of them were set as the actor's RootComponent - picking one arbitrarily
[2016.02.17-05.27.22:463][655]LogWorld: Bringing up level for play took: 0.001404
[2016.02.17-05.27.22:465][655]PIE: Info Play in editor start time for /Game/Maps/UEDPIE_0_swapMap -0.661
[2016.02.17-05.27.50:079][952]LogParticles: Destroying 0 GPU particle simulations for FXSystem 0x0000000068268680
[2016.02.17-05.29.04:741][844]LogProperty:Warning: ObjectProperty /Script/Engine.EdGraphPin:LinkedTo.LinkedTo: unresolved reference to 'EdGraphPin'K2Node_CallFunction_3086.EdGraphPin_24740''
[2016.02.17-05.29.18:600][498]BlueprintLog: New page: Compile SwapMan
[2016.02.17-05.29.18:658][498]LogActorComponent: UnregisterComponent: (/Engine/Transient.CharMoveComp) Not registered. Aborting.
[2016.02.17-05.29.18:683][498]BlueprintEditorCompileResults: Info [7548.11] Compile of SwapMan successful! [in 82 ms]
[2016.02.17-05.29.19:460][590]LogActorComponent: UnregisterComponent: (/Engine/Transient.CharMoveComp) Not registered. Aborting.
[2016.02.17-05.29.19:523][590]Cmd: OBJ SAVEPACKAGE PACKAGE="/Game/BluePrints/SwapMan" FILE="../../../../../../Users/jack.carolan/Desktop/Git/UE4Projects/GroupProject/Swap/Swap/Content/BluePrints/SwapMan.uasset" SILENT=true
[2016.02.17-05.29.19:613][590]LogSavePackage: Save=87.689514ms
[2016.02.17-05.29.19:613][590]LogSavePackage: Moving '../../../../../../Users/jack.carolan/Desktop/Git/UE4Projects/GroupProject/Swap/Swap/Saved/SwapMan554402D34035D0E9AFF6E496DF3BCDEE.tmp' to '../../../../../../Users/jack.carolan/Desktop/Git/UE4Projects/GroupProject/Swap/Swap/Content/BluePrints/SwapMan.uasset'
[2016.02.17-05.29.19:614][590]LogSavePackage: Total save time: 90.183485ms
[2016.02.17-05.29.19:614][590]LogSavePackage:Display: Finished SavePackage ../../../../../../Users/jack.carolan/Desktop/Git/UE4Projects/GroupProject/Swap/Swap/Content/BluePrints/SwapMan.uasset
[2016.02.17-05.29.21:691][833]LogPlayLevel: PlayLevel: No blueprints needed recompiling
[2016.02.17-05.29.21:691][833]PIE: New page: PIE session: swapMap (Feb 18, 2016, 3:29:21 AM)
[2016.02.17-05.29.21:691][833]LogPlayLevel: Creating play world package: /Game/Maps/UEDPIE_0_swapMap
[2016.02.17-05.29.21:693][833]LogPlayLevel: PIE: StaticDuplicateObject took: (0.001793s)
[2016.02.17-05.29.21:694][833]LogAIModule: Creating AISystem for world swapMap
[2016.02.17-05.29.21:694][833]LogPlayLevel: PIE: World Init took: (0.000546s)
[2016.02.17-05.29.21:694][833]LogPlayLevel: PIE: Created PIE world by copying editor world from /Game/Maps/swapMap.swapMap to /Game/Maps/UEDPIE_0_swapMap.swapMap (0.002518s)
[2016.02.17-05.29.21:694][833]LogActorComponent: UnregisterComponent: (/Engine/Transient.CharMoveComp) Not registered. Aborting.
[2016.02.17-05.29.21:716][833]LogInit: XAudio2 using 'Speakers (High Definition Audio Device)' : 2 channels at 44.1 kHz using 16 bits per sample (channel mask 0x3)
[2016.02.17-05.29.21:721][833]LogInit: FAudioDevice initialized.
[2016.02.17-05.29.21:758][833]LogWorld: Game class is 'SwapGameMode_C'
[2016.02.17-05.29.21:763][833]LogWorld: Bringing World /Game/Maps/UEDPIE_0_swapMap.swapMap up for play (max tick rate 0) at 2016.02.17-16.29.21
[2016.02.17-05.29.21:763][833]LogActor:Warning: GameSession /Game/Maps/UEDPIE_0_swapMap.swapMap:PersistentLevel.GameSession_7 has natively added scene component(s), but none of them were set as the actor's RootComponent - picking one arbitrarily
[2016.02.17-05.29.21:763][833]LogActor:Warning: GameNetworkManager /Game/Maps/UEDPIE_0_swapMap.swapMap:PersistentLevel.GameNetworkManager_7 has natively added scene component(s), but none of them were set as the actor's RootComponent - picking one arbitrarily
[2016.02.17-05.29.21:763][833]LogWorld: Bringing up level for play took: 0.003171
[2016.02.17-05.29.21:767][833]PIE: Info Play in editor start time for /Game/Maps/UEDPIE_0_swapMap 0.647
[2016.02.17-05.29.35:495][471]LogParticles: Destroying 0 GPU particle simulations for FXSystem 0x000000016D2A02C0
[2016.02.17-05.29.45:759][697]BlueprintLog: New page: Compile SwapMan
[2016.02.17-05.29.45:827][697]LogActorComponent: UnregisterComponent: (/Engine/Transient.CharMoveComp) Not registered. Aborting.
[2016.02.17-05.29.45:854][697]BlueprintEditorCompileResults: Info [7575.28] Compile of SwapMan successful! [in 95 ms]
[2016.02.17-05.29.46:560][781]LogActorComponent: UnregisterComponent: (/Engine/Transient.CharMoveComp) Not registered. Aborting.
[2016.02.17-05.29.46:618][781]Cmd: OBJ SAVEPACKAGE PACKAGE="/Game/BluePrints/SwapMan" FILE="../../../../../../Users/jack.carolan/Desktop/Git/UE4Projects/GroupProject/Swap/Swap/Content/BluePrints/SwapMan.uasset" SILENT=true
[2016.02.17-05.29.46:705][781]LogSavePackage: Save=85.210281ms
[2016.02.17-05.29.46:705][781]LogSavePackage: Moving '../../../../../../Users/jack.carolan/Desktop/Git/UE4Projects/GroupProject/Swap/Swap/Saved/SwapMan5A929105486864567576D59688B3570D.tmp' to '../../../../../../Users/jack.carolan/Desktop/Git/UE4Projects/GroupProject/Swap/Swap/Content/BluePrints/SwapMan.uasset'
[2016.02.17-05.29.46:706][781]LogSavePackage: Total save time: 87.671157ms
[2016.02.17-05.29.46:706][781]LogSavePackage:Display: Finished SavePackage ../../../../../../Users/jack.carolan/Desktop/Git/UE4Projects/GroupProject/Swap/Swap/Content/BluePrints/SwapMan.uasset
[2016.02.17-05.29.48:498][992]LogPlayLevel: PlayLevel: No blueprints needed recompiling
[2016.02.17-05.29.48:498][992]PIE: New page: PIE session: swapMap (Feb 18, 2016, 3:29:48 AM)
[2016.02.17-05.29.48:498][992]LogPlayLevel: Creating play world package: /Game/Maps/UEDPIE_0_swapMap
[2016.02.17-05.29.48:500][992]LogPlayLevel: PIE: StaticDuplicateObject took: (0.001819s)
[2016.02.17-05.29.48:500][992]LogAIModule: Creating AISystem for world swapMap
[2016.02.17-05.29.48:500][992]LogPlayLevel: PIE: World Init took: (0.000655s)
[2016.02.17-05.29.48:501][992]LogPlayLevel: PIE: Created PIE world by copying editor world from /Game/Maps/swapMap.swapMap to /Game/Maps/UEDPIE_0_swapMap.swapMap (0.002682s)
[2016.02.17-05.29.48:501][992]LogActorComponent: UnregisterComponent: (/Engine/Transient.CharMoveComp) Not registered. Aborting.
[2016.02.17-05.29.48:523][992]LogInit: XAudio2 using 'Speakers (High Definition Audio Device)' : 2 channels at 44.1 kHz using 16 bits per sample (channel mask 0x3)
[2016.02.17-05.29.48:527][992]LogInit: FAudioDevice initialized.
[2016.02.17-05.29.48:558][992]LogWorld: Game class is 'SwapGameMode_C'
[2016.02.17-05.29.48:560][992]LogWorld: Bringing World /Game/Maps/UEDPIE_0_swapMap.swapMap up for play (max tick rate 0) at 2016.02.17-16.29.48
[2016.02.17-05.29.48:560][992]LogActor:Warning: GameSession /Game/Maps/UEDPIE_0_swapMap.swapMap:PersistentLevel.GameSession_8 has natively added scene component(s), but none of them were set as the actor's RootComponent - picking one arbitrarily
[2016.02.17-05.29.48:560][992]LogActor:Warning: GameNetworkManager /Game/Maps/UEDPIE_0_swapMap.swapMap:PersistentLevel.GameNetworkManager_8 has natively added scene component(s), but none of them were set as the actor's RootComponent - picking one arbitrarily
[2016.02.17-05.29.48:560][992]LogWorld: Bringing up level for play took: 0.001636
[2016.02.17-05.29.48:562][992]PIE: Info Play in editor start time for /Game/Maps/UEDPIE_0_swapMap -0.557
[2016.02.17-05.30.06:985][190]LogParticles: Destroying 0 GPU particle simulations for FXSystem 0x000000016423B240
[2016.02.17-05.30.21:240][885]BlueprintLog: New page: Compile SwapMan
[2016.02.17-05.30.21:300][885]LogActorComponent: UnregisterComponent: (/Engine/Transient.CharMoveComp) Not registered. Aborting.
[2016.02.17-05.30.21:327][885]BlueprintEditorCompileResults: Info [7610.76] Compile of SwapMan successful! [in 87 ms]
[2016.02.17-05.30.22:108][977]LogActorComponent: UnregisterComponent: (/Engine/Transient.CharMoveComp) Not registered. Aborting.
[2016.02.17-05.30.22:171][977]Cmd: OBJ SAVEPACKAGE PACKAGE="/Game/BluePrints/SwapMan" FILE="../../../../../../Users/jack.carolan/Desktop/Git/UE4Projects/GroupProject/Swap/Swap/Content/BluePrints/SwapMan.uasset" SILENT=true
[2016.02.17-05.30.22:264][977]LogSavePackage: Save=89.640099ms
[2016.02.17-05.30.22:264][977]LogSavePackage: Moving '../../../../../../Users/jack.carolan/Desktop/Git/UE4Projects/GroupProject/Swap/Swap/Saved/SwapManAF1A07B44EC35E90235A91A4A4E37995.tmp' to '../../../../../../Users/jack.carolan/Desktop/Git/UE4Projects/GroupProject/Swap/Swap/Content/BluePrints/SwapMan.uasset'
[2016.02.17-05.30.22:265][977]LogSavePackage: Total save time: 93.150135ms
[2016.02.17-05.30.22:265][977]LogSavePackage:Display: Finished SavePackage ../../../../../../Users/jack.carolan/Desktop/Git/UE4Projects/GroupProject/Swap/Swap/Content/BluePrints/SwapMan.uasset
[2016.02.17-05.30.30:833][  4]LogActorComponent: UnregisterComponent: (/Engine/Transient.CharMoveComp) Not registered. Aborting.
[2016.02.17-05.30.41:998][340]BlueprintLog: New page: Compile SwapObjectTest
[2016.02.17-05.30.42:059][340]BlueprintEditorCompileResults: Info [7631.49] Compile of SwapObjectTest successful! [in 61 ms]
[2016.02.17-05.30.42:760][408]LogSavePackage: Save=16.968281ms
[2016.02.17-05.30.42:760][408]LogSavePackage: Moving '../../../../../../Users/jack.carolan/Desktop/Git/UE4Projects/GroupProject/Swap/Swap/Saved/swapMap5F8C18ED4F05BD4FCC07C38E471F14FE.tmp' to '../../../../../../Users/jack.carolan/Desktop/Git/UE4Projects/GroupProject/Swap/Swap/Content/Maps/swapMap.umap'
[2016.02.17-05.30.42:761][408]LogSavePackage: Total save time: 20.552635ms
[2016.02.17-05.30.42:761][408]LogSavePackage:Display: Finished SavePackage ../../../../../../Users/jack.carolan/Desktop/Git/UE4Projects/GroupProject/Swap/Swap/Content/Maps/swapMap.umap
[2016.02.17-05.30.42:778][408]LogFileHelpers: Saving map 'swapMap' took 0.096
[2016.02.17-05.30.42:817][408]LogSavePackage: Save=16.880424ms
[2016.02.17-05.30.42:817][408]LogSavePackage: Moving '../../../../../../Users/jack.carolan/Desktop/Git/UE4Projects/GroupProject/Swap/Swap/Saved/SwapObjectTest0137FDE9431A5849E44B3A962EF41A6B.tmp' to '../../../../../../Users/jack.carolan/Desktop/Git/UE4Projects/GroupProject/Swap/Swap/Content/BluePrints/SwapObjectTest.uasset'
[2016.02.17-05.30.42:819][408]LogSavePackage: Total save time: 20.406406ms
[2016.02.17-05.30.42:819][408]LogSavePackage:Display: Finished SavePackage ../../../../../../Users/jack.carolan/Desktop/Git/UE4Projects/GroupProject/Swap/Swap/Content/BluePrints/SwapObjectTest.uasset
[2016.02.17-05.30.47:002][909]BlueprintLog: New page: Compile SwapObjectTest
[2016.02.17-05.30.47:061][909]BlueprintEditorCompileResults: Info [7636.49] Compile of SwapObjectTest successful! [in 59 ms]
[2016.02.17-05.30.47:872][992]LogSavePackage: Save=16.745934ms
[2016.02.17-05.30.47:872][992]LogSavePackage: Moving '../../../../../../Users/jack.carolan/Desktop/Git/UE4Projects/GroupProject/Swap/Swap/Saved/swapMapFF7CE11A4055AE927A991795A31682B7.tmp' to '../../../../../../Users/jack.carolan/Desktop/Git/UE4Projects/GroupProject/Swap/Swap/Content/Maps/swapMap.umap'
[2016.02.17-05.30.47:874][992]LogSavePackage: Total save time: 19.343104ms
[2016.02.17-05.30.47:874][992]LogSavePackage:Display: Finished SavePackage ../../../../../../Users/jack.carolan/Desktop/Git/UE4Projects/GroupProject/Swap/Swap/Content/Maps/swapMap.umap
[2016.02.17-05.30.47:890][992]LogFileHelpers: Saving map 'swapMap' took 0.092
[2016.02.17-05.30.47:925][992]LogSavePackage: Save=14.418947ms
[2016.02.17-05.30.47:925][992]LogSavePackage: Moving '../../../../../../Users/jack.carolan/Desktop/Git/UE4Projects/GroupProject/Swap/Swap/Saved/SwapObjectTest068DB24B4532002749C11B9D4259C01F.tmp' to '../../../../../../Users/jack.carolan/Desktop/Git/UE4Projects/GroupProject/Swap/Swap/Content/BluePrints/SwapObjectTest.uasset'
[2016.02.17-05.30.47:926][992]LogSavePackage: Total save time: 16.872302ms
[2016.02.17-05.30.47:926][992]LogSavePackage:Display: Finished SavePackage ../../../../../../Users/jack.carolan/Desktop/Git/UE4Projects/GroupProject/Swap/Swap/Content/BluePrints/SwapObjectTest.uasset
[2016.02.17-05.31.45:621][799]LogActorComponent: UnregisterComponent: (/Engine/Transient.CharMoveComp) Not registered. Aborting.
[2016.02.17-05.31.53:084][686]LogActorComponent: UnregisterComponent: (/Engine/Transient.CharacterMovementComponent_10) Not registered. Aborting.
[2016.02.17-05.31.55:081][919]LogActorComponent: UnregisterComponent: (/Engine/Transient.CharacterMovementComponent_11) Not registered. Aborting.
[2016.02.17-05.31.58:449][313]LogActorComponent: UnregisterComponent: (/Engine/Transient.CharacterMovementComponent_12) Not registered. Aborting.
[2016.02.17-05.32.00:888][595]BlueprintLog: New page: Compile SwapMan
[2016.02.17-05.32.00:949][595]LogActorComponent: UnregisterComponent: (/Engine/Transient.CharacterMovementComponent_13) Not registered. Aborting.
[2016.02.17-05.32.00:976][595]BlueprintEditorCompileResults: Info [7710.41] Compile of SwapMan successful! [in 87 ms]
[2016.02.17-05.32.01:739][685]LogActorComponent: UnregisterComponent: (/Engine/Transient.CharMoveComp) Not registered. Aborting.
[2016.02.17-05.32.01:802][685]Cmd: OBJ SAVEPACKAGE PACKAGE="/Game/BluePrints/SwapMan" FILE="../../../../../../Users/jack.carolan/Desktop/Git/UE4Projects/GroupProject/Swap/Swap/Content/BluePrints/SwapMan.uasset" SILENT=true
[2016.02.17-05.32.01:898][685]LogSavePackage: Save=94.554329ms
[2016.02.17-05.32.01:898][685]LogSavePackage: Moving '../../../../../../Users/jack.carolan/Desktop/Git/UE4Projects/GroupProject/Swap/Swap/Saved/SwapMan0C94873742F44B11F11CC99B5EA50ED2.tmp' to '../../../../../../Users/jack.carolan/Desktop/Git/UE4Projects/GroupProject/Swap/Swap/Content/BluePrints/SwapMan.uasset'
[2016.02.17-05.32.01:900][685]LogSavePackage: Total save time: 97.147293ms
[2016.02.17-05.32.01:900][685]LogSavePackage:Display: Finished SavePackage ../../../../../../Users/jack.carolan/Desktop/Git/UE4Projects/GroupProject/Swap/Swap/Content/BluePrints/SwapMan.uasset
[2016.02.17-05.34.07:144][518]BlueprintLog: New page: Compile SwapMan
[2016.02.17-05.34.07:205][518]LogActorComponent: UnregisterComponent: (/Engine/Transient.CharMoveComp) Not registered. Aborting.
[2016.02.17-05.34.07:230][518]BlueprintEditorCompileResults: Info [7836.67] Compile of SwapMan successful! [in 85 ms]
[2016.02.17-05.34.08:295][645]LogActorComponent: UnregisterComponent: (/Engine/Transient.CharMoveComp) Not registered. Aborting.
[2016.02.17-05.34.08:353][645]Cmd: OBJ SAVEPACKAGE PACKAGE="/Game/BluePrints/SwapMan" FILE="../../../../../../Users/jack.carolan/Desktop/Git/UE4Projects/GroupProject/Swap/Swap/Content/BluePrints/SwapMan.uasset" SILENT=true
[2016.02.17-05.34.08:457][645]LogSavePackage: Save=102.208649ms
[2016.02.17-05.34.08:457][645]LogSavePackage: Moving '../../../../../../Users/jack.carolan/Desktop/Git/UE4Projects/GroupProject/Swap/Swap/Saved/SwapManAFF882F54CA09071A6A8029FA7324922.tmp' to '../../../../../../Users/jack.carolan/Desktop/Git/UE4Projects/GroupProject/Swap/Swap/Content/BluePrints/SwapMan.uasset'
[2016.02.17-05.34.08:459][645]LogSavePackage: Total save time: 104.790781ms
[2016.02.17-05.34.08:459][645]LogSavePackage:Display: Finished SavePackage ../../../../../../Users/jack.carolan/Desktop/Git/UE4Projects/GroupProject/Swap/Swap/Content/BluePrints/SwapMan.uasset
[2016.02.17-05.34.14:953][420]LogPlayLevel: PlayLevel: No blueprints needed recompiling
[2016.02.17-05.34.14:953][420]PIE: New page: PIE session: swapMap (Feb 18, 2016, 3:34:14 AM)
[2016.02.17-05.34.14:953][420]LogPlayLevel: Creating play world package: /Game/Maps/UEDPIE_0_swapMap
[2016.02.17-05.34.14:955][420]LogPlayLevel: PIE: StaticDuplicateObject took: (0.001872s)
[2016.02.17-05.34.14:955][420]LogAIModule: Creating AISystem for world swapMap
[2016.02.17-05.34.14:956][420]LogPlayLevel: PIE: World Init took: (0.000534s)
[2016.02.17-05.34.14:956][420]LogPlayLevel: PIE: Created PIE world by copying editor world from /Game/Maps/swapMap.swapMap to /Game/Maps/UEDPIE_0_swapMap.swapMap (0.002560s)
[2016.02.17-05.34.14:956][420]LogActorComponent: UnregisterComponent: (/Engine/Transient.CharMoveComp) Not registered. Aborting.
[2016.02.17-05.34.14:979][420]LogInit: XAudio2 using 'Speakers (High Definition Audio Device)' : 2 channels at 44.1 kHz using 16 bits per sample (channel mask 0x3)
[2016.02.17-05.34.14:983][420]LogInit: FAudioDevice initialized.
[2016.02.17-05.34.15:021][420]LogWorld: Game class is 'SwapGameMode_C'
[2016.02.17-05.34.15:025][420]LogWorld: Bringing World /Game/Maps/UEDPIE_0_swapMap.swapMap up for play (max tick rate 0) at 2016.02.17-16.34.15
[2016.02.17-05.34.15:026][420]LogActor:Warning: GameSession /Game/Maps/UEDPIE_0_swapMap.swapMap:PersistentLevel.GameSession_9 has natively added scene component(s), but none of them were set as the actor's RootComponent - picking one arbitrarily
[2016.02.17-05.34.15:026][420]LogActor:Warning: GameNetworkManager /Game/Maps/UEDPIE_0_swapMap.swapMap:PersistentLevel.GameNetworkManager_9 has natively added scene component(s), but none of them were set as the actor's RootComponent - picking one arbitrarily
[2016.02.17-05.34.15:026][420]LogWorld: Bringing up level for play took: 0.003020
[2016.02.17-05.34.15:030][420]PIE: Info Play in editor start time for /Game/Maps/UEDPIE_0_swapMap -0.084
[2016.02.17-05.35.16:236][740]LogParticles: Destroying 0 GPU particle simulations for FXSystem 0x000000018AE6DC60
[2016.02.17-05.35.19:959][156]LogActorComponent: UnregisterComponent: (/Engine/Transient.EditorFloorComp) Not registered. Aborting.
[2016.02.17-05.35.20:184][157]Cmd: QUIT_EDITOR
[2016.02.17-05.35.20:291][157]LogExit: Preparing to exit.
[2016.02.17-05.35.20:593][157]LogExit: Editor shut down
[2016.02.17-05.35.20:593][157]LogExit: Transaction tracking system shut down
[2016.02.17-05.35.20:594][157]LogParticles: Destroying 0 GPU particle simulations for FXSystem 0x000000002E847880
[2016.02.17-05.35.20:595][157]LogParticles: Destroying 0 GPU particle simulations for FXSystem 0x000000001BD5B7E0
[2016.02.17-05.35.20:596][157]LogParticles: Destroying 0 GPU particle simulations for FXSystem 0x0000000037911DA0
[2016.02.17-05.35.20:596][157]LogParticles: Destroying 0 GPU particle simulations for FXSystem 0x0000000037884EA0
[2016.02.17-05.35.20:598][157]LogParticles: Destroying 0 GPU particle simulations for FXSystem 0x000000004CA81760
[2016.02.17-05.35.20:600][157]LogParticles: Destroying 0 GPU particle simulations for FXSystem 0x000000001BF3C4A0
[2016.02.17-05.35.20:601][157]LogParticles: Destroying 0 GPU particle simulations for FXSystem 0x000000001298F1A0
[2016.02.17-05.35.20:737][157]LogExit: Object subsystem successfully closed.
[2016.02.17-05.35.20:750][157]LogD3D11RHI: Shutdown
[2016.02.17-05.35.20:750][157]LogD3D11RHI: CleanupD3DDevice
[2016.02.17-05.35.20:789][157]LogD3D11RHI: ~FD3D11DynamicRHI
[2016.02.17-05.35.20:800][157]LogModuleManager: Shutting down and abandoning module CookingStats (201)
[2016.02.17-05.35.20:800][157]LogModuleManager: Shutting down and abandoning module ExternalImagePicker (200)
[2016.02.17-05.35.20:800][157]LogModuleManager: Shutting down and abandoning module BlueprintGraph (199)
[2016.02.17-05.35.20:800][157]LogModuleManager: Shutting down and abandoning module CrashTracker (198)
[2016.02.17-05.35.20:800][157]LogModuleManager: Shutting down and abandoning module SceneOutliner (197)
[2016.02.17-05.35.20:800][157]LogModuleManager: Shutting down and abandoning module SuperSearch (196)
[2016.02.17-05.35.20:800][157]LogModuleManager: Shutting down and abandoning module WidgetCarousel (195)
[2016.02.17-05.35.20:800][157]LogModuleManager: Shutting down and abandoning module AddContentDialog (194)
[2016.02.17-05.35.20:800][157]LogModuleManager: Shutting down and abandoning module EditorWidgets (193)
[2016.02.17-05.35.20:800][157]LogModuleManager: Shutting down and abandoning module CollectionManager (192)
[2016.02.17-05.35.20:801][157]LogModuleManager: Shutting down and abandoning module StatsViewer (191)
[2016.02.17-05.35.20:801][157]LogModuleManager: Shutting down and abandoning module FoliageEdit (190)
[2016.02.17-05.35.20:801][157]LogModuleManager: Shutting down and abandoning module LandscapeEditor (189)
[2016.02.17-05.35.20:801][157]LogModuleManager: Shutting down and abandoning module ActorPickerMode (188)
[2016.02.17-05.35.20:801][157]LogModuleManager: Shutting down and abandoning module GeometryMode (187)
[2016.02.17-05.35.20:801][157]LogModuleManager: Shutting down and abandoning module TextureAlignMode (186)
[2016.02.17-05.35.20:801][157]LogModuleManager: Shutting down and abandoning module BspMode (185)
[2016.02.17-05.35.20:801][157]LogModuleManager: Shutting down and abandoning module PlacementMode (184)
[2016.02.17-05.35.20:801][157]LogModuleManager: Shutting down and abandoning module AutomationWorker (183)
[2016.02.17-05.35.20:801][157]LogModuleManager: Shutting down and abandoning module CharacterAI (182)
[2016.02.17-05.35.20:801][157]LogModuleManager: Shutting down and abandoning module SmartSnapping (181)
[2016.02.17-05.35.20:801][157]LogModuleManager: Shutting down and abandoning module ViewportSnapping (180)
[2016.02.17-05.35.20:801][157]LogModuleManager: Shutting down and abandoning module LogVisualizer (179)
[2016.02.17-05.35.20:801][157]LogModuleManager: Shutting down and abandoning module GameProjectGeneration (178)
[2016.02.17-05.35.20:801][157]LogModuleManager: Shutting down and abandoning module IntroTutorials (177)
[2016.02.17-05.35.20:801][157]LogModuleManager: Shutting down and abandoning module EditorLiveStreaming (176)
[2016.02.17-05.35.20:801][157]LogModuleManager: Shutting down and abandoning module IOSPlatformEditor (175)
[2016.02.17-05.35.20:801][157]LogModuleManager: Shutting down and abandoning module HTML5PlatformEditor (174)
[2016.02.17-05.35.20:801][157]LogModuleManager: Shutting down and abandoning module AndroidDeviceDetection (173)
[2016.02.17-05.35.21:284][157]LogModuleManager: Shutting down and abandoning module AndroidPlatformEditor (172)
[2016.02.17-05.35.21:284][157]LogModuleManager: Shutting down and abandoning module IOSRuntimeSettings (171)
[2016.02.17-05.35.21:284][157]LogModuleManager: Shutting down and abandoning module AndroidRuntimeSettings (170)
[2016.02.17-05.35.21:284][157]LogModuleManager: Shutting down and abandoning module MergeActors (169)
[2016.02.17-05.35.21:284][157]LogModuleManager: Shutting down and abandoning module SizeMap (168)
[2016.02.17-05.35.21:284][157]LogModuleManager: Shutting down and abandoning module TreeMap (167)
[2016.02.17-05.35.21:284][157]LogModuleManager: Shutting down and abandoning module ReferenceViewer (166)
[2016.02.17-05.35.21:284][157]LogModuleManager: Shutting down and abandoning module LocalizationService (165)
[2016.02.17-05.35.21:285][157]LogModuleManager: Shutting down and abandoning module LocalizationDashboard (164)
[2016.02.17-05.35.21:285][157]LogModuleManager: Shutting down and abandoning module HardwareTargeting (163)
[2016.02.17-05.35.21:285][157]LogModuleManager: Shutting down and abandoning module DeviceProfileEditor (162)
[2016.02.17-05.35.21:285][157]LogModuleManager: Shutting down and abandoning module UndoHistory (161)
[2016.02.17-05.35.21:285][157]LogModuleManager: Shutting down and abandoning module GameplayTagsEditor (160)
[2016.02.17-05.35.21:285][157]LogModuleManager: Shutting down and abandoning module UserFeedback (159)
[2016.02.17-05.35.21:285][157]LogModuleManager: Shutting down and abandoning module XmlParser (158)
[2016.02.17-05.35.21:285][157]LogModuleManager: Shutting down and abandoning module Blutility (157)
[2016.02.17-05.35.21:285][157]LogModuleManager: Shutting down and abandoning module ProjectTargetPlatformEditor (156)
[2016.02.17-05.35.21:285][157]LogModuleManager: Shutting down and abandoning module ProjectSettingsViewer (155)
[2016.02.17-05.35.21:285][157]LogModuleManager: Shutting down and abandoning module InputBindingEditor (154)
[2016.02.17-05.35.21:285][157]LogModuleManager: Shutting down and abandoning module EditorSettingsViewer (153)
[2016.02.17-05.35.21:285][157]LogModuleManager: Shutting down and abandoning module SettingsEditor (152)
[2016.02.17-05.35.21:285][157]LogModuleManager: Shutting down and abandoning module ProjectLauncher (151)
[2016.02.17-05.35.21:285][157]LogModuleManager: Shutting down and abandoning module SessionFrontend (150)
[2016.02.17-05.35.21:285][157]LogModuleManager: Shutting down and abandoning module ProfilerClient (149)
[2016.02.17-05.35.21:285][157]LogModuleManager: Shutting down and abandoning module TargetDeviceServices (148)
[2016.02.17-05.35.21:285][157]LogModuleManager: Shutting down and abandoning module DeviceManager (147)
[2016.02.17-05.35.21:285][157]LogModuleManager: Shutting down and abandoning module AutomationController (146)
[2016.02.17-05.35.21:286][157]LogModuleManager: Shutting down and abandoning module AutomationWindow (145)
[2016.02.17-05.35.21:286][157]LogModuleManager: Shutting down and abandoning module Layers (144)
[2016.02.17-05.35.21:286][157]LogModuleManager: Shutting down and abandoning module ComponentVisualizers (143)
[2016.02.17-05.35.21:286][157]LogModuleManager: Shutting down and abandoning module DetailCustomizations (142)
[2016.02.17-05.35.21:286][157]LogModuleManager: Shutting down and abandoning module PackagesDialog (141)
[2016.02.17-05.35.21:286][157]LogModuleManager: Shutting down and abandoning module Persona (140)
[2016.02.17-05.35.21:286][157]LogModuleManager: Shutting down and abandoning module Kismet (139)
[2016.02.17-05.35.21:286][157]LogModuleManager: Shutting down and abandoning module GraphEditor (138)
[2016.02.17-05.35.21:286][157]LogModuleManager: Shutting down and abandoning module ClassViewer (137)
[2016.02.17-05.35.21:288][157]LogModuleManager: Shutting down and abandoning module Toolbox (136)
[2016.02.17-05.35.21:288][157]LogModuleManager: Shutting down and abandoning module ModuleUI (135)
[2016.02.17-05.35.21:288][157]LogModuleManager: Shutting down and abandoning module MovieSceneTools (134)
[2016.02.17-05.35.21:288][157]LogModuleManager: Shutting down and abandoning module OutputLog (133)
[2016.02.17-05.35.21:288][157]LogModuleManager: Shutting down and abandoning module GammaUI (132)
[2016.02.17-05.35.21:288][157]LogModuleManager: Shutting down and abandoning module Documentation (131)
[2016.02.17-05.35.21:288][157]LogModuleManager: Shutting down and abandoning module GameLiveStreaming (130)
[2016.02.17-05.35.21:288][157]LogModuleManager: Shutting down and abandoning module StreamingPauseRendering (129)
[2016.02.17-05.35.21:288][157]LogModuleManager: Shutting down and abandoning module AnalyticsET (128)
[2016.02.17-05.35.21:288][157]LogModuleManager: Shutting down and abandoning module Analytics (127)
[2016.02.17-05.35.21:288][157]LogModuleManager: Shutting down and abandoning module AITestSuite (126)
[2016.02.17-05.35.21:288][157]LogModuleManager: Shutting down and abandoning module GameplayDebugger (125)
[2016.02.17-05.35.21:288][157]LogModuleManager: Shutting down and abandoning module AIModule (124)
[2016.02.17-05.35.21:288][157]LogModuleManager: Shutting down and abandoning module ProfilerService (123)
[2016.02.17-05.35.21:391][157]LogModuleManager: Shutting down and abandoning module TaskGraph (122)
[2016.02.17-05.35.21:391][157]LogModuleManager: Shutting down and abandoning module SlateRemote (121)
[2016.02.17-05.35.21:391][157]LogModuleManager: Shutting down and abandoning module SteamVRController (120)
[2016.02.17-05.35.21:391][157]LogModuleManager: Shutting down and abandoning module SteamVR (119)
[2016.02.17-05.35.21:391][157]LogModuleManager: Shutting down and abandoning module ProceduralMeshComponent (118)
[2016.02.17-05.35.21:391][157]LogModuleManager: Shutting down and abandoning module OculusLibrary (117)
[2016.02.17-05.35.21:391][157]LogModuleManager: Shutting down and abandoning module OculusInput (116)
[2016.02.17-05.35.21:391][157]LogModuleManager: Shutting down and abandoning module LeapMotionController (115)
[2016.02.17-05.35.21:395][157]LogModuleManager: Shutting down and abandoning module CustomMeshComponent (114)
[2016.02.17-05.35.21:395][157]LogModuleManager: Shutting down and abandoning module CableComponent (113)
[2016.02.17-05.35.21:395][157]LogModuleManager: Shutting down and abandoning module ArchVisCharacter (112)
[2016.02.17-05.35.21:395][157]LogModuleManager: Shutting down and abandoning module MessagingDebugger (111)
[2016.02.17-05.35.21:395][157]LogModuleManager: Shutting down and abandoning module MediaPlayerEditor (110)
[2016.02.17-05.35.21:395][157]LogModuleManager: Shutting down and abandoning module HTML5Networking (109)
[2016.02.17-05.35.21:395][157]LogModuleManager: Shutting down and abandoning module SpeedTreeImporter (108)
[2016.02.17-05.35.21:396][157]LogModuleManager: Shutting down and abandoning module PluginBrowser (107)
[2016.02.17-05.35.21:396][157]LogModuleManager: Shutting down and abandoning module EpicSurvey (106)
[2016.02.17-05.35.21:396][157]LogModuleManager: Shutting down and abandoning module DesktopPlatform (105)
[2016.02.17-05.35.21:396][157]LogModuleManager: Shutting down and abandoning module VisualStudioSourceCodeAccess (104)
[2016.02.17-05.35.21:396][157]LogModuleManager: Shutting down and abandoning module UObjectPlugin (103)
[2016.02.17-05.35.21:396][157]LogModuleManager: Shutting down and abandoning module SubversionSourceControl (102)
[2016.02.17-05.35.21:396][157]LogModuleManager: Shutting down and abandoning module PerforceSourceControl (101)
[2016.02.17-05.35.21:396][157]LogModuleManager: Shutting down and abandoning module SourceControl (100)
[2016.02.17-05.35.21:396][157]LogModuleManager: Shutting down and abandoning module GitSourceControl (99)
[2016.02.17-05.35.21:396][157]LogModuleManager: Shutting down and abandoning module LightPropagationVolumeEditor (98)
[2016.02.17-05.35.21:396][157]LogModuleManager: Shutting down and abandoning module PaperTiledImporter (97)
[2016.02.17-05.35.21:396][157]LogModuleManager: Shutting down and abandoning module PaperSpriteSheetImporter (96)
[2016.02.17-05.35.21:396][157]LogModuleManager: Shutting down and abandoning module MeshPaint (95)
[2016.02.17-05.35.21:396][157]LogModuleManager: Shutting down and abandoning module SlateReflector (94)
[2016.02.17-05.35.21:396][157]LogModuleManager: Shutting down and abandoning module HotReload (93)
[2016.02.17-05.35.21:396][157]LogModuleManager: Shutting down and abandoning module MainFrame (92)
[2016.02.17-05.35.21:396][157]LogModuleManager: Shutting down and abandoning module LevelEditor (91)
[2016.02.17-05.35.21:397][157]LogModuleManager: Shutting down and abandoning module DirectoryWatcher (90)
[2016.02.17-05.35.21:397][157]LogModuleManager: Shutting down and abandoning module AssetRegistry (89)
[2016.02.17-05.35.21:428][157]LogModuleManager: Shutting down and abandoning module ContentBrowser (88)
[2016.02.17-05.35.21:429][157]LogModuleManager: Shutting down and abandoning module Paper2DEditor (87)
[2016.02.17-05.35.21:429][157]LogModuleManager: Shutting down and abandoning module UdpMessaging (86)
[2016.02.17-05.35.21:529][157]LogModuleManager: Shutting down and abandoning module LightPropagationVolumeRuntime (85)
[2016.02.17-05.35.21:529][157]LogModuleManager: Shutting down and abandoning module Paper2D (84)
[2016.02.17-05.35.21:529][157]LogModuleManager: Shutting down and abandoning module WindowsMoviePlayer (83)
[2016.02.17-05.35.21:534][157]LogModuleManager: Shutting down and abandoning module Media (82)
[2016.02.17-05.35.21:534][157]LogModuleManager: Shutting down and abandoning module WmfMedia (81)
[2016.02.17-05.35.21:534][157]LogModuleManager: Shutting down and abandoning module OnlineBlueprintSupport (80)
[2016.02.17-05.35.21:534][157]LogModuleManager: Shutting down and abandoning module GameplayTasksEditor (79)
[2016.02.17-05.35.21:534][157]LogModuleManager: Shutting down and abandoning module PropertyEditor (78)
[2016.02.17-05.35.21:534][157]LogModuleManager: Shutting down and abandoning module BehaviorTreeEditor (77)
[2016.02.17-05.35.21:534][157]LogModuleManager: Shutting down and abandoning module FunctionalTesting (76)
[2016.02.17-05.35.21:534][157]LogModuleManager: Shutting down and abandoning module CollisionAnalyzer (75)
[2016.02.17-05.35.21:535][157]LogModuleManager: Shutting down and abandoning module WorkspaceMenuStructure (74)
[2016.02.17-05.35.21:535][157]LogModuleManager: Shutting down and abandoning module MessageLog (73)
[2016.02.17-05.35.21:535][157]LogModuleManager: Shutting down and abandoning module Sequencer (72)
[2016.02.17-05.35.21:535][157]LogModuleManager: Shutting down and abandoning module AssetTools (71)
[2016.02.17-05.35.21:535][157]LogModuleManager: Shutting down and abandoning module UMGEditor (70)
[2016.02.17-05.35.21:535][157]LogModuleManager: Shutting down and abandoning module UMG (69)
[2016.02.17-05.35.21:535][157]LogModuleManager: Shutting down and abandoning module Slate (68)
[2016.02.17-05.35.21:535][157]LogModuleManager: Shutting down and abandoning module EditorStyle (67)
[2016.02.17-05.35.21:539][157]LogModuleManager: Shutting down and abandoning module SessionServices (66)
[2016.02.17-05.35.21:539][157]LogModuleManager: Shutting down and abandoning module SourceCodeAccess (65)
[2016.02.17-05.35.21:539][157]LogModuleManager: Shutting down and abandoning module HeadMountedDisplay (64)
[2016.02.17-05.35.21:539][157]LogModuleManager: Shutting down and abandoning module XAudio2 (63)
[2016.02.17-05.35.21:539][157]LogModuleManager: Shutting down and abandoning module Networking (61)
[2016.02.17-05.35.21:539][157]LogModuleManager: Shutting down and abandoning module Core (60)
[2016.02.17-05.35.21:539][157]LogModuleManager: Shutting down and abandoning module KismetCompiler (59)
[2016.02.17-05.35.21:539][157]LogModuleManager: Shutting down and abandoning module PhysXFormats (58)
[2016.02.17-05.35.21:539][157]LogModuleManager: Shutting down and abandoning module MeshUtilities (57)
[2016.02.17-05.35.21:539][157]LogModuleManager: Shutting down and abandoning module DerivedDataCache (56)
[2016.02.17-05.35.21:612][157]LogDerivedDataCache: Shutdown
[2016.02.17-05.35.21:612][157]LogModuleManager: Shutting down and abandoning module ShaderFormatOpenGL (55)
[2016.02.17-05.35.21:612][157]LogModuleManager: Shutting down and abandoning module ShaderFormatD3D (54)
[2016.02.17-05.35.21:612][157]LogModuleManager: Shutting down and abandoning module MetalShaderFormat (53)
[2016.02.17-05.35.21:612][157]LogModuleManager: Shutting down and abandoning module TextureFormatUncompressed (52)
[2016.02.17-05.35.21:612][157]LogModuleManager: Shutting down and abandoning module TextureFormatPVR (51)
[2016.02.17-05.35.21:612][157]LogModuleManager: Shutting down and abandoning module TextureFormatIntelISPCTexComp (50)
[2016.02.17-05.35.21:612][157]LogModuleManager: Shutting down and abandoning module TextureFormatDXT (49)
[2016.02.17-05.35.21:612][157]LogModuleManager: Shutting down and abandoning module ImageWrapper (48)
[2016.02.17-05.35.21:612][157]LogModuleManager: Shutting down and abandoning module TextureFormatASTC (47)
[2016.02.17-05.35.21:612][157]LogModuleManager: Shutting down and abandoning module TextureFormatAndroid (46)
[2016.02.17-05.35.21:612][157]LogModuleManager: Shutting down and abandoning module AudioFormatOpus (45)
[2016.02.17-05.35.21:613][157]LogModuleManager: Shutting down and abandoning module AudioFormatOgg (44)
[2016.02.17-05.35.21:613][157]LogModuleManager: Shutting down and abandoning module AudioFormatADPCM (43)
[2016.02.17-05.35.21:613][157]LogModuleManager: Shutting down and abandoning module LinuxTargetPlatform (42)
[2016.02.17-05.35.21:613][157]LogModuleManager: Shutting down and abandoning module LinuxServerTargetPlatform (41)
[2016.02.17-05.35.21:613][157]LogModuleManager: Shutting down and abandoning module LinuxNoEditorTargetPlatform (40)
[2016.02.17-05.35.21:613][157]LogModuleManager: Shutting down and abandoning module Messaging (39)
[2016.02.17-05.35.21:613][157]LogModuleManager: Shutting down and abandoning module IOSTargetPlatform (38)
[2016.02.17-05.35.21:613][157]LogModuleManager: Shutting down and abandoning module HTML5TargetPlatform (37)
[2016.02.17-05.35.21:613][157]LogModuleManager: Shutting down and abandoning module Android_PVRTCTargetPlatform (36)
[2016.02.17-05.35.21:613][157]LogModuleManager: Shutting down and abandoning module Android_MultiTargetPlatform (35)
[2016.02.17-05.35.21:613][157]LogModuleManager: Shutting down and abandoning module Android_ETC2TargetPlatform (34)
[2016.02.17-05.35.21:613][157]LogModuleManager: Shutting down and abandoning module Android_ETC1TargetPlatform (33)
[2016.02.17-05.35.21:613][157]LogModuleManager: Shutting down and abandoning module Android_DXTTargetPlatform (32)
[2016.02.17-05.35.21:613][157]LogModuleManager: Shutting down and abandoning module Android_ATCTargetPlatform (31)
[2016.02.17-05.35.21:613][157]LogModuleManager: Shutting down and abandoning module Android_ASTCTargetPlatform (30)
[2016.02.17-05.35.21:613][157]LogModuleManager: Shutting down and abandoning module AndroidTargetPlatform (29)
[2016.02.17-05.35.21:613][157]LogModuleManager: Shutting down and abandoning module WindowsTargetPlatform (28)
[2016.02.17-05.35.21:613][157]LogModuleManager: Shutting down and abandoning module WindowsServerTargetPlatform (27)
[2016.02.17-05.35.21:613][157]LogModuleManager: Shutting down and abandoning module WindowsNoEditorTargetPlatform (26)
[2016.02.17-05.35.21:613][157]LogModuleManager: Shutting down and abandoning module WindowsClientTargetPlatform (25)
[2016.02.17-05.35.21:613][157]LogModuleManager: Shutting down and abandoning module AllDesktopTargetPlatform (24)
[2016.02.17-05.35.21:613][157]LogModuleManager: Shutting down and abandoning module TargetPlatform (23)
[2016.02.17-05.35.21:613][157]LogModuleManager: Shutting down and abandoning module InputCore (22)
[2016.02.17-05.35.21:613][157]LogModuleManager: Shutting down and abandoning module Settings (21)
[2016.02.17-05.35.21:613][157]LogModuleManager: Shutting down and abandoning module OnlineSubsystem (19)
[2016.02.17-05.35.21:613][157]LogModuleManager: Shutting down and abandoning module HTTP (18)
[2016.02.17-05.35.22:615][157]LogModuleManager: Shutting down and abandoning module XMPP (17)
[2016.02.17-05.35.22:615][157]LogModuleManager: Shutting down and abandoning module OculusRift (16)
[2016.02.17-05.35.22:615][157]LogModuleManager: Shutting down and abandoning module ExampleDeviceProfileSelector (15)
[2016.02.17-05.35.22:615][157]LogModuleManager: Shutting down and abandoning module TextureCompressor (14)
[2016.02.17-05.35.22:615][157]LogModuleManager: Shutting down and abandoning module ShaderCore (13)
[2016.02.17-05.35.22:615][157]LogModuleManager: Shutting down and abandoning module Landscape (12)
[2016.02.17-05.35.22:615][157]LogModuleManager: Shutting down and abandoning module SlateRHIRenderer (11)
[2016.02.17-05.35.22:616][157]LogModuleManager: Shutting down and abandoning module OpenGLDrv (10)
[2016.02.17-05.35.22:616][157]LogModuleManager: Shutting down and abandoning module D3D11RHI (9)
[2016.02.17-05.35.22:616][157]LogModuleManager: Shutting down and abandoning module AnimGraphRuntime (8)
[2016.02.17-05.35.22:616][157]LogModuleManager: Shutting down and abandoning module Renderer (7)
[2016.02.17-05.35.22:616][157]LogModuleManager: Shutting down and abandoning module Engine (6)
[2016.02.17-05.35.22:616][157]LogModuleManager: Shutting down and abandoning module CoreUObject (5)
[2016.02.17-05.35.22:616][157]LogModuleManager: Shutting down and abandoning module NetworkFile (4)
[2016.02.17-05.35.22:616][157]LogModuleManager: Shutting down and abandoning module StreamingFile (3)
[2016.02.17-05.35.22:616][157]LogModuleManager: Shutting down and abandoning module SandboxFile (2)
[2016.02.17-05.35.22:616][157]LogModuleManager: Shutting down and abandoning module PakFile (1)
[2016.02.17-05.35.22:617][157]LogExit: Exiting.
[2016.02.17-05.35.22:626][157]Log file closed, 02/17/16 16:35:22
