[2016.02.18-04.21.46:105][  0]Log file open, 02/18/16 15:21:46
[2016.02.18-04.21.46:105][  0]LogInit:Display: Running engine for game: Swap
[2016.02.18-04.21.46:105][  0]LogPlatformFile: Not using cached read wrapper
[2016.02.18-04.21.46:105][  0]LogInit:Display: RandInit(-1790139353) SRandInit(-1790139352).
[2016.02.18-04.21.46:105][  0]LogTaskGraph: Started task graph with 4 named threads and 7 total threads.
[2016.02.18-04.21.46:105][  0]LogStats: Stats thread started at 0.078599
[2016.02.18-04.21.46:105][  0]LogInit: Version: 4.10.3-2866931+++depot+UE4-Releases+4.10
[2016.02.18-04.21.46:105][  0]LogInit: API Version: 2758231
[2016.02.18-04.21.46:105][  0]LogInit: Compiled (64-bit): Feb 15 2016 08:20:45
[2016.02.18-04.21.46:105][  0]LogInit: Compiled with Visual C++: 19.00.23026.00
[2016.02.18-04.21.46:105][  0]LogInit: Build Configuration: Development
[2016.02.18-04.21.46:105][  0]LogInit: Branch Name: ++depot+UE4-Releases+4.10
[2016.02.18-04.21.46:105][  0]LogInit: Command line:  
[2016.02.18-04.21.46:105][  0]LogInit: Base directory: C:/Program Files (x86)/Epic Games/4.10/Engine/Binaries/Win64/
[2016.02.18-04.21.46:105][  0]LogInit: Rocket: 1
[2016.02.18-04.21.46:105][  0]LogInit: Using libcurl 7.41.0
[2016.02.18-04.21.46:105][  0]LogInit:  - built for x86_64-pc-win32
[2016.02.18-04.21.46:105][  0]LogInit:  - supports SSL with WinSSL
[2016.02.18-04.21.46:105][  0]LogInit:  - other features:
[2016.02.18-04.21.46:105][  0]LogInit:      CURL_VERSION_SSL
[2016.02.18-04.21.46:105][  0]LogInit:      CURL_VERSION_IPV6
[2016.02.18-04.21.46:105][  0]LogInit:      CURL_VERSION_ASYNCHDNS
[2016.02.18-04.21.46:105][  0]LogInit:      CURL_VERSION_LARGEFILE
[2016.02.18-04.21.46:105][  0]LogInit:      CURL_VERSION_IDN
[2016.02.18-04.21.46:105][  0]LogInit:  CurlRequestOptions (configurable via config and command line):
[2016.02.18-04.21.46:105][  0]LogInit:  - bVerifyPeer = true  - Libcurl will verify peer certificate
[2016.02.18-04.21.46:105][  0]LogInit:  - bUseHttpProxy = false  - Libcurl will NOT use HTTP proxy
[2016.02.18-04.21.46:105][  0]LogInit:  - bDontReuseConnections = false  - Libcurl will reuse connections
[2016.02.18-04.21.46:105][  0]LogInit:  - CertBundlePath = nullptr  - Libcurl will use whatever was configured at build time.
[2016.02.18-04.21.46:121][  0]LogInit: Presizing for 0 objects not considered by GC, pre-allocating 0 bytes.
[2016.02.18-04.21.46:121][  0]LogInit: Object subsystem initialized
[2016.02.18-04.21.46:121][  0]LogInit: Selected Device Profile: [Windows]
[2016.02.18-04.21.46:121][  0]LogInit: Applying CVar settings loaded from the selected device profile: [Windows]
[2016.02.18-04.21.46:136][  0]LogInit: Computer: HARST-E0B24C
[2016.02.18-04.21.46:136][  0]LogInit: User: lochlanmckinno
[2016.02.18-04.21.46:136][  0]LogInit: CPU Page size=4096, Cores=4
[2016.02.18-04.21.46:136][  0]LogInit: High frequency timer resolution =3.410283 MHz
[2016.02.18-04.21.46:136][  0]LogMemory: Memory total: Physical=15.9GB (16GB approx)
[2016.02.18-04.21.46:136][  0]LogMemory: Platform Memory Stats for Windows
[2016.02.18-04.21.46:136][  0]LogMemory: Process Physical Memory: 58.02 MB used, 58.02 MB peak
[2016.02.18-04.21.46:136][  0]LogMemory: Process Virtual Memory: 59.54 MB used, 59.54 MB peak
[2016.02.18-04.21.46:136][  0]LogMemory: Physical Memory: 3223.85 MB used, 16301.11 MB total
[2016.02.18-04.21.46:136][  0]LogMemory: Virtual Memory: 354.21 MB used, 8388608.00 MB total
[2016.02.18-04.21.46:152][  0]LogTextLocalizationManager: No specific translations for ('en-US') exist, so ('en') translations will be used.
[2016.02.18-04.21.46:530][  0]LogD3D11RHI: Found D3D11 adapter 0: NVIDIA GeForce GTX 560  (Feature Level 11_0)
[2016.02.18-04.21.46:530][  0]LogD3D11RHI: Adapter has 979MB of dedicated video memory, 0MB of dedicated system memory, and 3071MB of shared system memory, 2 output[s]
[2016.02.18-04.21.46:534][  0]LogD3D11RHI: Found D3D11 adapter 1: Intel(R) HD Graphics 3000 (Feature Level 10_0)
[2016.02.18-04.21.46:534][  0]LogD3D11RHI: Adapter has 64MB of dedicated video memory, 0MB of dedicated system memory, and 1632MB of shared system memory, 0 output[s]
[2016.02.18-04.21.46:535][  0]LogD3D11RHI: Chosen D3D11 Adapter Id = 0
[2016.02.18-04.21.46:541][  0]LogD3D11RHI: !Direct3DDevice
[2016.02.18-04.21.46:542][  0]LogRHI: Texture pool is 685 MB (70% of 979 MB)
[2016.02.18-04.21.46:550][  0]LogD3D11RHI: Async texture creation enabled
[2016.02.18-04.21.46:564][  0]LogShaderCompilers: Guid format shader working directory is -38 characters bigger than the processId version (../../../../../../Users/lochlan.mckinno/Documents/GitHub/UE4Projects/GroupProject/Swap/Swap/Intermediate/Shaders/WorkingDirectory/5684/).
[2016.02.18-04.21.46:565][  0]LogShaderCompilers: Cleaned the shader compiler working directory 'C:/Users/LOCHLA~1.MCK/AppData/Local/Temp/UnrealShaderWorkingDir/9A03EDA246790BAC456AB998CE3FBFB4/'.
[2016.02.18-04.21.46:565][  0]LogShaderCompilers:Display: Using Local Shader Compiler.
[2016.02.18-04.21.47:285][  0]LogTemp:Display: Loaded TP AllDesktopTargetPlatform
[2016.02.18-04.21.47:289][  0]LogTemp:Display: Loaded TP WindowsClientTargetPlatform
[2016.02.18-04.21.47:293][  0]LogTemp:Display: Loaded TP WindowsNoEditorTargetPlatform
[2016.02.18-04.21.47:297][  0]LogTemp:Display: Loaded TP WindowsServerTargetPlatform
[2016.02.18-04.21.47:300][  0]LogTemp:Display: Loaded TP WindowsTargetPlatform
[2016.02.18-04.21.47:303][  0]LogTemp:Display: Loaded TP AndroidTargetPlatform
[2016.02.18-04.21.47:306][  0]LogTemp:Display: Loaded TP Android_ASTCTargetPlatform
[2016.02.18-04.21.47:308][  0]LogTemp:Display: Loaded TP Android_ATCTargetPlatform
[2016.02.18-04.21.47:311][  0]LogTemp:Display: Loaded TP Android_DXTTargetPlatform
[2016.02.18-04.21.47:314][  0]LogTemp:Display: Loaded TP Android_ETC1TargetPlatform
[2016.02.18-04.21.47:317][  0]LogTemp:Display: Loaded TP Android_ETC2TargetPlatform
[2016.02.18-04.21.47:322][  0]LogTemp:Display: Loaded TP Android_MultiTargetPlatform
[2016.02.18-04.21.47:322][  0]LogTemp:Display: Loaded TP Android_PVRTCTargetPlatform
[2016.02.18-04.21.47:323][  0]LogTemp:Display: Loaded TP HTML5TargetPlatform
[2016.02.18-04.21.47:338][  0]LogTemp:Display: Loaded TP IOSTargetPlatform
[2016.02.18-04.21.47:340][  0]LogTemp:Display: Loaded TP LinuxNoEditorTargetPlatform
[2016.02.18-04.21.47:343][  0]LogTemp:Display: Loaded TP LinuxServerTargetPlatform
[2016.02.18-04.21.47:345][  0]LogTemp:Display: Loaded TP LinuxTargetPlatform
[2016.02.18-04.21.47:345][  0]LogTargetPlatformManager:Display: Building Assets For Windows
[2016.02.18-04.21.47:413][  0]LogDerivedDataCache:Display: Max Cache Size: 512 MB
[2016.02.18-04.21.47:453][  0]LogDerivedDataCache: Loaded boot cache 0.04s 41MB C:/Users/lochlan.mckinno/AppData/Local/UnrealEngine/4.10/DerivedDataCache/Boot.ddc.
[2016.02.18-04.21.47:453][  0]LogDerivedDataCache:Display: Loaded Boot cache: C:/Users/lochlan.mckinno/AppData/Local/UnrealEngine/4.10/DerivedDataCache/Boot.ddc
[2016.02.18-04.21.47:453][  0]LogDerivedDataCache: FDerivedDataBackendGraph:  Pak pak cache file ../../../../../../Users/lochlan.mckinno/Documents/GitHub/UE4Projects/GroupProject/Swap/Swap/DerivedDataCache/DDC.ddp not found, will not use a pak cache.
[2016.02.18-04.21.47:453][  0]LogDerivedDataCache: Unable to find inner node Pak for hierarchical cache Hierarchy.
[2016.02.18-04.21.47:453][  0]LogDerivedDataCache: FDerivedDataBackendGraph:  CompressedPak pak cache file ../../../../../../Users/lochlan.mckinno/Documents/GitHub/UE4Projects/GroupProject/Swap/Swap/DerivedDataCache/Compressed.ddp not found, will not use a pak cache.
[2016.02.18-04.21.47:453][  0]LogDerivedDataCache: Unable to find inner node CompressedPak for hierarchical cache Hierarchy.
[2016.02.18-04.21.47:506][  0]LogDerivedDataCache:Display: Pak cache opened for reading ../../../Engine/DerivedDataCache/Compressed.ddp.
[2016.02.18-04.21.47:518][  0]LogDerivedDataCache: Using Local data cache path C:/Users/lochlan.mckinno/AppData/Local/UnrealEngine/Common/DerivedDataCache: Writable
[2016.02.18-04.21.47:674][  0]LogInit: Selected Device Profile: [Windows]
[2016.02.18-04.21.47:674][  0]LogContentStreaming: Texture pool size is 0.000000MB
[2016.02.18-04.21.47:710][  0]LogMeshUtilities: No automatic mesh reduction module available
[2016.02.18-04.21.47:710][  0]LogMeshUtilities: No automatic mesh merging module available
[2016.02.18-04.21.47:998][  0]LogInit: WinSock: version 1.1 (2.2), MaxSocks=32767, MaxUdp=65467
[2016.02.18-04.21.48:719][  0]UdpMessaging: Initializing bridge on interface 0.0.0.0:0 to multicast group 230.0.0.1:6666.
[2016.02.18-04.21.48:826][  0]LogAssetRegistry: FAssetRegistry took 0.0099 seconds to start up
[2016.02.18-04.21.48:978][  0]SourceControl: Info Source control is disabled
[2016.02.18-04.21.49:028][  0]SourceControl: Info Source control is disabled
[2016.02.18-04.21.49:038][  0]SourceControl: Info Source control is disabled
[2016.02.18-04.21.49:047][  0]SourceControl: Info Source control is disabled
[2016.02.18-04.21.49:250][  0]LogObj: 28633 objects as part of root set at end of initial load.
[2016.02.18-04.21.49:250][  0]LogUObjectAllocator: 6099744 out of 0 bytes used by permanent object pool.
[2016.02.18-04.21.49:316][  0]LogEngine: Initializing Engine...
[2016.02.18-04.21.49:318][  0]LogHMD: Can't find Oculus library dev build: is proper Runtime installed? Version: 0.8.0.0
[2016.02.18-04.21.49:318][  0]LogHMD: SteamVR failed to initialize.  Err: 110
[2016.02.18-04.21.49:428][  0]LogAIModule: Creating AISystem for world NewWorld
[2016.02.18-04.21.49:433][  0]LogInit: XAudio2 using 'Speakers (Realtek High Definition Audio)' : 2 channels at 48 kHz using 32 bits per sample (channel mask 0x3)
[2016.02.18-04.21.49:459][  0]LogInit: FAudioDevice initialized.
[2016.02.18-04.21.49:478][  0]LogDerivedDataCache: Saved boot cache 0.02s 41MB C:/Users/lochlan.mckinno/AppData/Local/UnrealEngine/4.10/DerivedDataCache/Boot.ddc.
[2016.02.18-04.21.49:484][  0]LogInit: Texture streaming: Enabled
[2016.02.18-04.21.49:489][  0]LogAnalytics: Creating configured Analytics provider AnalyticsET
[2016.02.18-04.21.49:489][  0]LogAnalytics: [UEEditor.Rocket.Release] APIServer = http://et2.epicgames.com/ET2/. AppVersion = 4.10.3-2866931+++depot+UE4-Releases+4.10
[2016.02.18-04.21.49:489][  0]LogAnalytics: [UEEditor.Rocket.Release] SetUserId 8d1324dd4868e743bab9559b4e9e057f|301fef3b08c942d8a99328d34c0005e3|9ea81f69-1d3b-48ca-bf64-be68fb411e75
[2016.02.18-04.21.49:489][  0]LogAnalytics: [UEEditor.Rocket.Release] AnalyticsET::StartSession
[2016.02.18-04.21.49:508][  0]LogInit: Transaction tracking system initialized
[2016.02.18-04.21.49:534][  0]BlueprintLog: New page: Editor Load
[2016.02.18-04.21.49:606][  0]LocalizationService: Info Localization service is disabled
[2016.02.18-04.21.49:670][  0]LogConsoleResponse:Display: 
[2016.02.18-04.21.49:783][  0]LogCook:Display: Done creating registry. It took  0.00s.
[2016.02.18-04.21.49:833][  0]LogFileCache: Scanning file cache for directory 'C:/Users/lochlan.mckinno/Documents/GitHub/UE4Projects/GroupProject/Swap/Swap/Content/' took 0.01s
[2016.02.18-04.21.49:833][  0]SourceControl: Info Source control is disabled
[2016.02.18-04.21.49:833][  0]Cmd: MAP LOAD FILE="../../../../../../Users/lochlan.mckinno/Documents/GitHub/UE4Projects/GroupProject/Swap/Swap/Content/Maps/swapMap.umap" TEMPLATE=0 SHOWPROGRESS=1 FEATURELEVEL=3
[2016.02.18-04.21.49:834][  0]LightingResults: New page: Lighting Build
[2016.02.18-04.21.49:836][  0]MapCheck: New page: Map Check
[2016.02.18-04.21.49:836][  0]LightingResults: New page: Lighting Build
[2016.02.18-04.21.49:846][  0]LogParticles: Destroying 0 GPU particle simulations for FXSystem 0x0000000025767420
[2016.02.18-04.21.50:110][  0]LogAIModule: Creating AISystem for world swapMap
[2016.02.18-04.21.50:117][  0]LogEditorServer: Finished looking for orphan Actors (0.000 secs)
[2016.02.18-04.21.50:118][  0]Cmd: MAP CHECKDEP NOCLEARLOG
[2016.02.18-04.21.50:170][  0]MapCheck: Info Map check complete: 0 Error(s), 0 Warning(s), took 51.614ms to complete.
[2016.02.18-04.21.50:170][  0]LogFileHelpers: Loading map 'swapMap' took 0.337
[2016.02.18-04.21.50:267][  0]LogCollectionManager: Loaded 0 collections in 0.001683 seconds
[2016.02.18-04.21.50:311][  0]LogFileCache: Scanning file cache for directory 'C:/Users/lochlan.mckinno/Documents/GitHub/UE4Projects/GroupProject/Swap/Swap/Saved/Collections/' took 0.01s
[2016.02.18-04.21.50:311][  0]LogFileCache: Scanning file cache for directory 'C:/Users/lochlan.mckinno/Documents/GitHub/UE4Projects/GroupProject/Swap/Swap/Content/Developers/lochlanmckinno/Collections/' took 0.01s
[2016.02.18-04.21.50:311][  0]LogFileCache: Scanning file cache for directory 'C:/Users/lochlan.mckinno/Documents/GitHub/UE4Projects/GroupProject/Swap/Swap/Content/Collections/' took 0.01s
[2016.02.18-04.21.50:311][  0]LogCollectionManager: Rebuilt the GUID cache for 0 collections in 0.000003 seconds
[2016.02.18-04.21.50:325][  0]LogContentBrowser: Native class hierarchy populated in 0.0144 seconds. Added 1893 classes and 338 folders.
[2016.02.18-04.21.50:333][  0]LogContentBrowser: Native class hierarchy updated for 'WidgetCarousel' in 0.0003 seconds. Added 0 classes and 0 folders.
[2016.02.18-04.21.50:378][  0]LogContentBrowser: Native class hierarchy updated for 'AddContentDialog' in 0.0003 seconds. Added 0 classes and 0 folders.
[2016.02.18-04.21.50:381][  0]LogContentBrowser: Native class hierarchy updated for 'SceneOutliner' in 0.0003 seconds. Added 1 classes and 2 folders.
[2016.02.18-04.21.50:403][  0]LogCrashTracker: Crashtracker disabled due to settings.
[2016.02.18-04.21.50:407][  0]LogUObjectGlobals:Warning: Failed to find object 'Class None.'
[2016.02.18-04.21.50:428][  0]LogLoad: Full Startup: 4.71 seconds (BP compile: 0.04 seconds)
[2016.02.18-04.21.50:439][  0]LogOcInput: Can't find Oculus library dev build: is proper Runtime installed? Version: 0.8.0.0
[2016.02.18-04.21.50:497][  0]LogContentStreaming: Texture pool size now 1000 MB
[2016.02.18-04.21.50:636][  0]LogRenderer: Reallocating scene render targets to support 1208x572 (Frame:2).
[2016.02.18-04.21.50:794][  3]LogAssetRegistry: Asset discovery search completed in 1.9780 seconds
[2016.02.18-04.21.50:794][  3]LogCollectionManager: Rebuilt the object cache for 0 collections in 0.000001 seconds (found 0 objects)
[2016.02.18-04.21.50:794][  3]LogCollectionManager: Fixed up redirectors for 0 collections in 0.000018 seconds (updated 0 objects)
[2016.02.18-04.21.53:822][191]LogEditorViewport: Clicking on Actor (LMB): BP_Sky_Sphere_C (Sky Sphere)
[2016.02.18-04.21.54:493][222]LogPlayLevel: PlayLevel: No blueprints needed recompiling
[2016.02.18-04.21.54:493][222]PIE: New page: PIE session: swapMap (Feb 19, 2016, 2:21:54 AM)
[2016.02.18-04.21.54:493][222]LogPlayLevel: Creating play world package: /Game/Maps/UEDPIE_0_swapMap
[2016.02.18-04.21.54:497][222]LogPlayLevel: PIE: StaticDuplicateObject took: (0.003623s)
[2016.02.18-04.21.54:498][222]LogAIModule: Creating AISystem for world swapMap
[2016.02.18-04.21.54:498][222]LogPlayLevel: PIE: World Init took: (0.000922s)
[2016.02.18-04.21.54:498][222]LogPlayLevel: PIE: Created PIE world by copying editor world from /Game/Maps/swapMap.swapMap to /Game/Maps/UEDPIE_0_swapMap.swapMap (0.004734s)
[2016.02.18-04.21.54:522][222]LogInit: XAudio2 using 'Speakers (Realtek High Definition Audio)' : 2 channels at 48 kHz using 32 bits per sample (channel mask 0x3)
[2016.02.18-04.21.54:530][222]LogInit: FAudioDevice initialized.
[2016.02.18-04.21.54:864][222]LogWorld: Game class is 'SwapGameMode_C'
[2016.02.18-04.21.54:869][222]LogWorld: Bringing World /Game/Maps/UEDPIE_0_swapMap.swapMap up for play (max tick rate 0) at 2016.02.18-15.21.54
[2016.02.18-04.21.54:869][222]LogActor:Warning: GameSession /Game/Maps/UEDPIE_0_swapMap.swapMap:PersistentLevel.GameSession_0 has natively added scene component(s), but none of them were set as the actor's RootComponent - picking one arbitrarily
[2016.02.18-04.21.54:869][222]LogActor:Warning: GameNetworkManager /Game/Maps/UEDPIE_0_swapMap.swapMap:PersistentLevel.GameNetworkManager_0 has natively added scene component(s), but none of them were set as the actor's RootComponent - picking one arbitrarily
[2016.02.18-04.21.54:869][222]LogWorld: Bringing up level for play took: 0.003998
[2016.02.18-04.21.54:872][222]PIE: Info Play in editor start time for /Game/Maps/UEDPIE_0_swapMap -0.292
[2016.02.18-04.22.04:913][844]LogBlueprintUserMessages: [SwapMan_C_0] X=0.818 Y=0.576 Z=0.000
[2016.02.18-04.22.10:682][444]LogBlueprintUserMessages: [SwapMan_C_0] X=0.869 Y=0.495 Z=0.000
[2016.02.18-04.22.21:992][608]LogBlueprintUserMessages: [SwapMan_C_0] X=0.940 Y=0.341 Z=0.000
[2016.02.18-04.22.25:074][915]LogBlueprintUserMessages: [SwapMan_C_0] X=-0.940 Y=0.341 Z=0.000
[2016.02.18-04.22.28:104][212]LogBlueprintUserMessages: [SwapMan_C_0] X=0.905 Y=0.426 Z=0.000
[2016.02.18-04.22.31:188][520]LogBlueprintUserMessages: [SwapMan_C_0] X=-0.910 Y=0.414 Z=0.000
[2016.02.18-04.22.46:350][ 31]LogActorComponent: UnregisterComponent: (/Engine/Transient.CharMoveComp) Not registered. Aborting.
[2016.02.18-04.22.46:376][ 31]LogParticles: Destroying 0 GPU particle simulations for FXSystem 0x0000000037E6CEA0
[2016.02.18-04.22.48:854][231]Cmd: POLY SELECT ADJACENT WALLS
[2016.02.18-04.22.48:855][231]Cmd: POLY SELECT MEMORY UNION
[2016.02.18-04.24.02:140][859]LogEditorViewport: Clicking on Actor (LMB): StaticMeshActor (Floor)
[2016.02.18-04.24.02:169][859]LogEditorViewport: Clicking on Component (LMB): StaticMeshComponent (StaticMeshComponent0)
[2016.02.18-04.24.11:016][515]LogLinker:Warning: Asset '../../../Engine/Content/ArtTools/RenderToTexture/Macros/RenderToTextureMacros.uasset' has been saved with empty engine version. The asset will be loaded but may be incompatible.
[2016.02.18-04.24.11:401][515]LogContentBrowser: Native class hierarchy updated for 'BlueprintGraph' in 0.0007 seconds. Added 107 classes and 0 folders.
[2016.02.18-04.26.03:770][ 17]LogActorComponent: UnregisterComponent: (/Engine/Transient.CharMoveComp) Not registered. Aborting.
[2016.02.18-04.27.35:134][685]LogActorComponent: UnregisterComponent: (/Engine/Transient.CharacterMovementComponent_0) Not registered. Aborting.
[2016.02.18-04.27.41:438][254]LogActorComponent: UnregisterComponent: (/Engine/Transient.CharacterMovementComponent_1) Not registered. Aborting.
[2016.02.18-04.27.41:554][259]BlueprintLog: New page: Compile SwapMan
[2016.02.18-04.27.41:714][259]LogActorComponent: UnregisterComponent: (/Engine/Transient.CharacterMovementComponent_2) Not registered. Aborting.
[2016.02.18-04.27.41:750][259]BlueprintEditorCompileResults: Info [0356.05] Compile of SwapMan successful! [in 196 ms]
[2016.02.18-04.27.47:872][717]LogActorComponent: UnregisterComponent: (/Engine/Transient.CharMoveComp) Not registered. Aborting.
[2016.02.18-04.27.50:050][859]LogActorComponent: UnregisterComponent: (/Engine/Transient.CharacterMovementComponent_3) Not registered. Aborting.
[2016.02.18-04.27.54:617][163]BlueprintLog: New page: Compile SwapMan
[2016.02.18-04.27.54:775][163]LogActorComponent: UnregisterComponent: (/Engine/Transient.CharacterMovementComponent_4) Not registered. Aborting.
[2016.02.18-04.27.54:809][163]BlueprintEditorCompileResults: Info [0369.11] Compile of SwapMan successful! [in 191 ms]
[2016.02.18-04.27.56:251][239]LogPlayLevel: PlayLevel: No blueprints needed recompiling
[2016.02.18-04.27.56:251][239]PIE: New page: PIE session: swapMap (Feb 19, 2016, 2:27:56 AM)
[2016.02.18-04.27.56:251][239]LogPlayLevel: Creating play world package: /Game/Maps/UEDPIE_0_swapMap
[2016.02.18-04.27.56:255][239]LogPlayLevel: PIE: StaticDuplicateObject took: (0.003400s)
[2016.02.18-04.27.56:256][239]LogAIModule: Creating AISystem for world swapMap
[2016.02.18-04.27.56:256][239]LogPlayLevel: PIE: World Init took: (0.001237s)
[2016.02.18-04.27.56:256][239]LogPlayLevel: PIE: Created PIE world by copying editor world from /Game/Maps/swapMap.swapMap to /Game/Maps/UEDPIE_0_swapMap.swapMap (0.004837s)
[2016.02.18-04.27.56:256][239]LogActorComponent: UnregisterComponent: (/Engine/Transient.CharMoveComp) Not registered. Aborting.
[2016.02.18-04.27.56:283][239]LogInit: XAudio2 using 'Speakers (Realtek High Definition Audio)' : 2 channels at 48 kHz using 32 bits per sample (channel mask 0x3)
[2016.02.18-04.27.56:292][239]LogInit: FAudioDevice initialized.
[2016.02.18-04.27.56:326][239]LogWorld: Game class is 'SwapGameMode_C'
[2016.02.18-04.27.56:331][239]LogWorld: Bringing World /Game/Maps/UEDPIE_0_swapMap.swapMap up for play (max tick rate 0) at 2016.02.18-15.27.56
[2016.02.18-04.27.56:331][239]LogActor:Warning: GameSession /Game/Maps/UEDPIE_0_swapMap.swapMap:PersistentLevel.GameSession_1 has natively added scene component(s), but none of them were set as the actor's RootComponent - picking one arbitrarily
[2016.02.18-04.27.56:331][239]LogActor:Warning: GameNetworkManager /Game/Maps/UEDPIE_0_swapMap.swapMap:PersistentLevel.GameNetworkManager_1 has natively added scene component(s), but none of them were set as the actor's RootComponent - picking one arbitrarily
[2016.02.18-04.27.56:332][239]LogWorld: Bringing up level for play took: 0.003915
[2016.02.18-04.27.56:334][239]PIE: Info Play in editor start time for /Game/Maps/UEDPIE_0_swapMap -0.816
[2016.02.18-04.28.06:233][247]LogParticles: Destroying 0 GPU particle simulations for FXSystem 0x000000005DF4EDE0
[2016.02.18-04.28.13:309][924]LogActorComponent: UnregisterComponent: (/Engine/Transient.CharMoveComp) Not registered. Aborting.
[2016.02.18-04.28.13:425][932]BlueprintLog: New page: Compile SwapMan
[2016.02.18-04.28.13:583][932]LogActorComponent: UnregisterComponent: (/Engine/Transient.CharacterMovementComponent_5) Not registered. Aborting.
[2016.02.18-04.28.13:617][932]BlueprintEditorCompileResults: Info [0387.92] Compile of SwapMan successful! [in 192 ms]
[2016.02.18-04.28.15:520][ 63]LogPlayLevel: PlayLevel: No blueprints needed recompiling
[2016.02.18-04.28.15:520][ 63]PIE: New page: PIE session: swapMap (Feb 19, 2016, 2:28:15 AM)
[2016.02.18-04.28.15:520][ 63]LogPlayLevel: Creating play world package: /Game/Maps/UEDPIE_0_swapMap
[2016.02.18-04.28.15:523][ 63]LogPlayLevel: PIE: StaticDuplicateObject took: (0.003172s)
[2016.02.18-04.28.15:524][ 63]LogAIModule: Creating AISystem for world swapMap
[2016.02.18-04.28.15:524][ 63]LogPlayLevel: PIE: World Init took: (0.001110s)
[2016.02.18-04.28.15:525][ 63]LogPlayLevel: PIE: Created PIE world by copying editor world from /Game/Maps/swapMap.swapMap to /Game/Maps/UEDPIE_0_swapMap.swapMap (0.004520s)
[2016.02.18-04.28.15:525][ 63]LogActorComponent: UnregisterComponent: (/Engine/Transient.CharMoveComp) Not registered. Aborting.
[2016.02.18-04.28.15:553][ 63]LogInit: XAudio2 using 'Speakers (Realtek High Definition Audio)' : 2 channels at 48 kHz using 32 bits per sample (channel mask 0x3)
[2016.02.18-04.28.15:561][ 63]LogInit: FAudioDevice initialized.
[2016.02.18-04.28.15:590][ 63]LogWorld: Game class is 'SwapGameMode_C'
[2016.02.18-04.28.15:595][ 63]LogWorld: Bringing World /Game/Maps/UEDPIE_0_swapMap.swapMap up for play (max tick rate 0) at 2016.02.18-15.28.15
[2016.02.18-04.28.15:595][ 63]LogActor:Warning: GameSession /Game/Maps/UEDPIE_0_swapMap.swapMap:PersistentLevel.GameSession_2 has natively added scene component(s), but none of them were set as the actor's RootComponent - picking one arbitrarily
[2016.02.18-04.28.15:596][ 63]LogActor:Warning: GameNetworkManager /Game/Maps/UEDPIE_0_swapMap.swapMap:PersistentLevel.GameNetworkManager_2 has natively added scene component(s), but none of them were set as the actor's RootComponent - picking one arbitrarily
[2016.02.18-04.28.15:596][ 63]LogWorld: Bringing up level for play took: 0.003995
[2016.02.18-04.28.15:598][ 63]PIE: Info Play in editor start time for /Game/Maps/UEDPIE_0_swapMap 0.449
[2016.02.18-04.28.21:421][619]LogBlueprintUserMessages: [SwapMan_C_12] X=-0.946 Y=0.324 Z=0.000
[2016.02.18-04.28.24:416][919]LogBlueprintUserMessages: [SwapMan_C_12] X=0.893 Y=0.450 Z=0.000
[2016.02.18-04.28.27:719][230]LogBlueprintUserMessages: [SwapMan_C_12] X=-0.987 Y=0.162 Z=0.000
[2016.02.18-04.28.30:713][517]LogBlueprintUserMessages: [SwapMan_C_12] X=0.894 Y=0.448 Z=0.000
[2016.02.18-04.28.34:701][897]LogBlueprintUserMessages: [SwapMan_C_12] X=-0.978 Y=0.208 Z=0.000
[2016.02.18-04.28.37:526][172]LogBlueprintUserMessages: [SwapMan_C_12] X=0.941 Y=0.339 Z=0.000
[2016.02.18-04.28.42:171][634]LogBlueprintUserMessages: [SwapMan_C_12] X=-1.000 Y=0.000 Z=0.000
[2016.02.18-04.28.42:171][634]LogBlueprintUserMessages: [SwapMan_C_12] X=1.000 Y=-0.005 Z=0.000
[2016.02.18-04.28.52:369][696]LogBlueprintUserMessages: [SwapMan_C_12] X=0.917 Y=0.398 Z=0.000
[2016.02.18-04.28.53:199][781]LogBlueprintUserMessages: [SwapMan_C_12] X=0.918 Y=0.395 Z=0.000
[2016.02.18-04.29.00:608][548]LogParticles: Destroying 0 GPU particle simulations for FXSystem 0x000000001BDDE520
[2016.02.18-04.29.04:714][880]LogRenderer: Reallocating scene render targets to support 1208x712 (Frame:19377).
[2016.02.18-04.29.10:648][457]BlueprintLog: New page: Compile SwapMan
[2016.02.18-04.29.10:815][457]LogActorComponent: UnregisterComponent: (/Engine/Transient.CharMoveComp) Not registered. Aborting.
[2016.02.18-04.29.10:849][457]BlueprintEditorCompileResults: Info [0445.14] Compile of SwapMan successful! [in 201 ms]
[2016.02.18-04.29.12:433][573]LogPlayLevel: PlayLevel: No blueprints needed recompiling
[2016.02.18-04.29.12:433][573]PIE: New page: PIE session: swapMap (Feb 19, 2016, 2:29:12 AM)
[2016.02.18-04.29.12:433][573]LogPlayLevel: Creating play world package: /Game/Maps/UEDPIE_0_swapMap
[2016.02.18-04.29.12:437][573]LogPlayLevel: PIE: StaticDuplicateObject took: (0.003162s)
[2016.02.18-04.29.12:438][573]LogAIModule: Creating AISystem for world swapMap
[2016.02.18-04.29.12:438][573]LogPlayLevel: PIE: World Init took: (0.001210s)
[2016.02.18-04.29.12:438][573]LogPlayLevel: PIE: Created PIE world by copying editor world from /Game/Maps/swapMap.swapMap to /Game/Maps/UEDPIE_0_swapMap.swapMap (0.004550s)
[2016.02.18-04.29.12:438][573]LogActorComponent: UnregisterComponent: (/Engine/Transient.CharMoveComp) Not registered. Aborting.
[2016.02.18-04.29.12:465][573]LogInit: XAudio2 using 'Speakers (Realtek High Definition Audio)' : 2 channels at 48 kHz using 32 bits per sample (channel mask 0x3)
[2016.02.18-04.29.12:473][573]LogInit: FAudioDevice initialized.
[2016.02.18-04.29.12:505][573]LogWorld: Game class is 'SwapGameMode_C'
[2016.02.18-04.29.12:510][573]LogWorld: Bringing World /Game/Maps/UEDPIE_0_swapMap.swapMap up for play (max tick rate 0) at 2016.02.18-15.29.12
[2016.02.18-04.29.12:510][573]LogActor:Warning: GameSession /Game/Maps/UEDPIE_0_swapMap.swapMap:PersistentLevel.GameSession_3 has natively added scene component(s), but none of them were set as the actor's RootComponent - picking one arbitrarily
[2016.02.18-04.29.12:510][573]LogActor:Warning: GameNetworkManager /Game/Maps/UEDPIE_0_swapMap.swapMap:PersistentLevel.GameNetworkManager_3 has natively added scene component(s), but none of them were set as the actor's RootComponent - picking one arbitrarily
[2016.02.18-04.29.12:510][573]LogWorld: Bringing up level for play took: 0.004044
[2016.02.18-04.29.12:512][573]PIE: Info Play in editor start time for /Game/Maps/UEDPIE_0_swapMap -0.646
[2016.02.18-04.29.19:740][299]LogParticles: Destroying 0 GPU particle simulations for FXSystem 0x0000000062752E80
[2016.02.18-04.29.22:569][517]BlueprintLog: New page: Compile SwapMan
[2016.02.18-04.29.22:752][517]BlueprintEditorCompileResults: Info [0457.04] Compile of SwapMan successful! [in 182 ms]
[2016.02.18-04.29.30:798][146]LogActorComponent: UnregisterComponent: (/Engine/Transient.CharMoveComp) Not registered. Aborting.
[2016.02.18-04.29.31:995][219]BlueprintLog: New page: Pre-Play auto-recompile
[2016.02.18-04.29.32:000][219]LogActorComponent: UnregisterComponent: (/Engine/Transient.CharacterMovementComponent_6) Not registered. Aborting.
[2016.02.18-04.29.32:005][219]LogPlayLevel: [PlayLevel] Compiling SwapMan before play...
[2016.02.18-04.29.32:174][219]LogPlayLevel: PlayLevel: Blueprint regeneration took 178 ms (1 blueprints)
[2016.02.18-04.29.32:202][219]PIE: New page: PIE session: swapMap (Feb 19, 2016, 2:29:32 AM)
[2016.02.18-04.29.32:202][219]LogPlayLevel: Creating play world package: /Game/Maps/UEDPIE_0_swapMap
[2016.02.18-04.29.32:205][219]LogPlayLevel: PIE: StaticDuplicateObject took: (0.003114s)
[2016.02.18-04.29.32:207][219]LogAIModule: Creating AISystem for world swapMap
[2016.02.18-04.29.32:207][219]LogPlayLevel: PIE: World Init took: (0.001274s)
[2016.02.18-04.29.32:207][219]LogPlayLevel: PIE: Created PIE world by copying editor world from /Game/Maps/swapMap.swapMap to /Game/Maps/UEDPIE_0_swapMap.swapMap (0.004708s)
[2016.02.18-04.29.32:233][219]LogInit: XAudio2 using 'Speakers (Realtek High Definition Audio)' : 2 channels at 48 kHz using 32 bits per sample (channel mask 0x3)
[2016.02.18-04.29.32:241][219]LogInit: FAudioDevice initialized.
[2016.02.18-04.29.32:275][219]LogWorld: Game class is 'SwapGameMode_C'
[2016.02.18-04.29.32:280][219]LogWorld: Bringing World /Game/Maps/UEDPIE_0_swapMap.swapMap up for play (max tick rate 0) at 2016.02.18-15.29.32
[2016.02.18-04.29.32:280][219]LogActor:Warning: GameSession /Game/Maps/UEDPIE_0_swapMap.swapMap:PersistentLevel.GameSession_4 has natively added scene component(s), but none of them were set as the actor's RootComponent - picking one arbitrarily
[2016.02.18-04.29.32:280][219]LogActor:Warning: GameNetworkManager /Game/Maps/UEDPIE_0_swapMap.swapMap:PersistentLevel.GameNetworkManager_4 has natively added scene component(s), but none of them were set as the actor's RootComponent - picking one arbitrarily
[2016.02.18-04.29.32:280][219]LogWorld: Bringing up level for play took: 0.004379
[2016.02.18-04.29.32:283][219]PIE: Info Play in editor start time for /Game/Maps/UEDPIE_0_swapMap 1.119
[2016.02.18-04.29.36:321][622]LogBlueprintUserMessages: [SwapMan_C_10] X=-1.000 Y=0.016 Z=0.000
[2016.02.18-04.30.31:974][176]LogActorComponent: UnregisterComponent: (/Engine/Transient.CharMoveComp) Not registered. Aborting.
[2016.02.18-04.31.37:026][515]LogParticles: Destroying 0 GPU particle simulations for FXSystem 0x00000000409768E0
[2016.02.18-04.34.00:386][349]LogEditorViewport: Clicking on Actor (LMB): BP_Sky_Sphere_C (Sky Sphere)
[2016.02.18-04.36.00:832][125]LogActorComponent: UnregisterComponent: (/Engine/Transient.CharMoveComp) Not registered. Aborting.
[2016.02.18-04.36.00:857][125]LogFileHelpers: Editor autosave (incl. sublevels) for '/Game/Maps/swapMap' took 0.025
[2016.02.18-04.36.00:863][125]OBJ SavePackage: Generating thumbnails for [1] asset(s) in package [/Game/BluePrints/SwapMan] ([1] browsable assets)...
[2016.02.18-04.36.00:889][125]OBJ SavePackage:     Rendered thumbnail for [Blueprint /Game/BluePrints/SwapMan.SwapMan]
[2016.02.18-04.36.00:889][125]OBJ SavePackage: Finished generating thumbnails for package [/Game/BluePrints/SwapMan]
[2016.02.18-04.36.01:249][125]LogSavePackage: Save=345.070190ms
[2016.02.18-04.36.01:249][125]LogSavePackage: Moving '../../../../../../Users/lochlan.mckinno/Documents/GitHub/UE4Projects/GroupProject/Swap/Swap/Saved/SwapMan_Auto11A36762B4D0814A56C49D59D51338475.tmp' to '../../../../../../Users/lochlan.mckinno/Documents/GitHub/UE4Projects/GroupProject/Swap/Swap/Saved/Autosaves/Game/BluePrints/SwapMan_Auto1.uasset'
[2016.02.18-04.36.01:253][125]LogSavePackage: Total save time: 362.685446ms
[2016.02.18-04.36.01:253][125]LogSavePackage:Display: Finished SavePackage ../../../../../../Users/lochlan.mckinno/Documents/GitHub/UE4Projects/GroupProject/Swap/Swap/Saved/Autosaves/Game/BluePrints/SwapMan_Auto1.uasset
[2016.02.18-04.36.01:253][125]LogFileHelpers: Auto-saving content packages took 0.395
[2016.02.18-04.42.45:541][273]LogEditorViewport: Clicking on Actor (LMB): StaticMeshActor (Cube8)
[2016.02.18-04.42.45:887][300]LogEditorViewport: Clicking on Actor (LMB): StaticMeshActor (Cube8)
[2016.02.18-04.42.48:387][504]LogEditorViewport: Clicking on Actor (LMB): BP_Sky_Sphere_C (Sky Sphere)
[2016.02.18-04.42.48:462][507]LogEditorViewport: Clicking on Component (LMB): StaticMeshComponent (Sky Sphere mesh)
[2016.02.18-04.42.48:967][550]LogEditorViewport: Clicking on Component (LMB): StaticMeshComponent (Sky Sphere mesh)
[2016.02.18-04.42.49:296][578]LogEditorViewport: Clicking on Actor (LMB): WallClimb_C (WallClimb)
[2016.02.18-04.42.49:465][590]LogEditorViewport: Clicking on Actor (LMB): BP_Sky_Sphere_C (Sky Sphere)
[2016.02.18-04.42.49:519][591]LogEditorViewport: Clicking on Actor (double click): WallClimb_C (WallClimb)
[2016.02.18-04.42.49:835][619]LogEditorViewport: Clicking on Actor (LMB): BP_Sky_Sphere_C (Sky Sphere)
[2016.02.18-04.42.50:415][669]LogEditorViewport: Clicking on Actor (LMB): StaticMeshActor (Cube8)
[2016.02.18-04.42.51:123][729]LogEditorViewport: Clicking on Actor (LMB): BP_Sky_Sphere_C (Sky Sphere)
[2016.02.18-04.43.02:133][602]Cmd: DELETE
[2016.02.18-04.43.02:133][602]Cmd: ACTOR DELETE
[2016.02.18-04.43.02:135][602]LogEditorActor: Deleted Actor: WallRun_C
[2016.02.18-04.43.02:135][602]LogActorComponent: UnregisterComponent: (/Engine/Transient.CharMoveComp) Not registered. Aborting.
[2016.02.18-04.43.02:159][602]LogEditorActor: Deleted 1 Actors (0.024 secs)
[2016.02.18-04.43.40:188][946]LogEditorViewport: Clicking on Actor (LMB): BP_Sky_Sphere_C (Sky Sphere)
[2016.02.18-04.43.40:926][ 11]LogEditorViewport: Clicking on Actor (LMB): BP_Sky_Sphere_C (Sky Sphere)
[2016.02.18-04.43.44:743][339]LogEditorViewport: Clicking on Actor (LMB): StaticMeshActor (Floor)
[2016.02.18-04.43.45:295][381]LogEditorViewport: Clicking on Actor (LMB): StaticMeshActor (Floor)
[2016.02.18-04.43.45:660][411]LogEditorViewport: Clicking on Actor (context menu): BP_Sky_Sphere_C (Sky Sphere)
[2016.02.18-04.43.46:274][461]LogEditorViewport: Clicking on Actor (LMB): BP_Sky_Sphere_C (Sky Sphere)
[2016.02.18-04.46.01:421][427]LogActorComponent: UnregisterComponent: (/Engine/Transient.CharMoveComp) Not registered. Aborting.
[2016.02.18-04.46.01:503][427]LogSavePackage: Save=42.110287ms
[2016.02.18-04.46.01:503][427]LogSavePackage: Moving '../../../../../../Users/lochlan.mckinno/Documents/GitHub/UE4Projects/GroupProject/Swap/Swap/Saved/swapMap_Auto2322BC7CF4F17E4D18403C998E5AD2E86.tmp' to '../../../../../../Users/lochlan.mckinno/Documents/GitHub/UE4Projects/GroupProject/Swap/Swap/Saved/Autosaves/Game/Maps/swapMap_Auto2.umap'
[2016.02.18-04.46.01:504][427]LogSavePackage: Total save time: 53.994346ms
[2016.02.18-04.46.01:504][427]LogSavePackage:Display: Finished SavePackage ../../../../../../Users/lochlan.mckinno/Documents/GitHub/UE4Projects/GroupProject/Swap/Swap/Saved/Autosaves/Game/Maps/swapMap_Auto2.umap
[2016.02.18-04.46.01:506][427]LogFileHelpers: Editor autosave (incl. sublevels) for '/Game/Maps/swapMap' took 0.085
[2016.02.18-04.46.01:506][427]LogFileHelpers: Editor autosave (incl. sublevels) for all levels took 0.085
[2016.02.18-04.52.37:688][435]LogActorFactory: Actor Factory created Cube
[2016.02.18-04.52.39:751][615]LogActorFactory: Actor Factory created Cube
[2016.02.18-04.53.15:434][518]LogPlayLevel: PlayLevel: No blueprints needed recompiling
[2016.02.18-04.53.15:434][518]PIE: New page: PIE session: swapMap (Feb 19, 2016, 2:53:15 AM)
[2016.02.18-04.53.15:435][518]LogPlayLevel: Creating play world package: /Game/Maps/UEDPIE_0_swapMap
[2016.02.18-04.53.15:440][518]LogPlayLevel: PIE: StaticDuplicateObject took: (0.005506s)
[2016.02.18-04.53.15:441][518]LogAIModule: Creating AISystem for world swapMap
[2016.02.18-04.53.15:441][518]LogPlayLevel: PIE: World Init took: (0.001159s)
[2016.02.18-04.53.15:441][518]LogPlayLevel: PIE: Created PIE world by copying editor world from /Game/Maps/swapMap.swapMap to /Game/Maps/UEDPIE_0_swapMap.swapMap (0.006898s)
[2016.02.18-04.53.15:468][518]LogInit: XAudio2 using 'Realtek Digital Output(Optical) (Realtek High Definition Audio)' : 2 channels at 48 kHz using 16 bits per sample (channel mask 0x3)
[2016.02.18-04.53.15:479][518]LogInit: FAudioDevice initialized.
[2016.02.18-04.53.15:512][518]LogWorld: Game class is 'SwapGameMode_C'
[2016.02.18-04.53.15:516][518]LogWorld: Bringing World /Game/Maps/UEDPIE_0_swapMap.swapMap up for play (max tick rate 0) at 2016.02.18-15.53.15
[2016.02.18-04.53.15:516][518]LogActor:Warning: GameSession /Game/Maps/UEDPIE_0_swapMap.swapMap:PersistentLevel.GameSession_5 has natively added scene component(s), but none of them were set as the actor's RootComponent - picking one arbitrarily
[2016.02.18-04.53.15:517][518]LogActor:Warning: GameNetworkManager /Game/Maps/UEDPIE_0_swapMap.swapMap:PersistentLevel.GameNetworkManager_5 has natively added scene component(s), but none of them were set as the actor's RootComponent - picking one arbitrarily
[2016.02.18-04.53.15:517][518]LogWorld: Bringing up level for play took: 0.004266
[2016.02.18-04.53.15:519][518]PIE: Info Play in editor start time for /Game/Maps/UEDPIE_0_swapMap 0.249
[2016.02.18-04.53.21:006][ 64]LogParticles: Destroying 0 GPU particle simulations for FXSystem 0x00000000386F82C0
[2016.02.18-04.53.24:618][375]LogEditorViewport: Clicking on Actor (LMB): BP_Sky_Sphere_C (Sky Sphere)
[2016.02.18-04.53.28:372][682]LogEditorViewport: Clicking on Actor (LMB): StaticMeshActor (Cube12)
[2016.02.18-04.53.37:642][473]LogEditorViewport: Clicking on Actor (LMB): BP_Sky_Sphere_C (Sky Sphere)
[2016.02.18-04.53.38:694][554]LogEditorViewport: Clicking on Actor (LMB): StaticMeshActor (Cube14)
[2016.02.18-04.53.41:450][754]LogEditorViewport: Clicking on Actor (LMB): BP_Sky_Sphere_C (Sky Sphere)
[2016.02.18-04.53.42:884][866]LogEditorViewport: Clicking on Actor (LMB): StaticMeshActor (Cube14)
[2016.02.18-04.53.54:984][885]LogEditorViewport: Clicking on Actor (LMB): StaticMeshActor (Cube16)
[2016.02.18-04.53.55:327][912]LogEditorViewport: Clicking on Actor (LMB): BP_Sky_Sphere_C (Sky Sphere)
[2016.02.18-04.53.57:142][ 57]LogEditorViewport: Clicking on Actor (LMB): StaticMeshActor (Cube16)
[2016.02.18-04.54.08:958][ 43]LogEditorViewport: Clicking on Actor (LMB): StaticMeshActor (Cube16)
[2016.02.18-04.54.33:225][926]LogEditorViewport: Clicking on Actor (LMB): BP_Sky_Sphere_C (Sky Sphere)
[2016.02.18-04.54.34:772][ 44]LogEditorViewport: Clicking on Actor (LMB): StaticMeshActor (Cube15)
[2016.02.18-04.54.41:884][639]LogEditorViewport: Clicking on Actor (LMB): StaticMeshActor (Cube15)
[2016.02.18-04.54.57:134][903]LogEditorViewport: Clicking on Actor (LMB): BP_Sky_Sphere_C (Sky Sphere)
[2016.02.18-04.55.04:135][426]MapCheck: New page: Map Check
[2016.02.18-04.55.04:148][426]Cmd: MAP REBUILD ALLVISIBLE
[2016.02.18-04.55.04:149][426]LogEditorServer: Rebuildmap Clear paths rebuilt
[2016.02.18-04.55.04:169][426]LightingResults: New page: Lighting Build - Feb 19, 2016, 2:55:04 AM
[2016.02.18-04.55.08:914][426]LogStaticLightingSystem:Warning: No importance volume found, so the scene bounding box was used.  You can optimize your scene's quality and lighting build times by adding importance volumes.
[2016.02.18-04.55.08:914][426]LogStaticLightingSystem: Running Lightmass w/ ImmediateImport mode ENABLED
[2016.02.18-04.55.08:914][426]LogStaticLightingSystem: Running Lightmass w/ ImmediateProcess mode ENABLED
[2016.02.18-04.55.08:914][426]LogStaticLightingSystem: Running Lightmass w/ Sorting mode ENABLED
[2016.02.18-04.55.08:914][426]LogStaticLightingSystem: Running Lightmass w/ Mapping paddings ENABLED
[2016.02.18-04.55.08:914][426]LogStaticLightingSystem: Running Lightmass w/ Mapping debug paddings DISABLED
[2016.02.18-04.55.09:092][426]LogEditorBuildUtils: Build time 0:00:04
[2016.02.18-04.55.09:096][426]LogMaterial: Missing cached shader map for material FLightmassMaterialRenderer DefaultMaterial, compiling. 
[2016.02.18-04.55.09:104][426]LogMaterial: Missing cached shader map for material FLightmassMaterialRenderer DefaultMaterial, compiling. 
[2016.02.18-04.55.09:121][427]LogMaterial: Missing cached shader map for material FLightmassMaterialRenderer MaterialInstanceDynamic_33, compiling. 
[2016.02.18-04.55.09:125][427]LogMaterial: Missing cached shader map for material FLightmassMaterialRenderer MaterialInstanceDynamic_33, compiling. 
[2016.02.18-04.55.09:129][427]LogMaterial: Missing cached shader map for material FLightmassMaterialRenderer BasicShapeMaterial, compiling. 
[2016.02.18-04.55.09:133][427]LogMaterial: Missing cached shader map for material FLightmassMaterialRenderer BasicShapeMaterial, compiling. 
[2016.02.18-04.55.09:217][428]LogMaterial: Missing cached shader map for material FLightmassMaterialRenderer WorldGridMaterial, compiling. Is special engine material.
[2016.02.18-04.55.09:222][428]LogMaterial: Missing cached shader map for material FLightmassMaterialRenderer WorldGridMaterial, compiling. Is special engine material.
[2016.02.18-04.55.12:521][481]Job is a success!
[2016.02.18-04.55.12:640][482]LogTexture:Display: Building textures: HQ_Lightmap0_1 (AutoDXT)
[2016.02.18-04.55.12:656][482]LogTexture:Display: Building textures: LQ_Lightmap_0_7 (DXT1)
[2016.02.18-04.55.12:656][482]LogTexture:Display: Building textures: HQ_Lightmap0_7 (AutoDXT)
[2016.02.18-04.55.12:657][482]LogTexture:Display: Building textures: LQ_Lightmap_0_6 (DXT1)
[2016.02.18-04.55.12:663][482]LogTexture:Display: Building textures: HQ_Lightmap0_6 (AutoDXT)
[2016.02.18-04.55.12:684][482]LogTexture:Display: Building textures: LQ_Lightmap_0_5 (DXT1)
[2016.02.18-04.55.12:692][482]LogTexture:Display: Building textures: HQ_Lightmap0_5 (AutoDXT)
[2016.02.18-04.55.12:706][482]LogTexture:Display: Building textures: LQ_Lightmap_1_4 (DXT1)
[2016.02.18-04.55.12:710][482]LogTexture:Display: Building textures: HQ_Lightmap1_4 (AutoDXT)
[2016.02.18-04.55.12:721][482]LogTexture:Display: Building textures: LQ_Lightmap_1_3 (DXT1)
[2016.02.18-04.55.12:731][482]LogTexture:Display: Building textures: HQ_Lightmap1_3 (AutoDXT)
[2016.02.18-04.55.12:755][482]LogTexture:Display: Building textures: LQ_Lightmap_1_2 (DXT1)
[2016.02.18-04.55.12:760][482]LogTexture:Display: Building textures: HQ_Lightmap1_2 (AutoDXT)
[2016.02.18-04.55.12:785][482]LogTexture:Display: Building textures: LQ_Lightmap_0_1 (DXT1)
[2016.02.18-04.55.12:803][482]LogTexture:Display: Building textures: ShadowMapTexture2D_0 (G8)
[2016.02.18-04.55.12:811][482]LogTexture:Display: Building textures: ShadowMapTexture2D_1 (G8)
[2016.02.18-04.55.12:827][482]LogTexture:Display: Building textures: ShadowMapTexture2D_6 (G8)
[2016.02.18-04.55.12:830][482]LogTexture:Display: Building textures: ShadowMapTexture2D_7 (G8)
[2016.02.18-04.55.12:838][482]LogTexture:Display: Building textures: ShadowMapTexture2D_8 (G8)
[2016.02.18-04.55.12:847][482]LogTexture:Display: Building textures: ShadowMapTexture2D_9 (G8)
[2016.02.18-04.55.12:849][482]LogTexture:Display: Building textures: ShadowMapTexture2D_10 (G8)
[2016.02.18-04.55.12:920][482]Lightmass on HARST-E0B24C: 1.16 sec total, 81 ms importing, 3 ms setup, 312 ms photons, 738 ms processing, 0 ms extra exporting [20/20 mappings]. Threads: 4.98 sec total, 1.74 sec processing.
[2016.02.18-04.55.12:957][482]LogStaticLightingSystem: Illumination: 8.74 sec (237 ms encoding lightmaps)
[2016.02.18-04.55.12:957][482]LogStaticLightingSystem: Lightmap texture memory:  0.4 MB (0.4 MB streaming, 0.0 MB non-streaming), 14 textures
[2016.02.18-04.55.12:957][482]LogStaticLightingSystem: Shadowmap texture memory: 0.2 MB (0.2 MB streaming, 0.0 MB non-streaming), 7 textures
[2016.02.18-04.55.13:919][483]Cmd: MAP CHECK NOTIFYRESULTS
[2016.02.18-04.55.13:919][483]MapCheck: New page: swapMap - Feb 19, 2016, 2:55:13 AM
[2016.02.18-04.55.13:984][483]MapCheck: Info Map check complete: 0 Error(s), 0 Warning(s), took 64.635ms to complete.
[2016.02.18-04.55.42:116][767]LogEditorViewport: Clicking on Actor (LMB): BP_Sky_Sphere_C (Sky Sphere)
[2016.02.18-04.55.54:090][780]LogEditorViewport: Clicking on Actor (LMB): StaticMeshActor (Cube18)
[2016.02.18-04.55.55:096][866]LogEditorViewport: Clicking on Actor (LMB): StaticMeshActor (Cube18)
[2016.02.18-04.55.55:658][915]LogEditorViewport: Clicking on Actor (LMB): StaticMeshActor (Cube18)
[2016.02.18-04.55.55:975][941]LogEditorViewport: Clicking on Actor (LMB): WallClimb_C (WallClimb2)
[2016.02.18-04.55.58:170][131]LogEditorViewport: Clicking on Actor (LMB): StaticMeshActor (Cube18)
[2016.02.18-04.55.58:437][151]LogEditorViewport: Clicking on Actor (LMB): StaticMeshActor (Cube18)
[2016.02.18-04.56.02:511][508]LogEditorViewport: Clicking on Actor (LMB): StaticMeshActor (Cube18)
[2016.02.18-04.56.02:856][537]LogEditorViewport: Clicking on Actor (LMB): BP_Sky_Sphere_C (Sky Sphere)
[2016.02.18-04.56.02:987][545]LogEditorViewport: Clicking on Component (LMB): StaticMeshComponent (Sky Sphere mesh)
[2016.02.18-04.56.03:425][582]LogEditorViewport: Clicking on Actor (LMB): StaticMeshActor (Cube18)
[2016.02.18-04.56.05:551][766]LogEditorViewport: Clicking on Actor (LMB): BP_Sky_Sphere_C (Sky Sphere)
[2016.02.18-04.56.05:875][792]LogEditorViewport: Clicking on Actor (LMB): BP_Sky_Sphere_C (Sky Sphere)
[2016.02.18-04.56.06:186][818]LogEditorViewport: Clicking on Actor (LMB): BP_Sky_Sphere_C (Sky Sphere)
[2016.02.18-04.56.06:282][823]LogEditorViewport: Clicking on Component (LMB): StaticMeshComponent (Sky Sphere mesh)
[2016.02.18-04.56.06:508][842]LogEditorViewport: Clicking on Component (LMB): StaticMeshComponent (Sky Sphere mesh)
[2016.02.18-04.56.08:869][ 50]LogEditorViewport: Clicking on Component (LMB): StaticMeshComponent (Sky Sphere mesh)
[2016.02.18-04.56.09:128][ 71]LogEditorViewport: Clicking on Component (LMB): StaticMeshComponent (Sky Sphere mesh)
[2016.02.18-04.56.09:477][100]LogEditorViewport: Clicking on Component (LMB): StaticMeshComponent (Sky Sphere mesh)
[2016.02.18-04.56.09:571][105]LogEditorViewport: Clicking on Actor (double click): BP_Sky_Sphere_C (Sky Sphere)
[2016.02.18-04.56.10:050][147]LogEditorViewport: Clicking on Actor (LMB): BP_Sky_Sphere_C (Sky Sphere)
[2016.02.18-04.56.10:375][174]LogEditorViewport: Clicking on Actor (LMB): BP_Sky_Sphere_C (Sky Sphere)
[2016.02.18-04.56.10:607][193]LogEditorViewport: Clicking on Actor (LMB): BP_Sky_Sphere_C (Sky Sphere)
[2016.02.18-04.56.10:910][218]LogEditorViewport: Clicking on Actor (LMB): BP_Sky_Sphere_C (Sky Sphere)
[2016.02.18-04.56.10:988][222]LogEditorViewport: Clicking on Actor (double click): WallClimb_C (WallClimb2)
[2016.02.18-04.56.11:214][242]LogEditorViewport: Clicking on Actor (LMB): WallClimb_C (WallClimb2)
[2016.02.18-04.56.13:030][399]LogEditorViewport: Clicking on Actor (LMB): BP_Sky_Sphere_C (Sky Sphere)
[2016.02.18-04.56.14:985][560]LogEditorViewport: Clicking on Actor (LMB): StaticMeshActor (Cube18)
[2016.02.18-04.56.19:638][951]LogEditorViewport: Clicking on Actor (LMB): StaticMeshActor (Cube15)
[2016.02.18-04.56.33:807][ 25]LogEditorViewport: Clicking on Actor (LMB): BP_Sky_Sphere_C (Sky Sphere)
[2016.02.18-04.56.34:589][ 88]LogEditorViewport: Clicking on Actor (LMB): StaticMeshActor (Cube19)
[2016.02.18-04.56.41:448][635]LogEditorViewport: Clicking on Actor (LMB): StaticMeshActor (Cube18)
[2016.02.18-04.56.46:768][ 40]LogEditorViewport: Clicking on Actor (LMB): StaticMeshActor (Cube19)
[2016.02.18-04.56.52:705][506]LogEditorViewport: Clicking on Actor (LMB): BP_Sky_Sphere_C (Sky Sphere)
[2016.02.18-04.57.13:708][259]LogPlayLevel: PlayLevel: No blueprints needed recompiling
[2016.02.18-04.57.13:708][259]PIE: New page: PIE session: swapMap (Feb 19, 2016, 2:57:13 AM)
[2016.02.18-04.57.13:708][259]LogPlayLevel: Creating play world package: /Game/Maps/UEDPIE_0_swapMap
[2016.02.18-04.57.13:713][259]LogPlayLevel: PIE: StaticDuplicateObject took: (0.004352s)
[2016.02.18-04.57.13:714][259]LogAIModule: Creating AISystem for world swapMap
[2016.02.18-04.57.13:714][259]LogPlayLevel: PIE: World Init took: (0.001192s)
[2016.02.18-04.57.13:714][259]LogPlayLevel: PIE: Created PIE world by copying editor world from /Game/Maps/swapMap.swapMap to /Game/Maps/UEDPIE_0_swapMap.swapMap (0.005751s)
[2016.02.18-04.57.13:714][259]LogActorComponent: UnregisterComponent: (/Engine/Transient.CharMoveComp) Not registered. Aborting.
[2016.02.18-04.57.13:745][259]LogInit: XAudio2 using 'Realtek Digital Output(Optical) (Realtek High Definition Audio)' : 2 channels at 48 kHz using 16 bits per sample (channel mask 0x3)
[2016.02.18-04.57.13:756][259]LogInit: FAudioDevice initialized.
[2016.02.18-04.57.13:786][259]LogWorld: Game class is 'SwapGameMode_C'
[2016.02.18-04.57.13:792][259]LogWorld: Bringing World /Game/Maps/UEDPIE_0_swapMap.swapMap up for play (max tick rate 0) at 2016.02.18-15.57.13
[2016.02.18-04.57.13:792][259]LogActor:Warning: GameSession /Game/Maps/UEDPIE_0_swapMap.swapMap:PersistentLevel.GameSession_6 has natively added scene component(s), but none of them were set as the actor's RootComponent - picking one arbitrarily
[2016.02.18-04.57.13:792][259]LogActor:Warning: GameNetworkManager /Game/Maps/UEDPIE_0_swapMap.swapMap:PersistentLevel.GameNetworkManager_6 has natively added scene component(s), but none of them were set as the actor's RootComponent - picking one arbitrarily
[2016.02.18-04.57.13:792][259]LogWorld: Bringing up level for play took: 0.005039
[2016.02.18-04.57.13:795][259]PIE: Info Play in editor start time for /Game/Maps/UEDPIE_0_swapMap 0.534
[2016.02.18-04.57.23:605][273]LogBlueprintUserMessages: [SwapMan_C_12] X=0.975 Y=-0.223 Z=0.000
[2016.02.18-04.57.57:144][590]LogParticles: Destroying 0 GPU particle simulations for FXSystem 0x0000000018FC63E0
[2016.02.18-04.58.03:519][139]LogEditorViewport: Clicking on Actor (LMB): StaticMeshActor (Cube17)
[2016.02.18-04.58.28:339][133]LogEditorViewport: Clicking on Actor (LMB): SwapObjectTest_C (SwapObjectTest2)
[2016.02.18-04.58.37:752][898]LogPlayLevel: PlayLevel: No blueprints needed recompiling
[2016.02.18-04.58.37:752][898]PIE: New page: PIE session: swapMap (Feb 19, 2016, 2:58:37 AM)
[2016.02.18-04.58.37:752][898]LogPlayLevel: Creating play world package: /Game/Maps/UEDPIE_0_swapMap
[2016.02.18-04.58.37:758][898]LogPlayLevel: PIE: StaticDuplicateObject took: (0.005524s)
[2016.02.18-04.58.37:759][898]LogAIModule: Creating AISystem for world swapMap
[2016.02.18-04.58.37:759][898]LogPlayLevel: PIE: World Init took: (0.001177s)
[2016.02.18-04.58.37:759][898]LogPlayLevel: PIE: Created PIE world by copying editor world from /Game/Maps/swapMap.swapMap to /Game/Maps/UEDPIE_0_swapMap.swapMap (0.006901s)
[2016.02.18-04.58.37:788][898]LogInit: XAudio2 using 'Realtek Digital Output(Optical) (Realtek High Definition Audio)' : 2 channels at 48 kHz using 16 bits per sample (channel mask 0x3)
[2016.02.18-04.58.37:799][898]LogInit: FAudioDevice initialized.
[2016.02.18-04.58.37:833][898]LogWorld: Game class is 'SwapGameMode_C'
[2016.02.18-04.58.37:839][898]LogWorld: Bringing World /Game/Maps/UEDPIE_0_swapMap.swapMap up for play (max tick rate 0) at 2016.02.18-15.58.37
[2016.02.18-04.58.37:839][898]LogActor:Warning: GameSession /Game/Maps/UEDPIE_0_swapMap.swapMap:PersistentLevel.GameSession_7 has natively added scene component(s), but none of them were set as the actor's RootComponent - picking one arbitrarily
[2016.02.18-04.58.37:839][898]LogActor:Warning: GameNetworkManager /Game/Maps/UEDPIE_0_swapMap.swapMap:PersistentLevel.GameNetworkManager_7 has natively added scene component(s), but none of them were set as the actor's RootComponent - picking one arbitrarily
[2016.02.18-04.58.37:840][898]LogWorld: Bringing up level for play took: 0.005351
[2016.02.18-04.58.37:842][898]PIE: Info Play in editor start time for /Game/Maps/UEDPIE_0_swapMap 0.584
[2016.02.18-04.58.43:938][490]LogParticles: Destroying 0 GPU particle simulations for FXSystem 0x000000005DDBD4E0
[2016.02.18-04.58.49:139][917]LogPlayLevel: PlayLevel: No blueprints needed recompiling
[2016.02.18-04.58.49:139][917]PIE: New page: PIE session: swapMap (Feb 19, 2016, 2:58:49 AM)
[2016.02.18-04.58.49:139][917]LogPlayLevel: Creating play world package: /Game/Maps/UEDPIE_0_swapMap
[2016.02.18-04.58.49:143][917]LogPlayLevel: PIE: StaticDuplicateObject took: (0.004089s)
[2016.02.18-04.58.49:144][917]LogAIModule: Creating AISystem for world swapMap
[2016.02.18-04.58.49:144][917]LogPlayLevel: PIE: World Init took: (0.001007s)
[2016.02.18-04.58.49:144][917]LogPlayLevel: PIE: Created PIE world by copying editor world from /Game/Maps/swapMap.swapMap to /Game/Maps/UEDPIE_0_swapMap.swapMap (0.005299s)
[2016.02.18-04.58.49:170][917]LogInit: XAudio2 using 'Realtek Digital Output(Optical) (Realtek High Definition Audio)' : 2 channels at 48 kHz using 16 bits per sample (channel mask 0x3)
[2016.02.18-04.58.49:180][917]LogInit: FAudioDevice initialized.
[2016.02.18-04.58.49:212][917]LogWorld: Game class is 'SwapGameMode_C'
[2016.02.18-04.58.49:218][917]LogWorld: Bringing World /Game/Maps/UEDPIE_0_swapMap.swapMap up for play (max tick rate 0) at 2016.02.18-15.58.49
[2016.02.18-04.58.49:218][917]LogActor:Warning: GameSession /Game/Maps/UEDPIE_0_swapMap.swapMap:PersistentLevel.GameSession_8 has natively added scene component(s), but none of them were set as the actor's RootComponent - picking one arbitrarily
[2016.02.18-04.58.49:219][917]LogActor:Warning: GameNetworkManager /Game/Maps/UEDPIE_0_swapMap.swapMap:PersistentLevel.GameNetworkManager_8 has natively added scene component(s), but none of them were set as the actor's RootComponent - picking one arbitrarily
[2016.02.18-04.58.49:219][917]LogWorld: Bringing up level for play took: 0.005105
[2016.02.18-04.58.49:221][917]PIE: Info Play in editor start time for /Game/Maps/UEDPIE_0_swapMap -0.036
[2016.02.18-04.58.58:470][841]LogParticles: Destroying 0 GPU particle simulations for FXSystem 0x000000004091BC40
[2016.02.18-04.59.23:608][702]LogSavePackage: Save=36.034840ms
[2016.02.18-04.59.23:608][702]LogSavePackage: Moving '../../../../../../Users/lochlan.mckinno/Documents/GitHub/UE4Projects/GroupProject/Swap/Swap/Saved/swapMap_Auto3124A3ECA47F63EC11639F684B05C3A0F.tmp' to '../../../../../../Users/lochlan.mckinno/Documents/GitHub/UE4Projects/GroupProject/Swap/Swap/Saved/Autosaves/Game/Maps/swapMap_Auto3.umap'
[2016.02.18-04.59.23:609][702]LogSavePackage: Total save time: 48.346430ms
[2016.02.18-04.59.23:609][702]LogSavePackage:Display: Finished SavePackage ../../../../../../Users/lochlan.mckinno/Documents/GitHub/UE4Projects/GroupProject/Swap/Swap/Saved/Autosaves/Game/Maps/swapMap_Auto3.umap
[2016.02.18-04.59.23:610][702]LogFileHelpers: Editor autosave (incl. sublevels) for '/Game/Maps/swapMap' took 0.077
[2016.02.18-04.59.23:610][702]LogFileHelpers: Editor autosave (incl. sublevels) for all levels took 0.077
[2016.02.18-04.59.36:171][616]LogPlayLevel: PlayLevel: No blueprints needed recompiling
[2016.02.18-04.59.36:172][616]PIE: New page: PIE session: swapMap (Feb 19, 2016, 2:59:36 AM)
[2016.02.18-04.59.36:172][616]LogPlayLevel: Creating play world package: /Game/Maps/UEDPIE_0_swapMap
[2016.02.18-04.59.36:176][616]LogPlayLevel: PIE: StaticDuplicateObject took: (0.004814s)
[2016.02.18-04.59.36:177][616]LogAIModule: Creating AISystem for world swapMap
[2016.02.18-04.59.36:177][616]LogPlayLevel: PIE: World Init took: (0.000853s)
[2016.02.18-04.59.36:177][616]LogPlayLevel: PIE: Created PIE world by copying editor world from /Game/Maps/swapMap.swapMap to /Game/Maps/UEDPIE_0_swapMap.swapMap (0.005858s)
[2016.02.18-04.59.36:178][616]LogActorComponent: UnregisterComponent: (/Engine/Transient.CharMoveComp) Not registered. Aborting.
[2016.02.18-04.59.36:203][616]LogInit: XAudio2 using 'Realtek Digital Output(Optical) (Realtek High Definition Audio)' : 2 channels at 48 kHz using 16 bits per sample (channel mask 0x3)
[2016.02.18-04.59.36:212][616]LogInit: FAudioDevice initialized.
[2016.02.18-04.59.36:245][616]LogWorld: Game class is 'SwapGameMode_C'
[2016.02.18-04.59.36:251][616]LogWorld: Bringing World /Game/Maps/UEDPIE_0_swapMap.swapMap up for play (max tick rate 0) at 2016.02.18-15.59.36
[2016.02.18-04.59.36:251][616]LogActor:Warning: GameSession /Game/Maps/UEDPIE_0_swapMap.swapMap:PersistentLevel.GameSession_9 has natively added scene component(s), but none of them were set as the actor's RootComponent - picking one arbitrarily
[2016.02.18-04.59.36:251][616]LogActor:Warning: GameNetworkManager /Game/Maps/UEDPIE_0_swapMap.swapMap:PersistentLevel.GameNetworkManager_9 has natively added scene component(s), but none of them were set as the actor's RootComponent - picking one arbitrarily
[2016.02.18-04.59.36:251][616]LogWorld: Bringing up level for play took: 0.005026
[2016.02.18-04.59.36:253][616]PIE: Info Play in editor start time for /Game/Maps/UEDPIE_0_swapMap 0.998
[2016.02.18-04.59.48:858][901]LogBlueprintUserMessages: [SwapMan_C_15] X=0.919 Y=-0.395 Z=0.000
[2016.02.18-04.59.51:812][195]LogParticles: Destroying 0 GPU particle simulations for FXSystem 0x0000000016AC7EC0
[2016.02.18-04.59.53:251][287]LogPlayLevel: PlayLevel: No blueprints needed recompiling
[2016.02.18-04.59.53:251][287]PIE: New page: PIE session: swapMap (Feb 19, 2016, 2:59:53 AM)
[2016.02.18-04.59.53:251][287]LogPlayLevel: Creating play world package: /Game/Maps/UEDPIE_0_swapMap
[2016.02.18-04.59.53:257][287]LogPlayLevel: PIE: StaticDuplicateObject took: (0.005448s)
[2016.02.18-04.59.53:257][287]LogAIModule: Creating AISystem for world swapMap
[2016.02.18-04.59.53:257][287]LogPlayLevel: PIE: World Init took: (0.000898s)
[2016.02.18-04.59.53:258][287]LogPlayLevel: PIE: Created PIE world by copying editor world from /Game/Maps/swapMap.swapMap to /Game/Maps/UEDPIE_0_swapMap.swapMap (0.006543s)
[2016.02.18-04.59.53:283][287]LogInit: XAudio2 using 'Realtek Digital Output(Optical) (Realtek High Definition Audio)' : 2 channels at 48 kHz using 16 bits per sample (channel mask 0x3)
[2016.02.18-04.59.53:293][287]LogInit: FAudioDevice initialized.
[2016.02.18-04.59.53:323][287]LogWorld: Game class is 'SwapGameMode_C'
[2016.02.18-04.59.53:328][287]LogWorld: Bringing World /Game/Maps/UEDPIE_0_swapMap.swapMap up for play (max tick rate 0) at 2016.02.18-15.59.53
[2016.02.18-04.59.53:328][287]LogActor:Warning: GameSession /Game/Maps/UEDPIE_0_swapMap.swapMap:PersistentLevel.GameSession_10 has natively added scene component(s), but none of them were set as the actor's RootComponent - picking one arbitrarily
[2016.02.18-04.59.53:328][287]LogActor:Warning: GameNetworkManager /Game/Maps/UEDPIE_0_swapMap.swapMap:PersistentLevel.GameNetworkManager_10 has natively added scene component(s), but none of them were set as the actor's RootComponent - picking one arbitrarily
[2016.02.18-04.59.53:329][287]LogWorld: Bringing up level for play took: 0.005152
[2016.02.18-04.59.53:331][287]PIE: Info Play in editor start time for /Game/Maps/UEDPIE_0_swapMap 0.077
[2016.02.18-05.00.02:930][268]LogBlueprintUserMessages: [SwapMan_C_16] X=0.949 Y=-0.314 Z=0.000
[2016.02.18-05.00.11:679][135]LogBlueprintUserMessages: [SwapMan_C_16] X=-0.892 Y=-0.453 Z=0.000
[2016.02.18-05.00.12:456][214]LogBlueprintUserMessages: [SwapMan_C_16] X=-0.892 Y=-0.453 Z=0.000
[2016.02.18-05.00.17:759][764]LogBlueprintUserMessages: [SwapMan_C_16] X=0.988 Y=0.152 Z=0.000
[2016.02.18-05.00.39:631][955]LogParticles: Destroying 0 GPU particle simulations for FXSystem 0x0000000077A9E020
[2016.02.18-05.00.40:918][ 46]Cmd: POLY SELECT ADJACENT WALLS
[2016.02.18-05.00.41:668][100]Cmd: POLY SELECT MEMORY UNION
[2016.02.18-05.00.54:642][192]LogEditorViewport: Clicking on Actor (LMB): StaticMeshActor (Cube18)
[2016.02.18-05.00.57:078][395]LogEditorViewport: Clicking on Actor (CTRL LMB): WallClimb_C (WallClimb2)
[2016.02.18-05.00.58:721][538]LogEditorViewport: Clicking on Actor (CTRL LMB): StaticMeshActor (Cube18)
[2016.02.18-05.01.22:149][405]LogEditorViewport: Clicking on Actor (LMB): BP_Sky_Sphere_C (Sky Sphere2)
[2016.02.18-05.01.22:936][468]LogEditorViewport: Clicking on Actor (LMB): BP_Sky_Sphere_C (Sky Sphere2)
[2016.02.18-05.01.23:277][494]LogEditorViewport: Clicking on Actor (LMB): WallClimb_C (WallClimb4)
[2016.02.18-05.01.23:384][499]LogEditorViewport: Clicking on Actor (double click): BP_Sky_Sphere_C (Sky Sphere2)
[2016.02.18-05.01.24:167][564]LogEditorViewport: Clicking on Actor (LMB): BP_Sky_Sphere_C (Sky Sphere2)
[2016.02.18-05.01.24:432][583]LogEditorViewport: Clicking on Component (LMB): StaticMeshComponent (Sky Sphere mesh)
[2016.02.18-05.01.24:922][622]LogEditorViewport: Clicking on Component (LMB): StaticMeshComponent (Sky Sphere mesh)
[2016.02.18-05.01.25:107][635]LogEditorViewport: Clicking on Actor (double click): BP_Sky_Sphere_C (Sky Sphere2)
[2016.02.18-05.01.25:396][659]LogEditorViewport: Clicking on Actor (LMB): BP_Sky_Sphere_C (Sky Sphere2)
[2016.02.18-05.01.25:609][675]LogEditorViewport: Clicking on Actor (LMB): BP_Sky_Sphere_C (Sky Sphere2)
[2016.02.18-05.01.25:740][683]LogEditorViewport: Clicking on Component (LMB): StaticMeshComponent (Sky Sphere mesh)
[2016.02.18-05.01.26:232][722]LogEditorViewport: Clicking on Component (LMB): StaticMeshComponent (Sky Sphere mesh)
[2016.02.18-05.01.27:286][801]LogEditorViewport: Clicking on Component (LMB): StaticMeshComponent (Sky Sphere mesh)
[2016.02.18-05.01.27:599][824]LogEditorViewport: Clicking on Component (LMB): StaticMeshComponent (Sky Sphere mesh)
[2016.02.18-05.01.28:013][855]LogEditorViewport: Clicking on Actor (LMB): WallClimb_C (WallClimb4)
[2016.02.18-05.01.36:289][457]LogEditorViewport: Clicking on Actor (LMB): StaticMeshActor (Cube19)
[2016.02.18-05.01.45:730][166]LogEditorViewport: Clicking on Actor (LMB): StaticMeshActor (Cube21)
[2016.02.18-05.01.52:133][691]LogEditorViewport: Clicking on Actor (LMB): StaticMeshActor (Cube22)
[2016.02.18-05.02.14:924][532]LogEditorViewport: Clicking on Actor (context menu): BP_Sky_Sphere_C (Sky Sphere2)
[2016.02.18-05.02.16:992][679]LogEditorViewport: Clicking on Actor (LMB): StaticMeshActor (Cube24)
[2016.02.18-05.02.34:334][ 32]LogEditorViewport: Clicking on Actor (LMB): BP_Sky_Sphere_C (Sky Sphere2)
[2016.02.18-05.02.38:298][335]LogEditorViewport: Clicking on Actor (LMB): StaticMeshActor (Cube24)
[2016.02.18-05.02.39:145][386]Cmd: CAMERA ALIGN ACTIVEVIEWPORTONLY
[2016.02.18-05.02.42:651][634]LogEditorViewport: Clicking on Actor (LMB): StaticMeshActor (Cube25)
[2016.02.18-05.02.45:588][858]LogEditorViewport: Clicking on Actor (LMB): StaticMeshActor (Cube26)
[2016.02.18-05.02.52:794][412]LogEditorViewport: Clicking on Actor (LMB): StaticMeshActor (Cube25)
[2016.02.18-05.02.57:980][801]LogEditorViewport: Clicking on Actor (LMB): StaticMeshActor (Cube26)
[2016.02.18-05.03.00:871][  7]LogEditorViewport: Clicking on Actor (LMB): StaticMeshActor (Cube25)
[2016.02.18-05.03.02:282][104]LogEditorViewport: Clicking on Actor (LMB): BP_Sky_Sphere_C (Sky Sphere2)
[2016.02.18-05.03.03:433][177]LogPlayLevel: PlayLevel: No blueprints needed recompiling
[2016.02.18-05.03.03:433][177]PIE: New page: PIE session: swapMap (Feb 19, 2016, 3:03:03 AM)
[2016.02.18-05.03.03:433][177]LogPlayLevel: Creating play world package: /Game/Maps/UEDPIE_0_swapMap
[2016.02.18-05.03.03:438][177]LogPlayLevel: PIE: StaticDuplicateObject took: (0.005434s)
[2016.02.18-05.03.03:439][177]LogAIModule: Creating AISystem for world swapMap
[2016.02.18-05.03.03:439][177]LogPlayLevel: PIE: World Init took: (0.000837s)
[2016.02.18-05.03.03:439][177]LogPlayLevel: PIE: Created PIE world by copying editor world from /Game/Maps/swapMap.swapMap to /Game/Maps/UEDPIE_0_swapMap.swapMap (0.006501s)
[2016.02.18-05.03.03:471][177]LogInit: XAudio2 using 'Realtek Digital Output(Optical) (Realtek High Definition Audio)' : 2 channels at 48 kHz using 16 bits per sample (channel mask 0x3)
[2016.02.18-05.03.03:481][177]LogInit: FAudioDevice initialized.
[2016.02.18-05.03.03:509][177]LogWorld: Game class is 'SwapGameMode_C'
[2016.02.18-05.03.03:516][177]LogWorld: Bringing World /Game/Maps/UEDPIE_0_swapMap.swapMap up for play (max tick rate 0) at 2016.02.18-16.03.03
[2016.02.18-05.03.03:516][177]LogActor:Warning: GameSession /Game/Maps/UEDPIE_0_swapMap.swapMap:PersistentLevel.GameSession_11 has natively added scene component(s), but none of them were set as the actor's RootComponent - picking one arbitrarily
[2016.02.18-05.03.03:516][177]LogActor:Warning: GameNetworkManager /Game/Maps/UEDPIE_0_swapMap.swapMap:PersistentLevel.GameNetworkManager_11 has natively added scene component(s), but none of them were set as the actor's RootComponent - picking one arbitrarily
[2016.02.18-05.03.03:516][177]LogWorld: Bringing up level for play took: 0.005849
[2016.02.18-05.03.03:518][177]PIE: Info Play in editor start time for /Game/Maps/UEDPIE_0_swapMap 0.272
[2016.02.18-05.03.14:501][220]LogBlueprintUserMessages: [SwapMan_C_17] X=0.969 Y=-0.248 Z=0.000
[2016.02.18-05.03.34:184][ 38]LogParticles: Destroying 0 GPU particle simulations for FXSystem 0x000000005DDBDF80
[2016.02.18-05.03.37:233][276]LogEditorViewport: Clicking on Actor (LMB): StaticMeshActor (Cube22)
[2016.02.18-05.04.03:464][373]LogEditorViewport: Clicking on Actor (LMB): SwapObjectTest_C (SwapObjectTest2)
[2016.02.18-05.04.27:915][340]LogPlayLevel: PlayLevel: No blueprints needed recompiling
[2016.02.18-05.04.27:915][340]PIE: New page: PIE session: swapMap (Feb 19, 2016, 3:04:27 AM)
[2016.02.18-05.04.27:915][340]LogPlayLevel: Creating play world package: /Game/Maps/UEDPIE_0_swapMap
[2016.02.18-05.04.27:920][340]LogPlayLevel: PIE: StaticDuplicateObject took: (0.005591s)
[2016.02.18-05.04.27:921][340]LogAIModule: Creating AISystem for world swapMap
[2016.02.18-05.04.27:921][340]LogPlayLevel: PIE: World Init took: (0.000990s)
[2016.02.18-05.04.27:922][340]LogPlayLevel: PIE: Created PIE world by copying editor world from /Game/Maps/swapMap.swapMap to /Game/Maps/UEDPIE_0_swapMap.swapMap (0.006784s)
[2016.02.18-05.04.27:947][340]LogInit: XAudio2 using 'Realtek Digital Output(Optical) (Realtek High Definition Audio)' : 2 channels at 48 kHz using 16 bits per sample (channel mask 0x3)
[2016.02.18-05.04.27:957][340]LogInit: FAudioDevice initialized.
[2016.02.18-05.04.27:986][340]LogWorld: Game class is 'SwapGameMode_C'
[2016.02.18-05.04.27:993][340]LogWorld: Bringing World /Game/Maps/UEDPIE_0_swapMap.swapMap up for play (max tick rate 0) at 2016.02.18-16.04.27
[2016.02.18-05.04.27:993][340]LogActor:Warning: GameSession /Game/Maps/UEDPIE_0_swapMap.swapMap:PersistentLevel.GameSession_12 has natively added scene component(s), but none of them were set as the actor's RootComponent - picking one arbitrarily
[2016.02.18-05.04.27:993][340]LogActor:Warning: GameNetworkManager /Game/Maps/UEDPIE_0_swapMap.swapMap:PersistentLevel.GameNetworkManager_12 has natively added scene component(s), but none of them were set as the actor's RootComponent - picking one arbitrarily
[2016.02.18-05.04.27:994][340]LogWorld: Bringing up level for play took: 0.006059
[2016.02.18-05.04.27:996][340]PIE: Info Play in editor start time for /Game/Maps/UEDPIE_0_swapMap 0.752
[2016.02.18-05.04.38:970][393]LogBlueprintUserMessages: [SwapMan_C_18] X=0.958 Y=-0.287 Z=0.000
[2016.02.18-05.05.43:971][487]Set new viewmode: Wireframe
[2016.02.18-05.05.44:931][602]Set new viewmode: Wireframe
[2016.02.18-05.05.45:346][645]LogParticles: Destroying 0 GPU particle simulations for FXSystem 0x0000000038730540
[2016.02.18-05.06.21:117][603]LogEditorViewport: Clicking on Actor (LMB): StaticMeshActor (Cube27)
[2016.02.18-05.06.22:630][718]LogEditorViewport: Clicking on Actor (LMB): StaticMeshActor (Cube28)
[2016.02.18-05.06.59:875][425]LogEditorViewport: Clicking on Actor (context menu): BP_Sky_Sphere_C (Sky Sphere2)
[2016.02.18-05.07.07:980][ 11]Cmd: POLY SELECT ALL
[2016.02.18-05.07.27:677][458]LogPlayLevel: PlayLevel: No blueprints needed recompiling
[2016.02.18-05.07.27:677][458]PIE: New page: PIE session: swapMap (Feb 19, 2016, 3:07:27 AM)
[2016.02.18-05.07.27:677][458]LogPlayLevel: Creating play world package: /Game/Maps/UEDPIE_0_swapMap
[2016.02.18-05.07.27:682][458]LogPlayLevel: PIE: StaticDuplicateObject took: (0.005010s)
[2016.02.18-05.07.27:683][458]LogAIModule: Creating AISystem for world swapMap
[2016.02.18-05.07.27:683][458]LogPlayLevel: PIE: World Init took: (0.001234s)
[2016.02.18-05.07.27:684][458]LogPlayLevel: PIE: Created PIE world by copying editor world from /Game/Maps/swapMap.swapMap to /Game/Maps/UEDPIE_0_swapMap.swapMap (0.006467s)
[2016.02.18-05.07.27:684][458]LogActorComponent: UnregisterComponent: (/Engine/Transient.CharMoveComp) Not registered. Aborting.
[2016.02.18-05.07.27:710][458]LogInit: XAudio2 using 'Realtek Digital Output(Optical) (Realtek High Definition Audio)' : 2 channels at 48 kHz using 16 bits per sample (channel mask 0x3)
[2016.02.18-05.07.27:720][458]LogInit: FAudioDevice initialized.
[2016.02.18-05.07.27:750][458]LogWorld: Game class is 'SwapGameMode_C'
[2016.02.18-05.07.27:756][458]LogWorld: Bringing World /Game/Maps/UEDPIE_0_swapMap.swapMap up for play (max tick rate 0) at 2016.02.18-16.07.27
[2016.02.18-05.07.27:757][458]LogActor:Warning: GameSession /Game/Maps/UEDPIE_0_swapMap.swapMap:PersistentLevel.GameSession_13 has natively added scene component(s), but none of them were set as the actor's RootComponent - picking one arbitrarily
[2016.02.18-05.07.27:757][458]LogActor:Warning: GameNetworkManager /Game/Maps/UEDPIE_0_swapMap.swapMap:PersistentLevel.GameNetworkManager_13 has natively added scene component(s), but none of them were set as the actor's RootComponent - picking one arbitrarily
[2016.02.18-05.07.27:757][458]LogWorld: Bringing up level for play took: 0.006503
[2016.02.18-05.07.27:759][458]PIE: Info Play in editor start time for /Game/Maps/UEDPIE_0_swapMap 0.523
[2016.02.18-05.07.53:591][930]LogBlueprintUserMessages: [SwapMan_C_19] X=0.971 Y=-0.239 Z=0.000
[2016.02.18-05.07.55:678][126]LogParticles: Destroying 0 GPU particle simulations for FXSystem 0x000000006D0B05E0
[2016.02.18-05.08.04:475][654]LogSavePackage: Save=68.357376ms
[2016.02.18-05.08.04:475][654]LogSavePackage: Moving '../../../../../../Users/lochlan.mckinno/Documents/GitHub/UE4Projects/GroupProject/Swap/Swap/Saved/swapMap74F8FF5B4F57990632ECCAA9426894A5.tmp' to '../../../../../../Users/lochlan.mckinno/Documents/GitHub/UE4Projects/GroupProject/Swap/Swap/Content/Maps/swapMap.umap'
[2016.02.18-05.08.04:478][654]LogSavePackage: Total save time: 82.137760ms
[2016.02.18-05.08.04:478][654]LogSavePackage:Display: Finished SavePackage ../../../../../../Users/lochlan.mckinno/Documents/GitHub/UE4Projects/GroupProject/Swap/Swap/Content/Maps/swapMap.umap
[2016.02.18-05.08.07:125][715]Cmd: OBJ SAVEPACKAGE PACKAGE="/Game/BluePrints/SwapMan" FILE="../../../../../../Users/lochlan.mckinno/Documents/GitHub/UE4Projects/GroupProject/Swap/Swap/Content/BluePrints/SwapMan.uasset" SILENT=true
[2016.02.18-05.08.07:482][715]LogSavePackage: Save=346.705231ms
[2016.02.18-05.08.07:482][715]LogSavePackage: Moving '../../../../../../Users/lochlan.mckinno/Documents/GitHub/UE4Projects/GroupProject/Swap/Swap/Saved/SwapMan536CBDC447F9FEC0399709B0F81FC0FD.tmp' to '../../../../../../Users/lochlan.mckinno/Documents/GitHub/UE4Projects/GroupProject/Swap/Swap/Content/BluePrints/SwapMan.uasset'
[2016.02.18-05.08.07:485][715]LogSavePackage: Total save time: 358.207807ms
[2016.02.18-05.08.07:485][715]LogSavePackage:Display: Finished SavePackage ../../../../../../Users/lochlan.mckinno/Documents/GitHub/UE4Projects/GroupProject/Swap/Swap/Content/BluePrints/SwapMan.uasset
[2016.02.18-05.08.07:780][716]Cmd: QUIT_EDITOR
[2016.02.18-05.08.07:903][716]LogExit: Preparing to exit.
[2016.02.18-05.08.08:986][716]LogExit: Editor shut down
[2016.02.18-05.08.08:987][716]LogExit: Transaction tracking system shut down
[2016.02.18-05.08.08:988][716]LogParticles: Destroying 0 GPU particle simulations for FXSystem 0x00000000109071A0
[2016.02.18-05.08.08:989][716]LogParticles: Destroying 0 GPU particle simulations for FXSystem 0x00000000323EF880
[2016.02.18-05.08.08:989][716]LogParticles: Destroying 0 GPU particle simulations for FXSystem 0x000000003243C720
[2016.02.18-05.08.08:989][716]LogParticles: Destroying 0 GPU particle simulations for FXSystem 0x0000000024B04E00
[2016.02.18-05.08.08:990][716]LogParticles: Destroying 0 GPU particle simulations for FXSystem 0x00000000479E3380
[2016.02.18-05.08.08:990][716]LogParticles: Destroying 0 GPU particle simulations for FXSystem 0x00000000479EC7C0
[2016.02.18-05.08.09:151][716]LogExit: Object subsystem successfully closed.
[2016.02.18-05.08.09:160][716]LogD3D11RHI: Shutdown
[2016.02.18-05.08.09:160][716]LogD3D11RHI: CleanupD3DDevice
[2016.02.18-05.08.09:233][716]LogD3D11RHI: ~FD3D11DynamicRHI
[2016.02.18-05.08.09:249][716]LogModuleManager: Shutting down and abandoning module CookingStats (200)
[2016.02.18-05.08.09:249][716]LogModuleManager: Shutting down and abandoning module BlueprintGraph (199)
[2016.02.18-05.08.09:249][716]LogModuleManager: Shutting down and abandoning module CrashTracker (198)
[2016.02.18-05.08.09:249][716]LogModuleManager: Shutting down and abandoning module SceneOutliner (197)
[2016.02.18-05.08.09:249][716]LogModuleManager: Shutting down and abandoning module SuperSearch (196)
[2016.02.18-05.08.09:249][716]LogModuleManager: Shutting down and abandoning module WidgetCarousel (195)
[2016.02.18-05.08.09:249][716]LogModuleManager: Shutting down and abandoning module AddContentDialog (194)
[2016.02.18-05.08.09:250][716]LogModuleManager: Shutting down and abandoning module EditorWidgets (193)
[2016.02.18-05.08.09:250][716]LogModuleManager: Shutting down and abandoning module CollectionManager (192)
[2016.02.18-05.08.09:250][716]LogModuleManager: Shutting down and abandoning module StatsViewer (191)
[2016.02.18-05.08.09:250][716]LogModuleManager: Shutting down and abandoning module FoliageEdit (190)
[2016.02.18-05.08.09:250][716]LogModuleManager: Shutting down and abandoning module LandscapeEditor (189)
[2016.02.18-05.08.09:250][716]LogModuleManager: Shutting down and abandoning module ActorPickerMode (188)
[2016.02.18-05.08.09:250][716]LogModuleManager: Shutting down and abandoning module GeometryMode (187)
[2016.02.18-05.08.09:250][716]LogModuleManager: Shutting down and abandoning module TextureAlignMode (186)
[2016.02.18-05.08.09:250][716]LogModuleManager: Shutting down and abandoning module BspMode (185)
[2016.02.18-05.08.09:250][716]LogModuleManager: Shutting down and abandoning module PlacementMode (184)
[2016.02.18-05.08.09:250][716]LogModuleManager: Shutting down and abandoning module AutomationWorker (183)
[2016.02.18-05.08.09:250][716]LogModuleManager: Shutting down and abandoning module CharacterAI (182)
[2016.02.18-05.08.09:250][716]LogModuleManager: Shutting down and abandoning module SmartSnapping (181)
[2016.02.18-05.08.09:250][716]LogModuleManager: Shutting down and abandoning module ViewportSnapping (180)
[2016.02.18-05.08.09:250][716]LogModuleManager: Shutting down and abandoning module LogVisualizer (179)
[2016.02.18-05.08.09:251][716]LogModuleManager: Shutting down and abandoning module GameProjectGeneration (178)
[2016.02.18-05.08.09:251][716]LogModuleManager: Shutting down and abandoning module IntroTutorials (177)
[2016.02.18-05.08.09:251][716]LogModuleManager: Shutting down and abandoning module EditorLiveStreaming (176)
[2016.02.18-05.08.09:251][716]LogModuleManager: Shutting down and abandoning module IOSPlatformEditor (175)
[2016.02.18-05.08.09:251][716]LogModuleManager: Shutting down and abandoning module HTML5PlatformEditor (174)
[2016.02.18-05.08.09:251][716]LogModuleManager: Shutting down and abandoning module AndroidDeviceDetection (173)
[2016.02.18-05.08.09:821][716]LogModuleManager: Shutting down and abandoning module AndroidPlatformEditor (172)
[2016.02.18-05.08.09:821][716]LogModuleManager: Shutting down and abandoning module IOSRuntimeSettings (171)
[2016.02.18-05.08.09:821][716]LogModuleManager: Shutting down and abandoning module AndroidRuntimeSettings (170)
[2016.02.18-05.08.09:821][716]LogModuleManager: Shutting down and abandoning module MergeActors (169)
[2016.02.18-05.08.09:821][716]LogModuleManager: Shutting down and abandoning module SizeMap (168)
[2016.02.18-05.08.09:821][716]LogModuleManager: Shutting down and abandoning module TreeMap (167)
[2016.02.18-05.08.09:821][716]LogModuleManager: Shutting down and abandoning module ReferenceViewer (166)
[2016.02.18-05.08.09:821][716]LogModuleManager: Shutting down and abandoning module LocalizationService (165)
[2016.02.18-05.08.09:821][716]LogModuleManager: Shutting down and abandoning module LocalizationDashboard (164)
[2016.02.18-05.08.09:821][716]LogModuleManager: Shutting down and abandoning module HardwareTargeting (163)
[2016.02.18-05.08.09:821][716]LogModuleManager: Shutting down and abandoning module DeviceProfileEditor (162)
[2016.02.18-05.08.09:821][716]LogModuleManager: Shutting down and abandoning module UndoHistory (161)
[2016.02.18-05.08.09:821][716]LogModuleManager: Shutting down and abandoning module GameplayTagsEditor (160)
[2016.02.18-05.08.09:821][716]LogModuleManager: Shutting down and abandoning module UserFeedback (159)
[2016.02.18-05.08.09:821][716]LogModuleManager: Shutting down and abandoning module XmlParser (158)
[2016.02.18-05.08.09:821][716]LogModuleManager: Shutting down and abandoning module Blutility (157)
[2016.02.18-05.08.09:821][716]LogModuleManager: Shutting down and abandoning module ProjectTargetPlatformEditor (156)
[2016.02.18-05.08.09:821][716]LogModuleManager: Shutting down and abandoning module ProjectSettingsViewer (155)
[2016.02.18-05.08.09:821][716]LogModuleManager: Shutting down and abandoning module InputBindingEditor (154)
[2016.02.18-05.08.09:821][716]LogModuleManager: Shutting down and abandoning module EditorSettingsViewer (153)
[2016.02.18-05.08.09:821][716]LogModuleManager: Shutting down and abandoning module SettingsEditor (152)
[2016.02.18-05.08.09:821][716]LogModuleManager: Shutting down and abandoning module ProjectLauncher (151)
[2016.02.18-05.08.09:821][716]LogModuleManager: Shutting down and abandoning module SessionFrontend (150)
[2016.02.18-05.08.09:821][716]LogModuleManager: Shutting down and abandoning module ProfilerClient (149)
[2016.02.18-05.08.09:821][716]LogModuleManager: Shutting down and abandoning module TargetDeviceServices (148)
[2016.02.18-05.08.09:821][716]LogModuleManager: Shutting down and abandoning module DeviceManager (147)
[2016.02.18-05.08.09:822][716]LogModuleManager: Shutting down and abandoning module AutomationController (146)
[2016.02.18-05.08.09:822][716]LogModuleManager: Shutting down and abandoning module AutomationWindow (145)
[2016.02.18-05.08.09:822][716]LogModuleManager: Shutting down and abandoning module Layers (144)
[2016.02.18-05.08.09:822][716]LogModuleManager: Shutting down and abandoning module ComponentVisualizers (143)
[2016.02.18-05.08.09:822][716]LogModuleManager: Shutting down and abandoning module DetailCustomizations (142)
[2016.02.18-05.08.09:822][716]LogModuleManager: Shutting down and abandoning module PackagesDialog (141)
[2016.02.18-05.08.09:822][716]LogModuleManager: Shutting down and abandoning module Persona (140)
[2016.02.18-05.08.09:822][716]LogModuleManager: Shutting down and abandoning module Kismet (139)
[2016.02.18-05.08.09:822][716]LogModuleManager: Shutting down and abandoning module GraphEditor (138)
[2016.02.18-05.08.09:822][716]LogModuleManager: Shutting down and abandoning module ClassViewer (137)
[2016.02.18-05.08.09:822][716]LogModuleManager: Shutting down and abandoning module Toolbox (136)
[2016.02.18-05.08.09:822][716]LogModuleManager: Shutting down and abandoning module ModuleUI (135)
[2016.02.18-05.08.09:822][716]LogModuleManager: Shutting down and abandoning module MovieSceneTools (134)
[2016.02.18-05.08.09:822][716]LogModuleManager: Shutting down and abandoning module OutputLog (133)
[2016.02.18-05.08.09:822][716]LogModuleManager: Shutting down and abandoning module GammaUI (132)
[2016.02.18-05.08.09:822][716]LogModuleManager: Shutting down and abandoning module Documentation (131)
[2016.02.18-05.08.09:822][716]LogModuleManager: Shutting down and abandoning module GameLiveStreaming (130)
[2016.02.18-05.08.09:822][716]LogModuleManager: Shutting down and abandoning module StreamingPauseRendering (129)
[2016.02.18-05.08.09:822][716]LogModuleManager: Shutting down and abandoning module AnalyticsET (128)
[2016.02.18-05.08.09:822][716]LogModuleManager: Shutting down and abandoning module Analytics (127)
[2016.02.18-05.08.09:822][716]LogModuleManager: Shutting down and abandoning module AITestSuite (126)
[2016.02.18-05.08.09:822][716]LogModuleManager: Shutting down and abandoning module GameplayDebugger (125)
[2016.02.18-05.08.09:822][716]LogModuleManager: Shutting down and abandoning module AIModule (124)
[2016.02.18-05.08.09:822][716]LogModuleManager: Shutting down and abandoning module ProfilerService (123)
[2016.02.18-05.08.09:968][716]LogModuleManager: Shutting down and abandoning module TaskGraph (122)
[2016.02.18-05.08.09:968][716]LogModuleManager: Shutting down and abandoning module SlateRemote (121)
[2016.02.18-05.08.09:968][716]LogModuleManager: Shutting down and abandoning module SteamVRController (120)
[2016.02.18-05.08.09:968][716]LogModuleManager: Shutting down and abandoning module SteamVR (119)
[2016.02.18-05.08.09:968][716]LogModuleManager: Shutting down and abandoning module ProceduralMeshComponent (118)
[2016.02.18-05.08.09:968][716]LogModuleManager: Shutting down and abandoning module OculusLibrary (117)
[2016.02.18-05.08.09:968][716]LogModuleManager: Shutting down and abandoning module OculusInput (116)
[2016.02.18-05.08.09:968][716]LogModuleManager: Shutting down and abandoning module LeapMotionController (115)
[2016.02.18-05.08.09:975][716]LogModuleManager: Shutting down and abandoning module CustomMeshComponent (114)
[2016.02.18-05.08.09:975][716]LogModuleManager: Shutting down and abandoning module CableComponent (113)
[2016.02.18-05.08.09:975][716]LogModuleManager: Shutting down and abandoning module ArchVisCharacter (112)
[2016.02.18-05.08.09:975][716]LogModuleManager: Shutting down and abandoning module MessagingDebugger (111)
[2016.02.18-05.08.09:975][716]LogModuleManager: Shutting down and abandoning module MediaPlayerEditor (110)
[2016.02.18-05.08.09:975][716]LogModuleManager: Shutting down and abandoning module HTML5Networking (109)
[2016.02.18-05.08.09:975][716]LogModuleManager: Shutting down and abandoning module SpeedTreeImporter (108)
[2016.02.18-05.08.09:975][716]LogModuleManager: Shutting down and abandoning module PluginBrowser (107)
[2016.02.18-05.08.09:975][716]LogModuleManager: Shutting down and abandoning module EpicSurvey (106)
[2016.02.18-05.08.09:975][716]LogModuleManager: Shutting down and abandoning module DesktopPlatform (105)
[2016.02.18-05.08.09:975][716]LogModuleManager: Shutting down and abandoning module VisualStudioSourceCodeAccess (104)
[2016.02.18-05.08.09:975][716]LogModuleManager: Shutting down and abandoning module UObjectPlugin (103)
[2016.02.18-05.08.09:975][716]LogModuleManager: Shutting down and abandoning module SubversionSourceControl (102)
[2016.02.18-05.08.09:975][716]LogModuleManager: Shutting down and abandoning module PerforceSourceControl (101)
[2016.02.18-05.08.09:975][716]LogModuleManager: Shutting down and abandoning module SourceControl (100)
[2016.02.18-05.08.09:975][716]LogModuleManager: Shutting down and abandoning module GitSourceControl (99)
[2016.02.18-05.08.09:975][716]LogModuleManager: Shutting down and abandoning module LightPropagationVolumeEditor (98)
[2016.02.18-05.08.09:975][716]LogModuleManager: Shutting down and abandoning module PaperTiledImporter (97)
[2016.02.18-05.08.09:975][716]LogModuleManager: Shutting down and abandoning module PaperSpriteSheetImporter (96)
[2016.02.18-05.08.09:975][716]LogModuleManager: Shutting down and abandoning module MeshPaint (95)
[2016.02.18-05.08.09:975][716]LogModuleManager: Shutting down and abandoning module SlateReflector (94)
[2016.02.18-05.08.09:975][716]LogModuleManager: Shutting down and abandoning module HotReload (93)
[2016.02.18-05.08.09:975][716]LogModuleManager: Shutting down and abandoning module MainFrame (92)
[2016.02.18-05.08.09:975][716]LogModuleManager: Shutting down and abandoning module LevelEditor (91)
[2016.02.18-05.08.09:976][716]LogModuleManager: Shutting down and abandoning module DirectoryWatcher (90)
[2016.02.18-05.08.09:977][716]LogModuleManager: Shutting down and abandoning module AssetRegistry (89)
[2016.02.18-05.08.10:036][716]LogModuleManager: Shutting down and abandoning module ContentBrowser (88)
[2016.02.18-05.08.10:037][716]LogModuleManager: Shutting down and abandoning module Paper2DEditor (87)
[2016.02.18-05.08.10:037][716]LogModuleManager: Shutting down and abandoning module UdpMessaging (86)
[2016.02.18-05.08.10:137][716]LogModuleManager: Shutting down and abandoning module LightPropagationVolumeRuntime (85)
[2016.02.18-05.08.10:137][716]LogModuleManager: Shutting down and abandoning module Paper2D (84)
[2016.02.18-05.08.10:137][716]LogModuleManager: Shutting down and abandoning module WindowsMoviePlayer (83)
[2016.02.18-05.08.10:139][716]LogModuleManager: Shutting down and abandoning module Media (82)
[2016.02.18-05.08.10:139][716]LogModuleManager: Shutting down and abandoning module WmfMedia (81)
[2016.02.18-05.08.10:140][716]LogModuleManager: Shutting down and abandoning module OnlineBlueprintSupport (80)
[2016.02.18-05.08.10:140][716]LogModuleManager: Shutting down and abandoning module GameplayTasksEditor (79)
[2016.02.18-05.08.10:140][716]LogModuleManager: Shutting down and abandoning module PropertyEditor (78)
[2016.02.18-05.08.10:140][716]LogModuleManager: Shutting down and abandoning module BehaviorTreeEditor (77)
[2016.02.18-05.08.10:140][716]LogModuleManager: Shutting down and abandoning module FunctionalTesting (76)
[2016.02.18-05.08.10:140][716]LogModuleManager: Shutting down and abandoning module CollisionAnalyzer (75)
[2016.02.18-05.08.10:140][716]LogModuleManager: Shutting down and abandoning module WorkspaceMenuStructure (74)
[2016.02.18-05.08.10:140][716]LogModuleManager: Shutting down and abandoning module MessageLog (73)
[2016.02.18-05.08.10:140][716]LogModuleManager: Shutting down and abandoning module Sequencer (72)
[2016.02.18-05.08.10:140][716]LogModuleManager: Shutting down and abandoning module AssetTools (71)
[2016.02.18-05.08.10:140][716]LogModuleManager: Shutting down and abandoning module UMGEditor (70)
[2016.02.18-05.08.10:140][716]LogModuleManager: Shutting down and abandoning module UMG (69)
[2016.02.18-05.08.10:140][716]LogModuleManager: Shutting down and abandoning module Slate (68)
[2016.02.18-05.08.10:140][716]LogModuleManager: Shutting down and abandoning module EditorStyle (67)
[2016.02.18-05.08.10:142][716]LogModuleManager: Shutting down and abandoning module SessionServices (66)
[2016.02.18-05.08.10:142][716]LogModuleManager: Shutting down and abandoning module SourceCodeAccess (65)
[2016.02.18-05.08.10:142][716]LogModuleManager: Shutting down and abandoning module HeadMountedDisplay (64)
[2016.02.18-05.08.10:142][716]LogModuleManager: Shutting down and abandoning module XAudio2 (63)
[2016.02.18-05.08.10:142][716]LogModuleManager: Shutting down and abandoning module Networking (61)
[2016.02.18-05.08.10:142][716]LogModuleManager: Shutting down and abandoning module Core (60)
[2016.02.18-05.08.10:142][716]LogModuleManager: Shutting down and abandoning module KismetCompiler (59)
[2016.02.18-05.08.10:142][716]LogModuleManager: Shutting down and abandoning module PhysXFormats (58)
[2016.02.18-05.08.10:142][716]LogModuleManager: Shutting down and abandoning module MeshUtilities (57)
[2016.02.18-05.08.10:142][716]LogModuleManager: Shutting down and abandoning module DerivedDataCache (56)
[2016.02.18-05.08.10:232][716]LogDerivedDataCache: Shutdown
[2016.02.18-05.08.10:232][716]LogModuleManager: Shutting down and abandoning module ShaderFormatOpenGL (55)
[2016.02.18-05.08.10:232][716]LogModuleManager: Shutting down and abandoning module ShaderFormatD3D (54)
[2016.02.18-05.08.10:232][716]LogModuleManager: Shutting down and abandoning module MetalShaderFormat (53)
[2016.02.18-05.08.10:232][716]LogModuleManager: Shutting down and abandoning module TextureFormatUncompressed (52)
[2016.02.18-05.08.10:232][716]LogModuleManager: Shutting down and abandoning module TextureFormatPVR (51)
[2016.02.18-05.08.10:232][716]LogModuleManager: Shutting down and abandoning module TextureFormatIntelISPCTexComp (50)
[2016.02.18-05.08.10:232][716]LogModuleManager: Shutting down and abandoning module TextureFormatDXT (49)
[2016.02.18-05.08.10:232][716]LogModuleManager: Shutting down and abandoning module ImageWrapper (48)
[2016.02.18-05.08.10:232][716]LogModuleManager: Shutting down and abandoning module TextureFormatASTC (47)
[2016.02.18-05.08.10:232][716]LogModuleManager: Shutting down and abandoning module TextureFormatAndroid (46)
[2016.02.18-05.08.10:232][716]LogModuleManager: Shutting down and abandoning module AudioFormatOpus (45)
[2016.02.18-05.08.10:232][716]LogModuleManager: Shutting down and abandoning module AudioFormatOgg (44)
[2016.02.18-05.08.10:232][716]LogModuleManager: Shutting down and abandoning module AudioFormatADPCM (43)
[2016.02.18-05.08.10:232][716]LogModuleManager: Shutting down and abandoning module LinuxTargetPlatform (42)
[2016.02.18-05.08.10:232][716]LogModuleManager: Shutting down and abandoning module LinuxServerTargetPlatform (41)
[2016.02.18-05.08.10:232][716]LogModuleManager: Shutting down and abandoning module LinuxNoEditorTargetPlatform (40)
[2016.02.18-05.08.10:232][716]LogModuleManager: Shutting down and abandoning module Messaging (39)
[2016.02.18-05.08.10:232][716]LogModuleManager: Shutting down and abandoning module IOSTargetPlatform (38)
[2016.02.18-05.08.10:232][716]LogModuleManager: Shutting down and abandoning module HTML5TargetPlatform (37)
[2016.02.18-05.08.10:232][716]LogModuleManager: Shutting down and abandoning module Android_PVRTCTargetPlatform (36)
[2016.02.18-05.08.10:232][716]LogModuleManager: Shutting down and abandoning module Android_MultiTargetPlatform (35)
[2016.02.18-05.08.10:232][716]LogModuleManager: Shutting down and abandoning module Android_ETC2TargetPlatform (34)
[2016.02.18-05.08.10:232][716]LogModuleManager: Shutting down and abandoning module Android_ETC1TargetPlatform (33)
[2016.02.18-05.08.10:232][716]LogModuleManager: Shutting down and abandoning module Android_DXTTargetPlatform (32)
[2016.02.18-05.08.10:232][716]LogModuleManager: Shutting down and abandoning module Android_ATCTargetPlatform (31)
[2016.02.18-05.08.10:232][716]LogModuleManager: Shutting down and abandoning module Android_ASTCTargetPlatform (30)
[2016.02.18-05.08.10:232][716]LogModuleManager: Shutting down and abandoning module AndroidTargetPlatform (29)
[2016.02.18-05.08.10:232][716]LogModuleManager: Shutting down and abandoning module WindowsTargetPlatform (28)
[2016.02.18-05.08.10:232][716]LogModuleManager: Shutting down and abandoning module WindowsServerTargetPlatform (27)
[2016.02.18-05.08.10:232][716]LogModuleManager: Shutting down and abandoning module WindowsNoEditorTargetPlatform (26)
[2016.02.18-05.08.10:232][716]LogModuleManager: Shutting down and abandoning module WindowsClientTargetPlatform (25)
[2016.02.18-05.08.10:232][716]LogModuleManager: Shutting down and abandoning module AllDesktopTargetPlatform (24)
[2016.02.18-05.08.10:232][716]LogModuleManager: Shutting down and abandoning module TargetPlatform (23)
[2016.02.18-05.08.10:232][716]LogModuleManager: Shutting down and abandoning module InputCore (22)
[2016.02.18-05.08.10:232][716]LogModuleManager: Shutting down and abandoning module Settings (21)
[2016.02.18-05.08.10:232][716]LogModuleManager: Shutting down and abandoning module OnlineSubsystem (19)
[2016.02.18-05.08.10:232][716]LogModuleManager: Shutting down and abandoning module HTTP (18)
[2016.02.18-05.08.11:233][716]LogModuleManager: Shutting down and abandoning module XMPP (17)
[2016.02.18-05.08.11:233][716]LogModuleManager: Shutting down and abandoning module OculusRift (16)
[2016.02.18-05.08.11:233][716]LogModuleManager: Shutting down and abandoning module ExampleDeviceProfileSelector (15)
[2016.02.18-05.08.11:233][716]LogModuleManager: Shutting down and abandoning module TextureCompressor (14)
[2016.02.18-05.08.11:233][716]LogModuleManager: Shutting down and abandoning module ShaderCore (13)
[2016.02.18-05.08.11:233][716]LogModuleManager: Shutting down and abandoning module Landscape (12)
[2016.02.18-05.08.11:233][716]LogModuleManager: Shutting down and abandoning module SlateRHIRenderer (11)
[2016.02.18-05.08.11:234][716]LogModuleManager: Shutting down and abandoning module OpenGLDrv (10)
[2016.02.18-05.08.11:234][716]LogModuleManager: Shutting down and abandoning module D3D11RHI (9)
[2016.02.18-05.08.11:234][716]LogModuleManager: Shutting down and abandoning module AnimGraphRuntime (8)
[2016.02.18-05.08.11:234][716]LogModuleManager: Shutting down and abandoning module Renderer (7)
[2016.02.18-05.08.11:234][716]LogModuleManager: Shutting down and abandoning module Engine (6)
[2016.02.18-05.08.11:234][716]LogModuleManager: Shutting down and abandoning module CoreUObject (5)
[2016.02.18-05.08.11:234][716]LogModuleManager: Shutting down and abandoning module NetworkFile (4)
[2016.02.18-05.08.11:234][716]LogModuleManager: Shutting down and abandoning module StreamingFile (3)
[2016.02.18-05.08.11:234][716]LogModuleManager: Shutting down and abandoning module SandboxFile (2)
[2016.02.18-05.08.11:234][716]LogModuleManager: Shutting down and abandoning module PakFile (1)
[2016.02.18-05.08.11:236][716]LogExit: Exiting.
[2016.02.18-05.08.11:248][716]Log file closed, 02/18/16 16:08:11
