[2016.02.17-23.08.28:440][  0]Log file open, 02/18/16 10:08:28
[2016.02.17-23.08.28:440][  0]LogInit:Display: Running engine for game: Swap
[2016.02.17-23.08.28:440][  0]LogPlatformFile: Not using cached read wrapper
[2016.02.17-23.08.28:440][  0]LogInit:Display: RandInit(186894455) SRandInit(186894456).
[2016.02.17-23.08.28:440][  0]LogTaskGraph: Started task graph with 4 named threads and 7 total threads.
[2016.02.17-23.08.28:440][  0]LogStats: Stats thread started at 0.510022
[2016.02.17-23.08.28:440][  0]LogInit: Version: 4.10.2-2818068+++depot+UE4-Releases+4.10
[2016.02.17-23.08.28:440][  0]LogInit: API Version: 2758231
[2016.02.17-23.08.28:440][  0]LogInit: Compiled (64-bit): Jan  6 2016 17:36:42
[2016.02.17-23.08.28:440][  0]LogInit: Compiled with Visual C++: 19.00.23026.00
[2016.02.17-23.08.28:440][  0]LogInit: Build Configuration: Development
[2016.02.17-23.08.28:440][  0]LogInit: Branch Name: ++depot+UE4-Releases+4.10
[2016.02.17-23.08.28:440][  0]LogInit: Command line:  
[2016.02.17-23.08.28:440][  0]LogInit: Base directory: C:/Program Files (x86)/Epic Games/4.10/Engine/Binaries/Win64/
[2016.02.17-23.08.28:440][  0]LogInit: Rocket: 1
[2016.02.17-23.08.28:441][  0]LogInit: Using libcurl 7.41.0
[2016.02.17-23.08.28:441][  0]LogInit:  - built for x86_64-pc-win32
[2016.02.17-23.08.28:441][  0]LogInit:  - supports SSL with WinSSL
[2016.02.17-23.08.28:441][  0]LogInit:  - other features:
[2016.02.17-23.08.28:441][  0]LogInit:      CURL_VERSION_SSL
[2016.02.17-23.08.28:441][  0]LogInit:      CURL_VERSION_IPV6
[2016.02.17-23.08.28:441][  0]LogInit:      CURL_VERSION_ASYNCHDNS
[2016.02.17-23.08.28:441][  0]LogInit:      CURL_VERSION_LARGEFILE
[2016.02.17-23.08.28:441][  0]LogInit:      CURL_VERSION_IDN
[2016.02.17-23.08.28:441][  0]LogInit:  CurlRequestOptions (configurable via config and command line):
[2016.02.17-23.08.28:441][  0]LogInit:  - bVerifyPeer = true  - Libcurl will verify peer certificate
[2016.02.17-23.08.28:441][  0]LogInit:  - bUseHttpProxy = false  - Libcurl will NOT use HTTP proxy
[2016.02.17-23.08.28:441][  0]LogInit:  - bDontReuseConnections = false  - Libcurl will reuse connections
[2016.02.17-23.08.28:441][  0]LogInit:  - CertBundlePath = nullptr  - Libcurl will use whatever was configured at build time.
[2016.02.17-23.08.28:454][  0]LogInit: Presizing for 0 objects not considered by GC, pre-allocating 0 bytes.
[2016.02.17-23.08.28:466][  0]LogInit: Object subsystem initialized
[2016.02.17-23.08.28:481][  0]LogInit: Selected Device Profile: [Windows]
[2016.02.17-23.08.28:481][  0]LogInit: Applying CVar settings loaded from the selected device profile: [Windows]
[2016.02.17-23.08.28:489][  0]LogInit: Computer: HARST-D2A9E8
[2016.02.17-23.08.28:489][  0]LogInit: User: jackcarolan
[2016.02.17-23.08.28:489][  0]LogInit: CPU Page size=4096, Cores=4
[2016.02.17-23.08.28:489][  0]LogInit: High frequency timer resolution =3.323603 MHz
[2016.02.17-23.08.28:489][  0]LogMemory: Memory total: Physical=16.0GB (16GB approx)
[2016.02.17-23.08.28:489][  0]LogMemory: Platform Memory Stats for Windows
[2016.02.17-23.08.28:489][  0]LogMemory: Process Physical Memory: 56.86 MB used, 56.86 MB peak
[2016.02.17-23.08.28:489][  0]LogMemory: Process Virtual Memory: 58.55 MB used, 58.55 MB peak
[2016.02.17-23.08.28:489][  0]LogMemory: Physical Memory: 1910.84 MB used, 16345.20 MB total
[2016.02.17-23.08.28:489][  0]LogMemory: Virtual Memory: 352.91 MB used, 8388608.00 MB total
[2016.02.17-23.08.28:611][  0]LogTextLocalizationManager: No specific translations for ('en-US') exist, so ('en') translations will be used.
[2016.02.17-23.08.28:972][  0]LogD3D11RHI: Found D3D11 adapter 0: NVIDIA GeForce GTX 660 Ti (Feature Level 11_0)
[2016.02.17-23.08.28:972][  0]LogD3D11RHI: Adapter has 1989MB of dedicated video memory, 0MB of dedicated system memory, and 2048MB of shared system memory, 2 output[s]
[2016.02.17-23.08.28:972][  0]LogD3D11RHI: Chosen D3D11 Adapter Id = 0
[2016.02.17-23.08.28:975][  0]LogD3D11RHI: !Direct3DDevice
[2016.02.17-23.08.28:975][  0]LogRHI: Texture pool is 1361 MB (70% of 1945 MB)
[2016.02.17-23.08.28:982][  0]LogD3D11RHI: Async texture creation enabled
[2016.02.17-23.08.29:008][  0]LogShaderCompilers: Guid format shader working directory is -32 characters bigger than the processId version (../../../../../../Users/jack.carolan/Desktop/Git/UE4Projects/GroupProject/Swap/Swap/Intermediate/Shaders/WorkingDirectory/4328/).
[2016.02.17-23.08.29:008][  0]LogShaderCompilers: Cleaned the shader compiler working directory 'C:/Users/JACK~1.CAR/AppData/Local/Temp/UnrealShaderWorkingDir/4FF97B694C10E5BF1207E88230C5484E/'.
[2016.02.17-23.08.29:008][  0]LogShaderCompilers:Display: Using Local Shader Compiler.
[2016.02.17-23.08.30:074][  0]LogTemp:Display: Loaded TP AllDesktopTargetPlatform
[2016.02.17-23.08.30:078][  0]LogTemp:Display: Loaded TP WindowsClientTargetPlatform
[2016.02.17-23.08.30:082][  0]LogTemp:Display: Loaded TP WindowsNoEditorTargetPlatform
[2016.02.17-23.08.30:085][  0]LogTemp:Display: Loaded TP WindowsServerTargetPlatform
[2016.02.17-23.08.30:090][  0]LogTemp:Display: Loaded TP WindowsTargetPlatform
[2016.02.17-23.08.30:096][  0]LogTemp:Display: Loaded TP AndroidTargetPlatform
[2016.02.17-23.08.30:100][  0]LogTemp:Display: Loaded TP Android_ASTCTargetPlatform
[2016.02.17-23.08.30:103][  0]LogTemp:Display: Loaded TP Android_ATCTargetPlatform
[2016.02.17-23.08.30:107][  0]LogTemp:Display: Loaded TP Android_DXTTargetPlatform
[2016.02.17-23.08.30:110][  0]LogTemp:Display: Loaded TP Android_ETC1TargetPlatform
[2016.02.17-23.08.30:114][  0]LogTemp:Display: Loaded TP Android_ETC2TargetPlatform
[2016.02.17-23.08.30:121][  0]LogTemp:Display: Loaded TP Android_MultiTargetPlatform
[2016.02.17-23.08.30:121][  0]LogTemp:Display: Loaded TP Android_PVRTCTargetPlatform
[2016.02.17-23.08.30:123][  0]LogTemp:Display: Loaded TP HTML5TargetPlatform
[2016.02.17-23.08.30:146][  0]LogTemp:Display: Loaded TP IOSTargetPlatform
[2016.02.17-23.08.30:149][  0]LogTemp:Display: Loaded TP LinuxNoEditorTargetPlatform
[2016.02.17-23.08.30:153][  0]LogTemp:Display: Loaded TP LinuxServerTargetPlatform
[2016.02.17-23.08.30:158][  0]LogTemp:Display: Loaded TP LinuxTargetPlatform
[2016.02.17-23.08.30:158][  0]LogTargetPlatformManager:Display: Building Assets For Windows
[2016.02.17-23.08.30:255][  0]LogDerivedDataCache:Display: Max Cache Size: 512 MB
[2016.02.17-23.08.30:405][  0]LogDerivedDataCache: Loaded boot cache 0.15s 41MB C:/Users/jack.carolan/AppData/Local/UnrealEngine/4.10/DerivedDataCache/Boot.ddc.
[2016.02.17-23.08.30:405][  0]LogDerivedDataCache:Display: Loaded Boot cache: C:/Users/jack.carolan/AppData/Local/UnrealEngine/4.10/DerivedDataCache/Boot.ddc
[2016.02.17-23.08.30:405][  0]LogDerivedDataCache: FDerivedDataBackendGraph:  Pak pak cache file ../../../../../../Users/jack.carolan/Desktop/Git/UE4Projects/GroupProject/Swap/Swap/DerivedDataCache/DDC.ddp not found, will not use a pak cache.
[2016.02.17-23.08.30:405][  0]LogDerivedDataCache: Unable to find inner node Pak for hierarchical cache Hierarchy.
[2016.02.17-23.08.30:405][  0]LogDerivedDataCache: FDerivedDataBackendGraph:  CompressedPak pak cache file ../../../../../../Users/jack.carolan/Desktop/Git/UE4Projects/GroupProject/Swap/Swap/DerivedDataCache/Compressed.ddp not found, will not use a pak cache.
[2016.02.17-23.08.30:405][  0]LogDerivedDataCache: Unable to find inner node CompressedPak for hierarchical cache Hierarchy.
[2016.02.17-23.08.30:461][  0]LogDerivedDataCache:Display: Pak cache opened for reading ../../../Engine/DerivedDataCache/Compressed.ddp.
[2016.02.17-23.08.30:472][  0]LogDerivedDataCache: Using Local data cache path C:/Users/jack.carolan/AppData/Local/UnrealEngine/Common/DerivedDataCache: Writable
[2016.02.17-23.08.31:064][  0]LogInit: Selected Device Profile: [Windows]
[2016.02.17-23.08.31:067][  0]LogContentStreaming: Texture pool size is 0.000000MB
[2016.02.17-23.08.31:149][  0]LogMeshUtilities: No automatic mesh reduction module available
[2016.02.17-23.08.31:149][  0]LogMeshUtilities: No automatic mesh merging module available
[2016.02.17-23.08.31:618][  0]LogInit: WinSock: version 1.1 (2.2), MaxSocks=32767, MaxUdp=65467
[2016.02.17-23.08.33:028][  0]UdpMessaging: Initializing bridge on interface 0.0.0.0:0 to multicast group 230.0.0.1:6666.
[2016.02.17-23.08.33:159][  0]LogAssetRegistry: FAssetRegistry took 0.0115 seconds to start up
[2016.02.17-23.08.33:424][  0]SourceControl: Info Source control is disabled
[2016.02.17-23.08.33:485][  0]SourceControl: Info Source control is disabled
[2016.02.17-23.08.33:499][  0]SourceControl: Info Source control is disabled
[2016.02.17-23.08.33:509][  0]SourceControl: Info Source control is disabled
[2016.02.17-23.08.33:732][  0]LogObj: 28633 objects as part of root set at end of initial load.
[2016.02.17-23.08.33:732][  0]LogUObjectAllocator: 6099744 out of 0 bytes used by permanent object pool.
[2016.02.17-23.08.33:811][  0]LogEngine: Initializing Engine...
[2016.02.17-23.08.33:813][  0]LogHMD: Can't find Oculus library dev build: is proper Runtime installed? Version: 0.8.0.0
[2016.02.17-23.08.33:815][  0]LogHMD: SteamVR failed to initialize.  Err: 110
[2016.02.17-23.08.33:945][  0]LogAIModule: Creating AISystem for world NewWorld
[2016.02.17-23.08.33:958][  0]LogInit: XAudio2 using 'Speakers (High Definition Audio Device)' : 2 channels at 44.1 kHz using 16 bits per sample (channel mask 0x3)
[2016.02.17-23.08.33:971][  0]LogInit: FAudioDevice initialized.
[2016.02.17-23.08.33:989][  0]LogDerivedDataCache: Saved boot cache 0.02s 41MB C:/Users/jack.carolan/AppData/Local/UnrealEngine/4.10/DerivedDataCache/Boot.ddc.
[2016.02.17-23.08.33:991][  0]LogInit: Texture streaming: Enabled
[2016.02.17-23.08.33:996][  0]LogAnalytics: Creating configured Analytics provider AnalyticsET
[2016.02.17-23.08.33:996][  0]LogAnalytics: [UEEditor.Rocket.Release] APIServer = http://et2.epicgames.com/ET2/. AppVersion = 4.10.2-2818068+++depot+UE4-Releases+4.10
[2016.02.17-23.08.33:996][  0]LogAnalytics: [UEEditor.Rocket.Release] SetUserId 46cfea764061f1b9c41e02b8bd51e989|aeaa3af4045243359e0d8c4eedc51930|83405bc8-af7b-4bc6-aae5-6e4514ef7c9f
[2016.02.17-23.08.33:997][  0]LogAnalytics: [UEEditor.Rocket.Release] AnalyticsET::StartSession
[2016.02.17-23.08.34:020][  0]LogInit: Transaction tracking system initialized
[2016.02.17-23.08.34:062][  0]BlueprintLog: New page: Editor Load
[2016.02.17-23.08.34:252][  0]LocalizationService: Info Localization service is disabled
[2016.02.17-23.08.34:424][  0]LogConsoleResponse:Display: 
[2016.02.17-23.08.34:593][  0]LogFileCache: Scanning file cache for directory 'C:/Users/jack.carolan/Desktop/Git/UE4Projects/GroupProject/Swap/Swap/Content/' took 0.01s
[2016.02.17-23.08.34:593][  0]LogCook:Display: Done creating registry. It took  0.00s.
[2016.02.17-23.08.34:680][  0]SourceControl: Info Source control is disabled
[2016.02.17-23.08.34:681][  0]Cmd: MAP LOAD FILE="../../../../../../Users/jack.carolan/Desktop/Git/UE4Projects/GroupProject/Swap/Swap/Content/Maps/swapMap.umap" TEMPLATE=0 SHOWPROGRESS=1 FEATURELEVEL=3
[2016.02.17-23.08.34:682][  0]LightingResults: New page: Lighting Build
[2016.02.17-23.08.34:688][  0]MapCheck: New page: Map Check
[2016.02.17-23.08.34:688][  0]LightingResults: New page: Lighting Build
[2016.02.17-23.08.34:702][  0]LogParticles: Destroying 0 GPU particle simulations for FXSystem 0x0000000023C0BB00
[2016.02.17-23.08.35:041][  0]LogAIModule: Creating AISystem for world swapMap
[2016.02.17-23.08.35:067][  0]LogEditorServer: Finished looking for orphan Actors (0.001 secs)
[2016.02.17-23.08.35:072][  0]Cmd: MAP CHECKDEP NOCLEARLOG
[2016.02.17-23.08.35:107][  0]MapCheck: Info Map check complete: 0 Error(s), 0 Warning(s), took 35.486ms to complete.
[2016.02.17-23.08.35:107][  0]LogFileHelpers: Loading map 'swapMap' took 0.426
[2016.02.17-23.08.35:340][  0]LogCollectionManager: Loaded 0 collections in 0.001766 seconds
[2016.02.17-23.08.35:398][  0]LogFileCache: Scanning file cache for directory 'C:/Users/jack.carolan/Desktop/Git/UE4Projects/GroupProject/Swap/Swap/Saved/Collections/' took 0.01s
[2016.02.17-23.08.35:398][  0]LogFileCache: Scanning file cache for directory 'C:/Users/jack.carolan/Desktop/Git/UE4Projects/GroupProject/Swap/Swap/Content/Developers/jackcarolan/Collections/' took 0.01s
[2016.02.17-23.08.35:398][  0]LogFileCache: Scanning file cache for directory 'C:/Users/jack.carolan/Desktop/Git/UE4Projects/GroupProject/Swap/Swap/Content/Collections/' took 0.01s
[2016.02.17-23.08.35:398][  0]LogCollectionManager: Rebuilt the GUID cache for 0 collections in 0.000002 seconds
[2016.02.17-23.08.35:428][  0]LogContentBrowser: Native class hierarchy populated in 0.0092 seconds. Added 1893 classes and 338 folders.
[2016.02.17-23.08.35:436][  0]LogContentBrowser: Native class hierarchy updated for 'WidgetCarousel' in 0.0003 seconds. Added 0 classes and 0 folders.
[2016.02.17-23.08.35:555][  0]LogContentBrowser: Native class hierarchy updated for 'AddContentDialog' in 0.0004 seconds. Added 0 classes and 0 folders.
[2016.02.17-23.08.35:564][  0]LogContentBrowser: Native class hierarchy updated for 'SceneOutliner' in 0.0004 seconds. Added 1 classes and 2 folders.
[2016.02.17-23.08.35:693][  0]LogCrashTracker: Crashtracker disabled due to settings.
[2016.02.17-23.08.35:750][  0]LogLoad: Full Startup: 8.28 seconds (BP compile: 0.09 seconds)
[2016.02.17-23.08.35:761][  0]LogOcInput: Can't find Oculus library dev build: is proper Runtime installed? Version: 0.8.0.0
[2016.02.17-23.08.35:842][  0]LogContentStreaming: Texture pool size now 1000 MB
[2016.02.17-23.08.36:010][  0]LogRenderer: Reallocating scene render targets to support 1208x552 (Frame:2).
[2016.02.17-23.08.36:198][  2]LogAssetRegistry: Asset discovery search completed in 3.0441 seconds
[2016.02.17-23.08.36:198][  2]LogCollectionManager: Rebuilt the object cache for 0 collections in 0.000001 seconds (found 0 objects)
[2016.02.17-23.08.36:198][  2]LogCollectionManager: Fixed up redirectors for 0 collections in 0.000026 seconds (updated 0 objects)
[2016.02.17-23.08.42:049][613]LogLinker:Warning: Asset '../../../Engine/Content/ArtTools/RenderToTexture/Macros/RenderToTextureMacros.uasset' has been saved with empty engine version. The asset will be loaded but may be incompatible.
[2016.02.17-23.08.42:434][613]LogContentBrowser: Native class hierarchy updated for 'BlueprintGraph' in 0.0006 seconds. Added 107 classes and 0 folders.
[2016.02.17-23.09.03:133][413]LogActorComponent: UnregisterComponent: (/Engine/Transient.CharMoveComp) Not registered. Aborting.
[2016.02.17-23.09.30:817][656]BlueprintLog: New page: Compile SwapMan
[2016.02.17-23.09.30:896][656]LogActorComponent: UnregisterComponent: (/Engine/Transient.CharMoveComp) Not registered. Aborting.
[2016.02.17-23.09.30:925][656]BlueprintEditorCompileResults: Info [0063.35] Compile of SwapMan successful! [in 107 ms]
[2016.02.17-23.09.31:555][730]LogActorComponent: UnregisterComponent: (/Engine/Transient.CharMoveComp) Not registered. Aborting.
[2016.02.17-23.09.31:647][730]Cmd: OBJ SAVEPACKAGE PACKAGE="/Game/BluePrints/SwapMan" FILE="../../../../../../Users/jack.carolan/Desktop/Git/UE4Projects/GroupProject/Swap/Swap/Content/BluePrints/SwapMan.uasset" SILENT=true
[2016.02.17-23.09.31:803][730]LogSavePackage: Save=145.802917ms
[2016.02.17-23.09.31:803][730]LogSavePackage: Moving '../../../../../../Users/jack.carolan/Desktop/Git/UE4Projects/GroupProject/Swap/Swap/Saved/SwapMan6F4212774E02A6BBFC9E8999261EAA9D.tmp' to '../../../../../../Users/jack.carolan/Desktop/Git/UE4Projects/GroupProject/Swap/Swap/Content/BluePrints/SwapMan.uasset'
[2016.02.17-23.09.31:806][730]LogSavePackage: Total save time: 158.246338ms
[2016.02.17-23.09.31:806][730]LogSavePackage:Display: Finished SavePackage ../../../../../../Users/jack.carolan/Desktop/Git/UE4Projects/GroupProject/Swap/Swap/Content/BluePrints/SwapMan.uasset
[2016.02.17-23.09.34:596][ 54]LogPlayLevel: PlayLevel: No blueprints needed recompiling
[2016.02.17-23.09.34:597][ 54]PIE: New page: PIE session: swapMap (Feb 18, 2016, 9:09:34 PM)
[2016.02.17-23.09.34:597][ 54]LogPlayLevel: Creating play world package: /Game/Maps/UEDPIE_0_swapMap
[2016.02.17-23.09.34:600][ 54]LogPlayLevel: PIE: StaticDuplicateObject took: (0.002978s)
[2016.02.17-23.09.34:600][ 54]LogAIModule: Creating AISystem for world swapMap
[2016.02.17-23.09.34:600][ 54]LogPlayLevel: PIE: World Init took: (0.000545s)
[2016.02.17-23.09.34:600][ 54]LogPlayLevel: PIE: Created PIE world by copying editor world from /Game/Maps/swapMap.swapMap to /Game/Maps/UEDPIE_0_swapMap.swapMap (0.003700s)
[2016.02.17-23.09.34:600][ 54]LogActorComponent: UnregisterComponent: (/Engine/Transient.CharMoveComp) Not registered. Aborting.
[2016.02.17-23.09.34:625][ 54]LogInit: XAudio2 using 'Speakers (High Definition Audio Device)' : 2 channels at 44.1 kHz using 16 bits per sample (channel mask 0x3)
[2016.02.17-23.09.34:630][ 54]LogInit: FAudioDevice initialized.
[2016.02.17-23.09.34:686][ 54]LogWorld: Game class is 'SwapGameMode_C'
[2016.02.17-23.09.34:690][ 54]LogWorld: Bringing World /Game/Maps/UEDPIE_0_swapMap.swapMap up for play (max tick rate 0) at 2016.02.18-10.09.34
[2016.02.17-23.09.34:690][ 54]LogActor:Warning: GameSession /Game/Maps/UEDPIE_0_swapMap.swapMap:PersistentLevel.GameSession_0 has natively added scene component(s), but none of them were set as the actor's RootComponent - picking one arbitrarily
[2016.02.17-23.09.34:690][ 54]LogActor:Warning: GameNetworkManager /Game/Maps/UEDPIE_0_swapMap.swapMap:PersistentLevel.GameNetworkManager_0 has natively added scene component(s), but none of them were set as the actor's RootComponent - picking one arbitrarily
[2016.02.17-23.09.34:691][ 54]LogWorld: Bringing up level for play took: 0.003417
[2016.02.17-23.09.34:701][ 54]PIE: Info Play in editor start time for /Game/Maps/UEDPIE_0_swapMap 0.9
[2016.02.17-23.09.37:183][347]LogBlueprintUserMessages: [SwapMan_C_12] 0.16466
[2016.02.17-23.09.40:632][760]LogBlueprintUserMessages: [SwapMan_C_12] 0.204338
[2016.02.17-23.09.43:938][156]LogBlueprintUserMessages: [SwapMan_C_12] 0.203078
[2016.02.17-23.09.46:192][426]LogBlueprintUserMessages: [SwapMan_C_12] 0.173412
[2016.02.17-23.09.50:767][974]LogBlueprintUserMessages: [SwapMan_C_12] 0.161251
[2016.02.17-23.09.54:049][358]LogParticles: Destroying 0 GPU particle simulations for FXSystem 0x000000002F08BF60
[2016.02.17-23.12.27:759][606]BlueprintLog: New page: Compile SwapMan
[2016.02.17-23.12.27:834][606]LogActorComponent: UnregisterComponent: (/Engine/Transient.CharMoveComp) Not registered. Aborting.
[2016.02.17-23.12.27:861][606]BlueprintEditorCompileResults: Info [0239.98] Compile of SwapMan successful! [in 102 ms]
[2016.02.17-23.12.29:112][754]LogActorComponent: UnregisterComponent: (/Engine/Transient.CharMoveComp) Not registered. Aborting.
[2016.02.17-23.12.29:181][754]Cmd: OBJ SAVEPACKAGE PACKAGE="/Game/BluePrints/SwapMan" FILE="../../../../../../Users/jack.carolan/Desktop/Git/UE4Projects/GroupProject/Swap/Swap/Content/BluePrints/SwapMan.uasset" SILENT=true
[2016.02.17-23.12.29:327][754]LogSavePackage: Save=142.481812ms
[2016.02.17-23.12.29:327][754]LogSavePackage: Moving '../../../../../../Users/jack.carolan/Desktop/Git/UE4Projects/GroupProject/Swap/Swap/Saved/SwapMan7126302A455627B67ECA95BFD27A2AFC.tmp' to '../../../../../../Users/jack.carolan/Desktop/Git/UE4Projects/GroupProject/Swap/Swap/Content/BluePrints/SwapMan.uasset'
[2016.02.17-23.12.29:328][754]LogSavePackage: Total save time: 146.799423ms
[2016.02.17-23.12.29:328][754]LogSavePackage:Display: Finished SavePackage ../../../../../../Users/jack.carolan/Desktop/Git/UE4Projects/GroupProject/Swap/Swap/Content/BluePrints/SwapMan.uasset
[2016.02.17-23.12.31:044][956]LogPlayLevel: PlayLevel: No blueprints needed recompiling
[2016.02.17-23.12.31:044][956]PIE: New page: PIE session: swapMap (Feb 18, 2016, 9:12:31 PM)
[2016.02.17-23.12.31:044][956]LogPlayLevel: Creating play world package: /Game/Maps/UEDPIE_0_swapMap
[2016.02.17-23.12.31:047][956]LogPlayLevel: PIE: StaticDuplicateObject took: (0.002405s)
[2016.02.17-23.12.31:047][956]LogAIModule: Creating AISystem for world swapMap
[2016.02.17-23.12.31:047][956]LogPlayLevel: PIE: World Init took: (0.000543s)
[2016.02.17-23.12.31:047][956]LogPlayLevel: PIE: Created PIE world by copying editor world from /Game/Maps/swapMap.swapMap to /Game/Maps/UEDPIE_0_swapMap.swapMap (0.003142s)
[2016.02.17-23.12.31:048][956]LogActorComponent: UnregisterComponent: (/Engine/Transient.CharMoveComp) Not registered. Aborting.
[2016.02.17-23.12.31:072][956]LogInit: XAudio2 using 'Speakers (High Definition Audio Device)' : 2 channels at 44.1 kHz using 16 bits per sample (channel mask 0x3)
[2016.02.17-23.12.31:077][956]LogInit: FAudioDevice initialized.
[2016.02.17-23.12.31:107][956]LogWorld: Game class is 'SwapGameMode_C'
[2016.02.17-23.12.31:110][956]LogWorld: Bringing World /Game/Maps/UEDPIE_0_swapMap.swapMap up for play (max tick rate 0) at 2016.02.18-10.12.31
[2016.02.17-23.12.31:110][956]LogActor:Warning: GameSession /Game/Maps/UEDPIE_0_swapMap.swapMap:PersistentLevel.GameSession_1 has natively added scene component(s), but none of them were set as the actor's RootComponent - picking one arbitrarily
[2016.02.17-23.12.31:110][956]LogActor:Warning: GameNetworkManager /Game/Maps/UEDPIE_0_swapMap.swapMap:PersistentLevel.GameNetworkManager_1 has natively added scene component(s), but none of them were set as the actor's RootComponent - picking one arbitrarily
[2016.02.17-23.12.31:110][956]LogWorld: Bringing up level for play took: 0.002798
[2016.02.17-23.12.31:112][956]PIE: Info Play in editor start time for /Game/Maps/UEDPIE_0_swapMap 1.002
[2016.02.17-23.12.33:630][257]LogBlueprintUserMessages: [SwapMan_C_12] -1.0
[2016.02.17-23.12.38:029][784]LogBlueprintUserMessages: [SwapMan_C_12] -1.0
[2016.02.17-23.12.40:864][117]LogParticles: Destroying 0 GPU particle simulations for FXSystem 0x0000000016981260
[2016.02.17-23.13.22:277][ 46]BlueprintLog: New page: Compile SwapMan
[2016.02.17-23.13.22:319][ 46]LogBlueprint:Error: [compiler SwapMan] Error The current value of the ' APlane ' pin is invalid: 'APlane' must have an input wired into it ("by ref" params expect a valid input to operate on).
[2016.02.17-23.13.22:391][ 46]LogActorComponent: UnregisterComponent: (/Engine/Transient.CharMoveComp) Not registered. Aborting.
[2016.02.17-23.13.22:420][ 46]LogBlueprint:Warning: [compiler SwapMan] Warning [0294.47] Compile of SwapMan failed. 1 Fatal Issue(s) 0 Warning(s) [in 142 ms]
[2016.02.17-23.13.22:420][ 46]BlueprintEditorCompileResults:Error: Error The current value of the ' APlane ' pin is invalid: 'APlane' must have an input wired into it ("by ref" params expect a valid input to operate on).
[2016.02.17-23.13.22:420][ 46]BlueprintEditorCompileResults:Warning: Warning [0294.47] Compile of SwapMan failed. 1 Fatal Issue(s) 0 Warning(s) [in 142 ms]
[2016.02.17-23.13.22:915][104]LogActorComponent: UnregisterComponent: (/Engine/Transient.CharMoveComp) Not registered. Aborting.
[2016.02.17-23.13.22:969][104]Cmd: OBJ SAVEPACKAGE PACKAGE="/Game/BluePrints/SwapMan" FILE="../../../../../../Users/jack.carolan/Desktop/Git/UE4Projects/GroupProject/Swap/Swap/Content/BluePrints/SwapMan.uasset" SILENT=true
[2016.02.17-23.13.23:118][104]LogSavePackage: Save=143.038742ms
[2016.02.17-23.13.23:118][104]LogSavePackage: Moving '../../../../../../Users/jack.carolan/Desktop/Git/UE4Projects/GroupProject/Swap/Swap/Saved/SwapManB87B7C6946441E5982E6F0B0473C3B89.tmp' to '../../../../../../Users/jack.carolan/Desktop/Git/UE4Projects/GroupProject/Swap/Swap/Content/BluePrints/SwapMan.uasset'
[2016.02.17-23.13.23:119][104]LogSavePackage: Total save time: 146.484405ms
[2016.02.17-23.13.23:119][104]LogSavePackage:Display: Finished SavePackage ../../../../../../Users/jack.carolan/Desktop/Git/UE4Projects/GroupProject/Swap/Swap/Content/BluePrints/SwapMan.uasset
[2016.02.17-23.13.33:936][384]BlueprintLog: New page: Compile SwapMan
[2016.02.17-23.13.34:011][384]LogActorComponent: UnregisterComponent: (/Engine/Transient.CharMoveComp) Not registered. Aborting.
[2016.02.17-23.13.34:038][384]BlueprintEditorCompileResults: Info [0306.09] Compile of SwapMan successful! [in 101 ms]
[2016.02.17-23.13.34:733][466]LogActorComponent: UnregisterComponent: (/Engine/Transient.CharMoveComp) Not registered. Aborting.
[2016.02.17-23.13.34:801][466]Cmd: OBJ SAVEPACKAGE PACKAGE="/Game/BluePrints/SwapMan" FILE="../../../../../../Users/jack.carolan/Desktop/Git/UE4Projects/GroupProject/Swap/Swap/Content/BluePrints/SwapMan.uasset" SILENT=true
[2016.02.17-23.13.34:952][466]LogSavePackage: Save=145.026047ms
[2016.02.17-23.13.34:952][466]LogSavePackage: Moving '../../../../../../Users/jack.carolan/Desktop/Git/UE4Projects/GroupProject/Swap/Swap/Saved/SwapMan86B3F68448D1B9C638AD6C9F90358C3F.tmp' to '../../../../../../Users/jack.carolan/Desktop/Git/UE4Projects/GroupProject/Swap/Swap/Content/BluePrints/SwapMan.uasset'
[2016.02.17-23.13.34:954][466]LogSavePackage: Total save time: 148.959730ms
[2016.02.17-23.13.34:954][466]LogSavePackage:Display: Finished SavePackage ../../../../../../Users/jack.carolan/Desktop/Git/UE4Projects/GroupProject/Swap/Swap/Content/BluePrints/SwapMan.uasset
[2016.02.17-23.14.10:993][736]BlueprintLog: New page: Compile SwapMan
[2016.02.17-23.14.11:069][736]LogActorComponent: UnregisterComponent: (/Engine/Transient.CharMoveComp) Not registered. Aborting.
[2016.02.17-23.14.11:097][736]BlueprintEditorCompileResults: Info [0343.12] Compile of SwapMan successful! [in 104 ms]
[2016.02.17-23.14.11:759][814]LogActorComponent: UnregisterComponent: (/Engine/Transient.CharMoveComp) Not registered. Aborting.
[2016.02.17-23.14.11:828][814]Cmd: OBJ SAVEPACKAGE PACKAGE="/Game/BluePrints/SwapMan" FILE="../../../../../../Users/jack.carolan/Desktop/Git/UE4Projects/GroupProject/Swap/Swap/Content/BluePrints/SwapMan.uasset" SILENT=true
[2016.02.17-23.14.11:979][814]LogSavePackage: Save=146.415207ms
[2016.02.17-23.14.11:979][814]LogSavePackage: Moving '../../../../../../Users/jack.carolan/Desktop/Git/UE4Projects/GroupProject/Swap/Swap/Saved/SwapMan8C7870464CB32E1683B2799B9664140A.tmp' to '../../../../../../Users/jack.carolan/Desktop/Git/UE4Projects/GroupProject/Swap/Swap/Content/BluePrints/SwapMan.uasset'
[2016.02.17-23.14.11:981][814]LogSavePackage: Total save time: 151.176602ms
[2016.02.17-23.14.11:981][814]LogSavePackage:Display: Finished SavePackage ../../../../../../Users/jack.carolan/Desktop/Git/UE4Projects/GroupProject/Swap/Swap/Content/BluePrints/SwapMan.uasset
[2016.02.17-23.14.14:339][ 95]LogPlayLevel: PlayLevel: No blueprints needed recompiling
[2016.02.17-23.14.14:339][ 95]PIE: New page: PIE session: swapMap (Feb 18, 2016, 9:14:14 PM)
[2016.02.17-23.14.14:339][ 95]LogPlayLevel: Creating play world package: /Game/Maps/UEDPIE_0_swapMap
[2016.02.17-23.14.14:342][ 95]LogPlayLevel: PIE: StaticDuplicateObject took: (0.002585s)
[2016.02.17-23.14.14:342][ 95]LogAIModule: Creating AISystem for world swapMap
[2016.02.17-23.14.14:343][ 95]LogPlayLevel: PIE: World Init took: (0.000506s)
[2016.02.17-23.14.14:343][ 95]LogPlayLevel: PIE: Created PIE world by copying editor world from /Game/Maps/swapMap.swapMap to /Game/Maps/UEDPIE_0_swapMap.swapMap (0.003247s)
[2016.02.17-23.14.14:343][ 95]LogActorComponent: UnregisterComponent: (/Engine/Transient.CharMoveComp) Not registered. Aborting.
[2016.02.17-23.14.14:367][ 95]LogInit: XAudio2 using 'Speakers (High Definition Audio Device)' : 2 channels at 44.1 kHz using 16 bits per sample (channel mask 0x3)
[2016.02.17-23.14.14:371][ 95]LogInit: FAudioDevice initialized.
[2016.02.17-23.14.14:399][ 95]LogWorld: Game class is 'SwapGameMode_C'
[2016.02.17-23.14.14:403][ 95]LogWorld: Bringing World /Game/Maps/UEDPIE_0_swapMap.swapMap up for play (max tick rate 0) at 2016.02.18-10.14.14
[2016.02.17-23.14.14:403][ 95]LogActor:Warning: GameSession /Game/Maps/UEDPIE_0_swapMap.swapMap:PersistentLevel.GameSession_2 has natively added scene component(s), but none of them were set as the actor's RootComponent - picking one arbitrarily
[2016.02.17-23.14.14:403][ 95]LogActor:Warning: GameNetworkManager /Game/Maps/UEDPIE_0_swapMap.swapMap:PersistentLevel.GameNetworkManager_2 has natively added scene component(s), but none of them were set as the actor's RootComponent - picking one arbitrarily
[2016.02.17-23.14.14:403][ 95]LogWorld: Bringing up level for play took: 0.003095
[2016.02.17-23.14.14:405][ 95]PIE: Info Play in editor start time for /Game/Maps/UEDPIE_0_swapMap 0.203
[2016.02.17-23.14.17:070][414]LogBlueprintUserMessages: [SwapMan_C_12] 0.986786
[2016.02.17-23.14.20:948][879]LogBlueprintUserMessages: [SwapMan_C_12] 0.979207
[2016.02.17-23.14.26:278][518]LogBlueprintUserMessages: [SwapMan_C_12] 0.993366
[2016.02.17-23.14.30:280][998]LogBlueprintUserMessages: [SwapMan_C_12] 0.987233
[2016.02.17-23.14.33:304][354]LogParticles: Destroying 0 GPU particle simulations for FXSystem 0x000000003F886660
[2016.02.17-23.14.50:471][407]LogPlayLevel: PlayLevel: No blueprints needed recompiling
[2016.02.17-23.14.50:472][407]PIE: New page: PIE session: swapMap (Feb 18, 2016, 9:14:50 PM)
[2016.02.17-23.14.50:472][407]LogPlayLevel: Creating play world package: /Game/Maps/UEDPIE_0_swapMap
[2016.02.17-23.14.50:475][407]LogPlayLevel: PIE: StaticDuplicateObject took: (0.003018s)
[2016.02.17-23.14.50:475][407]LogAIModule: Creating AISystem for world swapMap
[2016.02.17-23.14.50:475][407]LogPlayLevel: PIE: World Init took: (0.000569s)
[2016.02.17-23.14.50:475][407]LogPlayLevel: PIE: Created PIE world by copying editor world from /Game/Maps/swapMap.swapMap to /Game/Maps/UEDPIE_0_swapMap.swapMap (0.003765s)
[2016.02.17-23.14.50:498][407]LogInit: XAudio2 using 'Speakers (High Definition Audio Device)' : 2 channels at 44.1 kHz using 16 bits per sample (channel mask 0x3)
[2016.02.17-23.14.50:502][407]LogInit: FAudioDevice initialized.
[2016.02.17-23.14.50:533][407]LogWorld: Game class is 'SwapGameMode_C'
[2016.02.17-23.14.50:536][407]LogWorld: Bringing World /Game/Maps/UEDPIE_0_swapMap.swapMap up for play (max tick rate 0) at 2016.02.18-10.14.50
[2016.02.17-23.14.50:536][407]LogActor:Warning: GameSession /Game/Maps/UEDPIE_0_swapMap.swapMap:PersistentLevel.GameSession_3 has natively added scene component(s), but none of them were set as the actor's RootComponent - picking one arbitrarily
[2016.02.17-23.14.50:536][407]LogActor:Warning: GameNetworkManager /Game/Maps/UEDPIE_0_swapMap.swapMap:PersistentLevel.GameNetworkManager_3 has natively added scene component(s), but none of them were set as the actor's RootComponent - picking one arbitrarily
[2016.02.17-23.14.50:536][407]LogWorld: Bringing up level for play took: 0.002882
[2016.02.17-23.14.50:538][407]PIE: Info Play in editor start time for /Game/Maps/UEDPIE_0_swapMap 0.313
[2016.02.17-23.14.54:070][830]LogBlueprintUserMessages: [SwapMan_C_13] 0.985816
[2016.02.17-23.14.57:014][183]LogBlueprintUserMessages: [SwapMan_C_13] 0.979332
[2016.02.17-23.15.08:317][531]LogParticles: Destroying 0 GPU particle simulations for FXSystem 0x0000000063B31A80
[2016.02.17-23.16.14:202][377]BlueprintLog: New page: Compile SwapMan
[2016.02.17-23.16.14:273][377]LogActorComponent: UnregisterComponent: (/Engine/Transient.CharMoveComp) Not registered. Aborting.
[2016.02.17-23.16.14:302][377]BlueprintEditorCompileResults: Info [0466.25] Compile of SwapMan successful! [in 99 ms]
[2016.02.17-23.16.14:845][441]LogActorComponent: UnregisterComponent: (/Engine/Transient.CharMoveComp) Not registered. Aborting.
[2016.02.17-23.16.14:901][441]Cmd: OBJ SAVEPACKAGE PACKAGE="/Game/BluePrints/SwapMan" FILE="../../../../../../Users/jack.carolan/Desktop/Git/UE4Projects/GroupProject/Swap/Swap/Content/BluePrints/SwapMan.uasset" SILENT=true
[2016.02.17-23.16.15:056][441]LogSavePackage: Save=149.820236ms
[2016.02.17-23.16.15:056][441]LogSavePackage: Moving '../../../../../../Users/jack.carolan/Desktop/Git/UE4Projects/GroupProject/Swap/Swap/Saved/SwapManFB0EF36045171C5F4A1620825839AE60.tmp' to '../../../../../../Users/jack.carolan/Desktop/Git/UE4Projects/GroupProject/Swap/Swap/Content/BluePrints/SwapMan.uasset'
[2016.02.17-23.16.15:057][441]LogSavePackage: Total save time: 154.432405ms
[2016.02.17-23.16.15:057][441]LogSavePackage:Display: Finished SavePackage ../../../../../../Users/jack.carolan/Desktop/Git/UE4Projects/GroupProject/Swap/Swap/Content/BluePrints/SwapMan.uasset
[2016.02.17-23.16.16:296][587]LogPlayLevel: PlayLevel: No blueprints needed recompiling
[2016.02.17-23.16.16:296][587]PIE: New page: PIE session: swapMap (Feb 18, 2016, 9:16:16 PM)
[2016.02.17-23.16.16:296][587]LogPlayLevel: Creating play world package: /Game/Maps/UEDPIE_0_swapMap
[2016.02.17-23.16.16:299][587]LogPlayLevel: PIE: StaticDuplicateObject took: (0.003066s)
[2016.02.17-23.16.16:300][587]LogAIModule: Creating AISystem for world swapMap
[2016.02.17-23.16.16:300][587]LogPlayLevel: PIE: World Init took: (0.000550s)
[2016.02.17-23.16.16:300][587]LogPlayLevel: PIE: Created PIE world by copying editor world from /Game/Maps/swapMap.swapMap to /Game/Maps/UEDPIE_0_swapMap.swapMap (0.003792s)
[2016.02.17-23.16.16:300][587]LogActorComponent: UnregisterComponent: (/Engine/Transient.CharMoveComp) Not registered. Aborting.
[2016.02.17-23.16.16:323][587]LogInit: XAudio2 using 'Speakers (High Definition Audio Device)' : 2 channels at 44.1 kHz using 16 bits per sample (channel mask 0x3)
[2016.02.17-23.16.16:327][587]LogInit: FAudioDevice initialized.
[2016.02.17-23.16.16:357][587]LogWorld: Game class is 'SwapGameMode_C'
[2016.02.17-23.16.16:360][587]LogWorld: Bringing World /Game/Maps/UEDPIE_0_swapMap.swapMap up for play (max tick rate 0) at 2016.02.18-10.16.16
[2016.02.17-23.16.16:360][587]LogActor:Warning: GameSession /Game/Maps/UEDPIE_0_swapMap.swapMap:PersistentLevel.GameSession_4 has natively added scene component(s), but none of them were set as the actor's RootComponent - picking one arbitrarily
[2016.02.17-23.16.16:360][587]LogActor:Warning: GameNetworkManager /Game/Maps/UEDPIE_0_swapMap.swapMap:PersistentLevel.GameNetworkManager_4 has natively added scene component(s), but none of them were set as the actor's RootComponent - picking one arbitrarily
[2016.02.17-23.16.16:361][587]LogWorld: Bringing up level for play took: 0.002876
[2016.02.17-23.16.16:362][587]PIE: Info Play in editor start time for /Game/Maps/UEDPIE_0_swapMap 0.08
[2016.02.17-23.16.18:960][898]LogBlueprintUserMessages: [SwapMan_C_12] 1.0
[2016.02.17-23.16.22:780][356]LogBlueprintUserMessages: [SwapMan_C_12] 1.0
[2016.02.17-23.16.24:922][613]LogBlueprintUserMessages: [SwapMan_C_12] 1.0
[2016.02.17-23.16.26:926][847]LogParticles: Destroying 0 GPU particle simulations for FXSystem 0x0000000071ECFBA0
[2016.02.17-23.16.34:645][762]BlueprintLog: New page: Compile SwapMan
[2016.02.17-23.16.34:723][762]LogActorComponent: UnregisterComponent: (/Engine/Transient.CharMoveComp) Not registered. Aborting.
[2016.02.17-23.16.34:751][762]BlueprintEditorCompileResults: Info [0486.68] Compile of SwapMan successful! [in 106 ms]
[2016.02.17-23.16.35:488][849]LogActorComponent: UnregisterComponent: (/Engine/Transient.CharMoveComp) Not registered. Aborting.
[2016.02.17-23.16.35:548][849]Cmd: OBJ SAVEPACKAGE PACKAGE="/Game/BluePrints/SwapMan" FILE="../../../../../../Users/jack.carolan/Desktop/Git/UE4Projects/GroupProject/Swap/Swap/Content/BluePrints/SwapMan.uasset" SILENT=true
[2016.02.17-23.16.35:699][849]LogSavePackage: Save=148.131714ms
[2016.02.17-23.16.35:699][849]LogSavePackage: Moving '../../../../../../Users/jack.carolan/Desktop/Git/UE4Projects/GroupProject/Swap/Swap/Saved/SwapMan28A8195C494A7A6B96355183D8066AF5.tmp' to '../../../../../../Users/jack.carolan/Desktop/Git/UE4Projects/GroupProject/Swap/Swap/Content/BluePrints/SwapMan.uasset'
[2016.02.17-23.16.35:700][849]LogSavePackage: Total save time: 151.761204ms
[2016.02.17-23.16.35:700][849]LogSavePackage:Display: Finished SavePackage ../../../../../../Users/jack.carolan/Desktop/Git/UE4Projects/GroupProject/Swap/Swap/Content/BluePrints/SwapMan.uasset
[2016.02.17-23.16.37:315][ 41]LogPlayLevel: PlayLevel: No blueprints needed recompiling
[2016.02.17-23.16.37:315][ 41]PIE: New page: PIE session: swapMap (Feb 18, 2016, 9:16:37 PM)
[2016.02.17-23.16.37:315][ 41]LogPlayLevel: Creating play world package: /Game/Maps/UEDPIE_0_swapMap
[2016.02.17-23.16.37:317][ 41]LogPlayLevel: PIE: StaticDuplicateObject took: (0.002612s)
[2016.02.17-23.16.37:318][ 41]LogAIModule: Creating AISystem for world swapMap
[2016.02.17-23.16.37:318][ 41]LogPlayLevel: PIE: World Init took: (0.000514s)
[2016.02.17-23.16.37:318][ 41]LogPlayLevel: PIE: Created PIE world by copying editor world from /Game/Maps/swapMap.swapMap to /Game/Maps/UEDPIE_0_swapMap.swapMap (0.003279s)
[2016.02.17-23.16.37:318][ 41]LogActorComponent: UnregisterComponent: (/Engine/Transient.CharMoveComp) Not registered. Aborting.
[2016.02.17-23.16.37:342][ 41]LogInit: XAudio2 using 'Speakers (High Definition Audio Device)' : 2 channels at 44.1 kHz using 16 bits per sample (channel mask 0x3)
[2016.02.17-23.16.37:346][ 41]LogInit: FAudioDevice initialized.
[2016.02.17-23.16.37:377][ 41]LogWorld: Game class is 'SwapGameMode_C'
[2016.02.17-23.16.37:381][ 41]LogWorld: Bringing World /Game/Maps/UEDPIE_0_swapMap.swapMap up for play (max tick rate 0) at 2016.02.18-10.16.37
[2016.02.17-23.16.37:381][ 41]LogActor:Warning: GameSession /Game/Maps/UEDPIE_0_swapMap.swapMap:PersistentLevel.GameSession_5 has natively added scene component(s), but none of them were set as the actor's RootComponent - picking one arbitrarily
[2016.02.17-23.16.37:381][ 41]LogActor:Warning: GameNetworkManager /Game/Maps/UEDPIE_0_swapMap.swapMap:PersistentLevel.GameNetworkManager_5 has natively added scene component(s), but none of them were set as the actor's RootComponent - picking one arbitrarily
[2016.02.17-23.16.37:381][ 41]LogWorld: Bringing up level for play took: 0.003328
[2016.02.17-23.16.37:383][ 41]PIE: Info Play in editor start time for /Game/Maps/UEDPIE_0_swapMap -0.912
[2016.02.17-23.16.39:871][339]LogBlueprintUserMessages: [SwapMan_C_12] X=0.290 Y=0.115 Z=0.950
[2016.02.17-23.16.43:945][827]LogBlueprintUserMessages: [SwapMan_C_12] X=0.054 Y=-0.590 Z=0.806
[2016.02.17-23.16.46:440][120]LogParticles: Destroying 0 GPU particle simulations for FXSystem 0x0000000065202A20
[2016.02.17-23.17.10:156][950]BlueprintLog: New page: Compile SwapMan
[2016.02.17-23.17.10:231][950]LogActorComponent: UnregisterComponent: (/Engine/Transient.CharMoveComp) Not registered. Aborting.
[2016.02.17-23.17.10:260][950]BlueprintEditorCompileResults: Info [0522.17] Compile of SwapMan successful! [in 104 ms]
[2016.02.17-23.17.10:805][ 14]LogActorComponent: UnregisterComponent: (/Engine/Transient.CharMoveComp) Not registered. Aborting.
[2016.02.17-23.17.10:872][ 14]Cmd: OBJ SAVEPACKAGE PACKAGE="/Game/BluePrints/SwapMan" FILE="../../../../../../Users/jack.carolan/Desktop/Git/UE4Projects/GroupProject/Swap/Swap/Content/BluePrints/SwapMan.uasset" SILENT=true
[2016.02.17-23.17.11:019][ 14]LogSavePackage: Save=142.622925ms
[2016.02.17-23.17.11:019][ 14]LogSavePackage: Moving '../../../../../../Users/jack.carolan/Desktop/Git/UE4Projects/GroupProject/Swap/Swap/Saved/SwapManAFCC2C844E8041E284E3D9A75D15C363.tmp' to '../../../../../../Users/jack.carolan/Desktop/Git/UE4Projects/GroupProject/Swap/Swap/Content/BluePrints/SwapMan.uasset'
[2016.02.17-23.17.11:020][ 14]LogSavePackage: Total save time: 146.330353ms
[2016.02.17-23.17.11:020][ 14]LogSavePackage:Display: Finished SavePackage ../../../../../../Users/jack.carolan/Desktop/Git/UE4Projects/GroupProject/Swap/Swap/Content/BluePrints/SwapMan.uasset
[2016.02.17-23.17.12:335][170]LogPlayLevel: PlayLevel: No blueprints needed recompiling
[2016.02.17-23.17.12:336][170]PIE: New page: PIE session: swapMap (Feb 18, 2016, 9:17:12 PM)
[2016.02.17-23.17.12:336][170]LogPlayLevel: Creating play world package: /Game/Maps/UEDPIE_0_swapMap
[2016.02.17-23.17.12:338][170]LogPlayLevel: PIE: StaticDuplicateObject took: (0.002659s)
[2016.02.17-23.17.12:339][170]LogAIModule: Creating AISystem for world swapMap
[2016.02.17-23.17.12:339][170]LogPlayLevel: PIE: World Init took: (0.000514s)
[2016.02.17-23.17.12:339][170]LogPlayLevel: PIE: Created PIE world by copying editor world from /Game/Maps/swapMap.swapMap to /Game/Maps/UEDPIE_0_swapMap.swapMap (0.003341s)
[2016.02.17-23.17.12:339][170]LogActorComponent: UnregisterComponent: (/Engine/Transient.CharMoveComp) Not registered. Aborting.
[2016.02.17-23.17.12:362][170]LogInit: XAudio2 using 'Speakers (High Definition Audio Device)' : 2 channels at 44.1 kHz using 16 bits per sample (channel mask 0x3)
[2016.02.17-23.17.12:366][170]LogInit: FAudioDevice initialized.
[2016.02.17-23.17.12:397][170]LogWorld: Game class is 'SwapGameMode_C'
[2016.02.17-23.17.12:400][170]LogWorld: Bringing World /Game/Maps/UEDPIE_0_swapMap.swapMap up for play (max tick rate 0) at 2016.02.18-10.17.12
[2016.02.17-23.17.12:400][170]LogActor:Warning: GameSession /Game/Maps/UEDPIE_0_swapMap.swapMap:PersistentLevel.GameSession_6 has natively added scene component(s), but none of them were set as the actor's RootComponent - picking one arbitrarily
[2016.02.17-23.17.12:400][170]LogActor:Warning: GameNetworkManager /Game/Maps/UEDPIE_0_swapMap.swapMap:PersistentLevel.GameNetworkManager_6 has natively added scene component(s), but none of them were set as the actor's RootComponent - picking one arbitrarily
[2016.02.17-23.17.12:401][170]LogWorld: Bringing up level for play took: 0.002814
[2016.02.17-23.17.12:403][170]PIE: Info Play in editor start time for /Game/Maps/UEDPIE_0_swapMap 0.084
[2016.02.17-23.17.15:015][483]LogBlueprintUserMessages: [SwapMan_C_12] X=0.290 Y=0.136 Z=0.948
[2016.02.17-23.17.20:053][ 87]LogBlueprintUserMessages: [SwapMan_C_12] X=0.284 Y=-0.305 Z=0.909
[2016.02.17-23.17.25:115][694]LogBlueprintUserMessages: [SwapMan_C_12] X=0.054 Y=-0.588 Z=0.807
[2016.02.17-23.17.29:859][263]LogBlueprintUserMessages: [SwapMan_C_12] X=0.056 Y=0.586 Z=0.809
[2016.02.17-23.17.33:579][709]LogBlueprintUserMessages: [SwapMan_C_12] X=0.292 Y=-0.077 Z=0.953
[2016.02.17-23.17.36:848][101]LogBlueprintUserMessages: [SwapMan_C_12] X=0.277 Y=0.361 Z=0.891
[2016.02.17-23.17.41:584][669]LogBlueprintUserMessages: [SwapMan_C_12] X=0.054 Y=-0.580 Z=0.813
[2016.02.17-23.17.44:920][ 69]LogBlueprintUserMessages: [SwapMan_C_12] X=0.281 Y=0.034 Z=0.959
[2016.02.17-23.17.47:760][403]LogParticles: Destroying 0 GPU particle simulations for FXSystem 0x00000000765FA520
[2016.02.17-23.18.03:261][238]BlueprintLog: New page: Compile SwapMan
[2016.02.17-23.18.03:339][238]LogActorComponent: UnregisterComponent: (/Engine/Transient.CharMoveComp) Not registered. Aborting.
[2016.02.17-23.18.03:367][238]BlueprintEditorCompileResults: Info [0575.24] Compile of SwapMan successful! [in 105 ms]
[2016.02.17-23.18.04:320][351]LogActorComponent: UnregisterComponent: (/Engine/Transient.CharMoveComp) Not registered. Aborting.
[2016.02.17-23.18.04:371][351]Cmd: OBJ SAVEPACKAGE PACKAGE="/Game/BluePrints/SwapMan" FILE="../../../../../../Users/jack.carolan/Desktop/Git/UE4Projects/GroupProject/Swap/Swap/Content/BluePrints/SwapMan.uasset" SILENT=true
[2016.02.17-23.18.04:520][351]LogSavePackage: Save=144.626480ms
[2016.02.17-23.18.04:520][351]LogSavePackage: Moving '../../../../../../Users/jack.carolan/Desktop/Git/UE4Projects/GroupProject/Swap/Swap/Saved/SwapMan550A31094053E64E7EEE4794D2C0EC6A.tmp' to '../../../../../../Users/jack.carolan/Desktop/Git/UE4Projects/GroupProject/Swap/Swap/Content/BluePrints/SwapMan.uasset'
[2016.02.17-23.18.04:521][351]LogSavePackage: Total save time: 149.124309ms
[2016.02.17-23.18.04:521][351]LogSavePackage:Display: Finished SavePackage ../../../../../../Users/jack.carolan/Desktop/Git/UE4Projects/GroupProject/Swap/Swap/Content/BluePrints/SwapMan.uasset
[2016.02.17-23.18.07:108][658]LogPlayLevel: PlayLevel: No blueprints needed recompiling
[2016.02.17-23.18.07:108][658]PIE: New page: PIE session: swapMap (Feb 18, 2016, 9:18:07 PM)
[2016.02.17-23.18.07:108][658]LogPlayLevel: Creating play world package: /Game/Maps/UEDPIE_0_swapMap
[2016.02.17-23.18.07:110][658]LogPlayLevel: PIE: StaticDuplicateObject took: (0.002426s)
[2016.02.17-23.18.07:111][658]LogAIModule: Creating AISystem for world swapMap
[2016.02.17-23.18.07:111][658]LogPlayLevel: PIE: World Init took: (0.000506s)
[2016.02.17-23.18.07:111][658]LogPlayLevel: PIE: Created PIE world by copying editor world from /Game/Maps/swapMap.swapMap to /Game/Maps/UEDPIE_0_swapMap.swapMap (0.003085s)
[2016.02.17-23.18.07:111][658]LogActorComponent: UnregisterComponent: (/Engine/Transient.CharMoveComp) Not registered. Aborting.
[2016.02.17-23.18.07:135][658]LogInit: XAudio2 using 'Speakers (High Definition Audio Device)' : 2 channels at 44.1 kHz using 16 bits per sample (channel mask 0x3)
[2016.02.17-23.18.07:139][658]LogInit: FAudioDevice initialized.
[2016.02.17-23.18.07:169][658]LogWorld: Game class is 'SwapGameMode_C'
[2016.02.17-23.18.07:173][658]LogWorld: Bringing World /Game/Maps/UEDPIE_0_swapMap.swapMap up for play (max tick rate 0) at 2016.02.18-10.18.07
[2016.02.17-23.18.07:173][658]LogActor:Warning: GameSession /Game/Maps/UEDPIE_0_swapMap.swapMap:PersistentLevel.GameSession_7 has natively added scene component(s), but none of them were set as the actor's RootComponent - picking one arbitrarily
[2016.02.17-23.18.07:173][658]LogActor:Warning: GameNetworkManager /Game/Maps/UEDPIE_0_swapMap.swapMap:PersistentLevel.GameNetworkManager_7 has natively added scene component(s), but none of them were set as the actor's RootComponent - picking one arbitrarily
[2016.02.17-23.18.07:173][658]LogWorld: Bringing up level for play took: 0.002860
[2016.02.17-23.18.07:175][658]PIE: Info Play in editor start time for /Game/Maps/UEDPIE_0_swapMap 0.826
[2016.02.17-23.18.09:771][969]LogBlueprintUserMessages: [SwapMan_C_12] 0.987203
[2016.02.17-23.18.13:289][391]LogBlueprintUserMessages: [SwapMan_C_12] 0.978972
[2016.02.17-23.18.16:157][735]LogBlueprintUserMessages: [SwapMan_C_12] 0.987177
[2016.02.17-23.18.18:462][  5]LogParticles: Destroying 0 GPU particle simulations for FXSystem 0x0000000063B32020
[2016.02.17-23.18.40:339][617]BlueprintLog: New page: Compile SwapMan
[2016.02.17-23.18.40:413][617]LogActorComponent: UnregisterComponent: (/Engine/Transient.CharMoveComp) Not registered. Aborting.
[2016.02.17-23.18.40:441][617]BlueprintEditorCompileResults: Info [0612.31] Compile of SwapMan successful! [in 101 ms]
[2016.02.17-23.18.42:154][821]LogActorComponent: UnregisterComponent: (/Engine/Transient.CharMoveComp) Not registered. Aborting.
[2016.02.17-23.18.42:224][821]Cmd: OBJ SAVEPACKAGE PACKAGE="/Game/BluePrints/SwapMan" FILE="../../../../../../Users/jack.carolan/Desktop/Git/UE4Projects/GroupProject/Swap/Swap/Content/BluePrints/SwapMan.uasset" SILENT=true
[2016.02.17-23.18.42:374][821]LogSavePackage: Save=146.425430ms
[2016.02.17-23.18.42:374][821]LogSavePackage: Moving '../../../../../../Users/jack.carolan/Desktop/Git/UE4Projects/GroupProject/Swap/Swap/Saved/SwapMan706EBF7642BB3352409DA6BC3EDF7E5E.tmp' to '../../../../../../Users/jack.carolan/Desktop/Git/UE4Projects/GroupProject/Swap/Swap/Content/BluePrints/SwapMan.uasset'
[2016.02.17-23.18.42:375][821]LogSavePackage: Total save time: 150.202658ms
[2016.02.17-23.18.42:375][821]LogSavePackage:Display: Finished SavePackage ../../../../../../Users/jack.carolan/Desktop/Git/UE4Projects/GroupProject/Swap/Swap/Content/BluePrints/SwapMan.uasset
[2016.02.17-23.18.44:539][ 79]LogPlayLevel: PlayLevel: No blueprints needed recompiling
[2016.02.17-23.18.44:539][ 79]PIE: New page: PIE session: swapMap (Feb 18, 2016, 9:18:44 PM)
[2016.02.17-23.18.44:539][ 79]LogPlayLevel: Creating play world package: /Game/Maps/UEDPIE_0_swapMap
[2016.02.17-23.18.44:541][ 79]LogPlayLevel: PIE: StaticDuplicateObject took: (0.002411s)
[2016.02.17-23.18.44:542][ 79]LogAIModule: Creating AISystem for world swapMap
[2016.02.17-23.18.44:542][ 79]LogPlayLevel: PIE: World Init took: (0.000504s)
[2016.02.17-23.18.44:542][ 79]LogPlayLevel: PIE: Created PIE world by copying editor world from /Game/Maps/swapMap.swapMap to /Game/Maps/UEDPIE_0_swapMap.swapMap (0.003070s)
[2016.02.17-23.18.44:542][ 79]LogActorComponent: UnregisterComponent: (/Engine/Transient.CharMoveComp) Not registered. Aborting.
[2016.02.17-23.18.44:566][ 79]LogInit: XAudio2 using 'Speakers (High Definition Audio Device)' : 2 channels at 44.1 kHz using 16 bits per sample (channel mask 0x3)
[2016.02.17-23.18.44:570][ 79]LogInit: FAudioDevice initialized.
[2016.02.17-23.18.44:600][ 79]LogWorld: Game class is 'SwapGameMode_C'
[2016.02.17-23.18.44:603][ 79]LogWorld: Bringing World /Game/Maps/UEDPIE_0_swapMap.swapMap up for play (max tick rate 0) at 2016.02.18-10.18.44
[2016.02.17-23.18.44:603][ 79]LogActor:Warning: GameSession /Game/Maps/UEDPIE_0_swapMap.swapMap:PersistentLevel.GameSession_8 has natively added scene component(s), but none of them