[2016.02.22-23.30.30:903][  0]Log file open, 02/23/16 10:30:30
[2016.02.22-23.30.30:903][  0]LogInit:Display: Running engine for game: Swap
[2016.02.22-23.30.30:903][  0]LogPlatformFile: Not using cached read wrapper
[2016.02.22-23.30.30:903][  0]LogInit:Display: RandInit(234493169) SRandInit(234493170).
[2016.02.22-23.30.30:903][  0]LogTaskGraph: Started task graph with 4 named threads and 7 total threads.
[2016.02.22-23.30.30:903][  0]LogStats: Stats thread started at 0.572412
[2016.02.22-23.30.30:903][  0]LogInit: Version: 4.10.2-2818068+++depot+UE4-Releases+4.10
[2016.02.22-23.30.30:903][  0]LogInit: API Version: 2758231
[2016.02.22-23.30.30:903][  0]LogInit: Compiled (64-bit): Jan  6 2016 17:36:42
[2016.02.22-23.30.30:903][  0]LogInit: Compiled with Visual C++: 19.00.23026.00
[2016.02.22-23.30.30:903][  0]LogInit: Build Configuration: Development
[2016.02.22-23.30.30:903][  0]LogInit: Branch Name: ++depot+UE4-Releases+4.10
[2016.02.22-23.30.30:903][  0]LogInit: Command line:  
[2016.02.22-23.30.30:903][  0]LogInit: Base directory: C:/Program Files (x86)/Epic Games/4.10/Engine/Binaries/Win64/
[2016.02.22-23.30.30:903][  0]LogInit: Rocket: 1
[2016.02.22-23.30.30:919][  0]LogInit: Using libcurl 7.41.0
[2016.02.22-23.30.30:919][  0]LogInit:  - built for x86_64-pc-win32
[2016.02.22-23.30.30:919][  0]LogInit:  - supports SSL with WinSSL
[2016.02.22-23.30.30:919][  0]LogInit:  - other features:
[2016.02.22-23.30.30:919][  0]LogInit:      CURL_VERSION_SSL
[2016.02.22-23.30.30:919][  0]LogInit:      CURL_VERSION_IPV6
[2016.02.22-23.30.30:919][  0]LogInit:      CURL_VERSION_ASYNCHDNS
[2016.02.22-23.30.30:919][  0]LogInit:      CURL_VERSION_LARGEFILE
[2016.02.22-23.30.30:919][  0]LogInit:      CURL_VERSION_IDN
[2016.02.22-23.30.30:919][  0]LogInit:  CurlRequestOptions (configurable via config and command line):
[2016.02.22-23.30.30:919][  0]LogInit:  - bVerifyPeer = true  - Libcurl will verify peer certificate
[2016.02.22-23.30.30:919][  0]LogInit:  - bUseHttpProxy = false  - Libcurl will NOT use HTTP proxy
[2016.02.22-23.30.30:919][  0]LogInit:  - bDontReuseConnections = false  - Libcurl will reuse connections
[2016.02.22-23.30.30:919][  0]LogInit:  - CertBundlePath = nullptr  - Libcurl will use whatever was configured at build time.
[2016.02.22-23.30.30:950][  0]LogInit: Presizing for 0 objects not considered by GC, pre-allocating 0 bytes.
[2016.02.22-23.30.30:950][  0]LogInit: Object subsystem initialized
[2016.02.22-23.30.30:966][  0]LogInit: Selected Device Profile: [Windows]
[2016.02.22-23.30.30:966][  0]LogInit: Applying CVar settings loaded from the selected device profile: [Windows]
[2016.02.22-23.30.30:981][  0]LogInit: Computer: HARST-D2A9E8
[2016.02.22-23.30.30:981][  0]LogInit: User: jackcarolan
[2016.02.22-23.30.30:981][  0]LogInit: CPU Page size=4096, Cores=4
[2016.02.22-23.30.30:981][  0]LogInit: High frequency timer resolution =3.323613 MHz
[2016.02.22-23.30.30:981][  0]LogMemory: Memory total: Physical=16.0GB (16GB approx)
[2016.02.22-23.30.30:981][  0]LogMemory: Platform Memory Stats for Windows
[2016.02.22-23.30.30:981][  0]LogMemory: Process Physical Memory: 56.97 MB used, 56.97 MB peak
[2016.02.22-23.30.30:981][  0]LogMemory: Process Virtual Memory: 60.49 MB used, 60.49 MB peak
[2016.02.22-23.30.30:981][  0]LogMemory: Physical Memory: 1732.77 MB used, 16345.20 MB total
[2016.02.22-23.30.30:981][  0]LogMemory: Virtual Memory: 354.85 MB used, 8388608.00 MB total
[2016.02.22-23.30.31:089][  0]LogTextLocalizationManager: No specific translations for ('en-US') exist, so ('en') translations will be used.
[2016.02.22-23.30.31:406][  0]LogD3D11RHI: Found D3D11 adapter 0: NVIDIA GeForce GTX 660 Ti (Feature Level 11_0)
[2016.02.22-23.30.31:406][  0]LogD3D11RHI: Adapter has 1989MB of dedicated video memory, 0MB of dedicated system memory, and 2048MB of shared system memory, 2 output[s]
[2016.02.22-23.30.31:406][  0]LogD3D11RHI: Chosen D3D11 Adapter Id = 0
[2016.02.22-23.30.31:409][  0]LogD3D11RHI: !Direct3DDevice
[2016.02.22-23.30.31:409][  0]LogRHI: Texture pool is 1361 MB (70% of 1945 MB)
[2016.02.22-23.30.31:417][  0]LogD3D11RHI: Async texture creation enabled
[2016.02.22-23.30.31:444][  0]LogShaderCompilers: Guid format shader working directory is -32 characters bigger than the processId version (../../../../../../Users/jack.carolan/Desktop/Git/UE4Projects/GroupProject/Swap/Swap/Intermediate/Shaders/WorkingDirectory/3252/).
[2016.02.22-23.30.31:445][  0]LogShaderCompilers: Cleaned the shader compiler working directory 'C:/Users/JACK~1.CAR/AppData/Local/Temp/UnrealShaderWorkingDir/0368DE2E4D7AAE5A1029ACA3AC8A07B8/'.
[2016.02.22-23.30.31:445][  0]LogShaderCompilers:Display: Using Local Shader Compiler.
[2016.02.22-23.30.32:424][  0]LogTemp:Display: Loaded TP AllDesktopTargetPlatform
[2016.02.22-23.30.32:428][  0]LogTemp:Display: Loaded TP WindowsClientTargetPlatform
[2016.02.22-23.30.32:432][  0]LogTemp:Display: Loaded TP WindowsNoEditorTargetPlatform
[2016.02.22-23.30.32:436][  0]LogTemp:Display: Loaded TP WindowsServerTargetPlatform
[2016.02.22-23.30.32:440][  0]LogTemp:Display: Loaded TP WindowsTargetPlatform
[2016.02.22-23.30.32:444][  0]LogTemp:Display: Loaded TP AndroidTargetPlatform
[2016.02.22-23.30.32:447][  0]LogTemp:Display: Loaded TP Android_ASTCTargetPlatform
[2016.02.22-23.30.32:450][  0]LogTemp:Display: Loaded TP Android_ATCTargetPlatform
[2016.02.22-23.30.32:453][  0]LogTemp:Display: Loaded TP Android_DXTTargetPlatform
[2016.02.22-23.30.32:456][  0]LogTemp:Display: Loaded TP Android_ETC1TargetPlatform
[2016.02.22-23.30.32:460][  0]LogTemp:Display: Loaded TP Android_ETC2TargetPlatform
[2016.02.22-23.30.32:466][  0]LogTemp:Display: Loaded TP Android_MultiTargetPlatform
[2016.02.22-23.30.32:466][  0]LogTemp:Display: Loaded TP Android_PVRTCTargetPlatform
[2016.02.22-23.30.32:468][  0]LogTemp:Display: Loaded TP HTML5TargetPlatform
[2016.02.22-23.30.32:489][  0]LogTemp:Display: Loaded TP IOSTargetPlatform
[2016.02.22-23.30.32:492][  0]LogTemp:Display: Loaded TP LinuxNoEditorTargetPlatform
[2016.02.22-23.30.32:495][  0]LogTemp:Display: Loaded TP LinuxServerTargetPlatform
[2016.02.22-23.30.32:499][  0]LogTemp:Display: Loaded TP LinuxTargetPlatform
[2016.02.22-23.30.32:499][  0]LogTargetPlatformManager:Display: Building Assets For Windows
[2016.02.22-23.30.32:599][  0]LogDerivedDataCache:Display: Max Cache Size: 512 MB
[2016.02.22-23.30.32:736][  0]LogDerivedDataCache: Loaded boot cache 0.14s 41MB C:/Users/jack.carolan/AppData/Local/UnrealEngine/4.10/DerivedDataCache/Boot.ddc.
[2016.02.22-23.30.32:736][  0]LogDerivedDataCache:Display: Loaded Boot cache: C:/Users/jack.carolan/AppData/Local/UnrealEngine/4.10/DerivedDataCache/Boot.ddc
[2016.02.22-23.30.32:736][  0]LogDerivedDataCache: FDerivedDataBackendGraph:  Pak pak cache file ../../../../../../Users/jack.carolan/Desktop/Git/UE4Projects/GroupProject/Swap/Swap/DerivedDataCache/DDC.ddp not found, will not use a pak cache.
[2016.02.22-23.30.32:736][  0]LogDerivedDataCache: Unable to find inner node Pak for hierarchical cache Hierarchy.
[2016.02.22-23.30.32:736][  0]LogDerivedDataCache: FDerivedDataBackendGraph:  CompressedPak pak cache file ../../../../../../Users/jack.carolan/Desktop/Git/UE4Projects/GroupProject/Swap/Swap/DerivedDataCache/Compressed.ddp not found, will not use a pak cache.
[2016.02.22-23.30.32:736][  0]LogDerivedDataCache: Unable to find inner node CompressedPak for hierarchical cache Hierarchy.
[2016.02.22-23.30.32:792][  0]LogDerivedDataCache:Display: Pak cache opened for reading ../../../Engine/DerivedDataCache/Compressed.ddp.
[2016.02.22-23.30.32:804][  0]LogDerivedDataCache: Using Local data cache path C:/Users/jack.carolan/AppData/Local/UnrealEngine/Common/DerivedDataCache: Writable
[2016.02.22-23.30.33:373][  0]LogInit: Selected Device Profile: [Windows]
[2016.02.22-23.30.33:375][  0]LogContentStreaming: Texture pool size is 0.000000MB
[2016.02.22-23.30.33:464][  0]LogMeshUtilities: No automatic mesh reduction module available
[2016.02.22-23.30.33:464][  0]LogMeshUtilities: No automatic mesh merging module available
[2016.02.22-23.30.33:899][  0]LogInit: WinSock: version 1.1 (2.2), MaxSocks=32767, MaxUdp=65467
[2016.02.22-23.30.35:459][  0]UdpMessaging: Initializing bridge on interface 0.0.0.0:0 to multicast group 230.0.0.1:6666.
[2016.02.22-23.30.35:599][  0]LogAssetRegistry: FAssetRegistry took 0.0124 seconds to start up
[2016.02.22-23.30.35:822][  0]SourceControl: Info Source control is disabled
[2016.02.22-23.30.35:888][  0]SourceControl: Info Source control is disabled
[2016.02.22-23.30.35:901][  0]SourceControl: Info Source control is disabled
[2016.02.22-23.30.35:910][  0]SourceControl: Info Source control is disabled
[2016.02.22-23.30.36:148][  0]LogObj: 28633 objects as part of root set at end of initial load.
[2016.02.22-23.30.36:148][  0]LogUObjectAllocator: 6099744 out of 0 bytes used by permanent object pool.
[2016.02.22-23.30.36:225][  0]LogEngine: Initializing Engine...
[2016.02.22-23.30.36:227][  0]LogHMD: Can't find Oculus library dev build: is proper Runtime installed? Version: 0.8.0.0
[2016.02.22-23.30.36:230][  0]LogHMD: SteamVR failed to initialize.  Err: 110
[2016.02.22-23.30.36:354][  0]LogAIModule: Creating AISystem for world NewWorld
[2016.02.22-23.30.36:394][  0]LogInit: XAudio2 using 'Speakers (High Definition Audio Device)' : 2 channels at 44.1 kHz using 16 bits per sample (channel mask 0x3)
[2016.02.22-23.30.36:410][  0]LogInit: FAudioDevice initialized.
[2016.02.22-23.30.36:426][  0]LogDerivedDataCache: Saved boot cache 0.02s 41MB C:/Users/jack.carolan/AppData/Local/UnrealEngine/4.10/DerivedDataCache/Boot.ddc.
[2016.02.22-23.30.36:428][  0]LogInit: Texture streaming: Enabled
[2016.02.22-23.30.36:433][  0]LogAnalytics: Creating configured Analytics provider AnalyticsET
[2016.02.22-23.30.36:434][  0]LogAnalytics: [UEEditor.Rocket.Release] APIServer = http://et2.epicgames.com/ET2/. AppVersion = 4.10.2-2818068+++depot+UE4-Releases+4.10
[2016.02.22-23.30.36:434][  0]LogAnalytics: [UEEditor.Rocket.Release] SetUserId 46cfea764061f1b9c41e02b8bd51e989|aeaa3af4045243359e0d8c4eedc51930|83405bc8-af7b-4bc6-aae5-6e4514ef7c9f
[2016.02.22-23.30.36:434][  0]LogAnalytics: [UEEditor.Rocket.Release] AnalyticsET::StartSession
[2016.02.22-23.30.36:461][  0]LogInit: Transaction tracking system initialized
[2016.02.22-23.30.36:509][  0]BlueprintLog: New page: Editor Load
[2016.02.22-23.30.36:683][  0]LocalizationService: Info Localization service is disabled
[2016.02.22-23.30.36:780][  0]LogConsoleResponse:Display: 
[2016.02.22-23.30.36:927][  0]LogCook:Display: Done creating registry. It took  0.00s.
[2016.02.22-23.30.37:002][  0]LogFileCache: Scanning file cache for directory 'C:/Users/jack.carolan/Desktop/Git/UE4Projects/GroupProject/Swap/Swap/Content/' took 0.01s
[2016.02.22-23.30.37:002][  0]SourceControl: Info Source control is disabled
[2016.02.22-23.30.37:003][  0]Cmd: MAP LOAD FILE="../../../../../../Users/jack.carolan/Desktop/Git/UE4Projects/GroupProject/Swap/Swap/Content/Maps/swapMap.umap" TEMPLATE=0 SHOWPROGRESS=1 FEATURELEVEL=3
[2016.02.22-23.30.37:005][  0]LightingResults: New page: Lighting Build
[2016.02.22-23.30.37:011][  0]MapCheck: New page: Map Check
[2016.02.22-23.30.37:011][  0]LightingResults: New page: Lighting Build
[2016.02.22-23.30.37:024][  0]LogParticles: Destroying 0 GPU particle simulations for FXSystem 0x0000000021A57420
[2016.02.22-23.30.37:313][  0]LogAIModule: Creating AISystem for world swapMap
[2016.02.22-23.30.37:335][  0]LogEditorServer: Finished looking for orphan Actors (0.000 secs)
[2016.02.22-23.30.37:336][  0]Cmd: MAP CHECKDEP NOCLEARLOG
[2016.02.22-23.30.37:365][  0]MapCheck: Info Map check complete: 0 Error(s), 0 Warning(s), took 29.031ms to complete.
[2016.02.22-23.30.37:365][  0]LogFileHelpers: Loading map 'swapMap' took 0.362
[2016.02.22-23.30.37:510][  0]LogCollectionManager: Loaded 0 collections in 0.000974 seconds
[2016.02.22-23.30.37:564][  0]LogFileCache: Scanning file cache for directory 'C:/Users/jack.carolan/Desktop/Git/UE4Projects/GroupProject/Swap/Swap/Saved/Collections/' took 0.01s
[2016.02.22-23.30.37:564][  0]LogFileCache: Scanning file cache for directory 'C:/Users/jack.carolan/Desktop/Git/UE4Projects/GroupProject/Swap/Swap/Content/Developers/jackcarolan/Collections/' took 0.01s
[2016.02.22-23.30.37:564][  0]LogFileCache: Scanning file cache for directory 'C:/Users/jack.carolan/Desktop/Git/UE4Projects/GroupProject/Swap/Swap/Content/Collections/' took 0.01s
[2016.02.22-23.30.37:564][  0]LogCollectionManager: Rebuilt the GUID cache for 0 collections in 0.000002 seconds
[2016.02.22-23.30.37:572][  0]LogContentBrowser: Native class hierarchy populated in 0.0075 seconds. Added 1893 classes and 338 folders.
[2016.02.22-23.30.37:585][  0]LogContentBrowser: Native class hierarchy updated for 'WidgetCarousel' in 0.0003 seconds. Added 0 classes and 0 folders.
[2016.02.22-23.30.37:687][  0]LogContentBrowser: Native class hierarchy updated for 'AddContentDialog' in 0.0003 seconds. Added 0 classes and 0 folders.
[2016.02.22-23.30.37:696][  0]LogContentBrowser: Native class hierarchy updated for 'SceneOutliner' in 0.0003 seconds. Added 1 classes and 2 folders.
[2016.02.22-23.30.37:805][  0]LogCrashTracker: Crashtracker disabled due to settings.
[2016.02.22-23.30.37:816][  0]LogUObjectGlobals:Warning: Failed to find object 'Class None.'
[2016.02.22-23.30.37:838][  0]LogLoad: Full Startup: 7.95 seconds (BP compile: 0.08 seconds)
[2016.02.22-23.30.37:848][  0]LogOcInput: Can't find Oculus library dev build: is proper Runtime installed? Version: 0.8.0.0
[2016.02.22-23.30.37:901][  0]LogContentStreaming: Texture pool size now 1000 MB
[2016.02.22-23.30.38:037][  0]LogRenderer: Reallocating scene render targets to support 1208x552 (Frame:2).
[2016.02.22-23.30.38:174][  3]LogAssetRegistry: Asset discovery search completed in 2.5760 seconds
[2016.02.22-23.30.38:175][  3]LogCollectionManager: Rebuilt the object cache for 0 collections in 0.000001 seconds (found 0 objects)
[2016.02.22-23.30.38:175][  3]LogCollectionManager: Fixed up redirectors for 0 collections in 0.000019 seconds (updated 0 objects)
[2016.02.22-23.30.46:386][838]LogLinker:Warning: Asset '../../../Engine/Content/ArtTools/RenderToTexture/Macros/RenderToTextureMacros.uasset' has been saved with empty engine version. The asset will be loaded but may be incompatible.
[2016.02.22-23.30.46:766][838]LogContentBrowser: Native class hierarchy updated for 'BlueprintGraph' in 0.0006 seconds. Added 107 classes and 0 folders.
[2016.02.22-23.30.46:891][838]LogSkeletalMesh: InitArticulated: Bodies already created (/Engine/Transient.DebugSkelMeshComponent_0) - call TermArticulated first.
[2016.02.22-23.32.03:309][792]LogUObjectHash:Warning: Ambiguous search, could be AnimGraphNode_TransitionResult /Game/Mannequin/Animations/ThirdPerson_AnimBP.ThirdPerson_AnimBP:AnimGraph.AnimGraphNode_StateMachine_1.Default.AnimStateTransitionNode_1.Transition.AnimGraphNode_TransitionResult_0 or AnimGraphNode_TransitionResult /Game/Mannequin/Animations/ThirdPerson_AnimBP.ThirdPerson_AnimBP:ExecuteUbergraph_ThirdPerson_AnimBP.AnimGraphNode_StateMachine_0.Default.AnimStateTransitionNode_1.Transition.AnimGraphNode_TransitionResult_0
[2016.02.22-23.32.03:309][792]LogUObjectHash:Warning: Ambiguous search, could be AnimGraphNode_TransitionResult /Game/Mannequin/Animations/ThirdPerson_AnimBP.ThirdPerson_AnimBP:AnimGraph.AnimGraphNode_StateMachine_1.Default.AnimStateTransitionNode_1.Transition.AnimGraphNode_TransitionResult_0 or AnimGraphNode_TransitionResult /Game/Mannequin/Animations/ThirdPerson_AnimBP.ThirdPerson_AnimBP:ExecuteUbergraph_ThirdPerson_AnimBP.AnimGraphNode_TransitionResult_0
[2016.02.22-23.32.03:309][792]LogUObjectHash:Warning: Ambiguous search, could be AnimGraphNode_TransitionResult /Game/Mannequin/Animations/ThirdPerson_AnimBP.ThirdPerson_AnimBP:AnimGraph.AnimGraphNode_StateMachine_1.Default.AnimStateTransitionNode_1.Transition.AnimGraphNode_TransitionResult_0 or AnimGraphNode_TransitionResult /Game/Mannequin/Animations/ThirdPerson_AnimBP.ThirdPerson_AnimBP:ExecuteUbergraph_ThirdPerson_AnimBP.AnimGraphNode_StateMachine_1.Default.AnimStateTransitionNode_1.Transition.AnimGraphNode_TransitionResult_0
[2016.02.22-23.32.03:309][792]LogUObjectHash:Warning: Ambiguous search, could be AnimGraphNode_TransitionResult /Game/Mannequin/Animations/ThirdPerson_AnimBP.ThirdPerson_AnimBP:AnimGraph.AnimGraphNode_StateMachine_1.Default.AnimStateTransitionNode_1.Transition.AnimGraphNode_TransitionResult_0 or AnimGraphNode_TransitionResult /Game/Mannequin/Animations/ThirdPerson_AnimBP.ThirdPerson_AnimBP:ExecuteUbergraph_ThirdPerson_AnimBP.AnimGraphNode_StateMachine_2.Default.AnimStateTransitionNode_1.Transition.AnimGraphNode_TransitionResult_0
[2016.02.22-23.32.03:309][792]LogUObjectHash:Warning: Ambiguous search, could be AnimGraphNode_TransitionResult /Game/Mannequin/Animations/ThirdPerson_AnimBP.ThirdPerson_AnimBP:AnimGraph.AnimGraphNode_StateMachine_1.Default.AnimStateTransitionNode_1.Transition.AnimGraphNode_TransitionResult_0 or AnimGraphNode_TransitionResult /Game/Mannequin/Animations/ThirdPerson_AnimBP.ThirdPerson_AnimBP:ExecuteUbergraph_ThirdPerson_AnimBP.AnimGraphNode_StateMachine_4.Default.AnimStateTransitionNode_1.Transition.AnimGraphNode_TransitionResult_0
[2016.02.22-23.32.03:309][792]LogUObjectHash:Warning: Ambiguous search, could be AnimGraphNode_TransitionResult /Game/Mannequin/Animations/ThirdPerson_AnimBP.ThirdPerson_AnimBP:AnimGraph.AnimGraphNode_StateMachine_1.Default.AnimStateTransitionNode_1.Transition.AnimGraphNode_TransitionResult_0 or AnimGraphNode_TransitionResult /Game/Mannequin/Animations/ThirdPerson_AnimBP.ThirdPerson_AnimBP:ExecuteUbergraph_ThirdPerson_AnimBP.AnimGraphNode_StateMachine_5.Default.AnimStateTransitionNode_1.Transition.AnimGraphNode_TransitionResult_0
[2016.02.22-23.32.09:891][573]BlueprintLog: New page: Compile ThirdPerson_AnimBP
[2016.02.22-23.32.10:096][573]BlueprintEditorCompileResults: Info  Result  was visible but ignored
[2016.02.22-23.32.10:096][573]BlueprintEditorCompileResults: Info  Result  was visible but ignored
[2016.02.22-23.32.10:096][573]BlueprintEditorCompileResults: Info  Result  was visible but ignored
[2016.02.22-23.32.10:096][573]BlueprintEditorCompileResults: Info [0099.83] Compile of ThirdPerson_AnimBP successful! [in 203 ms]
[2016.02.22-23.32.10:898][640]LogSavePackage: Save=92.650978ms
[2016.02.22-23.32.10:898][640]LogSavePackage: Moving '../../../../../../Users/jack.carolan/Desktop/Git/UE4Projects/GroupProject/Swap/Swap/Saved/ThirdPerson_AnimBPD0024487436E9F9FE814F68991AB75CF.tmp' to '../../../../../../Users/jack.carolan/Desktop/Git/UE4Projects/GroupProject/Swap/Swap/Content/Mannequin/Animations/ThirdPerson_AnimBP.uasset'
[2016.02.22-23.32.10:899][640]LogSavePackage: Total save time: 125.429764ms
[2016.02.22-23.32.10:899][640]LogSavePackage:Display: Finished SavePackage ../../../../../../Users/jack.carolan/Desktop/Git/UE4Projects/GroupProject/Swap/Swap/Content/Mannequin/Animations/ThirdPerson_AnimBP.uasset
[2016.02.22-23.32.54:641][249]BlueprintLog: New page: Compile ThirdPerson_AnimBP
[2016.02.22-23.32.54:891][249]BlueprintEditorCompileResults: Info [0144.44] Compile of ThirdPerson_AnimBP successful! [in 249 ms]
[2016.02.22-23.32.56:211][369]LogSavePackage: Save=94.886497ms
[2016.02.22-23.32.56:211][369]LogSavePackage: Moving '../../../../../../Users/jack.carolan/Desktop/Git/UE4Projects/GroupProject/Swap/Swap/Saved/ThirdPerson_AnimBPCFA9444048785EC6E494F09250138A6C.tmp' to '../../../../../../Users/jack.carolan/Desktop/Git/UE4Projects/GroupProject/Swap/Swap/Content/Mannequin/Animations/ThirdPerson_AnimBP.uasset'
[2016.02.22-23.32.56:212][369]LogSavePackage: Total save time: 108.403716ms
[2016.02.22-23.32.56:212][369]LogSavePackage:Display: Finished SavePackage ../../../../../../Users/jack.carolan/Desktop/Git/UE4Projects/GroupProject/Swap/Swap/Content/Mannequin/Animations/ThirdPerson_AnimBP.uasset
[2016.02.22-23.33.01:094][895]LogPlayLevel: PlayLevel: No blueprints needed recompiling
[2016.02.22-23.33.01:094][895]PIE: New page: PIE session: swapMap (Feb 23, 2016, 9:33:01 PM)
[2016.02.22-23.33.01:094][895]LogPlayLevel: Creating play world package: /Game/Maps/UEDPIE_0_swapMap
[2016.02.22-23.33.01:099][895]LogPlayLevel: PIE: StaticDuplicateObject took: (0.004791s)
[2016.02.22-23.33.01:099][895]LogAIModule: Creating AISystem for world swapMap
[2016.02.22-23.33.01:100][895]LogPlayLevel: PIE: World Init took: (0.000616s)
[2016.02.22-23.33.01:100][895]LogPlayLevel: PIE: Created PIE world by copying editor world from /Game/Maps/swapMap.swapMap to /Game/Maps/UEDPIE_0_swapMap.swapMap (0.005583s)
[2016.02.22-23.33.01:121][895]LogInit: XAudio2 using 'Speakers (High Definition Audio Device)' : 2 channels at 44.1 kHz using 16 bits per sample (channel mask 0x3)
[2016.02.22-23.33.01:126][895]LogInit: FAudioDevice initialized.
[2016.02.22-23.33.01:174][895]LogWorld: Game class is 'SwapGameMode_C'
[2016.02.22-23.33.01:180][895]LogWorld: Bringing World /Game/Maps/UEDPIE_0_swapMap.swapMap up for play (max tick rate 0) at 2016.02.23-10.33.01
[2016.02.22-23.33.01:180][895]LogActor:Warning: GameSession /Game/Maps/UEDPIE_0_swapMap.swapMap:PersistentLevel.GameSession_0 has natively added scene component(s), but none of them were set as the actor's RootComponent - picking one arbitrarily
[2016.02.22-23.33.01:182][895]LogActor:Warning: GameNetworkManager /Game/Maps/UEDPIE_0_swapMap.swapMap:PersistentLevel.GameNetworkManager_0 has natively added scene component(s), but none of them were set as the actor's RootComponent - picking one arbitrarily
[2016.02.22-23.33.01:183][895]LogWorld: Bringing up level for play took: 0.007134
[2016.02.22-23.33.01:195][895]PIE: Info Play in editor start time for /Game/Maps/UEDPIE_0_swapMap 0.768
[2016.02.22-23.33.03:610][142]LogBlueprintUserMessages: [SwapMan_C_0] X=-1.000 Y=0.000 Z=0.000
[2016.02.22-23.33.03:610][142]LogBlueprintUserMessages: [SwapMan_C_0] X=-0.126 Y=0.992 Z=0.000
[2016.02.22-23.33.09:962][798]LogBlueprintUserMessages: [SwapMan_C_0] X=-1.000 Y=0.000 Z=0.000
[2016.02.22-23.33.09:962][798]LogBlueprintUserMessages: [SwapMan_C_0] X=1.000 Y=-0.010 Z=0.000
[2016.02.22-23.33.10:011][803]LogBlueprintUserMessages: [SwapMan_C_0] X=-1.000 Y=0.000 Z=0.000
[2016.02.22-23.33.10:011][803]LogBlueprintUserMessages: [SwapMan_C_0] X=0.010 Y=1.000 Z=0.000
[2016.02.22-23.33.12:361][ 45]LogBlueprintUserMessages: [SwapMan_C_0] X=0.000 Y=0.000 Z=1.000
[2016.02.22-23.33.12:361][ 45]LogBlueprintUserMessages: [SwapMan_C_0] X=-0.011 Y=1.000 Z=0.000
[2016.02.22-23.33.15:424][363]LogBlueprintUserMessages: [SwapMan_C_0] X=0.072 Y=0.461 Z=0.884
[2016.02.22-23.33.15:424][363]LogBlueprintUserMessages: [SwapMan_C_0] X=-0.997 Y=0.082 Z=0.000
[2016.02.22-23.33.15:434][364]LogBlueprintUserMessages: [SwapMan_C_0] X=0.184 Y=0.399 Z=0.898
[2016.02.22-23.33.15:434][364]LogBlueprintUserMessages: [SwapMan_C_0] X=-0.997 Y=0.082 Z=0.000
[2016.02.22-23.33.22:276][ 70]LogBlueprintUserMessages: [SwapMan_C_0] X=-1.000 Y=0.000 Z=0.000
[2016.02.22-23.33.22:276][ 70]LogBlueprintUserMessages: [SwapMan_C_0] X=0.926 Y=0.377 Z=0.000
[2016.02.22-23.33.23:066][151]LogBlueprintUserMessages: [SwapMan_C_0] X=0.000 Y=1.000 Z=0.000
[2016.02.22-23.33.23:066][151]LogBlueprintUserMessages: [SwapMan_C_0] X=0.041 Y=-0.999 Z=0.000
[2016.02.22-23.33.28:533][714]LogBlueprintUserMessages: [SwapMan_C_0] X=-1.000 Y=0.000 Z=0.000
[2016.02.22-23.33.28:533][714]LogBlueprintUserMessages: [SwapMan_C_0] X=-0.980 Y=0.199 Z=0.000
[2016.02.22-23.33.36:276][513]LogBlueprintUserMessages: [SwapMan_C_0] X=-1.000 Y=0.000 Z=0.000
[2016.02.22-23.33.36:276][513]LogBlueprintUserMessages: [SwapMan_C_0] X=0.880 Y=0.475 Z=0.000
[2016.02.22-23.33.42:741][180]LogBlueprintUserMessages: [SwapMan_C_0] X=-1.000 Y=0.000 Z=0.000
[2016.02.22-23.33.42:741][180]LogBlueprintUserMessages: [SwapMan_C_0] X=-0.936 Y=0.351 Z=0.000
[2016.02.22-23.33.44:890][402]LogBlueprintUserMessages: [SwapMan_C_0] X=-1.000 Y=0.000 Z=0.000
[2016.02.22-23.33.44:890][402]LogBlueprintUserMessages: [SwapMan_C_0] X=-0.970 Y=0.242 Z=0.000
[2016.02.22-23.33.50:992][ 33]LogBlueprintUserMessages: [SwapMan_C_0] X=-1.000 Y=0.000 Z=0.000
[2016.02.22-23.33.50:992][ 33]LogBlueprintUserMessages: [SwapMan_C_0] X=0.891 Y=0.453 Z=0.000
[2016.02.22-23.33.51:566][ 92]LogBlueprintUserMessages: [SwapMan_C_0] X=0.000 Y=1.000 Z=0.000
[2016.02.22-23.33.51:566][ 92]LogBlueprintUserMessages: [SwapMan_C_0] X=-0.001 Y=-1.000 Z=0.000
[2016.02.22-23.33.56:374][587]LogBlueprintUserMessages: [SwapMan_C_0] X=0.000 Y=1.000 Z=0.000
[2016.02.22-23.33.56:374][587]LogBlueprintUserMessages: [SwapMan_C_0] X=-0.080 Y=-0.997 Z=0.000
[2016.02.22-23.33.59:351][896]LogBlueprintUserMessages: [SwapMan_C_0] X=0.000 Y=1.000 Z=0.000
[2016.02.22-23.33.59:351][896]LogBlueprintUserMessages: [SwapMan_C_0] X=-0.061 Y=-0.998 Z=0.000
[2016.02.22-23.34.12:418][242]LogParticles: Destroying 0 GPU particle simulations for FXSystem 0x0000000061800680
[2016.02.22-23.36.32:489][566]BlueprintLog: New page: Compile SwapMan
[2016.02.22-23.36.32:655][566]LogActorComponent: UnregisterComponent: (/Engine/Transient.CharMoveComp) Not registered. Aborting.
[2016.02.22-23.36.32:677][566]LogParticles: Destroying 0 GPU particle simulations for FXSystem 0x0000000046353B00
[2016.02.22-23.36.32:678][566]LogParticles: Destroying 0 GPU particle simulations for FXSystem 0x0000000046352E80
[2016.02.22-23.36.32:679][566]LogParticles: Destroying 0 GPU particle simulations for FXSystem 0x0000000057297C40
[2016.02.22-23.36.32:692][566]BlueprintEditorCompileResults: Info [0361.65] Compile of SwapMan successful! [in 202 ms]
[2016.02.22-23.36.34:371][747]LogActorComponent: UnregisterComponent: (/Engine/Transient.CharMoveComp) Not registered. Aborting.
[2016.02.22-23.36.34:441][747]Cmd: OBJ SAVEPACKAGE PACKAGE="/Game/BluePrints/SwapMan" FILE="../../../../../../Users/jack.carolan/Desktop/Git/UE4Projects/GroupProject/Swap/Swap/Content/BluePrints/SwapMan.uasset" SILENT=true
[2016.02.22-23.36.34:801][747]LogSavePackage: Save=343.968750ms
[2016.02.22-23.36.34:801][747]LogSavePackage: Moving '../../../../../../Users/jack.carolan/Desktop/Git/UE4Projects/GroupProject/Swap/Swap/Saved/SwapMan996DEA9E4356D0FCDC088C8D13658AF5.tmp' to '../../../../../../Users/jack.carolan/Desktop/Git/UE4Projects/GroupProject/Swap/Swap/Content/BluePrints/SwapMan.uasset'
[2016.02.22-23.36.34:803][747]LogSavePackage: Total save time: 360.428244ms
[2016.02.22-23.36.34:803][747]LogSavePackage:Display: Finished SavePackage ../../../../../../Users/jack.carolan/Desktop/Git/UE4Projects/GroupProject/Swap/Swap/Content/BluePrints/SwapMan.uasset
[2016.02.22-23.36.55:627][738]LogSkeletalMesh: InitArticulated: Bodies already created (/Engine/Transient.DebugSkelMeshComponent_2) - call TermArticulated first.
[2016.02.22-23.36.55:710][738]LogContentBrowser:Verbose: The majority of assets in the view are of type: AnimSequence
[2016.02.22-23.37.29:300][719]LogActorComponent: UnregisterComponent: (/Engine/Transient.CharMoveComp) Not registered. Aborting.
[2016.02.22-23.39.42:788][396]LogParticles: Destroying 0 GPU particle simulations for FXSystem 0x0000000050CF59E0
[2016.02.22-23.39.42:788][396]LogParticles: Destroying 0 GPU particle simulations for FXSystem 0x0000000050BAF600
[2016.02.22-23.39.42:789][396]LogParticles: Destroying 0 GPU particle simulations for FXSystem 0x0000000050E591C0
[2016.02.22-23.39.42:798][396]LogParticles: Destroying 0 GPU particle simulations for FXSystem 0x0000000050E59760
[2016.02.22-23.39.42:835][396]Cmd: OBJ SAVEPACKAGE PACKAGE="/Game/BluePrints/SwapMan" FILE="../../../../../../Users/jack.carolan/Desktop/Git/UE4Projects/GroupProject/Swap/Swap/Content/BluePrints/SwapMan.uasset" SILENT=true
[2016.02.22-23.39.43:199][396]LogSavePackage: Save=351.966675ms
[2016.02.22-23.39.43:199][396]LogSavePackage: Moving '../../../../../../Users/jack.carolan/Desktop/Git/UE4Projects/GroupProject/Swap/Swap/Saved/SwapMan93A3C32641B457FC05A491B840BF09A6.tmp' to '../../../../../../Users/jack.carolan/Desktop/Git/UE4Projects/GroupProject/Swap/Swap/Content/BluePrints/SwapMan.uasset'
[2016.02.22-23.39.43:201][396]LogSavePackage: Total save time: 364.125125ms
[2016.02.22-23.39.43:201][396]LogSavePackage:Display: Finished SavePackage ../../../../../../Users/jack.carolan/Desktop/Git/UE4Projects/GroupProject/Swap/Swap/Content/BluePrints/SwapMan.uasset
[2016.02.22-23.39.43:459][427]BlueprintLog: New page: Compile SwapMan
[2016.02.22-23.39.43:626][427]LogActorComponent: UnregisterComponent: (/Engine/Transient.CharMoveComp) Not registered. Aborting.
[2016.02.22-23.39.43:659][427]BlueprintEditorCompileResults: Info [0552.34] Compile of SwapMan successful! [in 198 ms]
[2016.02.22-23.39.47:105][830]LogRenderer: Reallocating scene render targets to support 1208x712 (Frame:50394).
[2016.02.22-23.40.39:478][949]BlueprintLog: New page: Compile SwapMan
[2016.02.22-23.40.39:686][949]BlueprintEditorCompileResults: Info [0608.33] Compile of SwapMan successful! [in 207 ms]
[2016.02.22-23.40.40:620][ 46]Cmd: OBJ SAVEPACKAGE PACKAGE="/Game/BluePrints/SwapMan" FILE="../../../../../../Users/jack.carolan/Desktop/Git/UE4Projects/GroupProject/Swap/Swap/Content/BluePrints/SwapMan.uasset" SILENT=true
[2016.02.22-23.40.40:983][ 46]LogSavePackage: Save=351.136261ms
[2016.02.22-23.40.40:983][ 46]LogSavePackage: Moving '../../../../../../Users/jack.carolan/Desktop/Git/UE4Projects/GroupProject/Swap/Swap/Saved/SwapManCE3B1D8B46CAC71FC13EDA84842ECA6C.tmp' to '../../../../../../Users/jack.carolan/Desktop/Git/UE4Projects/GroupProject/Swap/Swap/Content/BluePrints/SwapMan.uasset'
[2016.02.22-23.40.40:984][ 46]LogSavePackage: Total save time: 363.335021ms
[2016.02.22-23.40.40:984][ 46]LogSavePackage:Display: Finished SavePackage ../../../../../../Users/jack.carolan/Desktop/Git/UE4Projects/GroupProject/Swap/Swap/Content/BluePrints/SwapMan.uasset
[2016.02.22-23.40.42:087][169]LogPlayLevel: PlayLevel: No blueprints needed recompiling
[2016.02.22-23.40.42:087][169]PIE: New page: PIE session: swapMap (Feb 23, 2016, 9:40:42 PM)
[2016.02.22-23.40.42:087][169]LogPlayLevel: Creating play world package: /Game/Maps/UEDPIE_0_swapMap
[2016.02.22-23.40.42:091][169]LogPlayLevel: PIE: StaticDuplicateObject took: (0.004293s)
[2016.02.22-23.40.42:091][169]LogAIModule: Creating AISystem for world swapMap
[2016.02.22-23.40.42:092][169]LogPlayLevel: PIE: World Init took: (0.000507s)
[2016.02.22-23.40.42:092][169]LogPlayLevel: PIE: Created PIE world by copying editor world from /Game/Maps/swapMap.swapMap to /Game/Maps/UEDPIE_0_swapMap.swapMap (0.004962s)
[2016.02.22-23.40.42:092][169]LogActorComponent: UnregisterComponent: (/Engine/Transient.CharMoveComp) Not registered. Aborting.
[2016.02.22-23.40.42:115][169]LogInit: XAudio2 using 'Speakers (High Definition Audio Device)' : 2 channels at 44.1 kHz using 16 bits per sample (channel mask 0x3)
[2016.02.22-23.40.42:120][169]LogInit: FAudioDevice initialized.
[2016.02.22-23.40.42:152][169]LogWorld: Game class is 'SwapGameMode_C'
[2016.02.22-23.40.42:158][169]LogWorld: Bringing World /Game/Maps/UEDPIE_0_swapMap.swapMap up for play (max tick rate 0) at 2016.02.23-10.40.42
[2016.02.22-23.40.42:158][169]LogActor:Warning: GameSession /Game/Maps/UEDPIE_0_swapMap.swapMap:PersistentLevel.GameSession_1 has natively added scene component(s), but none of them were set as the actor's RootComponent - picking one arbitrarily
[2016.02.22-23.40.42:158][169]LogActor:Warning: GameNetworkManager /Game/Maps/UEDPIE_0_swapMap.swapMap:PersistentLevel.GameNetworkManager_1 has natively added scene component(s), but none of them were set as the actor's RootComponent - picking one arbitrarily
[2016.02.22-23.40.42:159][169]LogWorld: Bringing up level for play took: 0.005648
[2016.02.22-23.40.42:161][169]PIE: Info Play in editor start time for /Game/Maps/UEDPIE_0_swapMap 0.85
[2016.02.22-23.40.45:872][614]LogBlueprintUserMessages: [SwapMan_C_8] X=-1.000 Y=0.000 Z=0.000
[2016.02.22-23.40.45:872][614]LogBlueprintUserMessages: [SwapMan_C_8] X=-0.790 Y=0.613 Z=0.000
[2016.02.22-23.41.00:405][357]LogBlueprintUserMessages: [SwapMan_C_8] X=-1.000 Y=0.000 Z=0.000
[2016.02.22-23.41.00:405][357]LogBlueprintUserMessages: [SwapMan_C_8] X=0.941 Y=0.339 Z=0.000
[2016.02.22-23.41.08:793][363]LogBlueprintUserMessages: [SwapMan_C_8] X=-1.000 Y=0.000 Z=0.000
[2016.02.22-23.41.08:793][363]LogBlueprintUserMessages: [SwapMan_C_8] X=-0.896 Y=0.445 Z=0.000
[2016.02.22-23.41.16:196][245]LogParticles: Destroying 0 GPU particle simulations for FXSystem 0x000000007A3F9DA0
[2016.02.22-23.41.41:447][227]BlueprintLog: New page: Compile SwapMan
[2016.02.22-23.41.41:648][227]BlueprintEditorCompileResults: Info [0670.26] Compile of SwapMan successful! [in 200 ms]
[2016.02.22-23.41.42:391][300]Cmd: OBJ SAVEPACKAGE PACKAGE="/Game/BluePrints/SwapMan" FILE="../../../../../../Users/jack.carolan/Desktop/Git/UE4Projects/GroupProject/Swap/Swap/Content/BluePrints/SwapMan.uasset" SILENT=true
[2016.02.22-23.41.42:745][300]LogSavePackage: Save=344.299408ms
[2016.02.22-23.41.42:745][300]LogSavePackage: Moving '../../../../../../Users/jack.carolan/Desktop/Git/UE4Projects/GroupProject/Swap/Swap/Saved/SwapManD3587C0B405987A29257519670B87294.tmp' to '../../../../../../Users/jack.carolan/Desktop/Git/UE4Projects/GroupProject/Swap/Swap/Content/BluePrints/SwapMan.uasset'
[2016.02.22-23.41.42:747][300]LogSavePackage: Total save time: 355.417132ms
[2016.02.22-23.41.42:747][300]LogSavePackage:Display: Finished SavePackage ../../../../../../Users/jack.carolan/Desktop/Git/UE4Projects/GroupProject/Swap/Swap/Content/BluePrints/SwapMan.uasset
[2016.02.22-23.41.43:522][393]LogActorComponent: UnregisterComponent: (/Engine/Transient.CharMoveComp) Not registered. Aborting.
[2016.02.22-23.41.46:132][648]Cmd: QUIT_EDITOR
[2016.02.22-23.41.46:251][648]LogExit: Preparing to exit.
[2016.02.22-23.41.47:138][648]LogExit: Editor shut down
[2016.02.22-23.41.47:138][648]LogExit: Transaction tracking system shut down
[2016.02.22-23.41.47:141][648]LogParticles: Destroying 0 GPU particle simulations for FXSystem 0x000000001287B380
[2016.02.22-23.41.47:141][648]LogParticles: Destroying 0 GPU particle simulations for FXSystem 0x0000000020993880
[2016.02.22-23.41.47:141][648]LogParticles: Destroying 0 GPU particle simulations for FXSystem 0x00000000129D9C60
[2016.02.22-23.41.47:141][648]LogParticles: Destroying 0 GPU particle simulations for FXSystem 0x00000000354053A0
[2016.02.22-23.41.47:142][648]LogParticles: Destroying 0 GPU particle simulations for FXSystem 0x00000000572977E0
[2016.02.22-23.41.47:142][648]LogParticles: Destroying 0 GPU particle simulations for FXSystem 0x0000000037A6B920
[2016.02.22-23.41.47:142][648]LogParticles: Destroying 0 GPU particle simulations for FXSystem 0x0000000037B05940
[2016.02.22-23.41.47:144][648]LogParticles: Destroying 0 GPU particle simulations for FXSystem 0x0000000046E7C540
[2016.02.22-23.41.47:144][648]LogParticles: Destroying 0 GPU particle simulations for FXSystem 0x0000000046E7CA40
[2016.02.22-23.41.47:144][648]LogParticles: Destroying 0 GPU particle simulations for FXSystem 0x0000000057442160
[2016.02.22-23.41.47:291][648]LogExit: Object subsystem successfully closed.
[2016.02.22-23.41.47:311][648]LogD3D11RHI: Shutdown
[2016.02.22-23.41.47:311][648]LogD3D11RHI: CleanupD3DDevice
[2016.02.22-23.41.47:351][648]LogD3D11RHI: ~FD3D11DynamicRHI
[2016.02.22-23.41.47:367][648]LogModuleManager: Shutting down and abandoning module CookingStats (200)
[2016.02.22-23.41.47:367][648]LogModuleManager: Shutting down and abandoning module BlueprintGraph (199)
[2016.02.22-23.41.47:367][648]LogModuleManager: Shutting down and abandoning module CrashTracker (198)
[2016.02.22-23.41.47:367][648]LogModuleManager: Shutting down and abandoning module SceneOutliner (197)
[2016.02.22-23.41.47:367][648]LogModuleManager: Shutting down and abandoning module SuperSearch (196)
[2016.02.22-23.41.47:367][648]LogModuleManager: Shutting down and abandoning module WidgetCarousel (195)
[2016.02.22-23.41.47:367][648]LogModuleManager: Shutting down and abandoning module AddContentDialog (194)
[2016.02.22-23.41.47:368][648]LogModuleManager: Shutting down and abandoning module EditorWidgets (193)
[2016.02.22-23.41.47:368][648]LogModuleManager: Shutting down and abandoning module CollectionManager (192)
[2016.02.22-23.41.47:368][648]LogModuleManager: Shutting down and abandoning module StatsViewer (191)
[2016.02.22-23.41.47:368][648]LogModuleManager: Shutting down and abandoning module FoliageEdit (190)
[2016.02.22-23.41.47:368][648]LogModuleManager: Shutting down and abandoning module LandscapeEditor (189)
[2016.02.22-23.41.47:368][648]LogModuleManager: Shutting down and abandoning module ActorPickerMode (188)
[2016.02.22-23.41.47:368][648]LogModuleManager: Shutting down and abandoning module GeometryMode (187)
[2016.02.22-23.41.47:368][648]LogModuleManager: Shutting down and abandoning module TextureAlignMode (186)
[2016.02.22-23.41.47:368][648]LogModuleManager: Shutting down and abandoning module BspMode (185)
[2016.02.22-23.41.47:368][648]LogModuleManager: Shutting down and abandoning module PlacementMode (184)
[2016.02.22-23.41.47:368][648]LogModuleManager: Shutting down and abandoning module AutomationWorker (183)
[2016.02.22-23.41.47:368][648]LogModuleManager: Shutting down and abandoning module CharacterAI (182)
[2016.02.22-23.41.47:368][648]LogModuleManager: Shutting down and abandoning module SmartSnapping (181)
[2016.02.22-23.41.47:368][648]LogModuleManager: Shutting down and abandoning module ViewportSnapping (180)
[2016.02.22-23.41.47:368][648]LogModuleManager: Shutting down and abandoning module LogVisualizer (179)
[2016.02.22-23.41.47:369][648]LogModuleManager: Shutting down and abandoning module GameProjectGeneration (178)
[2016.02.22-23.41.47:369][648]LogModuleManager: Shutting down and abandoning module IntroTutorials (177)
[2016.02.22-23.41.47:369][648]LogModuleManager: Shutting down and abandoning module EditorLiveStreaming (176)
[2016.02.22-23.41.47:369][648]LogModuleManager: Shutting down and abandoning module IOSPlatformEditor (175)
[2016.02.22-23.41.47:369][648]LogModuleManager: Shutting down and abandoning module HTML5PlatformEditor (174)
[2016.02.22-23.41.47:369][648]LogModuleManager: Shutting down and abandoning module AndroidDeviceDetection (173)
[2016.02.22-23.41.48:259][648]LogModuleManager: Shutting down and abandoning module AndroidPlatformEditor (172)
[2016.02.22-23.41.48:259][648]LogModuleManager: Shutting down and abandoning module IOSRuntimeSettings (171)
[2016.02.22-23.41.48:259][648]LogModuleManager: Shutting down and abandoning module AndroidRuntimeSettings (170)
[2016.02.22-23.41.48:259][648]LogModuleManager: Shutting down and abandoning module MergeActors (169)
[2016.02.22-23.41.48:259][648]LogModuleManager: Shutting down and abandoning module SizeMap (168)
[2016.02.22-23.41.48:259][648]LogModuleManager: Shutting down and abandoning module TreeMap (167)
[2016.02.22-23.41.48:259][648]LogModuleManager: Shutting down and abandoning module ReferenceViewer (166)
[2016.02.22-23.41.48:259][648]LogModuleManager: Shutting down and abandoning module LocalizationService (165)
[2016.02.22-23.41.48:259][648]LogModuleManager: Shutting down and abandoning module LocalizationDashboard (164)
[2016.02.22-23.41.48:260][648]LogModuleManager: Shutting down and abandoning module HardwareTargeting (163)
[2016.02.22-23.41.48:260][648]LogModuleManager: Shutting down and abandoning module DeviceProfileEditor (162)
[2016.02.22-23.41.48:260][648]LogModuleManager: Shutting down and abandoning module UndoHistory (161)
[2016.02.22-23.41.48:260][648]LogModuleManager: Shutting down and abandoning module GameplayTagsEditor (160)
[2016.02.22-23.41.48:260][648]LogModuleManager: Shutting down and abandoning module UserFeedback (159)
[2016.02.22-23.41.48:260][648]LogModuleManager: Shutting down and abandoning module XmlParser (158)
[2016.02.22-23.41.48:260][648]LogModuleManager: Shutting down and abandoning module Blutility (157)
[2016.02.22-23.41.48:260][648]LogModuleManager: Shutting down and abandoning module ProjectTargetPlatformEditor (156)
[2016.02.22-23.41.48:261][648]LogModuleManager: Shutting down and abandoning module ProjectSettingsViewer (155)
[2016.02.22-23.41.48:261][648]LogModuleManager: Shutting down and abandoning module InputBindingEditor (154)
[2016.02.22-23.41.48:261][648]LogModuleManager: Shutting down and abandoning module EditorSettingsViewer (153)
[2016.02.22-23.41.48:261][648]LogModuleManager: Shutting down and abandoning module SettingsEditor (152)
[2016.02.22-23.41.48:261][648]LogModuleManager: Shutting down and abandoning module ProjectLauncher (151)
[2016.02.22-23.41.48:262][648]LogModuleManager: Shutting down and abandoning module SessionFrontend (150)
[2016.02.22-23.41.48:262][648]LogModuleManager: Shutting down and abandoning module ProfilerClient (149)
[2016.02.22-23.41.48:263][648]LogModuleManager: Shutting down and abandoning module TargetDeviceServices (148)
[2016.02.22-23.41.48:263][648]LogModuleManager: Shutting down and abandoning module DeviceManager (147)
[2016.02.22-23.41.48:263][648]LogModuleManager: Shutting down and abandoning module AutomationController (146)
[2016.02.22-23.41.48:263][648]LogModuleManager: Shutting down and abandoning module AutomationWindow (145)
[2016.02.22-23.41.48:263][648]LogModuleManager: Shutting down and abandoning module Layers (144)
[2016.02.22-23.41.48:265][648]LogModuleManager: Shutting down and abandoning module ComponentVisualizers (143)
[2016.02.22-23.41.48:265][648]LogModuleManager: Shutting down and abandoning module DetailCustomizations (142)
[2016.02.22-23.41.48:265][648]LogModuleManager: Shutting down and abandoning module PackagesDialog (141)
[2016.02.22-23.41.48:265][648]LogModuleManager: Shutting down and abandoning module Persona (140)
[2016.02.22-23.41.48:265][648]LogModuleManager: Shutting down and abandoning module Kismet (139)
[2016.02.22-23.41.48:265][648]LogModuleManager: Shutting down and abandoning module GraphEditor (138)
[2016.02.22-23.41.48:265][648]LogModuleManager: Shutting down and abandoning module ClassViewer (137)
[2016.02.22-23.41.48:265][648]LogModuleManager: Shutting down and abandoning module Toolbox (136)
[2016.02.22-23.41.48:265][648]LogModuleManager: Shutting down and abandoning module ModuleUI (135)
[2016.02.22-23.41.48:266][648]LogModuleManager: Shutting down and abandoning module MovieSceneTools (134)
[2016.02.22-23.41.48:266][648]LogModuleManager: Shutting down and abandoning module OutputLog (133)
[2016.02.22-23.41.48:266][648]LogModuleManager: Shutting down and abandoning module GammaUI (132)
[2016.02.22-23.41.48:266][648]LogModuleManager: Shutting down and abandoning module Documentation (131)
[2016.02.22-23.41.48:266][648]LogModuleManager: Shutting down and abandoning module GameLiveStreaming (130)
[2016.02.22-23.41.48:266][648]LogModuleManager: Shutting down and abandoning module StreamingPauseRendering (129)
[2016.02.22-23.41.48:266][648]LogModuleManager: Shutting down and abandoning module AnalyticsET (128)
[2016.02.22-23.41.48:266][648]LogModuleManager: Shutting down and abandoning module Analytics (127)
[2016.02.22-23.41.48:266][648]LogModuleManager: Shutting down and abandoning module AITestSuite (126)
[2016.02.22-23.41.48:266][648]LogModuleManager: Shutting down and abandoning module GameplayDebugger (125)
[2016.02.22-23.41.48:266][648]LogModuleManager: Shutting down and abandoning module AIModule (124)
[2016.02.22-23.41.48:266][648]LogModuleManager: Shutting down and abandoning module ProfilerService (123)
[2016.02.22-23.41.48:447][648]LogModuleManager: Shutting down and abandoning module TaskGraph (122)
[2016.02.22-23.41.48:448][648]LogModuleManager: Shutting down and abandoning module SlateRemote (121)
[2016.02.22-23.41.48:448][648]LogModuleManager: Shutting down and abandoning module SteamVRController (120)
[2016.02.22-23.41.48:448][648]LogModuleManager: Shutting down and abandoning module SteamVR (119)
[2016.02.22-23.41.48:448][648]LogModuleManager: Shutting down and abandoning module ProceduralMeshComponent (118)
[2016.02.22-23.41.48:448][648]LogModuleManager: Shutting down and abandoning module OculusLibrary (117)
[2016.02.22-23.41.48:448][648]LogModuleManager: Shutting down and abandoning module OculusInput (116)
[2016.02.22-23.41.48:448][648]LogModuleManager: Shutting down and abandoning module LeapMotionController (115)
[2016.02.22-23.41.48:455][648]LogModuleManager: Shutting down and abandoning module CustomMeshComponent (114)
[2016.02.22-23.41.48:455][648]LogModuleManager: Shutting down and abandoning module CableComponent (113)
[2016.02.22-23.41.48:455][648]LogModuleManager: Shutting down and abandoning module ArchVisCharacter (112)
[2016.02.22-23.41.48:455][648]LogModuleManager: Shutting down and abandoning module MessagingDebugger (111)
[2016.02.22-23.41.48:455][648]LogModuleManager: Shutting down and abandoning module MediaPlayerEditor (110)
[2016.02.22-23.41.48:456][648]LogModuleManager: Shutting down and abandoning module HTML5Networking (109)
[2016.02.22-23.41.48:456][648]LogModuleManager: Shutting down and abandoning module SpeedTreeImporter (108)
[2016.02.22-23.41.48:456][648]LogModuleManager: Shutting down and abandoning module PluginBrowser (107)
[2016.02.22-23.41.48:456][648]LogModuleManager: Shutting down and abandoning module EpicSurvey (106)
[2016.02.22-23.41.48:456][648]LogModuleManager: Shutting down and abandoning module DesktopPlatform (105)
[2016.02.22-23.41.48:456][648]LogModuleManager: Shutting down and abandoning module VisualStudioSourceCodeAccess (104)
[2016.02.22-23.41.48:456][648]LogModuleManager: Shutting down and abandoning module UObjectPlugin (103)
[2016.02.22-23.41.48:456][648]LogModuleManager: Shutting down and abandoning module SubversionSourceControl (102)
[2016.02.22-23.41.48:456][648]LogModuleManager: Shutting down and abandoning module PerforceSourceControl (101)
[2016.02.22-23.41.48:456][648]LogModuleManager: Shutting down and abandoning module SourceControl (100)
[2016.02.22-23.41.48:457][648]LogModuleManager: Shutting down and abandoning module GitSourceControl (99)
[2016.02.22-23.41.48:457][648]LogModuleManager: Shutting down and abandoning module LightPropagationVolumeEditor (98)
[2016.02.22-23.41.48:457][648]LogModuleManager: Shutting down and abandoning module PaperTiledImporter (97)
[2016.02.22-23.41.48:457][648]LogModuleManager: Shutting down and abandoning module PaperSpriteSheetImporter (96)
[2016.02.22-23.41.48:457][648]LogModuleManager: Shutting down and abandoning module MeshPaint (95)
[2016.02.22-23.41.48:457][648]LogModuleManager: Shutting down and abandoning module SlateReflector (94)
[2016.02.22-23.41.48:457][648]LogModuleManager: Shutting down and abandoning module HotReload (93)
[2016.02.22-23.41.48:457][648]LogModuleManager: Shutting down and abandoning module MainFrame (92)
[2016.02.22-23.41.48:457][648]LogModuleManager: Shutting down and abandoning module LevelEditor (91)
[2016.02.22-23.41.48:459][648]LogModuleManager: Shutting down and abandoning module DirectoryWatcher (90)
[2016.02.22-23.41.48:459][648]LogModuleManager: Shutting down and abandoning module AssetRegistry (89)
[2016.02.22-23.41.48:548][648]LogModuleManager: Shutting down and abandoning module ContentBrowser (88)
[2016.02.22-23.41.48:548][648]LogModuleManager: Shutting down and abandoning module Paper2DEditor (87)
[2016.02.22-23.41.48:549][648]LogModuleManager: Shutting down and abandoning module UdpMessaging (86)
[2016.02.22-23.41.48:649][648]LogModuleManager: Shutting down and abandoning module LightPropagationVolumeRuntime (85)
[2016.02.22-23.41.48:649][648]LogModuleManager: Shutting down and abandoning module Paper2D (84)
[2016.02.22-23.41.48:649][648]LogModuleManager: Shutting down and abandoning module WindowsMoviePlayer (83)
[2016.02.22-23.41.48:654][648]LogModuleManager: Shutting down and abandoning module Media (82)
[2016.02.22-23.41.48:654][648]LogModuleManager: Shutting down and abandoning module WmfMedia (81)
[2016.02.22-23.41.48:655][648]LogModuleManager: Shutting down and abandoning module OnlineBlueprintSupport (80)
[2016.02.22-23.41.48:655][648]LogModuleManager: Shutting down and abandoning module GameplayTasksEditor (79)
[2016.02.22-23.41.48:655][648]LogModuleManager: Shutting down and abandoning module PropertyEditor (78)
[2016.02.22-23.41.48:655][648]LogModuleManager: Shutting down and abandoning module BehaviorTreeEditor (77)
[2016.02.22-23.41.48:656][648]LogModuleManager: Shutting down and abandoning module FunctionalTesting (76)
[2016.02.22-23.41.48:656][648]LogModuleManager: Shutting down and abandoning module CollisionAnalyzer (75)
[2016.02.22-23.41.48:656][648]LogModuleManager: Shutting down and abandoning module WorkspaceMenuStructure (74)
[2016.02.22-23.41.48:656][648]LogModuleManager: Shutting down and abandoning module MessageLog (73)
[2016.02.22-23.41.48:656][648]LogModuleManager: Shutting down and abandoning module Sequencer (72)
[2016.02.22-23.41.48:657][648]LogModuleManager: Shutting down and abandoning module AssetTools (71)
[2016.02.22-23.41.48:657][648]LogModuleManager: Shutting down and abandoning module UMGEditor (70)
[2016.02.22-23.41.48:658][648]LogModuleManager: Shutting down and abandoning module UMG (69)
[2016.02.22-23.41.48:658][648]LogModuleManager: Shutting down and abandoning module Slate (68)
[2016.02.22-23.41.48:658][648]LogModuleManager: Shutting down and abandoning module EditorStyle (67)
[2016.02.22-23.41.48:661][648]LogModuleManager: Shutting down and abandoning module SessionServices (66)
[2016.02.22-23.41.48:661][648]LogModuleManager: Shutting down and abandoning module SourceCodeAccess (65)
[2016.02.22-23.41.48:661][648]LogModuleManager: Shutting down and abandoning module HeadMountedDisplay (64)
[2016.02.22-23.41.48:661][648]LogModuleManager: Shutting down and abandoning module XAudio2 (63)
[2016.02.22-23.41.48:661][648]LogModuleManager: Shutting down and abandoning module Networking (61)
[2016.02.22-23.41.48:661][648]LogModuleManager: Shutting down and abandoning module Core (60)
[2016.02.22-23.41.48:661][648]LogModuleManager: Shutting down and abandoning module KismetCompiler (59)
[2016.02.22-23.41.48:662][648]LogModuleManager: Shutting down and abandoning module PhysXFormats (58)
[2016.02.22-23.41.48:662][648]LogModuleManager: Shutting down and abandoning module MeshUtilities (57)
[2016.02.22-23.41.48:662][648]LogModuleManager: Shutting down and abandoning module DerivedDataCache (56)
[2016.02.22-23.41.48:665][648]LogDerivedDataCache: Shutdown
[2016.02.22-23.41.48:665][648]LogModuleManager: Shutting down and abandoning module ShaderFormatOpenGL (55)
[2016.02.22-23.41.48:666][648]LogModuleManager: Shutting down and abandoning module ShaderFormatD3D (54)
[2016.02.22-23.41.48:666][648]LogModuleManager: Shutting down and abandoning module MetalShaderFormat (53)
[2016.02.22-23.41.48:666][648]LogModuleManager: Shutting down and abandoning module TextureFormatUncompressed (52)
[2016.02.22-23.41.48:666][648]LogModuleManager: Shutting down and abandoning module TextureFormatPVR (51)
[2016.02.22-23.41.48:666][648]LogModuleManager: Shutting down and abandoning module TextureFormatIntelISPCTexComp (50)
[2016.02.22-23.41.48:666][648]LogModuleManager: Shutting down and abandoning module TextureFormatDXT (49)
[2016.02.22-23.41.48:666][648]LogModuleManager: Shutting down and abandoning module ImageWrapper (48)
[2016.02.22-23.41.48:666][648]LogModuleManager: Shutting down and abandoning module TextureFormatASTC (47)
[2016.02.22-23.41.48:666][648]LogModuleManager: Shutting down and abandoning module TextureFormatAndroid (46)
[2016.02.22-23.41.48:666][648]LogModuleManager: Shutting down and abandoning module AudioFormatOpus (45)
[2016.02.22-23.41.48:666][648]LogModuleManager: Shutting down and abandoning module AudioFormatOgg (44)
[2016.02.22-23.41.48:666][648]LogModuleManager: Shutting down and abandoning module AudioFormatADPCM (43)
[2016.02.22-23.41.48:666][648]LogModuleManager: Shutting down and abandoning module LinuxTargetPlatform (42)
[2016.02.22-23.41.48:666][648]LogModuleManager: Shutting down and abandoning module LinuxServerTargetPlatform (41)
[2016.02.22-23.41.48:666][648]LogModuleManager: Shutting down and abandoning module LinuxNoEditorTargetPlatform (40)
[2016.02.22-23.41.48:667][648]LogModuleManager: Shutting down and abandoning module Messaging (39)
[2016.02.22-23.41.48:667][648]LogModuleManager: Shutting down and abandoning module IOSTargetPlatform (38)
[2016.02.22-23.41.48:667][648]LogModuleManager: Shutting down and abandoning module HTML5TargetPlatform (37)
[2016.02.22-23.41.48:667][648]LogModuleManager: Shutting down and abandoning module Android_PVRTCTargetPlatform (36)
[2016.02.22-23.41.48:667][648]LogModuleManager: Shutting down and abandoning module Android_MultiTargetPlatform (35)
[2016.02.22-23.41.48:667][648]LogModuleManager: Shutting down and abandoning module Android_ETC2TargetPlatform (34)
[2016.02.22-23.41.48:667][648]LogModuleManager: Shutting down and abandoning module Android_ETC1TargetPlatform (33)
[2016.02.22-23.41.48:667][648]LogModuleManager: Shutting down and abandoning module Android_DXTTargetPlatform (32)
[2016.02.22-23.41.48:667][648]LogModuleManager: Shutting down and abandoning module Android_ATCTargetPlatform (31)
[2016.02.22-23.41.48:667][648]LogModuleManager: Shutting down and abandoning module Android_ASTCTargetPlatform (30)
[2016.02.22-23.41.48:667][648]LogModuleManager: Shutting down and abandoning module AndroidTargetPlatform (29)
[2016.02.22-23.41.48:667][648]LogModuleManager: Shutting down and abandoning module WindowsTargetPlatform (28)
[2016.02.22-23.41.48:667][648]LogModuleManager: Shutting down and abandoning module WindowsServerTargetPlatform (27)
[2016.02.22-23.41.48:667][648]LogModuleManager: Shutting down and abandoning module WindowsNoEditorTargetPlatform (26)
[2016.02.22-23.41.48:667][648]LogModuleManager: Shutting down and abandoning module WindowsClientTargetPlatform (25)
[2016.02.22-23.41.48:667][648]LogModuleManager: Shutting down and abandoning module AllDesktopTargetPlatform (24)
[2016.02.22-23.41.48:667][648]LogModuleManager: Shutting down and abandoning module TargetPlatform (23)
[2016.02.22-23.41.48:667][648]LogModuleManager: Shutting down and abandoning module InputCore (22)
[2016.02.22-23.41.48:667][648]LogModuleManager: Shutting down and abandoning module Settings (21)
[2016.02.22-23.41.48:667][648]LogModuleManager: Shutting down and abandoning module OnlineSubsystem (19)
[2016.02.22-23.41.48:667][648]LogModuleManager: Shutting down and abandoning module HTTP (18)
[2016.02.22-23.41.49:668][648]LogModuleManager: Shutting down and abandoning module XMPP (17)
[2016.02.22-23.41.49:668][648]LogModuleManager: Shutting down and abandoning module OculusRift (16)
[2016.02.22-23.41.49:669][648]LogModuleManager: Shutting down and abandoning module ExampleDeviceProfileSelector (15)
[2016.02.22-23.41.49:669][648]LogModuleManager: Shutting down and abandoning module TextureCompressor (14)
[2016.02.22-23.41.49:669][648]LogModuleManager: Shutting down and abandoning module ShaderCore (13)
[2016.02.22-23.41.49:669][648]LogModuleManager: Shutting down and abandoning module Landscape (12)
[2016.02.22-23.41.49:669][648]LogModuleManager: Shutting down and abandoning module SlateRHIRenderer (11)
[2016.02.22-23.41.49:670][648]LogModuleManager: Shutting down and abandoning module OpenGLDrv (10)
[2016.02.22-23.41.49:670][648]LogModuleManager: Shutting down and abandoning module D3D11RHI (9)
[2016.02.22-23.41.49:670][648]LogModuleManager: Shutting down and abandoning module AnimGraphRuntime (8)
[2016.02.22-23.41.49:670][648]LogModuleManager: Shutting down and abandoning module Renderer (7)
[2016.02.22-23.41.49:670][648]LogModuleManager: Shutting down and abandoning module Engine (6)
[2016.02.22-23.41.49:670][648]LogModuleManager: Shutting down and abandoning module CoreUObject (5)
[2016.02.22-23.41.49:670][648]LogModuleManager: Shutting down and abandoning module NetworkFile (4)
[2016.02.22-23.41.49:671][648]LogModuleManager: Shutting down and abandoning module StreamingFile (3)
[2016.02.22-23.41.49:671][648]LogModuleManager: Shutting down and abandoning module SandboxFile (2)
[2016.02.22-23.41.49:671][648]LogModuleManager: Shutting down and abandoning module PakFile (1)
[2016.02.22-23.41.49:672][648]LogExit: Exiting.
[2016.02.22-23.41.49:673][648]Log file closed, 02/23/16 10:41:49
