[2016.02.24-04.03.13:026][  0]Log file open, 02/24/16 15:03:13
[2016.02.24-04.03.13:026][  0]LogInit:Display: Running engine for game: Swap
[2016.02.24-04.03.13:026][  0]LogPlatformFile: Not using cached read wrapper
[2016.02.24-04.03.13:026][  0]LogInit:Display: RandInit(1948661434) SRandInit(1948661435).
[2016.02.24-04.03.13:026][  0]LogTaskGraph: Started task graph with 4 named threads and 7 total threads.
[2016.02.24-04.03.13:026][  0]LogStats: Stats thread started at 0.539354
[2016.02.24-04.03.13:026][  0]LogInit: Version: 4.10.3-2866931+++depot+UE4-Releases+4.10
[2016.02.24-04.03.13:026][  0]LogInit: API Version: 2758231
[2016.02.24-04.03.13:026][  0]LogInit: Compiled (64-bit): Feb 15 2016 08:20:45
[2016.02.24-04.03.13:026][  0]LogInit: Compiled with Visual C++: 19.00.23026.00
[2016.02.24-04.03.13:026][  0]LogInit: Build Configuration: Development
[2016.02.24-04.03.13:026][  0]LogInit: Branch Name: ++depot+UE4-Releases+4.10
[2016.02.24-04.03.13:026][  0]LogInit: Command line:  
[2016.02.24-04.03.13:026][  0]LogInit: Base directory: C:/Program Files (x86)/Epic Games/4.10/Engine/Binaries/Win64/
[2016.02.24-04.03.13:026][  0]LogInit: Rocket: 1
[2016.02.24-04.03.13:046][  0]LogInit: Using libcurl 7.41.0
[2016.02.24-04.03.13:046][  0]LogInit:  - built for x86_64-pc-win32
[2016.02.24-04.03.13:046][  0]LogInit:  - supports SSL with WinSSL
[2016.02.24-04.03.13:046][  0]LogInit:  - other features:
[2016.02.24-04.03.13:046][  0]LogInit:      CURL_VERSION_SSL
[2016.02.24-04.03.13:046][  0]LogInit:      CURL_VERSION_IPV6
[2016.02.24-04.03.13:046][  0]LogInit:      CURL_VERSION_ASYNCHDNS
[2016.02.24-04.03.13:046][  0]LogInit:      CURL_VERSION_LARGEFILE
[2016.02.24-04.03.13:046][  0]LogInit:      CURL_VERSION_IDN
[2016.02.24-04.03.13:046][  0]LogInit:  CurlRequestOptions (configurable via config and command line):
[2016.02.24-04.03.13:046][  0]LogInit:  - bVerifyPeer = true  - Libcurl will verify peer certificate
[2016.02.24-04.03.13:046][  0]LogInit:  - bUseHttpProxy = false  - Libcurl will NOT use HTTP proxy
[2016.02.24-04.03.13:046][  0]LogInit:  - bDontReuseConnections = false  - Libcurl will reuse connections
[2016.02.24-04.03.13:046][  0]LogInit:  - CertBundlePath = nullptr  - Libcurl will use whatever was configured at build time.
[2016.02.24-04.03.13:086][  0]LogInit: Presizing for 0 objects not considered by GC, pre-allocating 0 bytes.
[2016.02.24-04.03.13:106][  0]LogInit: Object subsystem initialized
[2016.02.24-04.03.13:116][  0]LogInit: Selected Device Profile: [Windows]
[2016.02.24-04.03.13:116][  0]LogInit: Applying CVar settings loaded from the selected device profile: [Windows]
[2016.02.24-04.03.13:126][  0]LogInit: Computer: HARST-E0B24C
[2016.02.24-04.03.13:126][  0]LogInit: User: lochlanmckinno
[2016.02.24-04.03.13:126][  0]LogInit: CPU Page size=4096, Cores=4
[2016.02.24-04.03.13:126][  0]LogInit: High frequency timer resolution =3.410273 MHz
[2016.02.24-04.03.13:126][  0]LogMemory: Memory total: Physical=15.9GB (16GB approx)
[2016.02.24-04.03.13:126][  0]LogMemory: Platform Memory Stats for Windows
[2016.02.24-04.03.13:126][  0]LogMemory: Process Physical Memory: 57.99 MB used, 57.99 MB peak
[2016.02.24-04.03.13:126][  0]LogMemory: Process Virtual Memory: 59.48 MB used, 59.48 MB peak
[2016.02.24-04.03.13:126][  0]LogMemory: Physical Memory: 3503.62 MB used, 16301.11 MB total
[2016.02.24-04.03.13:126][  0]LogMemory: Virtual Memory: 354.21 MB used, 8388608.00 MB total
[2016.02.24-04.03.13:373][  0]LogTextLocalizationManager: No specific translations for ('en-US') exist, so ('en') translations will be used.
[2016.02.24-04.03.13:797][  0]LogD3D11RHI: Found D3D11 adapter 0: NVIDIA GeForce GTX 560  (Feature Level 11_0)
[2016.02.24-04.03.13:797][  0]LogD3D11RHI: Adapter has 979MB of dedicated video memory, 0MB of dedicated system memory, and 3071MB of shared system memory, 2 output[s]
[2016.02.24-04.03.13:902][  0]LogD3D11RHI: Found D3D11 adapter 1: Intel(R) HD Graphics 3000 (Feature Level 10_0)
[2016.02.24-04.03.13:902][  0]LogD3D11RHI: Adapter has 64MB of dedicated video memory, 0MB of dedicated system memory, and 1632MB of shared system memory, 0 output[s]
[2016.02.24-04.03.13:902][  0]LogD3D11RHI: Chosen D3D11 Adapter Id = 0
[2016.02.24-04.03.13:906][  0]LogD3D11RHI: !Direct3DDevice
[2016.02.24-04.03.13:906][  0]LogRHI: Texture pool is 685 MB (70% of 979 MB)
[2016.02.24-04.03.13:916][  0]LogD3D11RHI: Async texture creation enabled
[2016.02.24-04.03.13:944][  0]LogShaderCompilers: Guid format shader working directory is -38 characters bigger than the processId version (../../../../../../Users/lochlan.mckinno/Documents/GitHub/UE4Projects/GroupProject/Swap/Swap/Intermediate/Shaders/WorkingDirectory/7180/).
[2016.02.24-04.03.13:944][  0]LogShaderCompilers: Cleaned the shader compiler working directory 'C:/Users/LOCHLA~1.MCK/AppData/Local/Temp/UnrealShaderWorkingDir/3DD7EE384CD6B88E335092A79EEE0AE6/'.
[2016.02.24-04.03.13:944][  0]LogShaderCompilers:Display: Using Local Shader Compiler.
[2016.02.24-04.03.14:845][  0]LogTemp:Display: Loaded TP AllDesktopTargetPlatform
[2016.02.24-04.03.14:850][  0]LogTemp:Display: Loaded TP WindowsClientTargetPlatform
[2016.02.24-04.03.14:855][  0]LogTemp:Display: Loaded TP WindowsNoEditorTargetPlatform
[2016.02.24-04.03.14:860][  0]LogTemp:Display: Loaded TP WindowsServerTargetPlatform
[2016.02.24-04.03.14:865][  0]LogTemp:Display: Loaded TP WindowsTargetPlatform
[2016.02.24-04.03.14:871][  0]LogTemp:Display: Loaded TP AndroidTargetPlatform
[2016.02.24-04.03.14:875][  0]LogTemp:Display: Loaded TP Android_ASTCTargetPlatform
[2016.02.24-04.03.14:878][  0]LogTemp:Display: Loaded TP Android_ATCTargetPlatform
[2016.02.24-04.03.14:882][  0]LogTemp:Display: Loaded TP Android_DXTTargetPlatform
[2016.02.24-04.03.14:886][  0]LogTemp:Display: Loaded TP Android_ETC1TargetPlatform
[2016.02.24-04.03.14:890][  0]LogTemp:Display: Loaded TP Android_ETC2TargetPlatform
[2016.02.24-04.03.14:899][  0]LogTemp:Display: Loaded TP Android_MultiTargetPlatform
[2016.02.24-04.03.14:899][  0]LogTemp:Display: Loaded TP Android_PVRTCTargetPlatform
[2016.02.24-04.03.14:900][  0]LogTemp:Display: Loaded TP HTML5TargetPlatform
[2016.02.24-04.03.14:923][  0]LogTemp:Display: Loaded TP IOSTargetPlatform
[2016.02.24-04.03.14:926][  0]LogTemp:Display: Loaded TP LinuxNoEditorTargetPlatform
[2016.02.24-04.03.14:930][  0]LogTemp:Display: Loaded TP LinuxServerTargetPlatform
[2016.02.24-04.03.14:936][  0]LogTemp:Display: Loaded TP LinuxTargetPlatform
[2016.02.24-04.03.14:936][  0]LogTargetPlatformManager:Display: Building Assets For Windows
[2016.02.24-04.03.15:242][  0]LogDerivedDataCache:Display: Max Cache Size: 512 MB
[2016.02.24-04.03.15:379][  0]LogDerivedDataCache: Loaded boot cache 0.14s 41MB C:/Users/lochlan.mckinno/AppData/Local/UnrealEngine/4.10/DerivedDataCache/Boot.ddc.
[2016.02.24-04.03.15:379][  0]LogDerivedDataCache:Display: Loaded Boot cache: C:/Users/lochlan.mckinno/AppData/Local/UnrealEngine/4.10/DerivedDataCache/Boot.ddc
[2016.02.24-04.03.15:379][  0]LogDerivedDataCache: FDerivedDataBackendGraph:  Pak pak cache file ../../../../../../Users/lochlan.mckinno/Documents/GitHub/UE4Projects/GroupProject/Swap/Swap/DerivedDataCache/DDC.ddp not found, will not use a pak cache.
[2016.02.24-04.03.15:379][  0]LogDerivedDataCache: Unable to find inner node Pak for hierarchical cache Hierarchy.
[2016.02.24-04.03.15:379][  0]LogDerivedDataCache: FDerivedDataBackendGraph:  CompressedPak pak cache file ../../../../../../Users/lochlan.mckinno/Documents/GitHub/UE4Projects/GroupProject/Swap/Swap/DerivedDataCache/Compressed.ddp not found, will not use a pak cache.
[2016.02.24-04.03.15:380][  0]LogDerivedDataCache: Unable to find inner node CompressedPak for hierarchical cache Hierarchy.
[2016.02.24-04.03.15:441][  0]LogDerivedDataCache:Display: Pak cache opened for reading ../../../Engine/DerivedDataCache/Compressed.ddp.
[2016.02.24-04.03.15:453][  0]LogDerivedDataCache: Using Local data cache path C:/Users/lochlan.mckinno/AppData/Local/UnrealEngine/Common/DerivedDataCache: Writable
[2016.02.24-04.03.16:711][  0]LogInit: Selected Device Profile: [Windows]
[2016.02.24-04.03.16:713][  0]LogContentStreaming: Texture pool size is 0.000000MB
[2016.02.24-04.03.16:807][  0]LogMeshUtilities: No automatic mesh reduction module available
[2016.02.24-04.03.16:807][  0]LogMeshUtilities: No automatic mesh merging module available
[2016.02.24-04.03.17:351][  0]LogInit: WinSock: version 1.1 (2.2), MaxSocks=32767, MaxUdp=65467
[2016.02.24-04.03.19:375][  0]UdpMessaging: Initializing bridge on interface 0.0.0.0:0 to multicast group 230.0.0.1:6666.
[2016.02.24-04.03.19:523][  0]LogAssetRegistry: FAssetRegistry took 0.0119 seconds to start up
[2016.02.24-04.03.19:775][  0]SourceControl: Info Source control is disabled
[2016.02.24-04.03.20:324][  0]SourceControl: Info Source control is disabled
[2016.02.24-04.03.20:334][  0]SourceControl: Info Source control is disabled
[2016.02.24-04.03.20:344][  0]SourceControl: Info Source control is disabled
[2016.02.24-04.03.20:580][  0]LogObj: 28633 objects as part of root set at end of initial load.
[2016.02.24-04.03.20:581][  0]LogUObjectAllocator: 6099744 out of 0 bytes used by permanent object pool.
[2016.02.24-04.03.20:663][  0]LogEngine: Initializing Engine...
[2016.02.24-04.03.20:666][  0]LogHMD: Can't find Oculus library dev build: is proper Runtime installed? Version: 0.8.0.0
[2016.02.24-04.03.20:672][  0]LogHMD: SteamVR failed to initialize.  Err: 110
[2016.02.24-04.03.20:810][  0]LogAIModule: Creating AISystem for world NewWorld
[2016.02.24-04.03.20:830][  0]LogInit: XAudio2 using 'Realtek Digital Output(Optical) (Realtek High Definition Audio)' : 2 channels at 48 kHz using 16 bits per sample (channel mask 0x3)
[2016.02.24-04.03.20:854][  0]LogInit: FAudioDevice initialized.
[2016.02.24-04.03.20:873][  0]LogDerivedDataCache: Saved boot cache 0.02s 41MB C:/Users/lochlan.mckinno/AppData/Local/UnrealEngine/4.10/DerivedDataCache/Boot.ddc.
[2016.02.24-04.03.20:878][  0]LogInit: Texture streaming: Enabled
[2016.02.24-04.03.20:885][  0]LogAnalytics: Creating configured Analytics provider AnalyticsET
[2016.02.24-04.03.20:885][  0]LogAnalytics: [UEEditor.Rocket.Release] APIServer = http://et2.epicgames.com/ET2/. AppVersion = 4.10.3-2866931+++depot+UE4-Releases+4.10
[2016.02.24-04.03.20:885][  0]LogAnalytics: [UEEditor.Rocket.Release] SetUserId 8d1324dd4868e743bab9559b4e9e057f|301fef3b08c942d8a99328d34c0005e3|9ea81f69-1d3b-48ca-bf64-be68fb411e75
[2016.02.24-04.03.20:886][  0]LogAnalytics: [UEEditor.Rocket.Release] AnalyticsET::StartSession
[2016.02.24-04.03.20:930][  0]LogInit: Transaction tracking system initialized
[2016.02.24-04.03.20:981][  0]BlueprintLog: New page: Editor Load
[2016.02.24-04.03.21:159][  0]LocalizationService: Info Localization service is disabled
[2016.02.24-04.03.21:278][  0]LogConsoleResponse:Display: 
[2016.02.24-04.03.21:405][  0]LogCook:Display: Done creating registry. It took  0.00s.
[2016.02.24-04.03.21:501][  0]LogFileCache: Scanning file cache for directory 'C:/Users/lochlan.mckinno/Documents/GitHub/UE4Projects/GroupProject/Swap/Swap/Content/' took 0.01s
[2016.02.24-04.03.21:501][  0]SourceControl: Info Source control is disabled
[2016.02.24-04.03.21:503][  0]Cmd: MAP LOAD FILE="../../../../../../Users/lochlan.mckinno/Documents/GitHub/UE4Projects/GroupProject/Swap/Swap/Content/Maps/swapMap.umap" TEMPLATE=0 SHOWPROGRESS=1 FEATURELEVEL=3
[2016.02.24-04.03.21:504][  0]LightingResults: New page: Lighting Build
[2016.02.24-04.03.21:511][  0]MapCheck: New page: Map Check
[2016.02.24-04.03.21:511][  0]LightingResults: New page: Lighting Build
[2016.02.24-04.03.21:524][  0]LogParticles: Destroying 0 GPU particle simulations for FXSystem 0x00000000251C7420
[2016.02.24-04.03.21:833][  0]LogAIModule: Creating AISystem for world swapMap
[2016.02.24-04.03.21:855][  0]LogEditorServer: Finished looking for orphan Actors (0.000 secs)
[2016.02.24-04.03.21:857][  0]Cmd: MAP CHECKDEP NOCLEARLOG
[2016.02.24-04.03.21:903][  0]MapCheck: Info Map check complete: 0 Error(s), 0 Warning(s), took 46.575ms to complete.
[2016.02.24-04.03.21:903][  0]LogFileHelpers: Loading map 'swapMap' took 0.401
[2016.02.24-04.03.22:043][  0]LogCollectionManager: Loaded 0 collections in 0.001752 seconds
[2016.02.24-04.03.22:095][  0]LogFileCache: Scanning file cache for directory 'C:/Users/lochlan.mckinno/Documents/GitHub/UE4Projects/GroupProject/Swap/Swap/Saved/Collections/' took 0.01s
[2016.02.24-04.03.22:095][  0]LogFileCache: Scanning file cache for directory 'C:/Users/lochlan.mckinno/Documents/GitHub/UE4Projects/GroupProject/Swap/Swap/Content/Developers/lochlanmckinno/Collections/' took 0.01s
[2016.02.24-04.03.22:095][  0]LogFileCache: Scanning file cache for directory 'C:/Users/lochlan.mckinno/Documents/GitHub/UE4Projects/GroupProject/Swap/Swap/Content/Collections/' took 0.01s
[2016.02.24-04.03.22:095][  0]LogCollectionManager: Rebuilt the GUID cache for 0 collections in 0.000002 seconds
[2016.02.24-04.03.22:104][  0]LogContentBrowser: Native class hierarchy populated in 0.0078 seconds. Added 1893 classes and 338 folders.
[2016.02.24-04.03.22:113][  0]LogContentBrowser: Native class hierarchy updated for 'WidgetCarousel' in 0.0003 seconds. Added 0 classes and 0 folders.
[2016.02.24-04.03.22:251][  0]LogContentBrowser: Native class hierarchy updated for 'AddContentDialog' in 0.0003 seconds. Added 0 classes and 0 folders.
[2016.02.24-04.03.22:262][  0]LogContentBrowser: Native class hierarchy updated for 'SceneOutliner' in 0.0003 seconds. Added 1 classes and 2 folders.
[2016.02.24-04.03.22:313][  0]LogCrashTracker: Crashtracker disabled due to settings.
[2016.02.24-04.03.22:324][  0]LogUObjectGlobals:Warning: Failed to find object 'Class None.'
[2016.02.24-04.03.22:345][  0]LogLoad: Full Startup: 10.47 seconds (BP compile: 0.08 seconds)
[2016.02.24-04.03.22:686][  0]LogOcInput: Can't find Oculus library dev build: is proper Runtime installed? Version: 0.8.0.0
[2016.02.24-04.03.22:759][  0]LogContentStreaming: Texture pool size now 1000 MB
[2016.02.24-04.03.22:905][  0]LogRenderer: Reallocating scene render targets to support 1208x572 (Frame:2).
[2016.02.24-04.03.23:690][  3]LogAssetRegistry: Asset discovery search completed in 4.1768 seconds
[2016.02.24-04.03.23:690][  3]LogCollectionManager: Rebuilt the object cache for 0 collections in 0.000001 seconds (found 0 objects)
[2016.02.24-04.03.23:690][  3]LogCollectionManager: Fixed up redirectors for 0 collections in 0.000025 seconds (updated 0 objects)
[2016.02.24-04.03.46:893][664]LogLinker:Warning: Asset '../../../Engine/Content/ArtTools/RenderToTexture/Macros/RenderToTextureMacros.uasset' has been saved with empty engine version. The asset will be loaded but may be incompatible.
[2016.02.24-04.03.47:303][664]LogContentBrowser: Native class hierarchy updated for 'BlueprintGraph' in 0.0006 seconds. Added 107 classes and 0 folders.
[2016.02.24-04.04.43:429][581]LogActorComponent: UnregisterComponent: (/Engine/Transient.CharMoveComp) Not registered. Aborting.
[2016.02.24-04.04.45:754][710]LogActorComponent: UnregisterComponent: (/Engine/Transient.CharacterMovementComponent_0) Not registered. Aborting.
[2016.02.24-04.04.47:197][791]BlueprintLog: New page: Compile SwapMan
[2016.02.24-04.04.47:447][791]LogActorComponent: UnregisterComponent: (/Engine/Transient.CharacterMovementComponent_1) Not registered. Aborting.
[2016.02.24-04.04.47:514][791]BlueprintEditorCompileResults: Info [0095.63] Compile of SwapMan successful! [in 316 ms]
[2016.02.24-04.04.48:671][840]LogPlayLevel: PlayLevel: No blueprints needed recompiling
[2016.02.24-04.04.48:673][840]PIE: New page: PIE session: swapMap (Feb 25, 2016, 2:04:48 AM)
[2016.02.24-04.04.48:673][840]LogPlayLevel: Creating play world package: /Game/Maps/UEDPIE_0_swapMap
[2016.02.24-04.04.48:680][840]LogPlayLevel: PIE: StaticDuplicateObject took: (0.006512s)
[2016.02.24-04.04.48:680][840]LogAIModule: Creating AISystem for world swapMap
[2016.02.24-04.04.48:681][840]LogPlayLevel: PIE: World Init took: (0.000657s)
[2016.02.24-04.04.48:681][840]LogPlayLevel: PIE: Created PIE world by copying editor world from /Game/Maps/swapMap.swapMap to /Game/Maps/UEDPIE_0_swapMap.swapMap (0.007562s)
[2016.02.24-04.04.48:681][840]LogActorComponent: UnregisterComponent: (/Engine/Transient.CharMoveComp) Not registered. Aborting.
[2016.02.24-04.04.48:710][840]LogInit: XAudio2 using 'Realtek Digital Output(Optical) (Realtek High Definition Audio)' : 2 channels at 48 kHz using 16 bits per sample (channel mask 0x3)
[2016.02.24-04.04.48:716][840]LogInit: FAudioDevice initialized.
[2016.02.24-04.04.48:791][840]LogWorld: Game class is 'SwapGameMode_C'
[2016.02.24-04.04.48:799][840]LogWorld: Bringing World /Game/Maps/UEDPIE_0_swapMap.swapMap up for play (max tick rate 0) at 2016.02.24-15.04.48
[2016.02.24-04.04.48:799][840]LogActor:Warning: GameSession /Game/Maps/UEDPIE_0_swapMap.swapMap:PersistentLevel.GameSession_0 has natively added scene component(s), but none of them were set as the actor's RootComponent - picking one arbitrarily
[2016.02.24-04.04.48:800][840]LogActor:Warning: GameNetworkManager /Game/Maps/UEDPIE_0_swapMap.swapMap:PersistentLevel.GameNetworkManager_0 has natively added scene component(s), but none of them were set as the actor's RootComponent - picking one arbitrarily
[2016.02.24-04.04.48:804][840]LogWorld: Bringing up level for play took: 0.011564
[2016.02.24-04.04.48:815][840]PIE: Info Play in editor start time for /Game/Maps/UEDPIE_0_swapMap -0.164
[2016.02.24-04.04.55:645][337]LogParticles: Destroying 0 GPU particle simulations for FXSystem 0x000000005B5AFB00
[2016.02.24-04.05.42:849][ 43]LogActorComponent: UnregisterComponent: (/Engine/Transient.CharMoveComp) Not registered. Aborting.
[2016.02.24-04.05.44:117][107]BlueprintLog: New page: Compile SwapMan
[2016.02.24-04.05.44:347][107]LogActorComponent: UnregisterComponent: (/Engine/Transient.CharacterMovementComponent_2) Not registered. Aborting.
[2016.02.24-04.05.44:385][107]BlueprintEditorCompileResults: Info [0152.49] Compile of SwapMan successful! [in 267 ms]
[2016.02.24-04.05.46:373][199]LogPlayLevel: PlayLevel: No blueprints needed recompiling
[2016.02.24-04.05.46:373][199]PIE: New page: PIE session: swapMap (Feb 25, 2016, 2:05:46 AM)
[2016.02.24-04.05.46:373][199]LogPlayLevel: Creating play world package: /Game/Maps/UEDPIE_0_swapMap
[2016.02.24-04.05.46:379][199]LogPlayLevel: PIE: StaticDuplicateObject took: (0.006044s)
[2016.02.24-04.05.46:380][199]LogAIModule: Creating AISystem for world swapMap
[2016.02.24-04.05.46:380][199]LogPlayLevel: PIE: World Init took: (0.001038s)
[2016.02.24-04.05.46:381][199]LogPlayLevel: PIE: Created PIE world by copying editor world from /Game/Maps/swapMap.swapMap to /Game/Maps/UEDPIE_0_swapMap.swapMap (0.007309s)
[2016.02.24-04.05.46:381][199]LogActorComponent: UnregisterComponent: (/Engine/Transient.CharMoveComp) Not registered. Aborting.
[2016.02.24-04.05.46:407][199]LogInit: XAudio2 using 'Realtek Digital Output(Optical) (Realtek High Definition Audio)' : 2 channels at 48 kHz using 16 bits per sample (channel mask 0x3)
[2016.02.24-04.05.46:413][199]LogInit: FAudioDevice initialized.
[2016.02.24-04.05.46:447][199]LogWorld: Game class is 'SwapGameMode_C'
[2016.02.24-04.05.46:454][199]LogWorld: Bringing World /Game/Maps/UEDPIE_0_swapMap.swapMap up for play (max tick rate 0) at 2016.02.24-15.05.46
[2016.02.24-04.05.46:454][199]LogActor:Warning: GameSession /Game/Maps/UEDPIE_0_swapMap.swapMap:PersistentLevel.GameSession_1 has natively added scene component(s), but none of them were set as the actor's RootComponent - picking one arbitrarily
[2016.02.24-04.05.46:454][199]LogActor:Warning: GameNetworkManager /Game/Maps/UEDPIE_0_swapMap.swapMap:PersistentLevel.GameNetworkManager_1 has natively added scene component(s), but none of them were set as the actor's RootComponent - picking one arbitrarily
[2016.02.24-04.05.46:454][199]LogWorld: Bringing up level for play took: 0.006616
[2016.02.24-04.05.46:457][199]PIE: Info Play in editor start time for /Game/Maps/UEDPIE_0_swapMap -0.526
[2016.02.24-04.05.51:724][546]LogBlueprintUserMessages: [SwapMan_C_8] X=-1.000 Y=0.000 Z=0.000
[2016.02.24-04.05.51:724][546]LogBlueprintUserMessages: [SwapMan_C_8] X=0.998 Y=0.064 Z=0.000
[2016.02.24-04.05.56:096][835]LogBlueprintUserMessages: [SwapMan_C_8] X=-1.000 Y=0.000 Z=0.000
[2016.02.24-04.05.56:096][835]LogBlueprintUserMessages: [SwapMan_C_8] X=0.999 Y=-0.042 Z=0.000
[2016.02.24-04.05.57:016][896]LogBlueprintUserMessages: [SwapMan_C_8] X=0.000 Y=0.000 Z=1.000
[2016.02.24-04.05.57:016][896]LogBlueprintUserMessages: [SwapMan_C_8] X=0.072 Y=-0.997 Z=0.000
[2016.02.24-04.06.07:039][565]LogBlueprintUserMessages: [SwapMan_C_8] X=0.000 Y=-1.000 Z=0.000
[2016.02.24-04.06.07:039][565]LogBlueprintUserMessages: [SwapMan_C_8] X=-0.031 Y=-1.000 Z=0.000
[2016.02.24-04.06.09:624][736]LogBlueprintUserMessages: [SwapMan_C_8] X=0.000 Y=0.000 Z=1.000
[2016.02.24-04.06.09:624][736]LogBlueprintUserMessages: [SwapMan_C_8] X=0.996 Y=0.090 Z=0.000
[2016.02.24-04.06.11:271][845]LogBlueprintUserMessages: [SwapMan_C_8] X=0.424 Y=-0.000 Z=0.906
[2016.02.24-04.06.11:271][845]LogBlueprintUserMessages: [SwapMan_C_8] X=0.999 Y=-0.038 Z=0.000
[2016.02.24-04.06.11:286][846]LogBlueprintUserMessages: [SwapMan_C_8] X=0.537 Y=0.000 Z=0.843
[2016.02.24-04.06.11:286][846]LogBlueprintUserMessages: [SwapMan_C_8] X=0.997 Y=-0.081 Z=0.000
[2016.02.24-04.06.13:326][981]LogBlueprintUserMessages: [SwapMan_C_8] X=1.000 Y=0.000 Z=0.000
[2016.02.24-04.06.13:326][981]LogBlueprintUserMessages: [SwapMan_C_8] X=0.976 Y=-0.216 Z=0.000
[2016.02.24-04.06.13:326][981]LogBlueprintUserMessages: [SwapMan_C_8] true
[2016.02.24-04.06.19:437][384]LogParticles: Destroying 0 GPU particle simulations for FXSystem 0x0000000050BA4CC0
[2016.02.24-04.06.20:232][426]LogPlayLevel: PlayLevel: No blueprints needed recompiling
[2016.02.24-04.06.20:232][426]PIE: New page: PIE session: swapMap (Feb 25, 2016, 2:06:20 AM)
[2016.02.24-04.06.20:232][426]LogPlayLevel: Creating play world package: /Game/Maps/UEDPIE_0_swapMap
[2016.02.24-04.06.20:238][426]LogPlayLevel: PIE: StaticDuplicateObject took: (0.005617s)
[2016.02.24-04.06.20:238][426]LogAIModule: Creating AISystem for world swapMap
[2016.02.24-04.06.20:239][426]LogPlayLevel: PIE: World Init took: (0.001055s)
[2016.02.24-04.06.20:239][426]LogPlayLevel: PIE: Created PIE world by copying editor world from /Game/Maps/swapMap.swapMap to /Game/Maps/UEDPIE_0_swapMap.swapMap (0.006871s)
[2016.02.24-04.06.20:264][426]LogInit: XAudio2 using 'Realtek Digital Output(Optical) (Realtek High Definition Audio)' : 2 channels at 48 kHz using 16 bits per sample (channel mask 0x3)
[2016.02.24-04.06.20:270][426]LogInit: FAudioDevice initialized.
[2016.02.24-04.06.20:301][426]LogWorld: Game class is 'SwapGameMode_C'
[2016.02.24-04.06.20:308][426]LogWorld: Bringing World /Game/Maps/UEDPIE_0_swapMap.swapMap up for play (max tick rate 0) at 2016.02.24-15.06.20
[2016.02.24-04.06.20:308][426]LogActor:Warning: GameSession /Game/Maps/UEDPIE_0_swapMap.swapMap:PersistentLevel.GameSession_2 has natively added scene component(s), but none of them were set as the actor's RootComponent - picking one arbitrarily
[2016.02.24-04.06.20:308][426]LogActor:Warning: GameNetworkManager /Game/Maps/UEDPIE_0_swapMap.swapMap:PersistentLevel.GameNetworkManager_2 has natively added scene component(s), but none of them were set as the actor's RootComponent - picking one arbitrarily
[2016.02.24-04.06.20:309][426]LogWorld: Bringing up level for play took: 0.006692
[2016.02.24-04.06.20:311][426]PIE: Info Play in editor start time for /Game/Maps/UEDPIE_0_swapMap -0.673
[2016.02.24-04.06.32:424][236]LogBlueprintUserMessages: [SwapMan_C_9] X=1.000 Y=0.000 Z=0.000
[2016.02.24-04.06.32:424][236]LogBlueprintUserMessages: [SwapMan_C_9] X=-0.768 Y=-0.641 Z=0.000
[2016.02.24-04.06.32:424][236]LogBlueprintUserMessages: [SwapMan_C_9] false
[2016.02.24-04.06.55:196][756]LogBlueprintUserMessages: [SwapMan_C_9] X=1.000 Y=0.000 Z=0.000
[2016.02.24-04.06.55:196][756]LogBlueprintUserMessages: [SwapMan_C_9] X=0.778 Y=-0.628 Z=0.000
[2016.02.24-04.06.55:196][756]LogBlueprintUserMessages: [SwapMan_C_9] true
[2016.02.24-04.06.58:324][964]LogBlueprintUserMessages: [SwapMan_C_9] X=1.000 Y=0.000 Z=0.000
[2016.02.24-04.06.58:324][964]LogBlueprintUserMessages: [SwapMan_C_9] X=-0.725 Y=-0.689 Z=0.000
[2016.02.24-04.06.58:324][964]LogBlueprintUserMessages: [SwapMan_C_9] false
[2016.02.24-04.07.18:822][331]LogBlueprintUserMessages: [SwapMan_C_9] X=1.000 Y=0.000 Z=0.000
[2016.02.24-04.07.18:822][331]LogBlueprintUserMessages: [SwapMan_C_9] X=-0.750 Y=-0.662 Z=0.000
[2016.02.24-04.07.18:822][331]LogBlueprintUserMessages: [SwapMan_C_9] false
[2016.02.24-04.07.25:117][744]LogParticles: Destroying 0 GPU particle simulations for FXSystem 0x000000006A642340
[2016.02.24-04.09.10:980][335]LogEditorViewport: Clicking on Actor (context menu): StaticMeshActor (Cube26)
[2016.02.24-04.09.11:776][350]LogEditorViewport: Clicking on Actor (LMB): BP_Sky_Sphere_C (Sky Sphere)
[2016.02.24-04.09.19:976][811]LogEditorViewport: Clicking on Actor (LMB): StaticMeshActor (Cube26)
[2016.02.24-04.09.20:300][827]LogEditorViewport: Clicking on Actor (context menu): StaticMeshActor (Cube26)
[2016.02.24-04.09.27:490][212]LogEditorViewport: Clicking on Actor (LMB): StaticMeshActor (Cube26)
[2016.02.24-04.09.27:737][225]LogEditorViewport: Clicking on Actor (double click): WallRun_C (WallRun6)
[2016.02.24-04.09.42:152][ 47]LogEditorViewport: Clicking on Actor (LMB): StaticMeshActor (Cube16)
[2016.02.24-04.09.58:202][955]LogEditorViewport: Clicking on Actor (LMB): BP_Sky_Sphere_C (Sky Sphere)
[2016.02.24-04.09.58:887][993]LogEditorViewport: Clicking on Actor (LMB): BP_Sky_Sphere_C (Sky Sphere)
[2016.02.24-04.09.59:576][ 32]LogEditorViewport: Clicking on Actor (LMB): WallClimb_C (WallClimb5)
[2016.02.24-04.10.01:740][158]Cmd: DELETE
[2016.02.24-04.10.01:740][158]Cmd: ACTOR DELETE
[2016.02.24-04.10.01:744][158]LogEditorActor: Deleted Actor: WallClimb_C
[2016.02.24-04.10.01:744][158]LogActorComponent: UnregisterComponent: (/Engine/Transient.CharMoveComp) Not registered. Aborting.
[2016.02.24-04.10.01:768][158]LogEditorActor: Deleted 1 Actors (0.025 secs)
[2016.02.24-04.10.04:488][311]LogEditorViewport: Clicking on Actor (LMB): BP_Sky_Sphere_C (Sky Sphere)
[2016.02.24-04.10.05:000][339]LogEditorViewport: Clicking on Actor (LMB): BP_Sky_Sphere_C (Sky Sphere)
[2016.02.24-04.10.05:471][365]LogEditorViewport: Clicking on Actor (LMB): BP_Sky_Sphere_C (Sky Sphere)
[2016.02.24-04.10.05:807][383]LogEditorViewport: Clicking on Actor (LMB): BP_Sky_Sphere_C (Sky Sphere)
[2016.02.24-04.10.06:162][402]LogEditorViewport: Clicking on Actor (LMB): LedgeGrab_C (LedgeGrab)
[2016.02.24-04.10.12:488][739]LogEditorViewport: Clicking on Actor (LMB): LedgeGrab_C (LedgeGrab4)
[2016.02.24-04.10.37:971][ 61]LogEditorViewport: Clicking on Actor (LMB): BP_Sky_Sphere_C (Sky Sphere)
[2016.02.24-04.10.38:680][ 82]LogPlayLevel: PlayLevel: No blueprints needed recompiling
[2016.02.24-04.10.38:680][ 82]PIE: New page: PIE session: swapMap (Feb 25, 2016, 2:10:38 AM)
[2016.02.24-04.10.38:681][ 82]LogPlayLevel: Creating play world package: /Game/Maps/UEDPIE_0_swapMap
[2016.02.24-04.10.38:687][ 82]LogPlayLevel: PIE: StaticDuplicateObject took: (0.006239s)
[2016.02.24-04.10.38:688][ 82]LogAIModule: Creating AISystem for world swapMap
[2016.02.24-04.10.38:688][ 82]LogPlayLevel: PIE: World Init took: (0.001471s)
[2016.02.24-04.10.38:688][ 82]LogPlayLevel: PIE: Created PIE world by copying editor world from /Game/Maps/swapMap.swapMap to /Game/Maps/UEDPIE_0_swapMap.swapMap (0.007922s)
[2016.02.24-04.10.38:719][ 82]LogInit: XAudio2 using 'Speakers (Realtek High Definition Audio)' : 2 channels at 48 kHz using 32 bits per sample (channel mask 0x3)
[2016.02.24-04.10.38:729][ 82]LogInit: FAudioDevice initialized.
[2016.02.24-04.10.38:757][ 82]LogWorld: Game class is 'SwapGameMode_C'
[2016.02.24-04.10.38:765][ 82]LogWorld: Bringing World /Game/Maps/UEDPIE_0_swapMap.swapMap up for play (max tick rate 0) at 2016.02.24-15.10.38
[2016.02.24-04.10.38:765][ 82]LogActor:Warning: GameSession /Game/Maps/UEDPIE_0_swapMap.swapMap:PersistentLevel.GameSession_3 has natively added scene component(s), but none of them were set as the actor's RootComponent - picking one arbitrarily
[2016.02.24-04.10.38:765][ 82]LogActor:Warning: GameNetworkManager /Game/Maps/UEDPIE_0_swapMap.swapMap:PersistentLevel.GameNetworkManager_3 has natively added scene component(s), but none of them were set as the actor's RootComponent - picking one arbitrarily
[2016.02.24-04.10.38:765][ 82]LogWorld: Bringing up level for play took: 0.006964
[2016.02.24-04.10.38:768][ 82]PIE: Info Play in editor start time for /Game/Maps/UEDPIE_0_swapMap -0.231
[2016.02.24-04.10.50:084][816]LogBlueprintUserMessages: [SwapMan_C_10] X=0.000 Y=0.000 Z=1.000
[2016.02.24-04.10.50:084][816]LogBlueprintUserMessages: [SwapMan_C_10] X=-0.005 Y=-1.000 Z=0.000
[2016.02.24-04.10.50:145][820]LogBlueprintUserMessages: [SwapMan_C_10] X=0.000 Y=0.000 Z=1.000
[2016.02.24-04.10.50:145][820]LogBlueprintUserMessages: [SwapMan_C_10] X=-0.005 Y=-1.000 Z=0.000
[2016.02.24-04.10.50:191][823]LogBlueprintUserMessages: [SwapMan_C_10] X=0.000 Y=-0.133 Z=0.991
[2016.02.24-04.10.50:191][823]LogBlueprintUserMessages: [SwapMan_C_10] X=-0.005 Y=-1.000 Z=0.000
[2016.02.24-04.10.57:116][269]LogBlueprintUserMessages: [SwapMan_C_10] X=0.000 Y=-1.000 Z=0.000
[2016.02.24-04.10.57:116][269]LogBlueprintUserMessages: [SwapMan_C_10] X=-0.061 Y=0.998 Z=0.000
[2016.02.24-04.11.18:826][672]LogBlueprintUserMessages: [SwapMan_C_10] X=1.000 Y=0.000 Z=0.000
[2016.02.24-04.11.18:826][672]LogBlueprintUserMessages: [SwapMan_C_10] X=-0.797 Y=-0.604 Z=0.000
[2016.02.24-04.11.18:826][672]LogBlueprintUserMessages: [SwapMan_C_10] false
[2016.02.24-04.11.30:699][438]LogBlueprintUserMessages: [SwapMan_C_10] X=0.000 Y=1.000 Z=0.000
[2016.02.24-04.11.30:699][438]LogBlueprintUserMessages: [SwapMan_C_10] X=0.642 Y=-0.767 Z=0.000
[2016.02.24-04.11.30:699][438]LogBlueprintUserMessages: [SwapMan_C_10] false
[2016.02.24-04.11.31:894][511]LogParticles: Destroying 0 GPU particle simulations for FXSystem 0x00000000599D4B80
[2016.02.24-04.11.54:358][794]LogPlayLevel: PlayLevel: No blueprints needed recompiling
[2016.02.24-04.11.54:358][794]PIE: New page: PIE session: swapMap (Feb 25, 2016, 2:11:54 AM)
[2016.02.24-04.11.54:358][794]LogPlayLevel: Creating play world package: /Game/Maps/UEDPIE_0_swapMap
[2016.02.24-04.11.54:365][794]LogPlayLevel: PIE: StaticDuplicateObject took: (0.006897s)
[2016.02.24-04.11.54:366][794]LogAIModule: Creating AISystem for world swapMap
[2016.02.24-04.11.54:367][794]LogPlayLevel: PIE: World Init took: (0.001323s)
[2016.02.24-04.11.54:367][794]LogPlayLevel: PIE: Created PIE world by copying editor world from /Game/Maps/swapMap.swapMap to /Game/Maps/UEDPIE_0_swapMap.swapMap (0.008473s)
[2016.02.24-04.11.54:394][794]LogInit: XAudio2 using 'Speakers (Realtek High Definition Audio)' : 2 channels at 48 kHz using 32 bits per sample (channel mask 0x3)
[2016.02.24-04.11.54:402][794]LogInit: FAudioDevice initialized.
[2016.02.24-04.11.54:434][794]LogWorld: Game class is 'SwapGameMode_C'
[2016.02.24-04.11.54:440][794]LogWorld: Bringing World /Game/Maps/UEDPIE_0_swapMap.swapMap up for play (max tick rate 0) at 2016.02.24-15.11.54
[2016.02.24-04.11.54:441][794]LogActor:Warning: GameSession /Game/Maps/UEDPIE_0_swapMap.swapMap:PersistentLevel.GameSession_4 has natively added scene component(s), but none of them were set as the actor's RootComponent - picking one arbitrarily
[2016.02.24-04.11.54:441][794]LogActor:Warning: GameNetworkManager /Game/Maps/UEDPIE_0_swapMap.swapMap:PersistentLevel.GameNetworkManager_4 has natively added scene component(s), but none of them were set as the actor's RootComponent - picking one arbitrarily
[2016.02.24-04.11.54:441][794]LogWorld: Bringing up level for play took: 0.006638
[2016.02.24-04.11.54:444][794]PIE: Info Play in editor start time for /Game/Maps/UEDPIE_0_swapMap -0.559
[2016.02.24-04.11.56:642][934]LogBlueprintUserMessages: [SwapMan_C_11] X=-1.000 Y=0.000 Z=0.000
[2016.02.24-04.11.56:642][934]LogBlueprintUserMessages: [SwapMan_C_11] X=0.999 Y=-0.039 Z=0.000
[2016.02.24-04.12.16:438][220]LogBlueprintUserMessages: [SwapMan_C_11] X=1.000 Y=0.000 Z=0.000
[2016.02.24-04.12.16:438][220]LogBlueprintUserMessages: [SwapMan_C_11] X=-0.723 Y=-0.691 Z=0.000
[2016.02.24-04.12.16:439][220]LogBlueprintUserMessages: [SwapMan_C_11] false
[2016.02.24-04.13.14:255][940]LogBlueprintUserMessages: [SwapMan_C_11] X=-1.000 Y=0.000 Z=0.000
[2016.02.24-04.13.14:255][940]LogBlueprintUserMessages: [SwapMan_C_11] X=-0.804 Y=0.595 Z=0.000
[2016.02.24-04.13.24:471][597]LogBlueprintUserMessages: [SwapMan_C_11] X=-1.000 Y=0.000 Z=0.000
[2016.02.24-04.13.24:471][597]LogBlueprintUserMessages: [SwapMan_C_11] X=0.788 Y=0.615 Z=0.000
[2016.02.24-04.13.24:471][597]LogBlueprintUserMessages: [SwapMan_C_11] false
[2016.02.24-04.13.26:217][704]LogParticles: Destroying 0 GPU particle simulations for FXSystem 0x000000001256AB60
[2016.02.24-04.14.15:349][924]LogPlayLevel: PlayLevel: No blueprints needed recompiling
[2016.02.24-04.14.15:349][924]PIE: New page: PIE session: swapMap (Feb 25, 2016, 2:14:15 AM)
[2016.02.24-04.14.15:349][924]LogPlayLevel: Creating play world package: /Game/Maps/UEDPIE_0_swapMap
[2016.02.24-04.14.15:355][924]LogPlayLevel: PIE: StaticDuplicateObject took: (0.005785s)
[2016.02.24-04.14.15:355][924]LogAIModule: Creating AISystem for world swapMap
[2016.02.24-04.14.15:356][924]LogPlayLevel: PIE: World Init took: (0.000808s)
[2016.02.24-04.14.15:356][924]LogPlayLevel: PIE: Created PIE world by copying editor world from /Game/Maps/swapMap.swapMap to /Game/Maps/UEDPIE_0_swapMap.swapMap (0.006813s)
[2016.02.24-04.14.15:383][924]LogInit: XAudio2 using 'Speakers (Realtek High Definition Audio)' : 2 channels at 48 kHz using 32 bits per sample (channel mask 0x3)
[2016.02.24-04.14.15:396][924]LogInit: FAudioDevice initialized.
[2016.02.24-04.14.15:426][924]LogWorld: Game class is 'SwapGameMode_C'
[2016.02.24-04.14.15:433][924]LogWorld: Bringing World /Game/Maps/UEDPIE_0_swapMap.swapMap up for play (max tick rate 0) at 2016.02.24-15.14.15
[2016.02.24-04.14.15:434][924]LogActor:Warning: GameSession /Game/Maps/UEDPIE_0_swapMap.swapMap:PersistentLevel.GameSession_5 has natively added scene component(s), but none of them were set as the actor's RootComponent - picking one arbitrarily
[2016.02.24-04.14.15:434][924]LogActor:Warning: GameNetworkManager /Game/Maps/UEDPIE_0_swapMap.swapMap:PersistentLevel.GameNetworkManager_5 has natively added scene component(s), but none of them were set as the actor's RootComponent - picking one arbitrarily
[2016.02.24-04.14.15:434][924]LogWorld: Bringing up level for play took: 0.006888
[2016.02.24-04.14.15:437][924]PIE: Info Play in editor start time for /Game/Maps/UEDPIE_0_swapMap 0.426
[2016.02.24-04.14.17:511][ 41]LogBlueprintUserMessages: [SwapMan_C_12] X=-1.000 Y=0.000 Z=0.000
[2016.02.24-04.14.17:511][ 41]LogBlueprintUserMessages: [SwapMan_C_12] X=1.000 Y=0.018 Z=0.000
[2016.02.24-04.14.26:150][607]LogParticles: Destroying 0 GPU particle simulations for FXSystem 0x000000001C025C60
[2016.02.24-04.14.30:115][779]LogPlayLevel: PlayLevel: No blueprints needed recompiling
[2016.02.24-04.14.30:115][779]PIE: New page: PIE session: swapMap (Feb 25, 2016, 2:14:30 AM)
[2016.02.24-04.14.30:115][779]LogPlayLevel: Creating play world package: /Game/Maps/UEDPIE_0_swapMap
[2016.02.24-04.14.30:121][779]LogPlayLevel: PIE: StaticDuplicateObject took: (0.005803s)
[2016.02.24-04.14.30:121][779]LogAIModule: Creating AISystem for world swapMap
[2016.02.24-04.14.30:122][779]LogPlayLevel: PIE: World Init took: (0.000814s)
[2016.02.24-04.14.30:122][779]LogPlayLevel: PIE: Created PIE world by copying editor world from /Game/Maps/swapMap.swapMap to /Game/Maps/UEDPIE_0_swapMap.swapMap (0.006817s)
[2016.02.24-04.14.30:149][779]LogInit: XAudio2 using 'Speakers (Realtek High Definition Audio)' : 2 channels at 48 kHz using 32 bits per sample (channel mask 0x3)
[2016.02.24-04.14.30:162][779]LogInit: FAudioDevice initialized.
[2016.02.24-04.14.30:194][779]LogWorld: Game class is 'SwapGameMode_C'
[2016.02.24-04.14.30:201][779]LogWorld: Bringing World /Game/Maps/UEDPIE_0_swapMap.swapMap up for play (max tick rate 0) at 2016.02.24-15.14.30
[2016.02.24-04.14.30:201][779]LogActor:Warning: GameSession /Game/Maps/UEDPIE_0_swapMap.swapMap:PersistentLevel.GameSession_6 has natively added scene component(s), but none of them were set as the actor's RootComponent - picking one arbitrarily
[2016.02.24-04.14.30:201][779]LogActor:Warning: GameNetworkManager /Game/Maps/UEDPIE_0_swapMap.swapMap:PersistentLevel.GameNetworkManager_6 has natively added scene component(s), but none of them were set as the actor's RootComponent - picking one arbitrarily
[2016.02.24-04.14.30:202][779]LogWorld: Bringing up level for play took: 0.006661
[2016.02.24-04.14.30:204][779]PIE: Info Play in editor start time for /Game/Maps/UEDPIE_0_swapMap -0.808
[2016.02.24-04.14.33:514][ 28]LogBlueprintUserMessages: [SwapMan_C_13] X=-1.000 Y=0.000 Z=0.000
[2016.02.24-04.14.33:514][ 28]LogBlueprintUserMessages: [SwapMan_C_13] X=0.997 Y=-0.074 Z=0.000
[2016.02.24-04.14.38:641][410]LogBlueprintUserMessages: [SwapMan_C_13] X=-1.000 Y=0.000 Z=0.000
[2016.02.24-04.14.38:641][410]LogBlueprintUserMessages: [SwapMan_C_13] X=0.783 Y=0.622 Z=0.000
[2016.02.24-04.14.38:641][410]LogBlueprintUserMessages: [SwapMan_C_13] false
[2016.02.24-04.14.50:278][280]LogBlueprintUserMessages: [SwapMan_C_13] X=-1.000 Y=0.000 Z=0.000
[2016.02.24-04.14.50:278][280]LogBlueprintUserMessages: [SwapMan_C_13] X=-0.765 Y=0.645 Z=0.000
[2016.02.24-04.14.52:753][458]LogParticles: Destroying 0 GPU particle simulations for FXSystem 0x00000000257BE8E0
[2016.02.24-04.16.10:693][753]LogPlayLevel: PlayLevel: No blueprints needed recompiling
[2016.02.24-04.16.10:693][753]PIE: New page: PIE session: swapMap (Feb 25, 2016, 2:16:10 AM)
[2016.02.24-04.16.10:693][753]LogPlayLevel: Creating play world package: /Game/Maps/UEDPIE_0_swapMap
[2016.02.24-04.16.10:700][753]LogPlayLevel: PIE: StaticDuplicateObject took: (0.006350s)
[2016.02.24-04.16.10:701][753]LogAIModule: Creating AISystem for world swapMap
[2016.02.24-04.16.10:701][753]LogPlayLevel: PIE: World Init took: (0.000828s)
[2016.02.24-04.16.10:701][753]LogPlayLevel: PIE: Created PIE world by copying editor world from /Game/Maps/swapMap.swapMap to /Game/Maps/UEDPIE_0_swapMap.swapMap (0.007393s)
[2016.02.24-04.16.10:728][753]LogInit: XAudio2 using 'Speakers (Realtek High Definition Audio)' : 2 channels at 48 kHz using 32 bits per sample (channel mask 0x3)
[2016.02.24-04.16.10:741][753]LogInit: FAudioDevice initialized.
[2016.02.24-04.16.10:773][753]LogWorld: Game class is 'SwapGameMode_C'
[2016.02.24-04.16.10:780][753]LogWorld: Bringing World /Game/Maps/UEDPIE_0_swapMap.swapMap up for play (max tick rate 0) at 2016.02.24-15.16.10
[2016.02.24-04.16.10:780][753]LogActor:Warning: GameSession /Game/Maps/UEDPIE_0_swapMap.swapMap:PersistentLevel.GameSession_7 has natively added scene component(s), but none of them were set as the actor's RootComponent - picking one arbitrarily
[2016.02.24-04.16.10:780][753]LogActor:Warning: GameNetworkManager /Game/Maps/UEDPIE_0_swapMap.swapMap:PersistentLevel.GameNetworkManager_7 has natively added scene component(s), but none of them were set as the actor's RootComponent - picking one arbitrarily
[2016.02.24-04.16.10:781][753]LogWorld: Bringing up level for play took: 0.006707
[2016.02.24-04.16.10:783][753]PIE: Info Play in editor start time for /Game/Maps/UEDPIE_0_swapMap -0.235
[2016.02.24-04.18.12:674][962]LogBlueprintUserMessages: [SwapMan_C_14] X=0.000 Y=-1.000 Z=0.000
[2016.02.24-04.18.12:674][962]LogBlueprintUserMessages: [SwapMan_C_14] X=-0.053 Y=0.999 Z=0.000
[2016.02.24-04.18.18:287][381]LogBlueprintUserMessages: [SwapMan_C_14] X=-0.996 Y=-0.088 Z=0.000
[2016.02.24-04.18.18:287][381]LogBlueprintUserMessages: [SwapMan_C_14] X=0.080 Y=0.997 Z=0.000
[2016.02.24-04.18.22:675][709]LogBlueprintUserMessages: [SwapMan_C_14] X=0.000 Y=-1.000 Z=0.000
[2016.02.24-04.18.22:675][709]LogBlueprintUserMessages: [SwapMan_C_14] X=0.018 Y=1.000 Z=0.000
[2016.02.24-04.18.33:626][531]LogParticles: Destroying 0 GPU particle simulations for FXSystem 0x0000000068442840
[2016.02.24-04.19.42:747][169]LogSavePackage: Save=89.306046ms
[2016.02.24-04.19.42:748][169]LogSavePackage: Moving '../../../../../../Users/lochlan.mckinno/Documents/GitHub/UE4Projects/GroupProject/Swap/Swap/Saved/swapMapA18B933F41293960EC596DAA007BC8F6.tmp' to '../../../../../../Users/lochlan.mckinno/Documents/GitHub/UE4Projects/GroupProject/Swap/Swap/Content/Maps/swapMap.umap'
[2016.02.24-04.19.42:750][169]LogSavePackage: Total save time: 128.032271ms
[2016.02.24-04.19.42:750][169]LogSavePackage:Display: Finished SavePackage ../../../../../../Users/lochlan.mckinno/Documents/GitHub/UE4Projects/GroupProject/Swap/Swap/Content/Maps/swapMap.umap
[2016.02.24-04.19.45:851][234]Cmd: OBJ SAVEPACKAGE PACKAGE="/Game/BluePrints/SwapMan" FILE="../../../../../../Users/lochlan.mckinno/Documents/GitHub/UE4Projects/GroupProject/Swap/Swap/Content/BluePrints/SwapMan.uasset" SILENT=true
[2016.02.24-04.19.46:331][234]LogSavePackage: Save=463.889557ms
[2016.02.24-04.19.46:331][234]LogSavePackage: Moving '../../../../../../Users/lochlan.mckinno/Documents/GitHub/UE4Projects/GroupProject/Swap/Swap/Saved/SwapMan8931F2304C21551E84A5D08412915ABA.tmp' to '../../../../../../Users/lochlan.mckinno/Documents/GitHub/UE4Projects/GroupProject/Swap/Swap/Content/BluePrints/SwapMan.uasset'
[2016.02.24-04.19.46:334][234]LogSavePackage: Total save time: 481.530361ms
[2016.02.24-04.19.46:334][234]LogSavePackage:Display: Finished SavePackage ../../../../../../Users/lochlan.mckinno/Documents/GitHub/UE4Projects/GroupProject/Swap/Swap/Content/BluePrints/SwapMan.uasset
[2016.02.24-04.19.46:654][235]Cmd: QUIT_EDITOR
[2016.02.24-04.19.46:772][235]LogExit: Preparing to exit.
[2016.02.24-04.19.47:560][235]LogExit: Editor shut down
[2016.02.24-04.19.47:561][235]LogExit: Transaction tracking system shut down
[2016.02.24-04.19.47:563][235]LogParticles: Destroying 0 GPU particle simulations for FXSystem 0x0000000026587880
[2016.02.24-04.19.47:565][235]LogParticles: Destroying 0 GPU particle simulations for FXSystem 0x0000000012873880
[2016.02.24-04.19.47:565][235]LogParticles: Destroying 0 GPU particle simulations for FXSystem 0x0000000026A2AA20
[2016.02.24-04.19.47:565][235]LogParticles: Destroying 0 GPU particle simulations for FXSystem 0x000000002A8368E0
[2016.02.24-04.19.47:565][235]LogParticles: Destroying 0 GPU particle simulations for FXSystem 0x00000000519DCAE0
[2016.02.24-04.19.47:569][235]LogParticles: Destroying 0 GPU particle simulations for FXSystem 0x000000001C43DC60
[2016.02.24-04.19.47:569][235]LogParticles: Destroying 0 GPU particle simulations for FXSystem 0x000000001C2B45E0
[2016.02.24-04.19.47:735][235]LogExit: Object subsystem successfully closed.
[2016.02.24-04.19.47:756][235]LogD3D11RHI: Shutdown
[2016.02.24-04.19.47:756][235]LogD3D11RHI: CleanupD3DDevice
[2016.02.24-04.19.47:805][235]LogD3D11RHI: ~FD3D11DynamicRHI
[2016.02.24-04.19.47:824][235]LogModuleManager: Shutting down and abandoning module CookingStats (200)
[2016.02.24-04.19.47:824][235]LogModuleManager: Shutting down and abandoning module BlueprintGraph (199)
[2016.02.24-04.19.47:824][235]LogModuleManager: Shutting down and abandoning module CrashTracker (198)
[2016.02.24-04.19.47:824][235]LogModuleManager: Shutting down and abandoning module SceneOutliner (197)
[2016.02.24-04.19.47:824][235]LogModuleManager: Shutting down and abandoning module SuperSearch (196)
[2016.02.24-04.19.47:824][235]LogModuleManager: Shutting down and abandoning module WidgetCarousel (195)
[2016.02.24-04.19.47:824][235]LogModuleManager: Shutting down and abandoning module AddContentDialog (194)
[2016.02.24-04.19.47:825][235]LogModuleManager: Shutting down and abandoning module EditorWidgets (193)
[2016.02.24-04.19.47:825][235]LogModuleManager: Shutting down and abandoning module CollectionManager (192)
[2016.02.24-04.19.47:825][235]LogModuleManager: Shutting down and abandoning module StatsViewer (191)
[2016.02.24-04.19.47:825][235]LogModuleManager: Shutting down and abandoning module FoliageEdit (190)
[2016.02.24-04.19.47:825][235]LogModuleManager: Shutting down and abandoning module LandscapeEditor (189)
[2016.02.24-04.19.47:826][235]LogModuleManager: Shutting down and abandoning module ActorPickerMode (188)
[2016.02.24-04.19.47:826][235]LogModuleManager: Shutting down and abandoning module GeometryMode (187)
[2016.02.24-04.19.47:826][235]LogModuleManager: Shutting down and abandoning module TextureAlignMode (186)
[2016.02.24-04.19.47:826][235]LogModuleManager: Shutting down and abandoning module BspMode (185)
[2016.02.24-04.19.47:826][235]LogModuleManager: Shutting down and abandoning module PlacementMode (184)
[2016.02.24-04.19.47:826][235]LogModuleManager: Shutting down and abandoning module AutomationWorker (183)
[2016.02.24-04.19.47:826][235]LogModuleManager: Shutting down and abandoning module CharacterAI (182)
[2016.02.24-04.19.47:826][235]LogModuleManager: Shutting down and abandoning module SmartSnapping (181)
[2016.02.24-04.19.47:826][235]LogModuleManager: Shutting down and abandoning module ViewportSnapping (180)
[2016.02.24-04.19.47:826][235]LogModuleManager: Shutting down and abandoning module LogVisualizer (179)
[2016.02.24-04.19.47:826][235]LogModuleManager: Shutting down and abandoning module GameProjectGeneration (178)
[2016.02.24-04.19.47:827][235]LogModuleManager: Shutting down and abandoning module IntroTutorials (177)
[2016.02.24-04.19.47:827][235]LogModuleManager: Shutting down and abandoning module EditorLiveStreaming (176)
[2016.02.24-04.19.47:827][235]LogModuleManager: Shutting down and abandoning module IOSPlatformEditor (175)
[2016.02.24-04.19.47:827][235]LogModuleManager: Shutting down and abandoning module HTML5PlatformEditor (174)
[2016.02.24-04.19.47:827][235]LogModuleManager: Shutting down and abandoning module AndroidDeviceDetection (173)
[2016.02.24-04.19.48:306][235]LogModuleManager: Shutting down and abandoning module AndroidPlatformEditor (172)
[2016.02.24-04.19.48:306][235]LogModuleManager: Shutting down and abandoning module IOSRuntimeSettings (171)
[2016.02.24-04.19.48:306][235]LogModuleManager: Shutting down and abandoning module AndroidRuntimeSettings (170)
[2016.02.24-04.19.48:306][235]LogModuleManager: Shutting down and abandoning module MergeActors (169)
[2016.02.24-04.19.48:306][235]LogModuleManager: Shutting down and abandoning module SizeMap (168)
[2016.02.24-04.19.48:306][235]LogModuleManager: Shutting down and abandoning module TreeMap (167)
[2016.02.24-04.19.48:306][235]LogModuleManager: Shutting down and abandoning module ReferenceViewer (166)
[2016.02.24-04.19.48:306][235]LogModuleManager: Shutting down and abandoning module LocalizationService (165)
[2016.02.24-04.19.48:306][235]LogModuleManager: Shutting down and abandoning module LocalizationDashboard (164)
[2016.02.24-04.19.48:307][235]LogModuleManager: Shutting down and abandoning module HardwareTargeting (163)
[2016.02.24-04.19.48:307][235]LogModuleManager: Shutting down and abandoning module DeviceProfileEditor (162)
[2016.02.24-04.19.48:307][235]LogModuleManager: Shutting down and abandoning module UndoHistory (161)
[2016.02.24-04.19.48:307][235]LogModuleManager: Shutting down and abandoning module GameplayTagsEditor (160)
[2016.02.24-04.19.48:307][235]LogModuleManager: Shutting down and abandoning module UserFeedback (159)
[2016.02.24-04.19.48:307][235]LogModuleManager: Shutting down and abandoning module XmlParser (158)
[2016.02.24-04.19.48:307][235]LogModuleManager: Shutting down and abandoning module Blutility (157)
[2016.02.24-04.19.48:307][235]LogModuleManager: Shutting down and abandoning module ProjectTargetPlatformEditor (156)
[2016.02.24-04.19.48:307][235]LogModuleManager: Shutting down and abandoning module ProjectSettingsViewer (155)
[2016.02.24-04.19.48:307][235]LogModuleManager: Shutting down and abandoning module InputBindingEditor (154)
[2016.02.24-04.19.48:307][235]LogModuleManager: Shutting down and abandoning module EditorSettingsViewer (153)
[2016.02.24-04.19.48:307][235]LogModuleManager: Shutting down and abandoning module SettingsEditor (152)
[2016.02.24-04.19.48:307][235]LogModuleManager: Shutting down and abandoning module ProjectLauncher (151)
[2016.02.24-04.19.48:308][235]LogModuleManager: Shutting down and abandoning module SessionFrontend (150)
[2016.02.24-04.19.48:308][235]LogModuleManager: Shutting down and abandoning module ProfilerClient (149)
[2016.02.24-04.19.48:308][235]LogModuleManager: Shutting down and abandoning module TargetDeviceServices (148)
[2016.02.24-04.19.48:308][235]LogModuleManager: Shutting down and abandoning module DeviceManager (147)
[2016.02.24-04.19.48:308][235]LogModuleManager: Shutting down and abandoning module AutomationController (146)
[2016.02.24-04.19.48:308][235]LogModuleManager: Shutting down and abandoning module AutomationWindow (145)
[2016.02.24-04.19.48:309][235]LogModuleManager: Shutting down and abandoning module Layers (144)
[2016.02.24-04.19.48:310][235]LogModuleManager: Shutting down and abandoning module ComponentVisualizers (143)
[2016.02.24-04.19.48:310][235]LogModuleManager: Shutting down and abandoning module DetailCustomizations (142)
[2016.02.24-04.19.48:310][235]LogModuleManager: Shutting down and abandoning module PackagesDialog (141)
[2016.02.24-04.19.48:310][235]LogModuleManager: Shutting down and abandoning module Persona (140)
[2016.02.24-04.19.48:310][235]LogModuleManager: Shutting down and abandoning module Kismet (139)
[2016.02.24-04.19.48:310][235]LogModuleManager: Shutting down and abandoning module GraphEditor (138)
[2016.02.24-04.19.48:311][235]LogModuleManager: Shutting down and abandoning module ClassViewer (137)
[2016.02.24-04.19.48:311][235]LogModuleManager: Shutting down and abandoning module Toolbox (136)
[2016.02.24-04.19.48:311][235]LogModuleManager: Shutting down and abandoning module ModuleUI (135)
[2016.02.24-04.19.48:311][235]LogModuleManager: Shutting down and abandoning module MovieSceneTools (134)
[2016.02.24-04.19.48:311][235]LogModuleManager: Shutting down and abandoning module OutputLog (133)
[2016.02.24-04.19.48:311][235]LogModuleManager: Shutting down and abandoning module GammaUI (132)
[2016.02.24-04.19.48:311][235]LogModuleManager: Shutting down and abandoning module Documentation (131)
[2016.02.24-04.19.48:311][235]LogModuleManager: Shutting down and abandoning module GameLiveStreaming (130)
[2016.02.24-04.19.48:311][235]LogModuleManager: Shutting down and abandoning module StreamingPauseRendering (129)
[2016.02.24-04.19.48:311][235]LogModuleManager: Shutting down and abandoning module AnalyticsET (128)
[2016.02.24-04.19.48:311][235]LogModuleManager: Shutting down and abandoning module Analytics (127)
[2016.02.24-04.19.48:311][235]LogModuleManager: Shutting down and abandoning module AITestSuite (126)
[2016.02.24-04.19.48:311][235]LogModuleManager: Shutting down and abandoning module GameplayDebugger (125)
[2016.02.24-04.19.48:311][235]LogModuleManager: Shutting down and abandoning module AIModule (124)
[2016.02.24-04.19.48:311][235]LogModuleManager: Shutting down and abandoning module ProfilerService (123)
[2016.02.24-04.19.48:434][235]LogModuleManager: Shutting down and abandoning module TaskGraph (122)
[2016.02.24-04.19.48:435][235]LogModuleManager: Shutting down and abandoning module SlateRemote (121)
[2016.02.24-04.19.48:435][235]LogModuleManager: Shutting down and abandoning module SteamVRController (120)
[2016.02.24-04.19.48:435][235]LogModuleManager: Shutting down and abandoning module SteamVR (119)
[2016.02.24-04.19.48:435][235]LogModuleManager: Shutting down and abandoning module ProceduralMeshComponent (118)
[2016.02.24-04.19.48:435][235]LogModuleManager: Shutting down and abandoning module OculusLibrary (117)
[2016.02.24-04.19.48:435][235]LogModuleManager: Shutting down and abandoning module OculusInput (116)
[2016.02.24-04.19.48:435][235]LogModuleManager: Shutting down and abandoning module LeapMotionController (115)
[2016.02.24-04.19.48:448][235]LogModuleManager: Shutting down and abandoning module CustomMeshComponent (114)
[2016.02.24-04.19.48:448][235]LogModuleManager: Shutting down and abandoning module CableComponent (113)
[2016.02.24-04.19.48:448][235]LogModuleManager: Shutting down and abandoning module ArchVisCharacter (112)
[2016.02.24-04.19.48:448][235]LogModuleManager: Shutting down and abandoning module MessagingDebugger (111)
[2016.02.24-04.19.48:448][235]LogModuleManager: Shutting down and abandoning module MediaPlayerEditor (110)
[2016.02.24-04.19.48:448][235]LogModuleManager: Shutting down and abandoning module HTML5Networking (109)
[2016.02.24-04.19.48:449][235]LogModuleManager: Shutting down and abandoning module SpeedTreeImporter (108)
[2016.02.24-04.19.48:449][235]LogModuleManager: Shutting down and abandoning module PluginBrowser (107)
[2016.02.24-04.19.48:449][235]LogModuleManager: Shutting down and abandoning module EpicSurvey (106)
[2016.02.24-04.19.48:449][235]LogModuleManager: Shutting down and abandoning module DesktopPlatform (105)
[2016.02.24-04.19.48:449][235]LogModuleManager: Shutting down and abandoning module VisualStudioSourceCodeAccess (104)
[2016.02.24-04.19.48:449][235]LogModuleManager: Shutting down and abandoning module UObjectPlugin (103)
[2016.02.24-04.19.48:449][235]LogModuleManager: Shutting down and abandoning module SubversionSourceControl (102)
[2016.02.24-04.19.48:449][235]LogModuleManager: Shutting down and abandoning module PerforceSourceControl (101)
[2016.02.24-04.19.48:449][235]LogModuleManager: Shutting down and abandoning module SourceControl (100)
[2016.02.24-04.19.48:449][235]LogModuleManager: Shutting down and abandoning module GitSourceControl (99)
[2016.02.24-04.19.48:449][235]LogModuleManager: Shutting down and abandoning module LightPropagationVolumeEditor (98)
[2016.02.24-04.19.48:449][235]LogModuleManager: Shutting down and abandoning module PaperTiledImporter (97)
[2016.02.24-04.19.48:449][235]LogModuleManager: Shutting down and abandoning module PaperSpriteSheetImporter (96)
[2016.02.24-04.19.48:449][235]LogModuleManager: Shutting down and abandoning module MeshPaint (95)
[2016.02.24-04.19.48:449][235]LogModuleManager: Shutting down and abandoning module SlateReflector (94)
[2016.02.24-04.19.48:450][235]LogModuleManager: Shutting down and abandoning module HotReload (93)
[2016.02.24-04.19.48:450][235]LogModuleManager: Shutting down and abandoning module MainFrame (92)
[2016.02.24-04.19.48:450][235]LogModuleManager: Shutting down and abandoning module LevelEditor (91)
[2016.02.24-04.19.48:451][235]LogModuleManager: Shutting down and abandoning module DirectoryWatcher (90)
[2016.02.24-04.19.48:452][235]LogModuleManager: Shutting down and abandoning module AssetRegistry (89)
[2016.02.24-04.19.48:588][235]LogModuleManager: Shutting down and abandoning module ContentBrowser (88)
[2016.02.24-04.19.48:589][235]LogModuleManager: Shutting down and abandoning module Paper2DEditor (87)
[2016.02.24-04.19.48:589][235]LogModuleManager: Shutting down and abandoning module UdpMessaging (86)
[2016.02.24-04.19.48:689][235]LogModuleManager: Shutting down and abandoning module LightPropagationVolumeRuntime (85)
[2016.02.24-04.19.48:689][235]LogModuleManager: Shutting down and abandoning module Paper2D (84)
[2016.02.24-04.19.48:689][235]LogModuleManager: Shutting down and abandoning module WindowsMoviePlayer (83)
[2016.02.24-04.19.48:692][235]LogModuleManager: Shutting down and abandoning module Media (82)
[2016.02.24-04.19.48:692][235]LogModuleManager: Shutting down and abandoning module WmfMedia (81)
[2016.02.24-04.19.48:692][235]LogModuleManager: Shutting down and abandoning module OnlineBlueprintSupport (80)
[2016.02.24-04.19.48:692][235]LogModuleManager: Shutting down and abandoning module GameplayTasksEditor (79)
[2016.02.24-04.19.48:692][235]LogModuleManager: Shutting down and abandoning module PropertyEditor (78)
[2016.02.24-04.19.48:692][235]LogModuleManager: Shutting down and abandoning module BehaviorTreeEditor (77)
[2016.02.24-04.19.48:694][235]LogModuleManager: Shutting down and abandoning module FunctionalTesting (76)
[2016.02.24-04.19.48:694][235]LogModuleManager: Shutting down and abandoning module CollisionAnalyzer (75)
[2016.02.24-04.19.48:694][235]LogModuleManager: Shutting down and abandoning module WorkspaceMenuStructure (74)
[2016.02.24-04.19.48:694][235]LogModuleManager: Shutting down and abandoning module MessageLog (73)
[2016.02.24-04.19.48:694][235]LogModuleManager: Shutting down and abandoning module Sequencer (72)
[2016.02.24-04.19.48:694][235]LogModuleManager: Shutting down and abandoning module AssetTools (71)
[2016.02.24-04.19.48:696][235]LogModuleManager: Shutting down and abandoning module UMGEditor (70)
[2016.02.24-04.19.48:696][235]LogModuleManager: Shutting down and abandoning module UMG (69)
[2016.02.24-04.19.48:696][235]LogModuleManager: Shutting down and abandoning module Slate (68)
[2016.02.24-04.19.48:696][235]LogModuleManager: Shutting down and abandoning module EditorStyle (67)
[2016.02.24-04.19.48:699][235]LogModuleManager: Shutting down and abandoning module SessionServices (66)
[2016.02.24-04.19.48:699][235]LogModuleManager: Shutting down and abandoning module SourceCodeAccess (65)
[2016.02.24-04.19.48:699][235]LogModuleManager: Shutting down and abandoning module HeadMountedDisplay (64)
[2016.02.24-04.19.48:699][235]LogModuleManager: Shutting down and abandoning module XAudio2 (63)
[2016.02.24-04.19.48:699][235]LogModuleManager: Shutting down and abandoning module Networking (61)
[2016.02.24-04.19.48:699][235]LogModuleManager: Shutting down and abandoning module Core (60)
[2016.02.24-04.19.48:699][235]LogModuleManager: Shutting down and abandoning module KismetCompiler (59)
[2016.02.24-04.19.48:699][235]LogModuleManager: Shutting down and abandoning module PhysXFormats (58)
[2016.02.24-04.19.48:699][235]LogModuleManager: Shutting down and abandoning module MeshUtilities (57)
[2016.02.24-04.19.48:699][235]LogModuleManager: Shutting down and abandoning module DerivedDataCache (56)
[2016.02.24-04.19.48:740][235]LogDerivedDataCache: Shutdown
[2016.02.24-04.19.48:740][235]LogModuleManager: Shutting down and abandoning module ShaderFormatOpenGL (55)
[2016.02.24-04.19.48:741][235]LogModuleManager: Shutting down and abandoning module ShaderFormatD3D (54)
[2016.02.24-04.19.48:741][235]LogModuleManager: Shutting down and abandoning module MetalShaderFormat (53)
[2016.02.24-04.19.48:741][235]LogModuleManager: Shutting down and abandoning module TextureFormatUncompressed (52)
[2016.02.24-04.19.48:741][235]LogModuleManager: Shutting down and abandoning module TextureFormatPVR (51)
[2016.02.24-04.19.48:741][235]LogModuleManager: Shutting down and abandoning module TextureFormatIntelISPCTexComp (50)
[2016.02.24-04.19.48:741][235]LogModuleManager: Shutting down and abandoning module TextureFormatDXT (49)
[2016.02.24-04.19.48:741][235]LogModuleManager: Shutting down and abandoning module ImageWrapper (48)
[2016.02.24-04.19.48:741][235]LogModuleManager: Shutting down and abandoning module TextureFormatASTC (47)
[2016.02.24-04.19.48:741][235]LogModuleManager: Shutting down and abandoning module TextureFormatAndroid (46)
[2016.02.24-04.19.48:741][235]LogModuleManager: Shutting down and abandoning module AudioFormatOpus (45)
[2016.02.24-04.19.48:741][235]LogModuleManager: Shutting down and abandoning module AudioFormatOgg (44)
[2016.02.24-04.19.48:741][235]LogModuleManager: Shutting down and abandoning module AudioFormatADPCM (43)
[2016.02.24-04.19.48:741][235]LogModuleManager: Shutting down and abandoning module LinuxTargetPlatform (42)
[2016.02.24-04.19.48:741][235]LogModuleManager: Shutting down and abandoning module LinuxServerTargetPlatform (41)
[2016.02.24-04.19.48:741][235]LogModuleManager: Shutting down and abandoning module LinuxNoEditorTargetPlatform (40)
[2016.02.24-04.19.48:741][235]LogModuleManager: Shutting down and abandoning module Messaging (39)
[2016.02.24-04.19.48:742][235]LogModuleManager: Shutting down and abandoning module IOSTargetPlatform (38)
[2016.02.24-04.19.48:742][235]LogModuleManager: Shutting down and abandoning module HTML5TargetPlatform (37)
[2016.02.24-04.19.48:742][235]LogModuleManager: Shutting down and abandoning module Android_PVRTCTargetPlatform (36)
[2016.02.24-04.19.48:742][235]LogModuleManager: Shutting down and abandoning module Android_MultiTargetPlatform (35)
[2016.02.24-04.19.48:742][235]LogModuleManager: Shutting down and abandoning module Android_ETC2TargetPlatform (34)
[2016.02.24-04.19.48:742][235]LogModuleManager: Shutting down and abandoning module Android_ETC1TargetPlatform (33)
[2016.02.24-04.19.48:742][235]LogModuleManager: Shutting down and abandoning module Android_DXTTargetPlatform (32)
[2016.02.24-04.19.48:742][235]LogModuleManager: Shutting down and abandoning module Android_ATCTargetPlatform (31)
[2016.02.24-04.19.48:742][235]LogModuleManager: Shutting down and abandoning module Android_ASTCTargetPlatform (30)
[2016.02.24-04.19.48:742][235]LogModuleManager: Shutting down and abandoning module AndroidTargetPlatform (29)
[2016.02.24-04.19.48:742][235]LogModuleManager: Shutting down and abandoning module WindowsTargetPlatform (28)
[2016.02.24-04.19.48:742][235]LogModuleManager: Shutting down and abandoning module WindowsServerTargetPlatform (27)
[2016.02.24-04.19.48:742][235]LogModuleManager: Shutting down and abandoning module WindowsNoEditorTargetPlatform (26)
[2016.02.24-04.19.48:742][235]LogModuleManager: Shutting down and abandoning module WindowsClientTargetPlatform (25)
[2016.02.24-04.19.48:742][235]LogModuleManager: Shutting down and abandoning module AllDesktopTargetPlatform (24)
[2016.02.24-04.19.48:742][235]LogModuleManager: Shutting down and abandoning module TargetPlatform (23)
[2016.02.24-04.19.48:742][235]LogModuleManager: Shutting down and abandoning module InputCore (22)
[2016.02.24-04.19.48:742][235]LogModuleManager: Shutting down and abandoning module Settings (21)
[2016.02.24-04.19.48:742][235]LogModuleManager: Shutting down and abandoning module OnlineSubsystem (19)
[2016.02.24-04.19.48:742][235]LogModuleManager: Shutting down and abandoning module HTTP (18)
[2016.02.24-04.19.49:742][235]LogModuleManager: Shutting down and abandoning module XMPP (17)
[2016.02.24-04.19.49:743][235]LogModuleManager: Shutting down and abandoning module OculusRift (16)
[2016.02.24-04.19.49:743][235]LogModuleManager: Shutting down and abandoning module ExampleDeviceProfileSelector (15)
[2016.02.24-04.19.49:743][235]LogModuleManager: Shutting down and abandoning module TextureCompressor (14)
[2016.02.24-04.19.49:743][235]LogModuleManager: Shutting down and abandoning module ShaderCore (13)
[2016.02.24-04.19.49:743][235]LogModuleManager: Shutting down and abandoning module Landscape (12)
[2016.02.24-04.19.49:743][235]LogModuleManager: Shutting down and abandoning module SlateRHIRenderer (11)
[2016.02.24-04.19.49:744][235]LogModuleManager: Shutting down and abandoning module OpenGLDrv (10)
[2016.02.24-04.19.49:745][235]LogModuleManager: Shutting down and abandoning module D3D11RHI (9)
[2016.02.24-04.19.49:745][235]LogModuleManager: Shutting down and abandoning module AnimGraphRuntime (8)
[2016.02.24-04.19.49:745][235]LogModuleManager: Shutting down and abandoning module Renderer (7)
[2016.02.24-04.19.49:745][235]LogModuleManager: Shutting down and abandoning module Engine (6)
[2016.02.24-04.19.49:745][235]LogModuleManager: Shutting down and abandoning module CoreUObject (5)
[2016.02.24-04.19.49:745][235]LogModuleManager: Shutting down and abandoning module NetworkFile (4)
[2016.02.24-04.19.49:746][235]LogModuleManager: Shutting down and abandoning module StreamingFile (3)
[2016.02.24-04.19.49:746][235]LogModuleManager: Shutting down and abandoning module SandboxFile (2)
[2016.02.24-04.19.49:746][235]LogModuleManager: Shutting down and abandoning module PakFile (1)
[2016.02.24-04.19.49:748][235]LogExit: Exiting.
[2016.02.24-04.19.49:773][235]Log file closed, 02/24/16 15:19:49
