[2016.02.03-03.06.24:842][  0]Log file open, 02/03/16 14:06:24
[2016.02.03-03.06.24:842][  0]LogInit:Display: Running engine for game: GroupProject
[2016.02.03-03.06.24:842][  0]LogPlatformFile: Not using cached read wrapper
[2016.02.03-03.06.24:842][  0]LogInit:Display: RandInit(-290394152) SRandInit(-290394145).
[2016.02.03-03.06.24:842][  0]LogTaskGraph: Started task graph with 4 named threads and 7 total threads.
[2016.02.03-03.06.24:842][  0]LogStats: Stats thread started at 0.079126
[2016.02.03-03.06.24:842][  0]LogInit: Version: 4.10.2-2818068+++depot+UE4-Releases+4.10
[2016.02.03-03.06.24:842][  0]LogInit: API Version: 2758231
[2016.02.03-03.06.24:842][  0]LogInit: Compiled (64-bit): Jan  6 2016 17:36:42
[2016.02.03-03.06.24:842][  0]LogInit: Compiled with Visual C++: 19.00.23026.00
[2016.02.03-03.06.24:842][  0]LogInit: Build Configuration: Development
[2016.02.03-03.06.24:842][  0]LogInit: Branch Name: ++depot+UE4-Releases+4.10
[2016.02.03-03.06.24:842][  0]LogInit: Command line:  /Temp/Autosaves/Game/Maps/UEDPCTestingMap -game -PIEVIACONSOLE -ResX=1280 -ResY=720  -Multiprocess 
[2016.02.03-03.06.24:842][  0]LogInit: Base directory: C:/Program Files (x86)/Epic Games/4.10/Engine/Binaries/Win64/
[2016.02.03-03.06.24:842][  0]LogInit: Rocket: 1
[2016.02.03-03.06.24:855][  0]LogInit: Using libcurl 7.41.0
[2016.02.03-03.06.24:855][  0]LogInit:  - built for x86_64-pc-win32
[2016.02.03-03.06.24:855][  0]LogInit:  - supports SSL with WinSSL
[2016.02.03-03.06.24:855][  0]LogInit:  - other features:
[2016.02.03-03.06.24:855][  0]LogInit:      CURL_VERSION_SSL
[2016.02.03-03.06.24:855][  0]LogInit:      CURL_VERSION_IPV6
[2016.02.03-03.06.24:855][  0]LogInit:      CURL_VERSION_ASYNCHDNS
[2016.02.03-03.06.24:855][  0]LogInit:      CURL_VERSION_LARGEFILE
[2016.02.03-03.06.24:855][  0]LogInit:      CURL_VERSION_IDN
[2016.02.03-03.06.24:855][  0]LogInit:  CurlRequestOptions (configurable via config and command line):
[2016.02.03-03.06.24:855][  0]LogInit:  - bVerifyPeer = true  - Libcurl will verify peer certificate
[2016.02.03-03.06.24:855][  0]LogInit:  - bUseHttpProxy = false  - Libcurl will NOT use HTTP proxy
[2016.02.03-03.06.24:855][  0]LogInit:  - bDontReuseConnections = false  - Libcurl will reuse connections
[2016.02.03-03.06.24:855][  0]LogInit:  - CertBundlePath = nullptr  - Libcurl will use whatever was configured at build time.
[2016.02.03-03.06.24:865][  0]LogInit: Presizing for 0 objects not considered by GC, pre-allocating 0 bytes.
[2016.02.03-03.06.24:875][  0]LogInit: Object subsystem initialized
[2016.02.03-03.06.24:877][  0]LogInit: Selected Device Profile: [Windows]
[2016.02.03-03.06.24:877][  0]LogInit: Applying CVar settings loaded from the selected device profile: [Windows]
[2016.02.03-03.06.24:883][  0]LogInit: Computer: HARST-E0B24C
[2016.02.03-03.06.24:883][  0]LogInit: User: lochlanmckinno
[2016.02.03-03.06.24:883][  0]LogInit: CPU Page size=4096, Cores=4
[2016.02.03-03.06.24:883][  0]LogInit: High frequency timer resolution =3.410273 MHz
[2016.02.03-03.06.24:883][  0]LogMemory: Memory total: Physical=15.9GB (16GB approx)
[2016.02.03-03.06.24:883][  0]LogMemory: Platform Memory Stats for Windows
[2016.02.03-03.06.24:883][  0]LogMemory: Process Physical Memory: 57.55 MB used, 57.55 MB peak
[2016.02.03-03.06.24:883][  0]LogMemory: Process Virtual Memory: 61.51 MB used, 61.51 MB peak
[2016.02.03-03.06.24:883][  0]LogMemory: Physical Memory: 6187.80 MB used, 16301.11 MB total
[2016.02.03-03.06.24:883][  0]LogMemory: Virtual Memory: 352.32 MB used, 8388608.00 MB total
[2016.02.03-03.06.24:924][  0]LogTextLocalizationManager: No specific translations for ('en-US') exist, so ('en') translations will be used.
[2016.02.03-03.06.25:335][  0]LogD3D11RHI: Found D3D11 adapter 0: NVIDIA GeForce GTX 560  (Feature Level 11_0)
[2016.02.03-03.06.25:335][  0]LogD3D11RHI: Adapter has 979MB of dedicated video memory, 0MB of dedicated system memory, and 3071MB of shared system memory, 2 output[s]
[2016.02.03-03.06.25:342][  0]LogD3D11RHI: Found D3D11 adapter 1: Intel(R) HD Graphics 3000 (Feature Level 10_0)
[2016.02.03-03.06.25:342][  0]LogD3D11RHI: Adapter has 64MB of dedicated video memory, 0MB of dedicated system memory, and 1632MB of shared system memory, 0 output[s]
[2016.02.03-03.06.25:342][  0]LogD3D11RHI: Chosen D3D11 Adapter Id = 0
[2016.02.03-03.06.25:346][  0]LogD3D11RHI: !Direct3DDevice
[2016.02.03-03.06.25:346][  0]LogRHI: Texture pool is 685 MB (70% of 979 MB)
[2016.02.03-03.06.25:356][  0]LogD3D11RHI: Async texture creation enabled
[2016.02.03-03.06.25:371][  0]LogShaderCompilers: Guid format shader working directory is -28 characters bigger than the processId version (../../../../../../Users/lochlan.mckinno/Documents/GitHub/UE4Projects/GroupProject/Intermediate/Shaders/WorkingDirectory/8172/).
[2016.02.03-03.06.25:371][  0]LogShaderCompilers: Cleaned the shader compiler working directory 'C:/Users/LOCHLA~1.MCK/AppData/Local/Temp/UnrealShaderWorkingDir/524ECC1C4677385BBE2561A818019B35/'.
[2016.02.03-03.06.25:371][  0]LogShaderCompilers:Display: Using Local Shader Compiler.
[2016.02.03-03.06.26:257][  0]LogTemp:Display: Loaded TP AllDesktopTargetPlatform
[2016.02.03-03.06.26:263][  0]LogTemp:Display: Loaded TP WindowsClientTargetPlatform
[2016.02.03-03.06.26:268][  0]LogTemp:Display: Loaded TP WindowsNoEditorTargetPlatform
[2016.02.03-03.06.26:272][  0]LogTemp:Display: Loaded TP WindowsServerTargetPlatform
[2016.02.03-03.06.26:276][  0]LogTemp:Display: Loaded TP WindowsTargetPlatform
[2016.02.03-03.06.26:279][  0]LogTemp:Display: Loaded TP AndroidTargetPlatform
[2016.02.03-03.06.26:282][  0]LogTemp:Display: Loaded TP Android_ASTCTargetPlatform
[2016.02.03-03.06.26:285][  0]LogTemp:Display: Loaded TP Android_ATCTargetPlatform
[2016.02.03-03.06.26:288][  0]LogTemp:Display: Loaded TP Android_DXTTargetPlatform
[2016.02.03-03.06.26:292][  0]LogTemp:Display: Loaded TP Android_ETC1TargetPlatform
[2016.02.03-03.06.26:295][  0]LogTemp:Display: Loaded TP Android_ETC2TargetPlatform
[2016.02.03-03.06.26:301][  0]LogTemp:Display: Loaded TP Android_MultiTargetPlatform
[2016.02.03-03.06.26:301][  0]LogTemp:Display: Loaded TP Android_PVRTCTargetPlatform
[2016.02.03-03.06.26:302][  0]LogTemp:Display: Loaded TP HTML5TargetPlatform
[2016.02.03-03.06.26:317][  0]LogTemp:Display: Loaded TP IOSTargetPlatform
[2016.02.03-03.06.26:319][  0]LogTemp:Display: Loaded TP LinuxNoEditorTargetPlatform
[2016.02.03-03.06.26:322][  0]LogTemp:Display: Loaded TP LinuxServerTargetPlatform
[2016.02.03-03.06.26:326][  0]LogTemp:Display: Loaded TP LinuxTargetPlatform
[2016.02.03-03.06.26:326][  0]LogTargetPlatformManager:Display: Building Assets For Windows
[2016.02.03-03.06.26:407][  0]LogDerivedDataCache:Display: Max Cache Size: 512 MB
[2016.02.03-03.06.26:459][  0]LogDerivedDataCache: Loaded boot cache 0.05s 41MB C:/Users/lochlan.mckinno/AppData/Local/UnrealEngine/4.10/DerivedDataCache/Boot.ddc.
[2016.02.03-03.06.26:460][  0]LogDerivedDataCache:Display: Loaded Boot cache: C:/Users/lochlan.mckinno/AppData/Local/UnrealEngine/4.10/DerivedDataCache/Boot.ddc
[2016.02.03-03.06.26:460][  0]LogDerivedDataCache: FDerivedDataBackendGraph:  Pak pak cache file ../../../../../../Users/lochlan.mckinno/Documents/GitHub/UE4Projects/GroupProject/DerivedDataCache/DDC.ddp not found, will not use a pak cache.
[2016.02.03-03.06.26:460][  0]LogDerivedDataCache: Unable to find inner node Pak for hierarchical cache Hierarchy.
[2016.02.03-03.06.26:460][  0]LogDerivedDataCache: FDerivedDataBackendGraph:  CompressedPak pak cache file ../../../../../../Users/lochlan.mckinno/Documents/GitHub/UE4Projects/GroupProject/DerivedDataCache/Compressed.ddp not found, will not use a pak cache.
[2016.02.03-03.06.26:460][  0]LogDerivedDataCache: Unable to find inner node CompressedPak for hierarchical cache Hierarchy.
[2016.02.03-03.06.26:525][  0]LogDerivedDataCache:Display: Pak cache opened for reading ../../../Engine/DerivedDataCache/Compressed.ddp.
[2016.02.03-03.06.26:538][  0]LogDerivedDataCache: Using Local data cache path C:/Users/lochlan.mckinno/AppData/Local/UnrealEngine/Common/DerivedDataCache: Writable
[2016.02.03-03.06.26:767][  0]LogInit: Selected Device Profile: [Windows]
[2016.02.03-03.06.26:768][  0]LogContentStreaming: Texture pool size is 1000.000000MB
[2016.02.03-03.06.26:790][  0]LogMeshUtilities: No automatic mesh reduction module available
[2016.02.03-03.06.26:790][  0]LogMeshUtilities: No automatic mesh merging module available
[2016.02.03-03.06.27:120][  0]LogInit: WinSock: version 1.1 (2.2), MaxSocks=32767, MaxUdp=65467
[2016.02.03-03.06.27:349][  0]LogWindowsMoviePlayer: Unable to load movie: ../../../../../../Users/lochlan.mckinno/Documents/GitHub/UE4Projects/GroupProject/Content/Movies/Default_Startup.mp4
[2016.02.03-03.06.27:463][  0]SourceControl: Info Source control is disabled
[2016.02.03-03.06.27:463][  0]SourceControl: Info Source control is disabled
[2016.02.03-03.06.27:476][  0]SourceControl: Info Source control is disabled
[2016.02.03-03.06.27:669][  0]LogObj: 27935 objects as part of root set at end of initial load.
[2016.02.03-03.06.27:669][  0]LogUObjectAllocator: 5830064 out of 0 bytes used by permanent object pool.
[2016.02.03-03.06.27:736][  0]LogEngine: Initializing Engine...
[2016.02.03-03.06.27:740][  0]LogHMD: Can't find Oculus library dev build: is proper Runtime installed? Version: 0.8.0.0
[2016.02.03-03.06.27:741][  0]LogHMD: SteamVR failed to initialize.  Err: 110
[2016.02.03-03.06.27:869][  0]LogInit: XAudio2 using 'Realtek Digital Output(Optical) (Realtek High Definition Audio)' : 2 channels at 48 kHz using 16 bits per sample (channel mask 0x3)
[2016.02.03-03.06.27:876][  0]LogInit: FAudioDevice initialized.
[2016.02.03-03.06.27:882][  0]LogInit: Texture streaming: Enabled
[2016.02.03-03.06.27:952][  0]LogNet: Browse: /Temp/Autosaves/Game/Maps/UEDPCTestingMap?Name=Player
[2016.02.03-03.06.27:953][  0]LogLoad: LoadMap: /Temp/Autosaves/Game/Maps/UEDPCTestingMap?Name=Player
[2016.02.03-03.06.27:964][  0]LogParticles: Destroying 0 GPU particle simulations for FXSystem 0x0000000011FD2F20
[2016.02.03-03.06.27:972][  0]LogMemory: Platform Memory Stats for Windows
[2016.02.03-03.06.27:972][  0]LogMemory: Process Physical Memory: 377.40 MB used, 377.40 MB peak
[2016.02.03-03.06.27:972][  0]LogMemory: Process Virtual Memory: 455.02 MB used, 455.02 MB peak
[2016.02.03-03.06.27:972][  0]LogMemory: Physical Memory: 6206.98 MB used, 16301.11 MB total
[2016.02.03-03.06.27:972][  0]LogMemory: Virtual Memory: 970.59 MB used, 8388608.00 MB total
[2016.02.03-03.06.27:972][  0]LogMemory: 
[2016.02.03-03.06.27:972][  0]Allocator Stats for TBB: (not implemented)
[2016.02.03-03.06.28:166][  0]LogAIModule: Creating AISystem for world TestingMap
[2016.02.03-03.06.28:381][  0]LogWorld: Game class is 'TestingGameMode_C'
[2016.02.03-03.06.28:385][  0]LogWorld: Bringing World /Temp/Autosaves/Game/Maps/UEDPCTestingMap.TestingMap up for play (max tick rate 0) at 2016.02.03-14.06.28
[2016.02.03-03.06.28:385][  0]LogWorld: Bringing up level for play took: 0.002905
[2016.02.03-03.06.28:386][  0]LogPhysics:Warning: FBodyInstance::ApplyMaterialToShape_AssumesLocked : PComplexMats is empty - falling back on simple physical material.
[2016.02.03-03.06.28:386][  0]LogPhysics:Warning: FBodyInstance::ApplyMaterialToShape_AssumesLocked : PComplexMats is empty - falling back on simple physical material.
[2016.02.03-03.06.28:387][  0]LogPhysics:Warning: FBodyInstance::ApplyMaterialToShape_AssumesLocked : PComplexMats is empty - falling back on simple physical material.
[2016.02.03-03.06.28:387][  0]LogPhysics:Warning: FBodyInstance::ApplyMaterialToShape_AssumesLocked : PComplexMats is empty - falling back on simple physical material.
[2016.02.03-03.06.28:387][  0]LogPhysics:Warning: FBodyInstance::ApplyMaterialToShape_AssumesLocked : PComplexMats is empty - falling back on simple physical material.
[2016.02.03-03.06.28:387][  0]LogPrimitiveComponent: Zero scaling not supported (/Temp/Autosaves/Game/Maps/UEDPCTestingMap.TestingMap:PersistentLevel.Car_C_0.StaticMesh)
[2016.02.03-03.06.28:387][  0]LogPrimitiveComponent: Zero scaling not supported (/Temp/Autosaves/Game/Maps/UEDPCTestingMa