[2016.01.09-03.14.37:109][  0]Log file open, 01/09/16 14:14:37
[2016.01.09-03.14.37:109][  0]LogInit:Display: Running engine for game: GroupProject
[2016.01.09-03.14.37:109][  0]LogPlatformFile: Not using cached read wrapper
[2016.01.09-03.14.37:109][  0]LogInit:Display: RandInit(-1246110222) SRandInit(-1246110221).
[2016.01.09-03.14.37:109][  0]LogTaskGraph: Started task graph with 4 named threads and 7 total threads.
[2016.01.09-03.14.37:109][  0]LogStats: Stats thread started at 0.092215
[2016.01.09-03.14.37:109][  0]LogInit: Version: 4.10.0-2758231+++depot+UE4-Releases+4.10
[2016.01.09-03.14.37:109][  0]LogInit: API Version: 2758231
[2016.01.09-03.14.37:109][  0]LogInit: Compiled (64-bit): Nov  7 2015 05:13:45
[2016.01.09-03.14.37:109][  0]LogInit: Compiled with Visual C++: 19.00.23026.00
[2016.01.09-03.14.37:109][  0]LogInit: Build Configuration: Development
[2016.01.09-03.14.37:109][  0]LogInit: Branch Name: ++depot+UE4-Releases+4.10
[2016.01.09-03.14.37:109][  0]LogInit: Command line:  
[2016.01.09-03.14.37:109][  0]LogInit: Base directory: C:/Program Files (x86)/Epic Games/4.10/Engine/Binaries/Win64/
[2016.01.09-03.14.37:109][  0]LogInit: Rocket: 1
[2016.01.09-03.14.37:112][  0]LogInit: Using libcurl 7.41.0
[2016.01.09-03.14.37:112][  0]LogInit:  - built for x86_64-pc-win32
[2016.01.09-03.14.37:112][  0]LogInit:  - supports SSL with WinSSL
[2016.01.09-03.14.37:112][  0]LogInit:  - other features:
[2016.01.09-03.14.37:112][  0]LogInit:      CURL_VERSION_SSL
[2016.01.09-03.14.37:112][  0]LogInit:      CURL_VERSION_IPV6
[2016.01.09-03.14.37:112][  0]LogInit:      CURL_VERSION_ASYNCHDNS
[2016.01.09-03.14.37:112][  0]LogInit:      CURL_VERSION_LARGEFILE
[2016.01.09-03.14.37:112][  0]LogInit:      CURL_VERSION_IDN
[2016.01.09-03.14.37:112][  0]LogInit:  CurlRequestOptions (configurable via config and command line):
[2016.01.09-03.14.37:112][  0]LogInit:  - bVerifyPeer = true  - Libcurl will verify peer certificate
[2016.01.09-03.14.37:112][  0]LogInit:  - bUseHttpProxy = false  - Libcurl will NOT use HTTP proxy
[2016.01.09-03.14.37:112][  0]LogInit:  - bDontReuseConnections = false  - Libcurl will reuse connections
[2016.01.09-03.14.37:112][  0]LogInit:  - CertBundlePath = nullptr  - Libcurl will use whatever was configured at build time.
[2016.01.09-03.14.37:112][  0]LogInit: Presizing for 0 objects not considered by GC, pre-allocating 0 bytes.
[2016.01.09-03.14.37:112][  0]LogInit: Object subsystem initialized
[2016.01.09-03.14.37:112][  0]LogInit: Selected Device Profile: [Windows]
[2016.01.09-03.14.37:112][  0]LogInit: Applying CVar settings loaded from the selected device profile: [Windows]
[2016.01.09-03.14.37:128][  0]LogInit: Computer: DESKTOP-O1OB1PS
[2016.01.09-03.14.37:128][  0]LogInit: User: NewPC
[2016.01.09-03.14.37:128][  0]LogInit: CPU Page size=4096, Cores=4
[2016.01.09-03.14.37:128][  0]LogInit: High frequency timer resolution =3.914065 MHz
[2016.01.09-03.14.37:128][  0]LogMemory: Memory total: Physical=32.0GB (32GB approx)
[2016.01.09-03.14.37:128][  0]LogMemory: Platform Memory Stats for Windows
[2016.01.09-03.14.37:128][  0]LogMemory: Process Physical Memory: 55.70 MB used, 55.70 MB peak
[2016.01.09-03.14.37:128][  0]LogMemory: Process Virtual Memory: 58.64 MB used, 58.64 MB peak
[2016.01.09-03.14.37:128][  0]LogMemory: Physical Memory: 3367.63 MB used, 32720.44 MB total
[2016.01.09-03.14.37:128][  0]LogMemory: Virtual Memory: 384.40 MB used, 134217728.00 MB total
[2016.01.09-03.14.37:257][  0]LogTextLocalizationManager: No specific translations for ('en-AU') exist, so ('en') translations will be used.
[2016.01.09-03.14.37:532][  0]LogD3D11RHI: Found D3D11 adapter 0: NVIDIA GeForce GTX 980 Ti (Feature Level 11_0)
[2016.01.09-03.14.37:532][  0]LogD3D11RHI: Adapter has 6048MB of dedicated video memory, 0MB of dedicated system memory, and 16360MB of shared system memory, 1 output[s]
[2016.01.09-03.14.37:551][  0]LogD3D11RHI: Found D3D11 adapter 1: NVIDIA GeForce GTX 980 Ti (Feature Level 11_0)
[2016.01.09-03.14.37:551][  0]LogD3D11RHI: Adapter has 6048MB of dedicated video memory, 0MB of dedicated system memory, and 16360MB of shared system memory, 0 output[s]
[2016.01.09-03.14.37:552][  0]LogD3D11RHI: Found D3D11 adapter 2: Microsoft Basic Render Driver (Feature Level 11_0)
[2016.01.09-03.14.37:552][  0]LogD3D11RHI: Adapter has 0MB of dedicated video memory, 0MB of dedicated system memory, and 16360MB of shared system memory, 0 output[s]
[2016.01.09-03.14.37:552][  0]LogD3D11RHI: Chosen D3D11 Adapter Id = 0
[2016.01.09-03.14.37:554][  0]LogD3D11RHI: !Direct3DDevice
[2016.01.09-03.14.37:554][  0]LogRHI: Texture pool is 1361 MB (70% of 1945 MB)
[2016.01.09-03.14.37:563][  0]LogD3D11RHI: Async texture creation enabled
[2016.01.09-03.14.37:578][  0]LogShaderCompilers: Guid format shader working directory is -6 characters bigger than the processId version (D:/Program Files/GIT/github/UE4Projects/GroupProject/Intermediate/Shaders/WorkingDirectory/4392/).
[2016.01.09-03.14.37:578][  0]LogShaderCompilers: Cleaned the shader compiler working directory 'C:/Users/NewPC/AppData/Local/Temp/UnrealShaderWorkingDir/160AAAF44A76168C348758B296B21492/'.
[2016.01.09-03.14.37:578][  0]LogShaderCompilers:Display: Using Local Shader Compiler.
[2016.01.09-03.14.38:085][  0]LogTemp:Display: Loaded TP AllDesktopTargetPlatform
[2016.01.09-03.14.38:088][  0]LogTemp:Display: Loaded TP WindowsClientTargetPlatform
[2016.01.09-03.14.38:091][  0]LogTemp:Display: Loaded TP WindowsNoEditorTargetPlatform
[2016.01.09-03.14.38:094][  0]LogTemp:Display: Loaded TP WindowsServerTargetPlatform
[2016.01.09-03.14.38:097][  0]LogTemp:Display: Loaded TP WindowsTargetPlatform
[2016.01.09-03.14.38:099][  0]LogTemp:Display: Loaded TP AndroidTargetPlatform
[2016.01.09-03.14.38:100][  0]LogTemp:Display: Loaded TP Android_ASTCTargetPlatform
[2016.01.09-03.14.38:102][  0]LogTemp:Display: Loaded TP Android_ATCTargetPlatform
[2016.01.09-03.14.38:104][  0]LogTemp:Display: Loaded TP Android_DXTTargetPlatform
[2016.01.09-03.14.38:106][  0]LogTemp:Display: Loaded TP Android_ETC1TargetPlatform
[2016.01.09-03.14.38:108][  0]LogTemp:Display: Loaded TP Android_ETC2TargetPlatform
[2016.01.09-03.14.38:111][  0]LogTemp:Display: Loaded TP Android_MultiTargetPlatform
[2016.01.09-03.14.38:111][  0]LogTemp:Display: Loaded TP Android_PVRTCTargetPlatform
[2016.01.09-03.14.38:112][  0]LogTemp:Display: Loaded TP HTML5TargetPlatform
[2016.01.09-03.14.38:126][  0]LogTemp:Display: Loaded TP IOSTargetPlatform
[2016.01.09-03.14.38:127][  0]LogTemp:Display: Loaded TP LinuxNoEditorTargetPlatform
[2016.01.09-03.14.38:129][  0]LogTemp:Display: Loaded TP LinuxServerTargetPlatform
[2016.01.09-03.14.38:131][  0]LogTemp:Display: Loaded TP LinuxTargetPlatform
[2016.01.09-03.14.38:131][  0]LogTargetPlatformManager:Display: Building Assets For Windows
[2016.01.09-03.14.38:185][  0]LogDerivedDataCache:Display: Max Cache Size: 512 MB
[2016.01.09-03.14.38:213][  0]LogDerivedDataCache: Loaded boot cache 0.03s 41MB C:/Users/NewPC/AppData/Local/UnrealEngine/4.10/DerivedDataCache/Boot.ddc.
[2016.01.09-03.14.38:213][  0]LogDerivedDataCache:Display: Loaded Boot cache: C:/Users/NewPC/AppData/Local/UnrealEngine/4.10/DerivedDataCache/Boot.ddc
[2016.01.09-03.14.38:213][  0]LogDerivedDataCache: FDerivedDataBackendGraph:  Pak pak cache file D:/Program Files/GIT/github/UE4Projects/GroupProject/DerivedDataCache/DDC.ddp not found, will not use a pak cache.
[2016.01.09-03.14.38:213][  0]LogDerivedDataCache: Unable to find inner node Pak for hierarchical cache Hierarchy.
[2016.01.09-03.14.38:213][  0]LogDerivedDataCache: FDerivedDataBackendGraph:  CompressedPak pak cache file D:/Program Files/GIT/github/UE4Projects/GroupProject/DerivedDataCache/Compressed.ddp not found, will not use a pak cache.
[2016.01.09-03.14.38:213][  0]LogDerivedDataCache: Unable to find inner node CompressedPak for hierarchical cache Hierarchy.
[2016.01.09-03.14.38:252][  0]LogDerivedDataCache:Display: Pak cache opened for reading ../../../Engine/DerivedDataCache/Compressed.ddp.
[2016.01.09-03.14.38:263][  0]LogDerivedDataCache: Using Local data cache path C:/Users/NewPC/AppData/Local/UnrealEngine/Common/DerivedDataCache: Writable
[2016.01.09-03.14.38:373][  0]LogInit: Selected Device Profile: [Windows]
[2016.01.09-03.14.38:375][  0]LogContentStreaming: Texture pool size is 0.000000MB
[2016.01.09-03.14.38:445][  0]LogMeshUtilities: No automatic mesh reduction module available
[2016.01.09-03.14.38:445][  0]LogMeshUtilities: No automatic mesh merging module available
[2016.01.09-03.14.38:580][  0]LogInit: WinSock: version 1.1 (2.2), MaxSocks=32767, MaxUdp=65467
[2016.01.09-03.14.39:052][  0]UdpMessaging: Initializing bridge on interface 0.0.0.0:0 to multicast group 230.0.0.1:6666.
[2016.01.09-03.14.39:175][  0]LogAssetRegistry: FAssetRegistry took 0.0108 seconds to start up
[2016.01.09-03.14.39:274][  0]SourceControl: Info Source control is disabled
[2016.01.09-03.14.39:275][  0]SourceControl: Info Source control is disabled
[2016.01.09-03.14.39:282][  0]SourceControl: Info Source control is disabled
[2016.01.09-03.14.39:288][  0]SourceControl: Info Source control is disabled
[2016.01.09-03.14.39:425][  0]LogObj: 28633 objects as part of root set at end of initial load.
[2016.01.09-03.14.39:425][  0]LogUObjectAllocator: 6099744 out of 0 bytes used by permanent object pool.
[2016.01.09-03.14.39:466][  0]LogEngine: Initializing Engine...
[2016.01.09-03.14.39:467][  0]LogHMD: Can't find Oculus library dev build: is proper Runtime installed? Version: 0.8.0.0
[2016.01.09-03.14.39:468][  0]LogHMD: SteamVR failed to initialize.  Err: 110
[2016.01.09-03.14.39:545][  0]LogAIModule: Creating AISystem for world NewWorld
[2016.01.09-03.14.39:552][  0]LogInit: XAudio2 using 'Realtek HD Audio 2nd output (Realtek High Definition Audio)' : 8 channels at 48 kHz using 32 bits per sample (channel mask 0x63f)
[2016.01.09-03.14.39:598][  0]LogInit: FAudioDevice initialized.
[2016.01.09-03.14.39:612][  0]LogDerivedDataCache: Saved boot cache 0.01s 41MB C:/Users/NewPC/AppData/Local/UnrealEngine/4.10/DerivedDataCache/Boot.ddc.
[2016.01.09-03.14.39:615][  0]LogInit: Texture streaming: Enabled
[2016.01.09-03.14.39:619][  0]LogAnalytics: Creating configured Analytics provider AnalyticsET
[2016.01.09-03.14.39:619][  0]LogAnalytics: [UEEditor.Rocket.Release] APIServer = http://et2.epicgames.com/ET2/. AppVersion = 4.10.0-2758231+++depot+UE4-Releases+4.10
[2016.01.09-03.14.39:619][  0]LogAnalytics: [UEEditor.Rocket.Release] SetUserId c7bf1d8b40c7a484fa4816a5eb33937f|aeaa3af4045243359e0d8c4eedc51930|0e0e5735-b15e-448e-8a5a-22d7194580fe
[2016.01.09-03.14.39:619][  0]LogAnalytics: [UEEditor.Rocket.Release] AnalyticsET::StartSession
[2016.01.09-03.14.39:626][  0]LogWindowsTextInputMethodSystem:Display: IME system now deactivated.
[2016.01.09-03.14.39:638][  0]LogInit: Transaction tracking system initialized
[2016.01.09-03.14.39:656][  0]BlueprintLog: New page: Editor Load
[2016.01.09-03.14.39:708][  0]LocalizationService: Info Localization service is disabled
[2016.01.09-03.14.39:757][  0]LogConsoleResponse:Display: 
[2016.01.09-03.14.39:827][  0]LogCook:Display: Done creating registry. It took  0.00s.
[2016.01.09-03.14.39:862][  0]LogFileCache: Scanning file cache for directory 'D:/Program Files/GIT/github/UE4Projects/GroupProject/Content/' took 0.01s
[2016.01.09-03.14.39:862][  0]SourceControl: Info Source control is disabled
[2016.01.09-03.14.39:863][  0]Cmd: MAP LOAD FILE="D:/Program Files/GIT/github/UE4Projects/GroupProject/Content/Maps/TestingMap.umap" TEMPLATE=0 SHOWPROGRESS=1 FEATURELEVEL=3
[2016.01.09-03.14.39:863][  0]LightingResults: New page: Lighting Build
[2016.01.09-03.14.39:865][  0]MapCheck: New page: Map Check
[2016.01.09-03.14.39:865][  0]LightingResults: New page: Lighting Build
[2016.01.09-03.14.39:873][  0]LogParticles: Destroying 0 GPU particle simulations for FXSystem 0x000001CB638A7B00
[2016.01.09-03.14.40:020][  0]LogAIModule: Creating AISystem for world TestingMap
[2016.01.09-03.14.40:023][  0]LogEditorServer: Finished looking for orphan Actors (0.000 secs)
[2016.01.09-03.14.40:023][  0]Cmd: MAP CHECKDEP NOCLEARLOG
[2016.01.09-03.14.40:047][  0]MapCheck: Info Map check complete: 0 Error(s), 0 Warning(s), took 23.748ms to complete.
[2016.01.09-03.14.40:047][  0]LogFileHelpers: Loading map 'TestingMap' took 0.185
[2016.01.09-03.14.40:120][  0]LogCollectionManager: Loaded 0 collections in 0.001402 seconds
[2016.01.09-03.14.40:156][  0]LogFileCache: Scanning file cache for directory 'D:/Program Files/GIT/github/UE4Projects/GroupProject/Saved/Collections/' took 0.01s
[2016.01.09-03.14.40:156][  0]LogFileCache: Scanning file cache for directory 'D:/Program Files/GIT/github/UE4Projects/GroupProject/Content/Developers/NewPC/Collections/' took 0.01s
[2016.01.09-03.14.40:156][  0]LogFileCache: Scanning file cache for directory 'D:/Program Files/GIT/github/UE4Projects/GroupProject/Content/Collections/' took 0.01s
[2016.01.09-03.14.40:156][  0]LogCollectionManager: Rebuilt the GUID cache for 0 collections in 0.000002 seconds
[2016.01.09-03.14.40:163][  0]LogContentBrowser: Native class hierarchy populated in 0.0067 seconds. Added 1893 classes and 338 folders.
[2016.01.09-03.14.40:169][  0]LogContentBrowser: Native class hierarchy updated for 'WidgetCarousel' in 0.0002 seconds. Added 0 classes and 0 folders.
[2016.01.09-03.14.40:194][  0]LogContentBrowser: Native class hierarchy updated for 'AddContentDialog' in 0.0003 seconds. Added 0 classes and 0 folders.
[2016.01.09-03.14.40:197][  0]LogContentBrowser: Native class hierarchy updated for 'SceneOutliner' in 0.0002 seconds. Added 1 classes and 2 folders.
[2016.01.09-03.14.40:227][  0]LogCrashTracker: Crashtracker disabled due to settings.
[2016.01.09-03.14.40:229][  0]LogUObjectGlobals:Warning: Failed to find object 'Class None.'
[2016.01.09-03.14.40:251][  0]LogLoad: Full Startup: 3.54 seconds (BP compile: 0.03 seconds)
[2016.01.09-03.14.40:261][  0]LogOcInput: Can't find Oculus library dev build: is proper Runtime installed? Version: 0.8.0.0
[2016.01.09-03.14.40:297][  0]LogContentStreaming: Texture pool size now 1000 MB
[2016.01.09-03.14.40:396][  0]LogRenderer: Reallocating scene render targets to support 1208x572 (Frame:2).
[2016.01.09-03.14.40:481][  2]LogAssetRegistry: Asset discovery search completed in 1.3170 seconds
[2016.01.09-03.14.40:482][  2]LogCollectionManager: Rebuilt the object cache for 0 collections in 0.000001 seconds (found 0 objects)
[2016.01.09-03.14.40:482][  2]LogCollectionManager: Fixed up redirectors for 0 collections in 0.000020 seconds (updated 0 objects)
[2016.01.09-03.15.20:601][511]LogLinker:Warning: Asset '../../../Engine/Content/ArtTools/RenderToTexture/Macros/RenderToTextureMacros.uasset' has been saved with empty engine version. The asset will be loaded but may be incompatible.
[2016.01.09-03.15.20:857][511]LogContentBrowser: Native class hierarchy updated for 'BlueprintGraph' in 0.0004 seconds. Added 107 classes and 0 folders.
[2016.01.09-03.15.21:087][511]LogPrimitiveComponent: Zero scaling not supported (/Engine/Transient.World_3:PersistentLevel.Car_C_0.StaticMesh)
[2016.01.09-03.15.21:087][511]LogPrimitiveComponent: Zero scaling not supported (/Engine/Transient.World_3:PersistentLevel.Car_C_0.StaticMesh1)
[2016.01.09-03.15.21:087][511]LogPrimitiveComponent: Zero scaling not supported (/Engine/Transient.World_3:PersistentLevel.Car_C_0.StaticMesh2)
[2016.01.09-03.15.21:087][511]LogPrimitiveComponent: Zero scaling not supported (/Engine/Transient.World_3:PersistentLevel.Car_C_0.StaticMesh3)
[2016.01.09-03.15.28:282][816]LogBlueprintUserMessages: Early PlayInEditor Detection: Level '/Game/Maps/TestingMap.TestingMap:PersistentLevel' has LevelScriptBlueprint '/Game/Maps/TestingMap.TestingMap:PersistentLevel.TestingMap' with GeneratedClass '/Game/Maps/TestingMap.TestingMap_C' with ClassGeneratedBy '/Game/Maps/TestingMap.TestingMap:PersistentLevel.TestingMap'
[2016.01.09-03.15.28:282][816]LogPlayLevel: PlayLevel: No blueprints needed recompiling
[2016.01.09-03.15.28:285][816]PIE: New page: PIE session: TestingMap (10 Jan 2016 1:15:28 am)
[2016.01.09-03.15.28:285][816]LogPlayLevel: Creating play world package: /Game/Maps/UEDPIE_1_TestingMap
[2016.01.09-03.15.28:287][816]LogPlayLevel: PIE: StaticDuplicateObject took: (0.002547s)
[2016.01.09-03.15.28:288][816]LogAIModule: Creating AISystem for world TestingMap
[2016.01.09-03.15.28:288][816]LogPlayLevel: PIE: World Init took: (0.000404s)
[2016.01.09-03.15.28:288][816]LogPlayLevel: PIE: Created PIE world by copying editor world from /Game/Maps/TestingMap.TestingMap to /Game/Maps/UEDPIE_1_TestingMap.TestingMap (0.003092s)
[2016.01.09-03.15.28:322][816]LogInit: XAudio2 using 'Realtek HD Audio 2nd output (Realtek High Definition Audio)' : 8 channels at 48 kHz using 32 bits per sample (channel mask 0x63f)
[2016.01.09-03.15.28:345][816]LogInit: FAudioDevice initialized.
[2016.01.09-03.15.28:390][816]LogWorld: Game class is 'TestingGameMode_C'
[2016.01.09-03.15.28:393][816]LogWorld: Bringing World /Game/Maps/UEDPIE_1_TestingMap.TestingMap up for play (max tick rate 0) at 2016.01.09-14.15.28
[2016.01.09-03.15.28:393][816]LogActor:Warning: GameSession /Game/Maps/UEDPIE_1_TestingMap.TestingMap:PersistentLevel.GameSession_0 has natively added scene component(s), but none of them were set as the actor's RootComponent - picking one arbitrarily
[2016.01.09-03.15.28:393][816]LogActor:Warning: GameNetworkManager /Game/Maps/UEDPIE_1_TestingMap.TestingMap:PersistentLevel.GameNetworkManager_0 has natively added scene component(s), but none of them were set as the actor's RootComponent - picking one arbitrarily
[2016.01.09-03.15.28:393][816]LogWorld: Bringing up level for play took: 0.001062
[2016.01.09-03.15.28:394][816]LogInit: WinSock: Socket queue 131072 / 131072
[2016.01.09-03.15.28:395][816]LogInit: WinSock: I am DESKTOP-O1OB1PS (10.1.1.10:0)
[2016.01.09-03.15.28:395][816]LogNet: GameNetDriver IpNetDriver_0 IpNetDriver listening on port 7777
[2016.01.09-03.15.28:396][816]LogPrimitiveComponent: Zero scaling not supported (/Game/Maps/UEDPIE_1_TestingMap.TestingMap:PersistentLevel.Car_C_1.StaticMesh)
[2016.01.09-03.15.28:396][816]LogPrimitiveComponent: Zero scaling not supported (/Game/Maps/UEDPIE_1_TestingMap.TestingMap:PersistentLevel.Car_C_1.StaticMesh1)
[2016.01.09-03.15.28:396][816]LogPrimitiveComponent: Zero scaling not supported (/Game/Maps/UEDPIE_1_TestingMap.TestingMap:PersistentLevel.Car_C_1.StaticMesh2)
[2016.01.09-03.15.28:396][816]LogPrimitiveComponent: Zero scaling not supported (/Game/Maps/UEDPIE_1_TestingMap.TestingMap:PersistentLevel.Car_C_1.StaticMesh3)
[2016.01.09-03.15.28:399][816]LogPrimitiveComponent: Zero scaling not supported (/Game/Maps/UEDPIE_1_TestingMap.TestingMap:PersistentLevel.Car_C_2.StaticMesh)
[2016.01.09-03.15.28:399][816]LogPrimitiveComponent: Zero scaling not supported (/Game/Maps/UEDPIE_1_TestingMap.TestingMap:PersistentLevel.Car_C_2.StaticMesh1)
[2016.01.09-03.15.28:399][816]LogPrimitiveComponent: Zero scaling not supported (/Game/Maps/UEDPIE_1_TestingMap.TestingMap:PersistentLevel.Car_C_2.StaticMesh2)
[2016.01.09-03.15.28:399][816]LogPrimitiveComponent: Zero scaling not supported (/Game/Maps/UEDPIE_1_TestingMap.TestingMap:PersistentLevel.Car_C_2.StaticMesh3)
[2016.01.09-03.15.28:400][816]PIE: Info Play in editor start time for /Game/Maps/UEDPIE_1_TestingMap -0.754
[2016.01.09-03.15.28:402][816]PIE: New page: PIE session: TestingMap (10 Jan 2016 1:15:28 am)
[2016.01.09-03.15.28:444][816]LogNet: Browse: 127.0.0.1//Game/Maps/TestingMap
[2016.01.09-03.15.28:444][816]LogInit: WinSock: Socket queue 32768 / 32768
[2016.01.09-03.15.28:444][816]LogNet: Game client on port 7777, rate 10000
[2016.01.09-03.15.28:444][816]LogNet: GetLocalNetworkVersion: GEngineNetVersion: 2758231, ProjectName: groupproject, ProjectVersion: 1.0.0.0, InternalProtocolVersion: 9, LocalNetworkVersion: 2415194616
[2016.01.09-03.15.28:456][816]PIE: Info Play in editor start time for /Game/Maps/TestingMap -0.698
[2016.01.09-03.15.28:457][816]LogBlueprintUserMessages: Late PlayInEditor Detection: Level '/Game/Maps/TestingMap.TestingMap:PersistentLevel' has LevelScriptBlueprint '/Game/Maps/TestingMap.TestingMap:PersistentLevel.TestingMap' with GeneratedClass '/Game/Maps/TestingMap.TestingMap_C' with ClassGeneratedBy '/Game/Maps/TestingMap.TestingMap:PersistentLevel.TestingMap'
[2016.01.09-03.15.28:457][816]LogNet: NotifyAcceptingConnection: Server TestingMap accept
[2016.01.09-03.15.28:457][816]LogNet: Open TestingMap 01/09/16 14:15:28 127.0.0.1
[2016.01.09-03.15.28:457][816]LogNet: Added client connection.  Remote address = 127.0.0.1:61459
[2016.01.09-03.15.28:457][816]LogNet: NotifyAcceptingChannel Control 0 server World /Game/Maps/UEDPIE_1_TestingMap.TestingMap: Accepted
[2016.01.09-03.15.28:457][816]LogNet: Remote platform little endian=1
[2016.01.09-03.15.28:457][816]LogNet: This platform little endian=1
[2016.01.09-03.15.28:457][816]LogNet: GetLocalNetworkVersion: GEngineNetVersion: 2758231, ProjectName: groupproject, ProjectVersion: 1.0.0.0, InternalProtocolVersion: 9, LocalNetworkVersion: 2415194616
[2016.01.09-03.15.28:472][817]LogNet: Login request: /Game/Maps/TestingMap userId: Invalid
[2016.01.09-03.15.28:473][817]LogNet: Welcomed by server (Level: /Game/Maps/UEDPIE_1_TestingMap, Game: /Game/GameMode/TestingGameMode.TestingGameMode_C)
[2016.01.09-03.15.28:513][817]LogLoad: LoadMap: 127.0.0.1//Game/Maps/UEDPIE_1_TestingMap?game=/Game/GameMode/TestingGameMode.TestingGameMode_C
[2016.01.09-03.15.28:529][817]LogParticles: Destroying 0 GPU particle simulations for FXSystem 0x000001CB0E6D71A0
[2016.01.09-03.15.28:532][817]Cmd: MEM
[2016.01.09-03.15.28:548][817]LogMemory: Platform Memory Stats for Windows
[2016.01.09-03.15.28:548][817]LogMemory: Process Physical Memory: 747.06 MB used, 747.06 MB peak
[2016.01.09-03.15.28:548][817]LogMemory: Process Virtual Memory: 1378.36 MB used, 1378.38 MB peak
[2016.01.09-03.15.28:548][817]LogMemory: Physical Memory: 4370.08 MB used, 32720.44 MB total
[2016.01.09-03.15.28:548][817]LogMemory: Virtual Memory: 2073.61 MB used, 134217728.00 MB total
[2016.01.09-03.15.28:548][817]LogMemory: 
[2016.01.09-03.15.28:548][817]Allocator Stats for TBB: (not implemented)
[2016.01.09-03.15.28:548][817]LogLinker: Can't find file for asset '/Game/Maps/UEDPIE_1_TestingMap' while loading NULL.
[2016.01.09-03.15.28:551][817]LogWorld: PIE: Copying PIE streaming level from /Game/Maps/TestingMap.TestingMap to /Game/Maps/UEDPIE_2_TestingMap.TestingMap. OwningWorld: None
[2016.01.09-03.15.28:551][817]LogAIModule: Creating AISystem for world TestingMap
[2016.01.09-03.15.28:553][817]LogWorld: Bringing World /Game/Maps/UEDPIE_2_TestingMap.TestingMap up for play (max tick rate 0) at 2016.01.09-14.15.28
[2016.01.09-03.15.28:553][817]LogWorld: Bringing up level for play took: 0.000980
[2016.01.09-03.15.28:559][818]LogRenderer: Reallocating scene render targets to support 1280x720 (Frame:1810).
[2016.01.09-03.15.28:560][818]LogNet: Client netspeed is 10000
[2016.01.09-03.15.28:560][818]LogNet: Join request: /Game/Maps/TestingMap?SplitscreenCount=1
[2016.01.09-03.15.28:561][818]LogPrimitiveComponent: Zero scaling not supported (/Game/Maps/UEDPIE_1_TestingMap.TestingMap:PersistentLevel.Car_C_3.StaticMesh)
[2016.01.09-03.15.28:561][818]LogPrimitiveComponent: Zero scaling not supported (/Game/Maps/UEDPIE_1_TestingMap.TestingMap:PersistentLevel.Car_C_3.StaticMesh1)
[2016.01.09-03.15.28:561][818]LogPrimitiveComponent: Zero scaling not supported (/Game/Maps/UEDPIE_1_TestingMap.TestingMap:PersistentLevel.Car_C_3.StaticMesh2)
[2016.01.09-03.15.28:561][818]LogPrimitiveComponent: Zero scaling not supported (/Game/Maps/UEDPIE_1_TestingMap.TestingMap:PersistentLevel.Car_C_3.StaticMesh3)
[2016.01.09-03.15.28:561][818]LogSpawn:Warning: SpawnActor failed because of collision at the spawn location [X=-660.000 Y=-33.859 Z=232.001] for [Car_C]
[2016.01.09-03.15.28:562][818]LogSpawn:Warning: SpawnActor failed because the spawned actor IsPendingKill
[2016.01.09-03.15.28:562][818]LogGameMode:Warning: Couldn't spawn Pawn of type Car_C at PlayerStart
[2016.01.09-03.15.28:562][818]LogNet: Join succeeded: 258
[2016.01.09-03.15.28:590][819]LogPrimitiveComponent: Zero scaling not supported (/Game/Maps/UEDPIE_2_TestingMap.TestingMap:PersistentLevel.Car_C_4.StaticMesh)
[2016.01.09-03.15.28:590][819]LogPrimitiveComponent: Zero scaling not supported (/Game/Maps/UEDPIE_2_TestingMap.TestingMap:PersistentLevel.Car_C_4.StaticMesh1)
[2016.01.09-03.15.28:590][819]LogPrimitiveComponent: Zero scaling not supported (/Game/Maps/UEDPIE_2_TestingMap.TestingMap:PersistentLevel.Car_C_4.StaticMesh2)
[2016.01.09-03.15.28:590][819]LogPrimitiveComponent: Zero scaling not supported (/Game/Maps/UEDPIE_2_TestingMap.TestingMap:PersistentLevel.Car_C_4.StaticMesh3)
[2016.01.09-03.15.28:591][819]LogPrimitiveComponent: Zero scaling not supported (/Game/Maps/UEDPIE_2_TestingMap.TestingMap:PersistentLevel.Car_C_5.StaticMesh)
[2016.01.09-03.15.28:591][819]LogPrimitiveComponent: Zero scaling not supported (/Game/Maps/UEDPIE_2_TestingMap.TestingMap:PersistentLevel.Car_C_5.StaticMesh1)
[2016.01.09-03.15.28:591][819]LogPrimitiveComponent: Zero scaling not supported (/Game/Maps/UEDPIE_2_TestingMap.TestingMap:PersistentLevel.Car_C_5.StaticMesh2)
[2016.01.09-03.15.28:591][819]LogPrimitiveComponent: Zero scaling not supported (/Game/Maps/UEDPIE_2_TestingMap.TestingMap:PersistentLevel.Car_C_5.StaticMesh3)
[2016.01.09-03.15.28:644][821]LogNet: Creating child connection with IpConnection_1 parent
[2016.01.09-03.15.28:644][821]LogNet: JOINSPLIT: Join request: URL=/Game/Maps/TestingMap?Name=Player?SplitscreenCount=2
[2016.01.09-03.15.28:645][821]LogPrimitiveComponent: Zero scaling not supported (/Game/Maps/UEDPIE_1_TestingMap.TestingMap:PersistentLevel.Car_C_6.StaticMesh)
[2016.01.09-03.15.28:645][821]LogPrimitiveComponent: Zero scaling not supported (/Game/Maps/UEDPIE_1_TestingMap.TestingMap:PersistentLevel.Car_C_6.StaticMesh1)
[2016.01.09-03.15.28:646][821]LogPrimitiveComponent: Zero scaling not supported (/Game/Maps/UEDPIE_1_TestingMap.TestingMap:PersistentLevel.Car_C_6.StaticMesh2)
[2016.01.09-03.15.28:646][821]LogPrimitiveComponent: Zero scaling not supported (/Game/Maps/UEDPIE_1_TestingMap.TestingMap:PersistentLevel.Car_C_6.StaticMesh3)
[2016.01.09-03.15.28:646][821]LogSpawn:Warning: SpawnActor failed because of collision at the spawn location [X=-660.000 Y=-33.859 Z=232.001] for [Car_C]
[2016.01.09-03.15.28:646][821]LogSpawn:Warning: SpawnActor failed because the spawned actor IsPendingKill
[2016.01.09-03.15.28:646][821]LogGameMode:Warning: Couldn't spawn Pawn of type Car_C at PlayerStart
[2016.01.09-03.15.28:646][821]LogNet: JOINSPLIT: Succeeded: Player PlayerId: INVALID
[2016.01.09-03.15.28:648][821]LogNet: Creating child connection with IpConnection_0 parent
[2016.01.09-03.15.54:248][703]LogBlueprintUserMessages: Early EndPlayMap Detection: Level '/Game/Maps/TestingMap.TestingMap:PersistentLevel' has LevelScriptBlueprint '/Game/Maps/TestingMap.TestingMap:PersistentLevel.TestingMap' with GeneratedClass '/Game/Maps/TestingMap.TestingMap_C' with ClassGeneratedBy '/Game/Maps/TestingMap.TestingMap:PersistentLevel.TestingMap'
[2016.01.09-03.15.54:329][703]LogBlueprintUserMessages: Late EndPlayMap Detection: Level '/Game/Maps/TestingMap.TestingMap:PersistentLevel' has LevelScriptBlueprint '/Game/Maps/TestingMap.TestingMap:PersistentLevel.TestingMap' with GeneratedClass '/Game/Maps/TestingMap.TestingMap_C' with ClassGeneratedBy '/Game/Maps/TestingMap.TestingMap:PersistentLevel.TestingMap'
[2016.01.09-03.15.54:354][703]LogNet: UChannel::CleanUp: [GameNetDriver] [None] [None]. ChIndex == 0. Closing connection.
[2016.01.09-03.15.54:354][703]LogNet: UNetConnection::Close: Name: IpConnection_1, Driver: GameNetDriver IpNetDriver_0, PC: None, Owner: None, Channels: 2, RemoteAddr: 127.0.0.1:61459, Time: 2016.01.09-03.15.54
[2016.01.09-03.15.54:354][703]LogNet: UChannel::Close: Sending CloseBunch. ChIndex == 0. Name: ControlChannel_1
[2016.01.09-03.15.54:355][703]LogNet: UChannel::CleanUp: [GameNetDriver] [None] [None]. ChIndex == 0. Closing connection.
[2016.01.09-03.15.54:355][703]LogNet: UNetConnection::Close: Name: IpConnection_0, Driver: GameNetDriver IpNetDriver_1, PC: None, Owner: None, Channels: 2, RemoteAddr: 127.0.0.1:7777, Time: 2016.01.09-03.15.54
[2016.01.09-03.15.54:355][703]LogNet: UChannel::Close: Sending CloseBunch. ChIndex == 0. Name: ControlChannel_0
[2016.01.09-03.15.54:363][703]LogExit: GameNetDriver None shut down
[2016.01.09-03.15.54:363][703]LogExit: GameNetDriver None shut down
[2016.01.09-03.15.54:366][703]LogParticles: Destroying 0 GPU particle simulations for FXSystem 0x000001CB55099760
[2016.01.09-03.15.54:366][703]LogParticles: Destroying 0 GPU particle simulations for FXSystem 0x000001CB18D623E0
[2016.01.09-03.16.17:707][130]BlueprintLog: New page: Compile Car
[2016.01.09-03.16.17:770][130]LogPrimitiveComponent: Zero scaling not supported (/Engine/Transient.World_3:PersistentLevel.Car_C_0.StaticMesh)
[2016.01.09-03.16.17:770][130]LogPrimitiveComponent: Zero scaling not supported (/Engine/Transient.World_3:PersistentLevel.Car_C_0.StaticMesh1)
[2016.01.09-03.16.17:770][130]LogPrimitiveComponent: Zero scaling not supported (/Engine/Transient.World_3:PersistentLevel.Car_C_0.StaticMesh2)
[2016.01.09-03.16.17:770][130]LogPrimitiveComponent: Zero scaling not supported (/Engine/Transient.World_3:PersistentLevel.Car_C_0.StaticMesh3)
[2016.01.09-03.16.17:770][130]LogPrimitiveComponent: Zero scaling not supported (/Engine/Transient.World_3:PersistentLevel.Car_C_0.StaticMesh)
[2016.01.09-03.16.17:770][130]LogPrimitiveComponent: Zero scaling not supported (/Engine/Transient.World_3:PersistentLevel.Car_C_0.StaticMesh1)
[2016.01.09-03.16.17:770][130]LogPrimitiveComponent: Zero scaling not supported (/Engine/Transient.World_3:PersistentLevel.Car_C_0.StaticMesh2)
[2016.01.09-03.16.17:770][130]LogPrimitiveComponent: Zero scaling not supported (/Engine/Transient.World_3:PersistentLevel.Car_C_0.StaticMesh3)
[2016.01.09-03.16.17:771][130]LogPrimitiveComponent: Zero scaling not supported (/Engine/Transient.World_3:PersistentLevel.Car_C_0.StaticMesh)
[2016.01.09-03.16.17:771][130]LogPrimitiveComponent: Zero scaling not supported (/Engine/Transient.World_3:PersistentLevel.Car_C_0.StaticMesh1)
[2016.01.09-03.16.17:771][130]LogPrimitiveComponent: Zero scaling not supported (/Engine/Transient.World_3:PersistentLevel.Car_C_0.StaticMesh2)
[2016.01.09-03.16.17:771][130]LogPrimitiveComponent: Zero scaling not supported (/Engine/Transient.World_3:PersistentLevel.Car_C_0.StaticMesh3)
[2016.01.09-03.16.17:819][130]LogPrimitiveComponent: Zero scaling not supported (/Engine/Transient.World_3:PersistentLevel.Car_C_0.StaticMesh)
[2016.01.09-03.16.17:819][130]LogPrimitiveComponent: Zero scaling not supported (/Engine/Transient.World_3:PersistentLevel.Car_C_0.StaticMesh1)
[2016.01.09-03.16.17:819][130]LogPrimitiveComponent: Zero scaling not supported (/Engine/Transient.World_3:PersistentLevel.Car_C_0.StaticMesh2)
[2016.01.09-03.16.17:819][130]LogPrimitiveComponent: Zero scaling not supported (/Engine/Transient.World_3:PersistentLevel.Car_C_0.StaticMesh3)
[2016.01.09-03.16.17:820][130]LogPrimitiveComponent: Zero scaling not supported (/Engine/Transient.World_3:PersistentLevel.Car_C_0.StaticMesh)
[2016.01.09-03.16.17:820][130]LogPrimitiveComponent: Zero scaling not supported (/Engine/Transient.World_3:PersistentLevel.Car_C_0.StaticMesh1)
[2016.01.09-03.16.17:820][130]LogPrimitiveComponent: Zero scaling not supported (/Engine/Transient.World_3:PersistentLevel.Car_C_0.StaticMesh2)
[2016.01.09-03.16.17:820][130]LogPrimitiveComponent: Zero scaling not supported (/Engine/Transient.World_3:PersistentLevel.Car_C_0.StaticMesh3)
[2016.01.09-03.16.17:820][130]LogPrimitiveComponent: Zero scaling not supported (/Engine/Transient.World_3:PersistentLevel.Car_C_0.StaticMesh)
[2016.01.09-03.16.17:820][130]LogPrimitiveComponent: Zero scaling not supported (/Engine/Transient.World_3:PersistentLevel.Car_C_0.StaticMesh1)
[2016.01.09-03.16.17:820][130]LogPrimitiveComponent: Zero scaling not supported (/Engine/Transient.World_3:PersistentLevel.Car_C_0.StaticMesh2)
[2016.01.09-03.16.17:820][130]LogPrimitiveComponent: Zero scaling not supported (/Engine/Transient.World_3:PersistentLevel.Car_C_0.StaticMesh3)
[2016.01.09-03.16.17:822][130]BlueprintEditorCompileResults: Info [0101.11] Compile of Car successful! [in 115 ms]
[2016.01.09-03.16.18:845][241]Cmd: OBJ SAVEPACKAGE PACKAGE="/Game/Blueprints/Car" FILE="D:/Program Files/GIT/github/UE4Projects/GroupProject/Content/Blueprints/Car.uasset" SILENT=true
[2016.01.09-03.16.19:050][241]LogSavePackage: Save=200.112152ms
[2016.01.09-03.16.19:050][241]LogSavePackage: Moving 'D:/Program Files/GIT/github/UE4Projects/GroupProject/Saved/CarFA94A5694F2F575AAED51FADBEEAB22A.tmp' to 'D:/Program Files/GIT/github/UE4Projects/GroupProject/Content/Blueprints/Car.uasset'
[2016.01.09-03.16.19:052][241]LogSavePackage: Total save time: 205.566593ms
[2016.01.09-03.16.19:052][241]LogSavePackage:Display: Finished SavePackage D:/Program Files/GIT/github/UE4Projects/GroupProject/Content/Blueprints/Car.uasset
[2016.01.09-03.16.24:447][540]LogBlueprintUserMessages: Early PlayInEditor Detection: Level '/Game/Maps/TestingMap.TestingMap:PersistentLevel' has LevelScriptBlueprint '/Game/Maps/TestingMap.TestingMap:PersistentLevel.TestingMap' with GeneratedClass '/Game/Maps/TestingMap.TestingMap_C' with ClassGeneratedBy '/Game/Maps/TestingMap.TestingMap:PersistentLevel.TestingMap'
[2016.01.09-03.16.24:447][540]LogPlayLevel: PlayLevel: No blueprints needed recompiling
[2016.01.09-03.16.24:447][540]PIE: New page: SIE session: TestingMap (10 Jan 2016 1:16:24 am)
[2016.01.09-03.16.24:447][540]LogPlayLevel: Creating play world package: /Game/Maps/UEDPIE_0_TestingMap
[2016.01.09-03.16.24:449][540]LogPlayLevel: PIE: StaticDuplicateObject took: (0.002086s)
[2016.01.09-03.16.24:449][540]LogAIModule: Creating AISystem for world TestingMap
[2016.01.09-03.16.24:450][540]LogPlayLevel: PIE: World Init took: (0.000610s)
[2016.01.09-03.16.24:450][540]LogPlayLevel: PIE: Created PIE world by copying editor world from /Game/Maps/TestingMap.TestingMap to /Game/Maps/UEDPIE_0_TestingMap.TestingMap (0.002848s)
[2016.01.09-03.16.24:474][540]LogInit: XAudio2 using 'Realtek HD Audio 2nd output (Realtek High Definition Audio)' : 8 channels at 48 kHz using 32 bits per sample (channel mask 0x63f)
[2016.01.09-03.16.24:497][540]LogInit: FAudioDevice initialized.
[2016.01.09-03.16.24:524][540]LogWorld: Game class is 'TestingGameMode_C'
[2016.01.09-03.16.24:526][540]LogWorld: Bringing World /Game/Maps/UEDPIE_0_TestingMap.TestingMap up for play (max tick rate 0) at 2016.01.09-14.16.24
[2016.01.09-03.16.24:526][540]LogActor:Warning: GameSession /Game/Maps/UEDPIE_0_TestingMap.TestingMap:PersistentLevel.GameSession_1 has natively added scene component(s), but none of them were set as the actor's RootComponent - picking one arbitrarily
[2016.01.09-03.16.24:526][540]LogActor:Warning: GameNetworkManager /Game/Maps/UEDPIE_0_TestingMap.TestingMap:PersistentLevel.GameNetworkManager_1 has natively added scene component(s), but none of them were set as the actor's RootComponent - picking one arbitrarily
[2016.01.09-03.16.24:526][540]LogWorld: Bringing up level for play took: 0.001202
[2016.01.09-03.16.24:527][540]LogInit: WinSock: Socket queue 131072 / 131072
[2016.01.09-03.16.24:527][540]LogNet: GameNetDriver IpNetDriver_2 IpNetDriver listening on port 7777
[2016.01.09-03.16.24:528][540]LogPrimitiveComponent: Zero scaling not supported (/Game/Maps/UEDPIE_0_TestingMap.TestingMap:PersistentLevel.Car_C_24.StaticMesh)
[2016.01.09-03.16.24:528][540]LogPrimitiveComponent: Zero scaling not supported (/Game/Maps/UEDPIE_0_TestingMap.TestingMap:PersistentLevel.Car_C_24.StaticMesh1)
[2016.01.09-03.16.24:528][540]LogPrimitiveComponent: Zero scaling not supported (/Game/Maps/UEDPIE_0_TestingMap.TestingMap:PersistentLevel.Car_C_24.StaticMesh2)
[2016.01.09-03.16.24:528][540]LogPrimitiveComponent: Zero scaling not supported (/Game/Maps/UEDPIE_0_TestingMap.TestingMap:PersistentLevel.Car_C_24.StaticMesh3)
[2016.01.09-03.16.24:528][540]LogOutputDevice:Warning: 

Script Stack:
TestingMap_C.ExecuteUbergraph_TestingMap

[2016.01.09-03.16.24:530][540]LogWindows:Error: Windows GetLastError: The operation completed successfully. (0)
[2016.01.09-03.16.24:681][540]LogCrashTracker: 


[2016.01.09-03.16.24:682][540]LogCrashTracker: 


[2016.01.09-03.16.24:682][540]LogWindows:Error: === Critical error: ===
Assertion failed: !bHasBegunPlay [File:D:\BuildFarm\buildmachine_++depot+UE4-Releases+4.10\Engine\Source\Runtime\Engine\Private\Components\ActorComponent.cpp] [Line: 640] 





[2016.01.09-03.16.24:721][540]LogExit: Executing StaticShutdownAfterError
[2016.01.09-03.16.24:723][540]LogPhysics:Warning: PHYSX: ..\..\PhysX\src\NpScene.cpp (2946) 8 : PxScene::unlockWrite() called without matching call to PxScene::lockWrite(), behaviour will be undefined.
[2016.01.09-03.16.24:723][540]LogPhysics:Warning: PHYSX: ..\..\PhysX\src\NpScene.cpp (2946) 8 : PxScene::unlockWrite() called without matching call to PxScene::lockWrite(), behaviour will be undefined.
[2016.01.09-03.16.24:724][540]LogPhysics:Warning: PHYSX: ..\..\PhysX\src\NpScene.cpp (2946) 8 : PxScene::unlockWrite() called without matching call to PxScene::lockWrite(), behaviour will be undefined.
[2016.01.09-03.16.24:724][540]LogPhysics:Warning: PHYSX: ..\..\PhysX\src\NpScene.cpp (2946) 8 : PxScene::unlockWrite() called without matching call to PxScene::lockWrite(), behaviour will be undefined.
[2016.01.09-03.16.24:724][540]LogPhysics:Warning: PHYSX: ..\..\PhysX\src\NpScene.cpp (2946) 8 : PxScene::unlockWrite() called without matching call to PxScene::lockWrite(), behaviour will be undefined.
[2016.01.09-03.16.24:724][540]LogPhysics:Warning: PHYSX: ..\..\PhysX\src\NpScene.cpp (2946) 8 : PxScene::unlockWrite() called without matching call to PxScene::lockWrite(), behaviour will be undefined.
[2016.01.09-03.16.24:724][540]LogWindows: FPlatformMisc::RequestExit(1)
[2016.01.09-03.16.24:724][540]Log file closed, 01/09/16 14:16:24
