[2016.02.03-05.55.03:360][  0]Log file open, 02/03/16 16:55:03
[2016.02.03-05.55.03:360][  0]LogInit:Display: Running engine for game: GroupProject
[2016.02.03-05.55.03:360][  0]LogPlatformFile: Not using cached read wrapper
[2016.02.03-05.55.03:360][  0]LogInit:Display: RandInit(-145911819) SRandInit(-145911817).
[2016.02.03-05.55.03:360][  0]LogTaskGraph: Started task graph with 4 named threads and 7 total threads.
[2016.02.03-05.55.03:360][  0]LogStats: Stats thread started at 0.084718
[2016.02.03-05.55.03:360][  0]LogInit: Version: 4.10.2-2818068+++depot+UE4-Releases+4.10
[2016.02.03-05.55.03:360][  0]LogInit: API Version: 2758231
[2016.02.03-05.55.03:360][  0]LogInit: Compiled (64-bit): Jan  6 2016 17:36:42
[2016.02.03-05.55.03:360][  0]LogInit: Compiled with Visual C++: 19.00.23026.00
[2016.02.03-05.55.03:360][  0]LogInit: Build Configuration: Development
[2016.02.03-05.55.03:360][  0]LogInit: Branch Name: ++depot+UE4-Releases+4.10
[2016.02.03-05.55.03:360][  0]LogInit: Command line:  
[2016.02.03-05.55.03:360][  0]LogInit: Base directory: C:/Program Files (x86)/Epic Games/4.10/Engine/Binaries/Win64/
[2016.02.03-05.55.03:360][  0]LogInit: Rocket: 1
[2016.02.03-05.55.03:386][  0]LogInit: Using libcurl 7.41.0
[2016.02.03-05.55.03:386][  0]LogInit:  - built for x86_64-pc-win32
[2016.02.03-05.55.03:386][  0]LogInit:  - supports SSL with WinSSL
[2016.02.03-05.55.03:386][  0]LogInit:  - other features:
[2016.02.03-05.55.03:386][  0]LogInit:      CURL_VERSION_SSL
[2016.02.03-05.55.03:386][  0]LogInit:      CURL_VERSION_IPV6
[2016.02.03-05.55.03:386][  0]LogInit:      CURL_VERSION_ASYNCHDNS
[2016.02.03-05.55.03:386][  0]LogInit:      CURL_VERSION_LARGEFILE
[2016.02.03-05.55.03:386][  0]LogInit:      CURL_VERSION_IDN
[2016.02.03-05.55.03:386][  0]LogInit:  CurlRequestOptions (configurable via config and command line):
[2016.02.03-05.55.03:386][  0]LogInit:  - bVerifyPeer = true  - Libcurl will verify peer certificate
[2016.02.03-05.55.03:386][  0]LogInit:  - bUseHttpProxy = false  - Libcurl will NOT use HTTP proxy
[2016.02.03-05.55.03:386][  0]LogInit:  - bDontReuseConnections = false  - Libcurl will reuse connections
[2016.02.03-05.55.03:386][  0]LogInit:  - CertBundlePath = nullptr  - Libcurl will use whatever was configured at build time.
[2016.02.03-05.55.03:424][  0]LogInit: Presizing for 0 objects not considered by GC, pre-allocating 0 bytes.
[2016.02.03-05.55.03:430][  0]LogInit: Object subsystem initialized
[2016.02.03-05.55.03:431][  0]LogInit: Selected Device Profile: [Windows]
[2016.02.03-05.55.03:431][  0]LogInit: Applying CVar settings loaded from the selected device profile: [Windows]
[2016.02.03-05.55.03:443][  0]LogInit: Computer: HARST-E0B24C
[2016.02.03-05.55.03:443][  0]LogInit: User: lochlanmckinno
[2016.02.03-05.55.03:443][  0]LogInit: CPU Page size=4096, Cores=4
[2016.02.03-05.55.03:443][  0]LogInit: High frequency timer resolution =3.410273 MHz
[2016.02.03-05.55.03:443][  0]LogMemory: Memory total: Physical=15.9GB (16GB approx)
[2016.02.03-05.55.03:443][  0]LogMemory: Platform Memory Stats for Windows
[2016.02.03-05.55.03:443][  0]LogMemory: Process Physical Memory: 58.05 MB used, 58.05 MB peak
[2016.02.03-05.55.03:443][  0]LogMemory: Process Virtual Memory: 59.61 MB used, 59.61 MB peak
[2016.02.03-05.55.03:443][  0]LogMemory: Physical Memory: 4142.78 MB used, 16301.11 MB total
[2016.02.03-05.55.03:443][  0]LogMemory: Virtual Memory: 350.39 MB used, 8388608.00 MB total
[2016.02.03-05.55.03:605][  0]LogTextLocalizationManager: No specific translations for ('en-US') exist, so ('en') translations will be used.
[2016.02.03-05.55.04:058][  0]LogD3D11RHI: Found D3D11 adapter 0: NVIDIA GeForce GTX 560  (Feature Level 11_0)
[2016.02.03-05.55.04:058][  0]LogD3D11RHI: Adapter has 979MB of dedicated video memory, 0MB of dedicated system memory, and 3071MB of shared system memory, 2 output[s]
[2016.02.03-05.55.04:119][  0]LogD3D11RHI: Found D3D11 adapter 1: Intel(R) HD Graphics 3000 (Feature Level 10_0)
[2016.02.03-05.55.04:119][  0]LogD3D11RHI: Adapter has 64MB of dedicated video memory, 0MB of dedicated system memory, and 1632MB of shared system memory, 0 output[s]
[2016.02.03-05.55.04:119][  0]LogD3D11RHI: Chosen D3D11 Adapter Id = 0
[2016.02.03-05.55.04:123][  0]LogD3D11RHI: !Direct3DDevice
[2016.02.03-05.55.04:123][  0]LogRHI: Texture pool is 685 MB (70% of 979 MB)
[2016.02.03-05.55.04:131][  0]LogD3D11RHI: Async texture creation enabled
[2016.02.03-05.55.04:145][  0]LogShaderCompilers: Guid format shader working directory is -28 characters bigger than the processId version (../../../../../../Users/lochlan.mckinno/Documents/GitHub/UE4Projects/GroupProject/Intermediate/Shaders/WorkingDirectory/7920/).
[2016.02.03-05.55.04:145][  0]LogShaderCompilers: Cleaned the shader compiler working directory 'C:/Users/LOCHLA~1.MCK/AppData/Local/Temp/UnrealShaderWorkingDir/514BFFA04480B463D421B9B60A40E066/'.
[2016.02.03-05.55.04:145][  0]LogShaderCompilers:Display: Using Local Shader Compiler.
[2016.02.03-05.55.05:228][  0]LogTemp:Display: Loaded TP AllDesktopTargetPlatform
[2016.02.03-05.55.05:232][  0]LogTemp:Display: Loaded TP WindowsClientTargetPlatform
[2016.02.03-05.55.05:236][  0]LogTemp:Display: Loaded TP WindowsNoEditorTargetPlatform
[2016.02.03-05.55.05:240][  0]LogTemp:Display: Loaded TP WindowsServerTargetPlatform
[2016.02.03-05.55.05:244][  0]LogTemp:Display: Loaded TP WindowsTargetPlatform
[2016.02.03-05.55.05:248][  0]LogTemp:Display: Loaded TP AndroidTargetPlatform
[2016.02.03-05.55.05:251][  0]LogTemp:Display: Loaded TP Android_ASTCTargetPlatform
[2016.02.03-05.55.05:253][  0]LogTemp:Display: Loaded TP Android_ATCTargetPlatform
[2016.02.03-05.55.05:256][  0]LogTemp:Display: Loaded TP Android_DXTTargetPlatform
[2016.02.03-05.55.05:259][  0]LogTemp:Display: Loaded TP Android_ETC1TargetPlatform
[2016.02.03-05.55.05:262][  0]LogTemp:Display: Loaded TP Android_ETC2TargetPlatform
[2016.02.03-05.55.05:267][  0]LogTemp:Display: Loaded TP Android_MultiTargetPlatform
[2016.02.03-05.55.05:267][  0]LogTemp:Display: Loaded TP Android_PVRTCTargetPlatform
[2016.02.03-05.55.05:268][  0]LogTemp:Display: Loaded TP HTML5TargetPlatform
[2016.02.03-05.55.05:297][  0]LogTemp:Display: Loaded TP IOSTargetPlatform
[2016.02.03-05.55.05:299][  0]LogTemp:Display: Loaded TP LinuxNoEditorTargetPlatform
[2016.02.03-05.55.05:302][  0]LogTemp:Display: Loaded TP LinuxServerTargetPlatform
[2016.02.03-05.55.05:305][  0]LogTemp:Display: Loaded TP LinuxTargetPlatform
[2016.02.03-05.55.05:305][  0]LogTargetPlatformManager:Display: Building Assets For Windows
[2016.02.03-05.55.05:800][  0]LogDerivedDataCache:Display: Max Cache Size: 512 MB
[2016.02.03-05.55.05:839][  0]LogDerivedDataCache: Loaded boot cache 0.04s 41MB C:/Users/lochlan.mckinno/AppData/Local/UnrealEngine/4.10/DerivedDataCache/Boot.ddc.
[2016.02.03-05.55.05:839][  0]LogDerivedDataCache:Display: Loaded Boot cache: C:/Users/lochlan.mckinno/AppData/Local/UnrealEngine/4.10/DerivedDataCache/Boot.ddc
[2016.02.03-05.55.05:840][  0]LogDerivedDataCache: FDerivedDataBackendGraph:  Pak pak cache file ../../../../../../Users/lochlan.mckinno/Documents/GitHub/UE4Projects/GroupProject/DerivedDataCache/DDC.ddp not found, will not use a pak cache.
[2016.02.03-05.55.05:840][  0]LogDerivedDataCache: Unable to find inner node Pak for hierarchical cache Hierarchy.
[2016.02.03-05.55.05:840][  0]LogDerivedDataCache: FDerivedDataBackendGraph:  CompressedPak pak cache file ../../../../../../Users/lochlan.mckinno/Documents/GitHub/UE4Projects/GroupProject/DerivedDataCache/Compressed.ddp not found, will not use a pak cache.
[2016.02.03-05.55.05:840][  0]LogDerivedDataCache: Unable to find inner node CompressedPak for hierarchical cache Hierarchy.
[2016.02.03-05.55.05:892][  0]LogDerivedDataCache:Display: Pak cache opened for reading ../../../Engine/DerivedDataCache/Compressed.ddp.
[2016.02.03-05.55.05:904][  0]LogDerivedDataCache: Using Local data cache path C:/Users/lochlan.mckinno/AppData/Local/UnrealEngine/Common/DerivedDataCache: Writable
[2016.02.03-05.55.08:070][  0]LogInit: Selected Device Profile: [Windows]
[2016.02.03-05.55.08:070][  0]LogContentStreaming: Texture pool size is 0.000000MB
[2016.02.03-05.55.08:107][  0]LogMeshUtilities: No automatic mesh reduction module available
[2016.02.03-05.55.08:107][  0]LogMeshUtilities: No automatic mesh merging module available
[2016.02.03-05.55.08:391][  0]LogInit: WinSock: version 1.1 (2.2), MaxSocks=32767, MaxUdp=65467
[2016.02.03-05.55.09:066][  0]UdpMessaging: Initializing bridge on interface 0.0.0.0:0 to multicast group 230.0.0.1:6666.
[2016.02.03-05.55.09:156][  0]LogAssetRegistry: FAssetRegistry took 0.0098 seconds to start up
[2016.02.03-05.55.09:322][  0]SourceControl: Info Source control is disabled
[2016.02.03-05.55.09:385][  0]SourceControl: Info Source control is disabled
[2016.02.03-05.55.09:394][  0]SourceControl: Info Source control is disabled
[2016.02.03-05.55.09:403][  0]SourceControl: Info Source control is disabled
[2016.02.03-05.55.09:599][  0]LogObj: 28633 objects as part of root set at end of initial load.
[2016.02.03-05.55.09:599][  0]LogUObjectAllocator: 6099744 out of 0 bytes used by permanent object pool.
[2016.02.03-05.55.09:649][  0]LogEngine: Initializing Engine...
[2016.02.03-05.55.09:652][  0]LogHMD: Can't find Oculus library dev build: is proper Runtime installed? Version: 0.8.0.0
[2016.02.03-05.55.09:656][  0]LogHMD: SteamVR failed to initialize.  Err: 110
[2016.02.03-05.55.09:766][  0]LogAIModule: Creating AISystem for world NewWorld
[2016.02.03-05.55.09:777][  0]LogInit: XAudio2 using 'Realtek Digital Output(Optical) (Realtek High Definition Audio)' : 2 channels at 48 kHz using 16 bits per sample (channel mask 0x3)
[2016.02.03-05.55.09:801][  0]LogInit: FAudioDevice initialized.
[2016.02.03-05.55.09:820][  0]LogDerivedDataCache: Saved boot cache 0.02s 41MB C:/Users/lochlan.mckinno/AppData/Local/UnrealEngine/4.10/DerivedDataCache/Boot.ddc.
[2016.02.03-05.55.09:825][  0]LogInit: Texture streaming: Enabled
[2016.02.03-05.55.09:829][  0]LogAnalytics: Creating configured Analytics provider AnalyticsET
[2016.02.03-05.55.09:830][  0]LogAnalytics: [UEEditor.Rocket.Release] APIServer = http://et2.epicgames.com/ET2/. AppVersion = 4.10.2-2818068+++depot+UE4-Releases+4.10
[2016.02.03-05.55.09:830][  0]LogAnalytics: [UEEditor.Rocket.Release] SetUserId 8d1324dd4868e743bab9559b4e9e057f|301fef3b08c942d8a99328d34c0005e3|9ea81f69-1d3b-48ca-bf64-be68fb411e75
[2016.02.03-05.55.09:830][  0]LogAnalytics: [UEEditor.Rocket.Release] AnalyticsET::StartSession
[2016.02.03-05.55.09:972][  0]LogInit: Transaction tracking system initialized
[2016.02.03-05.55.09:996][  0]BlueprintLog: New page: Editor Load
[2016.02.03-05.55.10:066][  0]LocalizationService: Info Localization service is disabled
[2016.02.03-05.55.10:129][  0]LogConsoleResponse:Display: 
[2016.02.03-05.55.10:226][  0]LogCook:Display: Done creating registry. It took  0.00s.
[2016.02.03-05.55.10:272][  0]LogFileCache: Scanning file cache for directory 'C:/Users/lochlan.mckinno/Documents/GitHub/UE4Projects/GroupProject/Content/' took 0.01s
[2016.02.03-05.55.10:272][  0]SourceControl: Info Source control is disabled
[2016.02.03-05.55.10:272][  0]Cmd: MAP LOAD FILE="../../../../../../Users/lochlan.mckinno/Documents/GitHub/UE4Projects/GroupProject/Content/Maps/TestingMap.umap" TEMPLATE=0 SHOWPROGRESS=1 FEATURELEVEL=3
[2016.02.03-05.55.10:273][  0]LightingResults: New page: Lighting Build
[2016.02.03-05.55.10:275][  0]MapCheck: New page: Map Check
[2016.02.03-05.55.10:275][  0]LightingResults: New page: Lighting Build
[2016.02.03-05.55.10:284][  0]LogParticles: Destroying 0 GPU particle simulations for FXSystem 0x00000000233D3420
[2016.02.03-05.55.10:552][  0]LogAIModule: Creating AISystem for world TestingMap
[2016.02.03-05.55.10:559][  0]LogEditorServer: Finished looking for orphan Actors (0.000 secs)
[2016.02.03-05.55.10:559][  0]Cmd: MAP CHECKDEP NOCLEARLOG
[2016.02.03-05.55.10:603][  0]MapCheck: Info Map check complete: 0 Error(s), 0 Warning(s), took 43.345ms to complete.
[2016.02.03-05.55.10:603][  0]LogFileHelpers: Loading map 'TestingMap' took 0.331
[2016.02.03-05.55.10:703][  0]LogCollectionManager: Loaded 0 collections in 0.002153 seconds
[2016.02.03-05.55.10:742][  0]LogFileCache: Scanning file cache for directory 'C:/Users/lochlan.mckinno/Documents/GitHub/UE4Projects/GroupProject/Saved/Collections/' took 0.01s
[2016.02.03-05.55.10:742][  0]LogFileCache: Scanning file cache for directory 'C:/Users/lochlan.mckinno/Documents/GitHub/UE4Projects/GroupProject/Content/Developers/lochlanmckinno/Collections/' took 0.01s
[2016.02.03-05.55.10:742][  0]LogFileCache: Scanning file cache for directory 'C:/Users/lochlan.mckinno/Documents/GitHub/UE4Projects/GroupProject/Content/Collections/' took 0.01s
[2016.02.03-05.55.10:742][  0]LogCollectionManager: Rebuilt the GUID cache for 0 collections in 0.000002 seconds
[2016.02.03-05.55.10:749][  0]LogContentBrowser: Native class hierarchy populated in 0.0069 seconds. Added 1893 classes and 338 folders.
[2016.02.03-05.55.10:755][  0]LogContentBrowser: Native class hierarchy updated for 'WidgetCarousel' in 0.0003 seconds. Added 0 classes and 0 folders.
[2016.02.03-05.55.10:787][  0]LogContentBrowser: Native class hierarchy updated for 'AddContentDialog' in 0.0003 seconds. Added 0 classes and 0 folders.
[2016.02.03-05.55.10:791][  0]LogContentBrowser: Native class hierarchy updated for 'SceneOutliner' in 0.0003 seconds. Added 1 classes and 2 folders.
[2016.02.03-05.55.10:810][  0]LogCrashTracker: Crashtracker disabled due to settings.
[2016.02.03-05.55.10:814][  0]LogUObjectGlobals:Warning: Failed to find object 'Class None.'
[2016.02.03-05.55.10:834][  0]LogLoad: Full Startup: 8.04 seconds (BP compile: 0.04 seconds)
[2016.02.03-05.55.10:845][  0]LogOcInput: Can't find Oculus library dev build: is proper Runtime installed? Version: 0.8.0.0
[2016.02.03-05.55.10:895][  0]LogContentStreaming: Texture pool size now 1000 MB
[2016.02.03-05.55.11:040][  0]LogRenderer: Reallocating scene render targets to support 1208x572 (Frame:2).
[2016.02.03-05.55.11:210][  3]LogAssetRegistry: Asset discovery search completed in 2.0642 seconds
[2016.02.03-05.55.11:210][  3]LogCollectionManager: Rebuilt the object cache for 0 collections in 0.000001 seconds (found 0 objects)
[2016.02.03-05.55.11:210][  3]LogCollectionManager: Fixed up redirectors for 0 collections in 0.000018 seconds (updated 0 objects)
[2016.02.03-05.55.13:295][151]LogSavePackage: Save=56.399590ms
[2016.02.03-05.55.13:295][151]LogSavePackage: Moving '../../../../../../Users/lochlan.mckinno/Documents/GitHub/UE4Projects/GroupProject/Saved/UEDPCTestingMap2C1F19E24B79324A957AAA9C713DA0FF.tmp' to '../../../../../../Users/lochlan.mckinno/Documents/GitHub/UE4Projects/GroupProject/Saved/Autosaves/Game/Maps/UEDPCTestingMap.umap'
[2016.02.03-05.55.13:297][151]LogSavePackage: Total save time: 67.168228ms
[2016.02.03-05.55.13:297][151]LogSavePackage:Display: Finished SavePackage ../../../../../../Users/lochlan.mckinno/Documents/GitHub/UE4Projects/GroupProject/Saved/Autosaves/Game/Maps/UEDPCTestingMap.umap
[2016.02.03-05.56.01:939][475]LogSavePackage: Save=54.310902ms
[2016.02.03-05.56.01:939][475]LogSavePackage: Moving '../../../../../../Users/lochlan.mckinno/Documents/GitHub/UE4Projects/GroupProject/Saved/UEDPCTestingMap150791ED4373C2EEDD4181AFA6B5C0B3.tmp' to '../../../../../../Users/lochlan.mckinno/Documents/GitHub/UE4Projects/GroupProject/Saved/Autosaves/Game/Maps/UEDPCTestingMap.umap'
[2016.02.03-05.56.01:941][475]LogSavePackage: Total save time: 61.612077ms
[2016.02.03-05.56.01:941][475]LogSavePackage:Display: Finished SavePackage ../../../../../../Users/lochlan.mckinno/Documents/GitHub/UE4Projects/GroupProject/Saved/Autosaves/Game/Maps/UEDPCTestingMap.umap
[2016.02.03-05.56.24:585][701]LogLinker:Warning: Asset '../../../Engine/Content/ArtTools/RenderToTexture/Macros/RenderToTextureMacros.uasset' has been saved with empty engine version. The asset will be loaded but may be incompatible.
[2016.02.03-05.56.24:966][701]LogContentBrowser: Native class hierarchy updated for 'BlueprintGraph' in 0.0007 seconds. Added 107 classes and 0 folders.
[2016.02.03-05.56.25:317][701]LogPrimitiveComponent: Zero scaling not supported (/Engine/Transient.World_4:PersistentLevel.Car_C_0.StaticMesh)
[2016.02.03-05.56.25:317][701]LogPrimitiveComponent: Zero scaling not supported (/Engine/Transient.World_4:PersistentLevel.Car_C_0.StaticMesh1)
[2016.02.03-05.56.25:317][701]LogPrimitiveComponent: Zero scaling not supported (/Engine/Transient.World_4:PersistentLevel.Car_C_0.StaticMesh2)
[2016.02.03-05.56.25:317][701]LogPrimitiveComponent: Zero scaling not supported (/Engine/Transient.World_4:PersistentLevel.Car_C_0.StaticMesh3)
[2016.02.03-05.56.34:084][185]LogPrimitiveComponent: Zero scaling not supported (/Engine/Transient.World_4:PersistentLevel.Car_C_0.StaticMesh)
[2016.02.03-05.56.34:084][185]LogPrimitiveComponent: Zero scaling not supported (/Engine/Transient.World_4:PersistentLevel.Car_C_0.StaticMesh1)
[2016.02.03-05.56.34:084][185]LogPrimitiveComponent: Zero scaling not supported (/Engine/Transient.World_4:PersistentLevel.Car_C_0.StaticMesh2)
[2016.02.03-05.56.34:084][185]LogPrimitiveComponent: Zero scaling not supported (/Engine/Transient.World_4:PersistentLevel.Car_C_0.StaticMesh3)
[2016.02.03-05.56.34:085][185]LogPrimitiveComponent: Zero scaling not supported (/Engine/Transient.World_4:PersistentLevel.Car_C_0.StaticMesh)
[2016.02.03-05.56.34:085][185]LogPrimitiveComponent: Zero scaling not supported (/Engine/Transient.World_4:PersistentLevel.Car_C_0.StaticMesh1)
[2016.02.03-05.56.34:085][185]LogPrimitiveComponent: Zero scaling not supported (/Engine/Transient.World_4:PersistentLevel.Car_C_0.StaticMesh2)
[2016.02.03-05.56.34:085][185]LogPrimitiveComponent: Zero scaling not supported (/Engine/Transient.World_4:PersistentLevel.Car_C_0.StaticMesh3)
[2016.02.03-05.56.34:086][185]LogPrimitiveComponent: Zero scaling not supported (/Engine/Transient.World_4:PersistentLevel.Car_C_0.StaticMesh)
[2016.02.03-05.56.34:086][185]LogPrimitiveComponent: Zero scaling not supported (/Engine/Transient.World_4:PersistentLevel.Car_C_0.StaticMesh1)
[2016.02.03-05.56.34:086][185]LogPrimitiveComponent: Zero scaling not supported (/Engine/Transient.World_4:PersistentLevel.Car_C_0.StaticMesh2)
[2016.02.03-05.56.34:086][185]LogPrimitiveComponent: Zero scaling not supported (/Engine/Transient.World_4:PersistentLevel.Car_C_0.StaticMesh3)
[2016.02.03-05.56.34:086][185]LogPrimitiveComponent: Zero scaling not supported (/Engine/Transient.World_4:PersistentLevel.Car_C_0.StaticMesh)
[2016.02.03-05.56.34:086][185]LogPrimitiveComponent: Zero scaling not supported (/Engine/Transient.World_4:PersistentLevel.Car_C_0.StaticMesh1)
[2016.02.03-05.56.34:086][185]LogPrimitiveComponent: Zero scaling not supported (/Engine/Transient.World_4:PersistentLevel.Car_C_0.StaticMesh2)
[2016.02.03-05.56.34:087][185]LogPrimitiveComponent: Zero scaling not supported (/Engine/Transient.World_4:PersistentLevel.Car_C_0.StaticMesh3)
[2016.02.03-05.56.34:088][185]LogPrimitiveComponent: Zero scaling not supported (/Engine/Transient.World_4:PersistentLevel.Car_C_0.StaticMesh)
[2016.02.03-05.56.34:088][185]LogPrimitiveComponent: Zero scaling not supported (/Engine/Transient.World_4:PersistentLevel.Car_C_0.StaticMesh1)
[2016.02.03-05.56.34:088][185]LogPrimitiveComponent: Zero scaling not supported (/Engine/Transient.World_4:PersistentLevel.Car_C_0.StaticMesh2)
[2016.02.03-05.56.34:088][185]LogPrimitiveComponent: Zero scaling not supported (/Engine/Transient.World_4:PersistentLevel.Car_C_0.StaticMesh3)
[2016.02.03-05.56.34:088][185]LogPrimitiveComponent: Zero scaling not supported (/Engine/Transient.World_4:PersistentLevel.Car_C_0.StaticMesh)
[2016.02.03-05.56.34:088][185]LogPrimitiveComponent: Zero scaling not supported (/Engine/Transient.World_4:PersistentLevel.Car_C_0.StaticMesh1)
[2016.02.03-05.56.34:088][185]LogPrimitiveComponent: Zero scaling not supported (/Engine/Transient.World_4:PersistentLevel.Car_C_0.StaticMesh2)
[2016.02.03-05.56.34:088][185]LogPrimitiveComponent: Zero scaling not supported (/Engine/Transient.World_4:PersistentLevel.Car_C_0.StaticMesh3)
[2016.02.03-05.56.36:879][343]BlueprintLog: New page: Compile Car
[2016.02.03-05.56.36:990][343]LogPrimitiveComponent: Zero scaling not supported (/Engine/Transient.World_4:PersistentLevel.Car_C_0.StaticMesh)
[2016.02.03-05.56.36:990][343]LogPrimitiveComponent: Zero scaling not supported (/Engine/Transient.World_4:PersistentLevel.Car_C_0.StaticMesh1)
[2016.02.03-05.56.36:990][343]LogPrimitiveComponent: Zero scaling not supported (/Engine/Transient.World_4:PersistentLevel.Car_C_0.StaticMesh2)
[2016.02.03-05.56.36:990][343]LogPrimitiveComponent: Zero scaling not supported (/Engine/Transient.World_4:PersistentLevel.Car_C_0.StaticMesh3)
[2016.02.03-05.56.36:992][343]LogPrimitiveComponent: Zero scaling not supported (/Engine/Transient.World_4:PersistentLevel.Car_C_0.StaticMesh)
[2016.02.03-05.56.36:992][343]LogPrimitiveComponent: Zero scaling not supported (/Engine/Transient.World_4:PersistentLevel.Car_C_0.StaticMesh1)
[2016.02.03-05.56.36:992][343]LogPrimitiveComponent: Zero scaling not supported (/Engine/Transient.World_4:PersistentLevel.Car_C_0.StaticMesh2)
[2016.02.03-05.56.36:992][343]LogPrimitiveComponent: Zero scaling not supported (/Engine/Transient.World_4:PersistentLevel.Car_C_0.StaticMesh3)
[2016.02.03-05.56.36:992][343]LogPrimitiveComponent: Zero scaling not supported (/Engine/Transient.World_4:PersistentLevel.Car_C_0.StaticMesh)
[2016.02.03-05.56.36:992][343]LogPrimitiveComponent: Zero scaling not supported (/Engine/Transient.World_4:PersistentLevel.Car_C_0.StaticMesh1)
[2016.02.03-05.56.36:992][343]LogPrimitiveComponent: Zero scaling not supported (/Engine/Transient.World_4:PersistentLevel.Car_C_0.StaticMesh2)
[2016.02.03-05.56.36:992][343]LogPrimitiveComponent: Zero scaling not supported (/Engine/Transient.World_4:PersistentLevel.Car_C_0.StaticMesh3)
[2016.02.03-05.56.37:068][343]LogPrimitiveComponent: Zero scaling not supported (/Engine/Transient.World_4:PersistentLevel.Car_C_0.StaticMesh)
[2016.02.03-05.56.37:068][343]LogPrimitiveComponent: Zero scaling not supported (/Engine/Transient.World_4:PersistentLevel.Car_C_0.StaticMesh1)
[2016.02.03-05.56.37:068][343]LogPrimitiveComponent: Zero scaling not supported (/Engine/Transient.World_4:PersistentLevel.Car_C_0.StaticMesh2)
[2016.02.03-05.56.37:068][343]LogPrimitiveComponent: Zero scaling not supported (/Engine/Transient.World_4:PersistentLevel.Car_C_0.StaticMesh3)
[2016.02.03-05.56.37:069][343]LogPrimitiveComponent: Zero scaling not supported (/Engine/Transient.World_4:PersistentLevel.Car_C_0.StaticMesh)
[2016.02.03-05.56.37:069][343]LogPrimitiveComponent: Zero scaling not supported (/Engine/Transient.World_4:PersistentLevel.Car_C_0.StaticMesh1)
[2016.02.03-05.56.37:069][343]LogPrimitiveComponent: Zero scaling not supported (/Engine/Transient.World_4:PersistentLevel.Car_C_0.StaticMesh2)
[2016.02.03-05.56.37:069][343]LogPrimitiveComponent: Zero scaling not supported (/Engine/Transient.World_4:PersistentLevel.Car_C_0.StaticMesh3)
[2016.02.03-05.56.37:069][343]LogPrimitiveComponent: Zero scaling not supported (/Engine/Transient.World_4:PersistentLevel.Car_C_0.StaticMesh)
[2016.02.03-05.56.37:069][343]LogPrimitiveComponent: Zero scaling not supported (/Engine/Transient.World_4:PersistentLevel.Car_C_0.StaticMesh1)
[2016.02.03-05.56.37:069][343]LogPrimitiveComponent: Zero scaling not supported (/Engine/Transient.World_4:PersistentLevel.Car_C_0.StaticMesh2)
[2016.02.03-05.56.37:069][343]LogPrimitiveComponent: Zero scaling not supported (/Engine/Transient.World_4:PersistentLevel.Car_C_0.StaticMesh3)
[2016.02.03-05.56.37:072][343]BlueprintEditorCompileResults: Info [0094.27] Compile of Car successful! [in 193 ms]
[2016.02.03-05.56.38:051][394]Cmd: OBJ SAVEPACKAGE PACKAGE="/Game/Blueprints/Car" FILE="../../../../../../Users/lochlan.mckinno/Documents/GitHub/UE4Projects/GroupProject/Content/Blueprints/Car.uasset" SILENT=true
[2016.02.03-05.56.38:415][394]LogSavePackage: Save=355.363037ms
[2016.02.03-05.56.38:415][394]LogSavePackage: Moving '../../../../../../Users/lochlan.mckinno/Documents/GitHub/UE4Projects/GroupProject/Saved/Car93B3ADA744E3CB2865B772A663533A50.tmp' to '../../../../../../Users/lochlan.mckinno/Documents/GitHub/UE4Projects/GroupProject/Content/Blueprints/Car.uasset'
[2016.02.03-05.56.38:418][394]LogSavePackage: Total save time: 365.598589ms
[2016.02.03-05.56.38:418][394]LogSavePackage:Display: Finished SavePackage ../../../../../../Users/lochlan.mckinno/Documents/GitHub/UE4Projects/GroupProject/Content/Blueprints/Car.uasset
[2016.02.03-05.56.40:284][482]LogSavePackage: Save=71.582542ms
[2016.02.03-05.56.40:284][482]LogSavePackage: Moving '../../../../../../Users/lochlan.mckinno/Documents/GitHub/UE4Projects/GroupProject/Saved/UEDPCTestingMap785C357B41D5C23DAB35D58B11536E75.tmp' to '../../../../../../Users/lochlan.mckinno/Documents/GitHub/UE4Projects/GroupProject/Saved/Autosaves/Game/Maps/UEDPCTestingMap.umap'
[2016.02.03-05.56.40:285][482]LogSavePackage: Total save time: 81.853855ms
[2016.02.03-05.56.40:285][482]LogSavePackage:Display: Finished SavePackage ../../../../../../Users/lochlan.mckinno/Documents/GitHub/UE4Projects/GroupProject/Saved/Autosaves/Game/Maps/UEDPCTestingMap.umap
[2016.02.03-05.57.21:110][315]LogEditorViewport: Clicking on Actor (LMB): StaticMeshActor (m_terrain_GRP_Terrain_01)
[2016.02.03-05.58.07:226][245]BlueprintLog: New page: Compile Car
[2016.02.03-05.58.07:335][245]LogPrimitiveComponent: Zero scaling not supported (/Engine/Transient.World_4:PersistentLevel.Car_C_0.StaticMesh)
[2016.02.03-05.58.07:335][245]LogPrimitiveComponent: Zero scaling not supported (/Engine/Transient.World_4:PersistentLevel.Car_C_0.StaticMesh1)
[2016.02.03-05.58.07:335][245]LogPrimitiveComponent: Zero scaling not supported (/Engine/Transient.World_4:PersistentLevel.Car_C_0.StaticMesh2)
[2016.02.03-05.58.07:335][245]LogPrimitiveComponent: Zero scaling not supported (/Engine/Transient.World_4:PersistentLevel.Car_C_0.StaticMesh3)
[2016.02.03-05.58.07:336][245]LogPrimitiveComponent: Zero scaling not supported (/Engine/Transient.World_4:PersistentLevel.Car_C_0.StaticMesh)
[2016.02.03-05.58.07:336][245]LogPrimitiveComponent: Zero scaling not supported (/Engine/Transient.World_4:PersistentLevel.Car_C_0.StaticMesh1)
[2016.02.03-05.58.07:336][245]LogPrimitiveComponent: Zero scaling not supported (/Engine/Transient.World_4:PersistentLevel.Car_C_0.StaticMesh2)
[2016.02.03-05.58.07:336][245]LogPrimitiveComponent: Zero scaling not supported (/Engine/Transient.World_4:PersistentLevel.Car_C_0.StaticMesh3)
[2016.02.03-05.58.07:336][245]LogPrimitiveComponent: Zero scaling not supported (/Engine/Transient.World_4:PersistentLevel.Car_C_0.StaticMesh)
[2016.02.03-05.58.07:336][245]LogPrimitiveComponent: Zero scaling not supported (/Engine/Transient.World_4:PersistentLevel.Car_C_0.StaticMesh1)
[2016.02.03-05.58.07:337][245]LogPrimitiveComponent: Zero scaling not supported (/Engine/Transient.World_4:PersistentLevel.Car_C_0.StaticMesh2)
[2016.02.03-05.58.07:337][245]LogPrimitiveComponent: Zero scaling not supported (/Engine/Transient.World_4:PersistentLevel.Car_C_0.StaticMesh3)
[2016.02.03-05.58.07:399][245]LogPrimitiveComponent: Zero scaling not supported (/Engine/Transient.World_4:PersistentLevel.Car_C_0.StaticMesh)
[2016.02.03-05.58.07:399][245]LogPrimitiveComponent: Zero scaling not supported (/Engine/Transient.World_4:PersistentLevel.Car_C_0.StaticMesh1)
[2016.02.03-05.58.07:399][245]LogPrimitiveComponent: Zero scaling not supported (/Engine/Transient.World_4:PersistentLevel.Car_C_0.StaticMesh2)
[2016.02.03-05.58.07:399][245]LogPrimitiveComponent: Zero scaling not supported (/Engine/Transient.World_4:PersistentLevel.Car_C_0.StaticMesh3)
[2016.02.03-05.58.07:400][245]LogPrimitiveComponent: Zero scaling not supported (/Engine/Transient.World_4:PersistentLevel.Car_C_0.StaticMesh)
[2016.02.03-05.58.07:400][245]LogPrimitiveComponent: Zero scaling not supported (/Engine/Transient.World_4:PersistentLevel.Car_C_0.StaticMesh1)
[2016.02.03-05.58.07:400][245]LogPrimitiveComponent: Zero scaling not supported (/Engine/Transient.World_4:PersistentLevel.Car_C_0.StaticMesh2)
[2016.02.03-05.58.07:400][245]LogPrimitiveComponent: Zero scaling not supported (/Engine/Transient.World_4:PersistentLevel.Car_C_0.StaticMesh3)
[2016.02.03-05.58.07:401][245]LogPrimitiveComponent: Zero scaling not supported (/Engine/Transient.World_4:PersistentLevel.Car_C_0.StaticMesh)
[2016.02.03-05.58.07:401][245]LogPrimitiveComponent: Zero scaling not supported (/Engine/Transient.World_4:PersistentLevel.Car_C_0.StaticMesh1)
[2016.02.03-05.58.07:401][245]LogPrimitiveComponent: Zero scaling not supported (/Engine/Transient.World_4:PersistentLevel.Car_C_0.StaticMesh2)
[2016.02.03-05.58.07:401][245]LogPrimitiveComponent: Zero scaling not supported (/Engine/Transient.World_4:PersistentLevel.Car_C_0.StaticMesh3)
[2016.02.03-05.58.07:403][245]BlueprintEditorCompileResults: Info [0184.60] Compile of Car successful! [in 177 ms]
[2016.02.03-05.58.09:454][482]Cmd: OBJ SAVEPACKAGE PACKAGE="/Game/Blueprints/Car" FILE="../../../../../../Users/lochlan.mckinno/Documents/GitHub/UE4Projects/GroupProject/Content/Blueprints/Car.uasset" SILENT=true
[2016.02.03-05.58.09:815][482]LogSavePackage: Save=353.292542ms
[2016.02.03-05.58.09:815][482]LogSavePackage: Moving '../../../../../../Users/lochlan.mckinno/Documents/GitHub/UE4Projects/GroupProject/Saved/CarD7BB8B8B46BF3230F46AA28599E9542E.tmp' to '../../../../../../Users/lochlan.mckinno/Documents/GitHub/UE4Projects/GroupProject/Content/Blueprints/Car.uasset'
[2016.02.03-05.58.09:817][482]LogSavePackage: Total save time: 361.550234ms
[2016.02.03-05.58.09:817][482]LogSavePackage:Display: Finished SavePackage ../../../../../../Users/lochlan.mckinno/Documents/GitHub/UE4Projects/GroupProject/Content/Blueprints/Car.uasset
[2016.02.03-05.58.11:827][649]LogSavePackage: Save=66.281204ms
[2016.02.03-05.58.11:827][649]LogSavePackage: Moving '../../../../../../Users/lochlan.mckinno/Documents/GitHub/UE4Projects/GroupProject/Saved/UEDPCTestingMap7278CF554D93A2E4CF2F11984C204749.tmp' to '../../../../../../Users/lochlan.mckinno/Documents/GitHub/UE4Projects/GroupProject/Saved/Autosaves/Game/Maps/UEDPCTestingMap.umap'
[2016.02.03-05.58.11:828][649]LogSavePackage: Total save time: 73.324628ms
[2016.02.03-05.58.11:828][649]LogSavePackage:Display: Finished SavePackage ../../../../../../Users/lochlan.mckinno/Documents/GitHub/UE4Projects/GroupProject/Saved/Autosaves/Game/Maps/UEDPCTestingMap.umap
[2016.02.03-06.00.48:702][128]Cmd: QUIT_EDITOR
[2016.02.03-06.00.48:819][128]LogExit: Preparing to exit.
[2016.02.03-06.00.49:220][128]LogExit: Editor shut down
[2016.02.03-06.00.49:220][128]LogExit: Transaction tracking system shut down
[2016.02.03-06.00.49:221][128]LogParticles: Destroying 0 GPU particle simulations for FXSystem 0x0000000012736DE0
[2016.02.03-06.00.49:222][128]LogParticles: Destroying 0 GPU particle simulations for FXSystem 0x000000001ED5F880
[2016.02.03-06.00.49:222][128]LogParticles: Destroying 0 GPU particle simulations for FXSystem 0x00000000300F1D00
[2016.02.03-06.00.49:222][128]LogParticles: Destroying 0 GPU particle simulations for FXSystem 0x00000000112E5BC0
[2016.02.03-06.00.49:222][128]LogParticles: Destroying 0 GPU particle simulations for FXSystem 0x000000003466BC40
[2016.02.03-06.00.49:222][128]LogParticles: Destroying 0 GPU particle simulations for FXSystem 0x000000001EE91940
[2016.02.03-06.00.49:226][128]LogParticles: Destroying 0 GPU particle simulations for FXSystem 0x000000001EA68360
[2016.02.03-06.00.49:383][128]LogExit: Object subsystem successfully closed.
[2016.02.03-06.00.49:399][128]LogD3D11RHI: Shutdown
[2016.02.03-06.00.49:399][128]LogD3D11RHI: CleanupD3DDevice
[2016.02.03-06.00.49:452][128]LogD3D11RHI: ~FD3D11DynamicRHI
[2016.02.03-06.00.49:466][128]LogModuleManager: Shutting down and abandoning module BlueprintGraph (200)
[2016.02.03-06.00.49:466][128]LogModuleManager: Shutting down and abandoning module CookingStats (199)
[2016.02.03-06.00.49:466][128]LogModuleManager: Shutting down and abandoning module CrashTracker (198)
[2016.02.03-06.00.49:466][128]LogModuleManager: Shutting down and abandoning module SceneOutliner (197)
[2016.02.03-06.00.49:466][128]LogModuleManager: Shutting down and abandoning module SuperSearch (196)
[2016.02.03-06.00.49:466][128]LogModuleManager: Shutting down and abandoning module WidgetCarousel (195)
[2016.02.03-06.00.49:467][128]LogModuleManager: Shutting down and abandoning module AddContentDialog (194)
[2016.02.03-06.00.49:467][128]LogModuleManager: Shutting down and abandoning module EditorWidgets (193)
[2016.02.03-06.00.49:467][128]LogModuleManager: Shutting down and abandoning module CollectionManager (192)
[2016.02.03-06.00.49:467][128]LogModuleManager: Shutting down and abandoning module StatsViewer (191)
[2016.02.03-06.00.49:467][128]LogModuleManager: Shutting down and abandoning module FoliageEdit (190)
[2016.02.03-06.00.49:467][128]LogModuleManager: Shutting down and abandoning module LandscapeEditor (189)
[2016.02.03-06.00.49:468][128]LogModuleManager: Shutting down and abandoning module ActorPickerMode (188)
[2016.02.03-06.00.49:468][128]LogModuleManager: Shutting down and abandoning module GeometryMode (187)
[2016.02.03-06.00.49:468][128]LogModuleManager: Shutting down and abandoning module TextureAlignMode (186)
[2016.02.03-06.00.49:468][128]LogModuleManager: Shutting down and abandoning module BspMode (185)
[2016.02.03-06.00.49:468][128]LogModuleManager: Shutting down and abandoning module PlacementMode (184)
[2016.02.03-06.00.49:468][128]LogModuleManager: Shutting down and abandoning module AutomationWorker (183)
[2016.02.03-06.00.49:468][128]LogModuleManager: Shutting down and abandoning module CharacterAI (182)
[2016.02.03-06.00.49:468][128]LogModuleManager: Shutting down and abandoning module SmartSnapping (181)
[2016.02.03-06.00.49:468][128]LogModuleManager: Shutting down and abandoning module ViewportSnapping (180)
[2016.02.03-06.00.49:468][128]LogModuleManager: Shutting down and abandoning module LogVisualizer (179)
[2016.02.03-06.00.49:468][128]LogModuleManager: Shutting down and abandoning module GameProjectGeneration (178)
[2016.02.03-06.00.49:468][128]LogModuleManager: Shutting down and abandoning module IntroTutorials (177)
[2016.02.03-06.00.49:468][128]LogModuleManager: Shutting down and abandoning module EditorLiveStreaming (176)
[2016.02.03-06.00.49:468][128]LogModuleManager: Shutting down and abandoning module IOSPlatformEditor (175)
[2016.02.03-06.00.49:468][128]LogModuleManager: Shutting down and abandoning module HTML5PlatformEditor (174)
[2016.02.03-06.00.49:468][128]LogModuleManager: Shutting down and abandoning module AndroidDeviceDetection (173)
[2016.02.03-06.00.50:134][128]LogModuleManager: Shutting down and abandoning module AndroidPlatformEditor (172)
[2016.02.03-06.00.50:134][128]LogModuleManager: Shutting down and abandoning module IOSRuntimeSettings (171)
[2016.02.03-06.00.50:134][128]LogModuleManager: Shutting down and abandoning module AndroidRuntimeSettings (170)
[2016.02.03-06.00.50:134][128]LogModuleManager: Shutting down and abandoning module MergeActors (169)
[2016.02.03-06.00.50:134][128]LogModuleManager: Shutting down and abandoning module SizeMap (168)
[2016.02.03-06.00.50:134][128]LogModuleManager: Shutting down and abandoning module TreeMap (167)
[2016.02.03-06.00.50:134][128]LogModuleManager: Shutting down and abandoning module ReferenceViewer (166)
[2016.02.03-06.00.50:134][128]LogModuleManager: Shutting down and abandoning module LocalizationService (165)
[2016.02.03-06.00.50:134][128]LogModuleManager: Shutting down and abandoning module LocalizationDashboard (164)
[2016.02.03-06.00.50:134][128]LogModuleManager: Shutting down and abandoning module HardwareTargeting (163)
[2016.02.03-06.00.50:135][128]LogModuleManager: Shutting down and abandoning module DeviceProfileEditor (162)
[2016.02.03-06.00.50:135][128]LogModuleManager: Shutting down and abandoning module UndoHistory (161)
[2016.02.03-06.00.50:135][128]LogModuleManager: Shutting down and abandoning module GameplayTagsEditor (160)
[2016.02.03-06.00.50:135][128]LogModuleManager: Shutting down and abandoning module UserFeedback (159)
[2016.02.03-06.00.50:135][128]LogModuleManager: Shutting down and abandoning module XmlParser (158)
[2016.02.03-06.00.50:135][128]LogModuleManager: Shutting down and abandoning module Blutility (157)
[2016.02.03-06.00.50:135][128]LogModuleManager: Shutting down and abandoning module ProjectTargetPlatformEditor (156)
[2016.02.03-06.00.50:135][128]LogModuleManager: Shutting down and abandoning module ProjectSettingsViewer (155)
[2016.02.03-06.00.50:135][128]LogModuleManager: Shutting down and abandoning module InputBindingEditor (154)
[2016.02.03-06.00.50:135][128]LogModuleManager: Shutting down and abandoning module EditorSettingsViewer (153)
[2016.02.03-06.00.50:135][128]LogModuleManager: Shutting down and abandoning module SettingsEditor (152)
[2016.02.03-06.00.50:135][128]LogModuleManager: Shutting down and abandoning module ProjectLauncher (151)
[2016.02.03-06.00.50:135][128]LogModuleManager: Shutting down and abandoning module SessionFrontend (150)
[2016.02.03-06.00.50:135][128]LogModuleManager: Shutting down and abandoning module ProfilerClient (149)
[2016.02.03-06.00.50:135][128]LogModuleManager: Shutting down and abandoning module TargetDeviceServices (148)
[2016.02.03-06.00.50:135][128]LogModuleManager: Shutting down and abandoning module DeviceManager (147)
[2016.02.03-06.00.50:135][128]LogModuleManager: Shutting down and abandoning module AutomationController (146)
[2016.02.03-06.00.50:135][128]LogModuleManager: Shutting down and abandoning module AutomationWindow (145)
[2016.02.03-06.00.50:135][128]LogModuleManager: Shutting down and abandoning module Layers (144)
[2016.02.03-06.00.50:136][128]LogModuleManager: Shutting down and abandoning module ComponentVisualizers (143)
[2016.02.03-06.00.50:136][128]LogModuleManager: Shutting down and abandoning module DetailCustomizations (142)
[2016.02.03-06.00.50:136][128]LogModuleManager: Shutting down and abandoning module PackagesDialog (141)
[2016.02.03-06.00.50:136][128]LogModuleManager: Shutting down and abandoning module Persona (140)
[2016.02.03-06.00.50:136][128]LogModuleManager: Shutting down and abandoning module Kismet (139)
[2016.02.03-06.00.50:136][128]LogModuleManager: Shutting down and abandoning module GraphEditor (138)
[2016.02.03-06.00.50:136][128]LogModuleManager: Shutting down and abandoning module ClassViewer (137)
[2016.02.03-06.00.50:136][128]LogModuleManager: Shutting down and abandoning module Toolbox (136)
[2016.02.03-06.00.50:136][128]LogModuleManager: Shutting down and abandoning module ModuleUI (135)
[2016.02.03-06.00.50:136][128]LogModuleManager: Shutting down and abandoning module MovieSceneTools (134)
[2016.02.03-06.00.50:136][128]LogModuleManager: Shutting down and abandoning module OutputLog (133)
[2016.02.03-06.00.50:136][128]LogModuleManager: Shutting down and abandoning module GammaUI (132)
[2016.02.03-06.00.50:136][128]LogModuleManager: Shutting down and abandoning module Documentation (131)
[2016.02.03-06.00.50:136][128]LogModuleManager: Shutting down and abandoning module GameLiveStreaming (130)
[2016.02.03-06.00.50:136][128]LogModuleManager: Shutting down and abandoning module StreamingPauseRendering (129)
[2016.02.03-06.00.50:136][128]LogModuleManager: Shutting down and abandoning module AnalyticsET (128)
[2016.02.03-06.00.50:136][128]LogModuleManager: Shutting down and abandoning module Analytics (127)
[2016.02.03-06.00.50:136][128]LogModuleManager: Shutting down and abandoning module AITestSuite (126)
[2016.02.03-06.00.50:136][128]LogModuleManager: Shutting down and abandoning module GameplayDebugger (125)
[2016.02.03-06.00.50:136][128]LogModuleManager: Shutting down and abandoning module AIModule (124)
[2016.02.03-06.00.50:136][128]LogModuleManager: Shutting down and abandoning module ProfilerService (123)
[2016.02.03-06.00.50:141][128]LogModuleManager: Shutting down and abandoning module TaskGraph (122)
[2016.02.03-06.00.50:141][128]LogModuleManager: Shutting down and abandoning module SlateRemote (121)
[2016.02.03-06.00.50:141][128]LogModuleManager: Shutting down and abandoning module SteamVRController (120)
[2016.02.03-06.00.50:141][128]LogModuleManager: Shutting down and abandoning module SteamVR (119)
[2016.02.03-06.00.50:141][128]LogModuleManager: Shutting down and abandoning module ProceduralMeshComponent (118)
[2016.02.03-06.00.50:141][128]LogModuleManager: Shutting down and abandoning module OculusLibrary (117)
[2016.02.03-06.00.50:141][128]LogModuleManager: Shutting down and abandoning module OculusInput (116)
[2016.02.03-06.00.50:141][128]LogModuleManager: Shutting down and abandoning module LeapMotionController (115)
[2016.02.03-06.00.50:151][128]LogModuleManager: Shutting down and abandoning module CustomMeshComponent (114)
[2016.02.03-06.00.50:151][128]LogModuleManager: Shutting down and abandoning module CableComponent (113)
[2016.02.03-06.00.50:151][128]LogModuleManager: Shutting down and abandoning module ArchVisCharacter (112)
[2016.02.03-06.00.50:151][128]LogModuleManager: Shutting down and abandoning module MessagingDebugger (111)
[2016.02.03-06.00.50:152][128]LogModuleManager: Shutting down and abandoning module MediaPlayerEditor (110)
[2016.02.03-06.00.50:152][128]LogModuleManager: Shutting down and abandoning module HTML5Networking (109)
[2016.02.03-06.00.50:152][128]LogModuleManager: Shutting down and abandoning module SpeedTreeImporter (108)
[2016.02.03-06.00.50:152][128]LogModuleManager: Shutting down and abandoning module PluginBrowser (107)
[2016.02.03-06.00.50:152][128]LogModuleManager: Shutting down and abandoning module EpicSurvey (106)
[2016.02.03-06.00.50:152][128]LogModuleManager: Shutting down and abandoning module DesktopPlatform (105)
[2016.02.03-06.00.50:152][128]LogModuleManager: Shutting down and abandoning module VisualStudioSourceCodeAccess (104)
[2016.02.03-06.00.50:152][128]LogModuleManager: Shutting down and abandoning module UObjectPlugin (103)
[2016.02.03-06.00.50:152][128]LogModuleManager: Shutting down and abandoning module SubversionSourceControl (102)
[2016.02.03-06.00.50:152][128]LogModuleManager: Shutting down and abandoning module PerforceSourceControl (101)
[2016.02.03-06.00.50:152][128]LogModuleManager: Shutting down and abandoning module SourceControl (100)
[2016.02.03-06.00.50:152][128]LogModuleManager: Shutting down and abandoning module GitSourceControl (99)
[2016.02.03-06.00.50:152][128]LogModuleManager: Shutting down and abandoning module LightPropagationVolumeEditor (98)
[2016.02.03-06.00.50:152][128]LogModuleManager: Shutting down and abandoning module PaperTiledImporter (97)
[2016.02.03-06.00.50:152][128]LogModuleManager: Shutting down and abandoning module PaperSpriteSheetImporter (96)
[2016.02.03-06.00.50:152][128]LogModuleManager: Shutting down and abandoning module MeshPaint (95)
[2016.02.03-06.00.50:152][128]LogModuleManager: Shutting down and abandoning module SlateReflector (94)
[2016.02.03-06.00.50:152][128]LogModuleManager: Shutting down and abandoning module HotReload (93)
[2016.02.03-06.00.50:152][128]LogModuleManager: Shutting down and abandoning module MainFrame (92)
[2016.02.03-06.00.50:152][128]LogModuleManager: Shutting down and abandoning module LevelEditor (91)
[2016.02.03-06.00.50:153][128]LogModuleManager: Shutting down and abandoning module DirectoryWatcher (90)
[2016.02.03-06.00.50:154][128]LogModuleManager: Shutting down and abandoning module AssetRegistry (89)
[2016.02.03-06.00.50:194][128]LogModuleManager: Shutting down and abandoning module ContentBrowser (88)
[2016.02.03-06.00.50:195][128]LogModuleManager: Shutting down and abandoning module Paper2DEditor (87)
[2016.02.03-06.00.50:195][128]LogModuleManager: Shutting down and abandoning module UdpMessaging (86)
[2016.02.03-06.00.50:295][128]LogModuleManager: Shutting down and abandoning module LightPropagationVolumeRuntime (85)
[2016.02.03-06.00.50:295][128]LogModuleManager: Shutting down and abandoning module Paper2D (84)
[2016.02.03-06.00.50:295][128]LogModuleManager: Shutting down and abandoning module WindowsMoviePlayer (83)
[2016.02.03-06.00.50:299][128]LogModuleManager: Shutting down and abandoning module Media (82)
[2016.02.03-06.00.50:299][128]LogModuleManager: Shutting down and abandoning module WmfMedia (81)
[2016.02.03-06.00.50:300][128]LogModuleManager: Shutting down and abandoning module OnlineBlueprintSupport (80)
[2016.02.03-06.00.50:300][128]LogModuleManager: Shutting down and abandoning module GameplayTasksEditor (79)
[2016.02.03-06.00.50:300][128]LogModuleManager: Shutting down and abandoning module PropertyEditor (78)
[2016.02.03-06.00.50:300][128]LogModuleManager: Shutting down and abandoning module BehaviorTreeEditor (77)
[2016.02.03-06.00.50:300][128]LogModuleManager: Shutting down and abandoning module FunctionalTesting (76)
[2016.02.03-06.00.50:300][128]LogModuleManager: Shutting down and abandoning module CollisionAnalyzer (75)
[2016.02.03-06.00.50:300][128]LogModuleManager: Shutting down and abandoning module WorkspaceMenuStructure (74)
[2016.02.03-06.00.50:300][128]LogModuleManager: Shutting down and abandoning module MessageLog (73)
[2016.02.03-06.00.50:300][128]LogModuleManager: Shutting down and abandoning module Sequencer (72)
[2016.02.03-06.00.50:301][128]LogModuleManager: Shutting down and abandoning module AssetTools (71)
[2016.02.03-06.00.50:301][128]LogModuleManager: Shutting down and abandoning module UMGEditor (70)
[2016.02.03-06.00.50:301][128]LogModuleManager: Shutting down and abandoning module UMG (69)
[2016.02.03-06.00.50:301][128]LogModuleManager: Shutting down and abandoning module Slate (68)
[2016.02.03-06.00.50:301][128]LogModuleManager: Shutting down and abandoning module EditorStyle (67)
[2016.02.03-06.00.50:305][128]LogModuleManager: Shutting down and abandoning module SessionServices (66)
[2016.02.03-06.00.50:305][128]LogModuleManager: Shutting down and abandoning module SourceCodeAccess (65)
[2016.02.03-06.00.50:305][128]LogModuleManager: Shutting down and abandoning module HeadMountedDisplay (64)
[2016.02.03-06.00.50:305][128]LogModuleManager: Shutting down and abandoning module XAudio2 (63)
[2016.02.03-06.00.50:305][128]LogModuleManager: Shutting down and abandoning module Networking (61)
[2016.02.03-06.00.50:305][128]LogModuleManager: Shutting down and abandoning module Core (60)
[2016.02.03-06.00.50:305][128]LogModuleManager: Shutting down and abandoning module KismetCompiler (59)
[2016.02.03-06.00.50:305][128]LogModuleManager: Shutting down and abandoning module PhysXFormats (58)
[2016.02.03-06.00.50:305][128]LogModuleManager: Shutting down and abandoning module MeshUtilities (57)
[2016.02.03-06.00.50:305][128]LogModuleManager: Shutting down and abandoning module DerivedDataCache (56)
[2016.02.03-06.00.50:355][128]LogDerivedDataCache: Shutdown
[2016.02.03-06.00.50:355][128]LogModuleManager: Shutting down and abandoning module ShaderFormatOpenGL (55)
[2016.02.03-06.00.50:355][128]LogModuleManager: Shutting down and abandoning module ShaderFormatD3D (54)
[2016.02.03-06.00.50:355][128]LogModuleManager: Shutting down and abandoning module MetalShaderFormat (53)
[2016.02.03-06.00.50:355][128]LogModuleManager: Shutting down and abandoning module TextureFormatUncompressed (52)
[2016.02.03-06.00.50:355][128]LogModuleManager: Shutting down and abandoning module TextureFormatPVR (51)
[2016.02.03-06.00.50:355][128]LogModuleManager: Shutting down and abandoning module TextureFormatIntelISPCTexComp (50)
[2016.02.03-06.00.50:355][128]LogModuleManager: Shutting down and abandoning module TextureFormatDXT (49)
[2016.02.03-06.00.50:355][128]LogModuleManager: Shutting down and abandoning module ImageWrapper (48)
[2016.02.03-06.00.50:355][128]LogModuleManager: Shutting down and abandoning module TextureFormatASTC (47)
[2016.02.03-06.00.50:355][128]LogModuleManager: Shutting down and abandoning module TextureFormatAndroid (46)
[2016.02.03-06.00.50:355][128]LogModuleManager: Shutting down and abandoning module AudioFormatOpus (45)
[2016.02.03-06.00.50:355][128]LogModuleManager: Shutting down and abandoning module AudioFormatOgg (44)
[2016.02.03-06.00.50:355][128]LogModuleManager: Shutting down and abandoning module AudioFormatADPCM (43)
[2016.02.03-06.00.50:355][128]LogModuleManager: Shutting down and abandoning module LinuxTargetPlatform (42)
[2016.02.03-06.00.50:355][128]LogModuleManager: Shutting down and abandoning module LinuxServerTargetPlatform (41)
[2016.02.03-06.00.50:356][128]LogModuleManager: Shutting down and abandoning module LinuxNoEditorTargetPlatform (40)
[2016.02.03-06.00.50:356][128]LogModuleManager: Shutting down and abandoning module Messaging (39)
[2016.02.03-06.00.50:356][128]LogModuleManager: Shutting down and abandoning module IOSTargetPlatform (38)
[2016.02.03-06.00.50:356][128]LogModuleManager: Shutting down and abandoning module HTML5TargetPlatform (37)
[2016.02.03-06.00.50:356][128]LogModuleManager: Shutting down and abandoning module Android_PVRTCTargetPlatform (36)
[2016.02.03-06.00.50:356][128]LogModuleManager: Shutting down and abandoning module Android_MultiTargetPlatform (35)
[2016.02.03-06.00.50:356][128]LogModuleManager: Shutting down and abandoning module Android_ETC2TargetPlatform (34)
[2016.02.03-06.00.50:356][128]LogModuleManager: Shutting down and abandoning module Android_ETC1TargetPlatform (33)
[2016.02.03-06.00.50:356][128]LogModuleManager: Shutting down and abandoning module Android_DXTTargetPlatform (32)
[2016.02.03-06.00.50:356][128]LogModuleManager: Shutting down and abandoning module Android_ATCTargetPlatform (31)
[2016.02.03-06.00.50:356][128]LogModuleManager: Shutting down and abandoning module Android_ASTCTargetPlatform (30)
[2016.02.03-06.00.50:356][128]LogModuleManager: Shutting down and abandoning module AndroidTargetPlatform (29)
[2016.02.03-06.00.50:356][128]LogModuleManager: Shutting down and abandoning module WindowsTargetPlatform (28)
[2016.02.03-06.00.50:356][128]LogModuleManager: Shutting down and abandoning module WindowsServerTargetPlatform (27)
[2016.02.03-06.00.50:356][128]LogModuleManager: Shutting down and abandoning module WindowsNoEditorTargetPlatform (26)
[2016.02.03-06.00.50:356][128]LogModuleManager: Shutting down and abandoning module WindowsClientTargetPlatform (25)
[2016.02.03-06.00.50:356][128]LogModuleManager: Shutting down and abandoning module AllDesktopTargetPlatform (24)
[2016.02.03-06.00.50:356][128]LogModuleManager: Shutting down and abandoning module TargetPlatform (23)
[2016.02.03-06.00.50:356][128]LogModuleManager: Shutting down and abandoning module InputCore (22)
[2016.02.03-06.00.50:356][128]LogModuleManager: Shutting down and abandoning module Settings (21)
[2016.02.03-06.00.50:356][128]LogModuleManager: Shutting down and abandoning module OnlineSubsystem (19)
[2016.02.03-06.00.50:356][128]LogModuleManager: Shutting down and abandoning module HTTP (18)
[2016.02.03-06.00.52:356][128]LogModuleManager: Shutting down and abandoning module XMPP (17)
[2016.02.03-06.00.52:356][128]LogModuleManager: Shutting down and abandoning module OculusRift (16)
[2016.02.03-06.00.52:356][128]LogModuleManager: Shutting down and abandoning module ExampleDeviceProfileSelector (15)
[2016.02.03-06.00.52:356][128]LogModuleManager: Shutting down and abandoning module TextureCompressor (14)
[2016.02.03-06.00.52:356][128]LogModuleManager: Shutting down and abandoning module ShaderCore (13)
[2016.02.03-06.00.52:356][128]LogModuleManager: Shutting down and abandoning module Landscape (12)
[2016.02.03-06.00.52:356][128]LogModuleManager: Shutting down and abandoning module SlateRHIRenderer (11)
[2016.02.03-06.00.52:358][128]LogModuleManager: Shutting down and abandoning module OpenGLDrv (10)
[2016.02.03-06.00.52:358][128]LogModuleManager: Shutting down and abandoning module D3D11RHI (9)
[2016.02.03-06.00.52:358][128]LogModuleManager: Shutting down and abandoning module AnimGraphRuntime (8)
[2016.02.03-06.00.52:358][128]LogModuleManager: Shutting down and abandoning module Renderer (7)
[2016.02.03-06.00.52:358][128]LogModuleManager: Shutting down and abandoning module Engine (6)
[2016.02.03-06.00.52:358][128]LogModuleManager: Shutting down and abandoning module CoreUObject (5)
[2016.02.03-06.00.52:358][128]LogModuleManager: Shutting down and abandoning module NetworkFile (4)
[2016.02.03-06.00.52:358][128]LogModuleManager: Shutting down and abandoning module StreamingFile (3)
[2016.02.03-06.00.52:358][128]LogModuleManager: Shutting down and abandoning module SandboxFile (2)
[2016.02.03-06.00.52:358][128]LogModuleManager: Shutting down and abandoning module PakFile (1)
[2016.02.03-06.00.52:360][128]LogExit: Exiting.
[2016.02.03-06.00.52:362][128]Log file closed, 02/03/16 17:00:52
