[2016.01.09-03.16.31:888][  0]Log file open, 01/09/16 14:16:31
[2016.01.09-03.16.31:888][  0]LogInit:Display: Running engine for game: GroupProject
[2016.01.09-03.16.31:888][  0]LogPlatformFile: Not using cached read wrapper
[2016.01.09-03.16.31:888][  0]LogInit:Display: RandInit(-796347268) SRandInit(-796347267).
[2016.01.09-03.16.31:888][  0]LogTaskGraph: Started task graph with 4 named threads and 7 total threads.
[2016.01.09-03.16.31:888][  0]LogStats: Stats thread started at 0.065178
[2016.01.09-03.16.31:888][  0]LogInit: Version: 4.10.0-2758231+++depot+UE4-Releases+4.10
[2016.01.09-03.16.31:888][  0]LogInit: API Version: 2758231
[2016.01.09-03.16.31:888][  0]LogInit: Compiled (64-bit): Nov  7 2015 05:13:45
[2016.01.09-03.16.31:888][  0]LogInit: Compiled with Visual C++: 19.00.23026.00
[2016.01.09-03.16.31:888][  0]LogInit: Build Configuration: Development
[2016.01.09-03.16.31:888][  0]LogInit: Branch Name: ++depot+UE4-Releases+4.10
[2016.01.09-03.16.31:888][  0]LogInit: Command line:  
[2016.01.09-03.16.31:888][  0]LogInit: Base directory: C:/Program Files (x86)/Epic Games/4.10/Engine/Binaries/Win64/
[2016.01.09-03.16.31:888][  0]LogInit: Rocket: 1
[2016.01.09-03.16.31:892][  0]LogInit: Using libcurl 7.41.0
[2016.01.09-03.16.31:892][  0]LogInit:  - built for x86_64-pc-win32
[2016.01.09-03.16.31:892][  0]LogInit:  - supports SSL with WinSSL
[2016.01.09-03.16.31:892][  0]LogInit:  - other features:
[2016.01.09-03.16.31:892][  0]LogInit:      CURL_VERSION_SSL
[2016.01.09-03.16.31:892][  0]LogInit:      CURL_VERSION_IPV6
[2016.01.09-03.16.31:892][  0]LogInit:      CURL_VERSION_ASYNCHDNS
[2016.01.09-03.16.31:892][  0]LogInit:      CURL_VERSION_LARGEFILE
[2016.01.09-03.16.31:892][  0]LogInit:      CURL_VERSION_IDN
[2016.01.09-03.16.31:892][  0]LogInit:  CurlRequestOptions (configurable via config and command line):
[2016.01.09-03.16.31:892][  0]LogInit:  - bVerifyPeer = true  - Libcurl will verify peer certificate
[2016.01.09-03.16.31:892][  0]LogInit:  - bUseHttpProxy = false  - Libcurl will NOT use HTTP proxy
[2016.01.09-03.16.31:892][  0]LogInit:  - bDontReuseConnections = false  - Libcurl will reuse connections
[2016.01.09-03.16.31:892][  0]LogInit:  - CertBundlePath = nullptr  - Libcurl will use whatever was configured at build time.
[2016.01.09-03.16.31:897][  0]LogInit: Presizing for 0 objects not considered by GC, pre-allocating 0 bytes.
[2016.01.09-03.16.31:901][  0]LogInit: Object subsystem initialized
[2016.01.09-03.16.31:901][  0]LogInit: Selected Device Profile: [Windows]
[2016.01.09-03.16.31:901][  0]LogInit: Applying CVar settings loaded from the selected device profile: [Windows]
[2016.01.09-03.16.31:907][  0]LogInit: Computer: DESKTOP-O1OB1PS
[2016.01.09-03.16.31:907][  0]LogInit: User: NewPC
[2016.01.09-03.16.31:907][  0]LogInit: CPU Page size=4096, Cores=4
[2016.01.09-03.16.31:907][  0]LogInit: High frequency timer resolution =3.914065 MHz
[2016.01.09-03.16.31:907][  0]LogMemory: Memory total: Physical=32.0GB (32GB approx)
[2016.01.09-03.16.31:907][  0]LogMemory: Platform Memory Stats for Windows
[2016.01.09-03.16.31:907][  0]LogMemory: Process Physical Memory: 55.74 MB used, 55.74 MB peak
[2016.01.09-03.16.31:907][  0]LogMemory: Process Virtual Memory: 58.67 MB used, 58.67 MB peak
[2016.01.09-03.16.31:907][  0]LogMemory: Physical Memory: 3757.02 MB used, 32720.44 MB total
[2016.01.09-03.16.31:907][  0]LogMemory: Virtual Memory: 384.40 MB used, 134217728.00 MB total
[2016.01.09-03.16.32:044][  0]LogTextLocalizationManager: No specific translations for ('en-AU') exist, so ('en') translations will be used.
[2016.01.09-03.16.32:321][  0]LogD3D11RHI: Found D3D11 adapter 0: NVIDIA GeForce GTX 980 Ti (Feature Level 11_0)
[2016.01.09-03.16.32:321][  0]LogD3D11RHI: Adapter has 6048MB of dedicated video memory, 0MB of dedicated system memory, and 16360MB of shared system memory, 1 output[s]
[2016.01.09-03.16.32:341][  0]LogD3D11RHI: Found D3D11 adapter 1: NVIDIA GeForce GTX 980 Ti (Feature Level 11_0)
[2016.01.09-03.16.32:341][  0]LogD3D11RHI: Adapter has 6048MB of dedicated video memory, 0MB of dedicated system memory, and 16360MB of shared system memory, 0 output[s]
[2016.01.09-03.16.32:342][  0]LogD3D11RHI: Found D3D11 adapter 2: Microsoft Basic Render Driver (Feature Level 11_0)
[2016.01.09-03.16.32:342][  0]LogD3D11RHI: Adapter has 0MB of dedicated video memory, 0MB of dedicated system memory, and 16360MB of shared system memory, 0 output[s]
[2016.01.09-03.16.32:342][  0]LogD3D11RHI: Chosen D3D11 Adapter Id = 0
[2016.01.09-03.16.32:344][  0]LogD3D11RHI: !Direct3DDevice
[2016.01.09-03.16.32:344][  0]LogRHI: Texture pool is 1361 MB (70% of 1945 MB)
[2016.01.09-03.16.32:355][  0]LogD3D11RHI: Async texture creation enabled
[2016.01.09-03.16.32:368][  0]LogShaderCompilers: Guid format shader working directory is -6 characters bigger than the processId version (D:/Program Files/GIT/github/UE4Projects/GroupProject/Intermediate/Shaders/WorkingDirectory/8152/).
[2016.01.09-03.16.32:368][  0]LogShaderCompilers: Cleaned the shader compiler working directory 'C:/Users/NewPC/AppData/Local/Temp/UnrealShaderWorkingDir/9D4791904A2211A74F1036BC3EDE2166/'.
[2016.01.09-03.16.32:368][  0]LogShaderCompilers:Display: Using Local Shader Compiler.
[2016.01.09-03.16.32:881][  0]LogTemp:Display: Loaded TP AllDesktopTargetPlatform
[2016.01.09-03.16.32:884][  0]LogTemp:Display: Loaded TP WindowsClientTargetPlatform
[2016.01.09-03.16.32:887][  0]LogTemp:Display: Loaded TP WindowsNoEditorTargetPlatform
[2016.01.09-03.16.32:890][  0]LogTemp:Display: Loaded TP WindowsServerTargetPlatform
[2016.01.09-03.16.32:893][  0]LogTemp:Display: Loaded TP WindowsTargetPlatform
[2016.01.09-03.16.32:895][  0]LogTemp:Display: Loaded TP AndroidTargetPlatform
[2016.01.09-03.16.32:897][  0]LogTemp:Display: Loaded TP Android_ASTCTargetPlatform
[2016.01.09-03.16.32:899][  0]LogTemp:Display: Loaded TP Android_ATCTargetPlatform
[2016.01.09-03.16.32:901][  0]LogTemp:Display: Loaded TP Android_DXTTargetPlatform
[2016.01.09-03.16.32:903][  0]LogTemp:Display: Loaded TP Android_ETC1TargetPlatform
[2016.01.09-03.16.32:905][  0]LogTemp:Display: Loaded TP Android_ETC2TargetPlatform
[2016.01.09-03.16.32:909][  0]LogTemp:Display: Loaded TP Android_MultiTargetPlatform
[2016.01.09-03.16.32:909][  0]LogTemp:Display: Loaded TP Android_PVRTCTargetPlatform
[2016.01.09-03.16.32:909][  0]LogTemp:Display: Loaded TP HTML5TargetPlatform
[2016.01.09-03.16.32:924][  0]LogTemp:Display: Loaded TP IOSTargetPlatform
[2016.01.09-03.16.32:925][  0]LogTemp:Display: Loaded TP LinuxNoEditorTargetPlatform
[2016.01.09-03.16.32:927][  0]LogTemp:Display: Loaded TP LinuxServerTargetPlatform
[2016.01.09-03.16.32:929][  0]LogTemp:Display: Loaded TP LinuxTargetPlatform
[2016.01.09-03.16.32:929][  0]LogTargetPlatformManager:Display: Building Assets For Windows
[2016.01.09-03.16.32:982][  0]LogDerivedDataCache:Display: Max Cache Size: 512 MB
[2016.01.09-03.16.33:010][  0]LogDerivedDataCache: Loaded boot cache 0.03s 41MB C:/Users/NewPC/AppData/Local/UnrealEngine/4.10/DerivedDataCache/Boot.ddc.
[2016.01.09-03.16.33:010][  0]LogDerivedDataCache:Display: Loaded Boot cache: C:/Users/NewPC/AppData/Local/UnrealEngine/4.10/DerivedDataCache/Boot.ddc
[2016.01.09-03.16.33:010][  0]LogDerivedDataCache: FDerivedDataBackendGraph:  Pak pak cache file D:/Program Files/GIT/github/UE4Projects/GroupProject/DerivedDataCache/DDC.ddp not found, will not use a pak cache.
[2016.01.09-03.16.33:010][  0]LogDerivedDataCache: Unable to find inner node Pak for hierarchical cache Hierarchy.
[2016.01.09-03.16.33:010][  0]LogDerivedDataCache: FDerivedDataBackendGraph:  CompressedPak pak cache file D:/Program Files/GIT/github/UE4Projects/GroupProject/DerivedDataCache/Compressed.ddp not found, will not use a pak cache.
[2016.01.09-03.16.33:010][  0]LogDerivedDataCache: Unable to find inner node CompressedPak for hierarchical cache Hierarchy.
[2016.01.09-03.16.33:049][  0]LogDerivedDataCache:Display: Pak cache opened for reading ../../../Engine/DerivedDataCache/Compressed.ddp.
[2016.01.09-03.16.33:061][  0]LogDerivedDataCache: Using Local data cache path C:/Users/NewPC/AppData/Local/UnrealEngine/Common/DerivedDataCache: Writable
[2016.01.09-03.16.33:174][  0]LogInit: Selected Device Profile: [Windows]
[2016.01.09-03.16.33:176][  0]LogContentStreaming: Texture pool size is 0.000000MB
[2016.01.09-03.16.33:245][  0]LogMeshUtilities: No automatic mesh reduction module available
[2016.01.09-03.16.33:245][  0]LogMeshUtilities: No automatic mesh merging module available
[2016.01.09-03.16.33:381][  0]LogInit: WinSock: version 1.1 (2.2), MaxSocks=32767, MaxUdp=65467
[2016.01.09-03.16.33:857][  0]UdpMessaging: Initializing bridge on interface 0.0.0.0:0 to multicast group 230.0.0.1:6666.
[2016.01.09-03.16.33:943][  0]LogAssetRegistry: FAssetRegistry took 0.0112 seconds to start up
[2016.01.09-03.16.34:046][  0]SourceControl: Info Source control is disabled
[2016.01.09-03.16.34:046][  0]SourceControl: Info Source control is disabled
[2016.01.09-03.16.34:053][  0]SourceControl: Info Source control is disabled
[2016.01.09-03.16.34:060][  0]SourceControl: Info Source control is disabled
[2016.01.09-03.16.34:204][  0]LogObj: 28633 objects as part of root set at end of initial load.
[2016.01.09-03.16.34:204][  0]LogUObjectAllocator: 6099744 out of 0 bytes used by permanent object pool.
[2016.01.09-03.16.34:245][  0]LogEngine: Initializing Engine...
[2016.01.09-03.16.34:247][  0]LogHMD: Can't find Oculus library dev build: is proper Runtime installed? Version: 0.8.0.0
[2016.01.09-03.16.34:247][  0]LogHMD: SteamVR failed to initialize.  Err: 110
[2016.01.09-03.16.34:326][  0]LogAIModule: Creating AISystem for world NewWorld
[2016.01.09-03.16.34:333][  0]LogInit: XAudio2 using 'Realtek HD Audio 2nd output (Realtek High Definition Audio)' : 8 channels at 48 kHz using 32 bits per sample (channel mask 0x63f)
[2016.01.09-03.16.34:380][  0]LogInit: FAudioDevice initialized.
[2016.01.09-03.16.34:395][  0]LogDerivedDataCache: Saved boot cache 0.01s 41MB C:/Users/NewPC/AppData/Local/UnrealEngine/4.10/DerivedDataCache/Boot.ddc.
[2016.01.09-03.16.34:398][  0]LogInit: Texture streaming: Enabled
[2016.01.09-03.16.34:402][  0]LogAnalytics: Creating configured Analytics provider AnalyticsET
[2016.01.09-03.16.34:402][  0]LogAnalytics: [UEEditor.Rocket.Release] APIServer = http://et2.epicgames.com/ET2/. AppVersion = 4.10.0-2758231+++depot+UE4-Releases+4.10
[2016.01.09-03.16.34:402][  0]LogAnalytics: [UEEditor.Rocket.Release] SetUserId c7bf1d8b40c7a484fa4816a5eb33937f|aeaa3af4045243359e0d8c4eedc51930|0e0e5735-b15e-448e-8a5a-22d7194580fe
[2016.01.09-03.16.34:402][  0]LogAnalytics: [UEEditor.Rocket.Release] AnalyticsET::StartSession
[2016.01.09-03.16.34:409][  0]LogWindowsTextInputMethodSystem:Display: IME system now deactivated.
[2016.01.09-03.16.34:422][  0]LogInit: Transaction tracking system initialized
[2016.01.09-03.16.34:441][  0]BlueprintLog: New page: Editor Load
[2016.01.09-03.16.34:496][  0]LocalizationService: Info Localization service is disabled
[2016.01.09-03.16.34:545][  0]LogConsoleResponse:Display: 
[2016.01.09-03.16.34:616][  0]LogCook:Display: Done creating registry. It took  0.00s.
[2016.01.09-03.16.34:653][  0]LogFileCache: Scanning file cache for directory 'D:/Program Files/GIT/github/UE4Projects/GroupProject/Content/' took 0.01s
[2016.01.09-03.16.34:653][  0]SourceControl: Info Source control is disabled
[2016.01.09-03.16.34:653][  0]Cmd: MAP LOAD FILE="D:/Program Files/GIT/github/UE4Projects/GroupProject/Content/Maps/TestingMap.umap" TEMPLATE=0 SHOWPROGRESS=1 FEATURELEVEL=3
[2016.01.09-03.16.34:653][  0]LightingResults: New page: Lighting Build
[2016.01.09-03.16.34:655][  0]MapCheck: New page: Map Check
[2016.01.09-03.16.34:655][  0]LightingResults: New page: Lighting Build
[2016.01.09-03.16.34:663][  0]LogParticles: Destroying 0 GPU particle simulations for FXSystem 0x0000026FD44E7B00
[2016.01.09-03.16.34:813][  0]LogAIModule: Creating AISystem for world TestingMap
[2016.01.09-03.16.34:817][  0]LogEditorServer: Finished looking for orphan Actors (0.000 secs)
[2016.01.09-03.16.34:817][  0]Cmd: MAP CHECKDEP NOCLEARLOG
[2016.01.09-03.16.34:841][  0]MapCheck: Info Map check complete: 0 Error(s), 0 Warning(s), took 23.655ms to complete.
[2016.01.09-03.16.34:841][  0]LogFileHelpers: Loading map 'TestingMap' took 0.188
[2016.01.09-03.16.34:931][  0]LogCollectionManager: Loaded 0 collections in 0.001999 seconds
[2016.01.09-03.16.34:968][  0]LogFileCache: Scanning file cache for directory 'D:/Program Files/GIT/github/UE4Projects/GroupProject/Saved/Collections/' took 0.01s
[2016.01.09-03.16.34:968][  0]LogFileCache: Scanning file cache for directory 'D:/Program Files/GIT/github/UE4Projects/GroupProject/Content/Developers/NewPC/Collections/' took 0.01s
[2016.01.09-03.16.34:968][  0]LogFileCache: Scanning file cache for directory 'D:/Program Files/GIT/github/UE4Projects/GroupProject/Content/Collections/' took 0.01s
[2016.01.09-03.16.34:968][  0]LogCollectionManager: Rebuilt the GUID cache for 0 collections in 0.000001 seconds
[2016.01.09-03.16.34:973][  0]LogContentBrowser: Native class hierarchy populated in 0.0047 seconds. Added 1893 classes and 338 folders.
[2016.01.09-03.16.34:977][  0]LogContentBrowser: Native class hierarchy updated for 'WidgetCarousel' in 0.0002 seconds. Added 0 classes and 0 folders.
[2016.01.09-03.16.35:001][  0]LogContentBrowser: Native class hierarchy updated for 'AddContentDialog' in 0.0002 seconds. Added 0 classes and 0 folders.
[2016.01.09-03.16.35:003][  0]LogContentBrowser: Native class hierarchy updated for 'SceneOutliner' in 0.0002 seconds. Added 1 classes and 2 folders.
[2016.01.09-03.16.35:036][  0]LogCrashTracker: Crashtracker disabled due to settings.
[2016.01.09-03.16.35:038][  0]LogUObjectGlobals:Warning: Failed to find object 'Class None.'
[2016.01.09-03.16.35:060][  0]LogLoad: Full Startup: 3.44 seconds (BP compile: 0.03 seconds)
[2016.01.09-03.16.35:076][  0]LogOcInput: Can't find Oculus library dev build: is proper Runtime installed? Version: 0.8.0.0
[2016.01.09-03.16.35:110][  0]LogContentStreaming: Texture pool size now 1000 MB
[2016.01.09-03.16.35:213][  0]LogRenderer: Reallocating scene render targets to support 1208x572 (Frame:2).
[2016.01.09-03.16.35:755][  2]LogAssetRegistry: Asset discovery search completed in 1.8231 seconds
[2016.01.09-03.16.35:755][  2]LogCollectionManager: Rebuilt the object cache for 0 collections in 0.000001 seconds (found 0 objects)
[2016.01.09-03.16.35:755][  2]LogCollectionManager: Fixed up redirectors for 0 collections in 0.000013 seconds (updated 0 objects)
[2016.01.09-03.16.42:774][106]LogLinker:Warning: Asset '../../../Engine/Content/ArtTools/RenderToTexture/Macros/RenderToTextureMacros.uasset' has been saved with empty engine version. The asset will be loaded but may be incompatible.
[2016.01.09-03.16.43:093][106]LogContentBrowser: Native class hierarchy updated for 'BlueprintGraph' in 0.0004 seconds. Added 107 classes and 0 folders.
[2016.01.09-03.16.43:358][106]LogPrimitiveComponent: Zero scaling not supported (/Engine/Transient.World_3:PersistentLevel.Car_C_0.StaticMesh)
[2016.01.09-03.16.43:358][106]LogPrimitiveComponent: Zero scaling not supported (/Engine/Transient.World_3:PersistentLevel.Car_C_0.StaticMesh1)
[2016.01.09-03.16.43:358][106]LogPrimitiveComponent: Zero scaling not supported (/Engine/Transient.World_3:PersistentLevel.Car_C_0.StaticMesh2)
[2016.01.09-03.16.43:358][106]LogPrimitiveComponent: Zero scaling not supported (/Engine/Transient.World_3:PersistentLevel.Car_C_0.StaticMesh3)
[2016.01.09-03.16.51:814][483]LogBlueprintUserMessages: Early PlayInEditor Detection: Level '/Game/Maps/TestingMap.TestingMap:PersistentLevel' has LevelScriptBlueprint '/Game/Maps/TestingMap.TestingMap:PersistentLevel.TestingMap' with GeneratedClass '/Game/Maps/TestingMap.TestingMap_C' with ClassGeneratedBy '/Game/Maps/TestingMap.TestingMap:PersistentLevel.TestingMap'
[2016.01.09-03.16.51:814][483]LogPlayLevel: PlayLevel: No blueprints needed recompiling
[2016.01.09-03.16.51:814][483]PIE: New page: SIE session: TestingMap (10 Jan 2016 1:16:51 am)
[2016.01.09-03.16.51:814][483]LogPlayLevel: Creating play world package: /Game/Maps/UEDPIE_0_TestingMap
[2016.01.09-03.16.51:816][483]LogPlayLevel: PIE: StaticDuplicateObject took: (0.001988s)
[2016.01.09-03.16.51:816][483]LogAIModule: Creating AISystem for world TestingMap
[2016.01.09-03.16.51:816][483]LogPlayLevel: PIE: World Init took: (0.000524s)
[2016.01.09-03.16.51:817][483]LogPlayLevel: PIE: Created PIE world by copying editor world from /Game/Maps/TestingMap.TestingMap to /Game/Maps/UEDPIE_0_TestingMap.TestingMap (0.002671s)
[2016.01.09-03.16.51:853][483]LogInit: XAudio2 using 'Realtek HD Audio 2nd output (Realtek High Definition Audio)' : 8 channels at 48 kHz using 32 bits per sample (channel mask 0x63f)
[2016.01.09-03.16.51:875][483]LogInit: FAudioDevice initialized.
[2016.01.09-03.16.51:925][483]LogWorld: Game class is 'TestingGameMode_C'
[2016.01.09-03.16.51:929][483]LogWorld: Bringing World /Game/Maps/UEDPIE_0_TestingMap.TestingMap up for play (max tick rate 0) at 2016.01.09-14.16.51
[2016.01.09-03.16.51:929][483]LogActor:Warning: GameSession /Game/Maps/UEDPIE_0_TestingMap.TestingMap:PersistentLevel.GameSession_0 has natively added scene component(s), but none of them were set as the actor's RootComponent - picking one arbitrarily
[2016.01.09-03.16.51:930][483]LogActor:Warning: GameNetworkManager /Game/Maps/UEDPIE_0_TestingMap.TestingMap:PersistentLevel.GameNetworkManager_0 has natively added scene component(s), but none of them were set as the actor's RootComponent - picking one arbitrarily
[2016.01.09-03.16.51:930][483]LogWorld: Bringing up level for play took: 0.002404
[2016.01.09-03.16.51:932][483]LogInit: WinSock: Socket queue 131072 / 131072
[2016.01.09-03.16.51:933][483]LogInit: WinSock: I am DESKTOP-O1OB1PS (10.1.1.10:0)
[2016.01.09-03.16.51:933][483]LogNet: GameNetDriver IpNetDriver_0 IpNetDriver listening on port 7777
[2016.01.09-03.16.51:936][483]LogPrimitiveComponent: Zero scaling not supported (/Game/Maps/UEDPIE_0_TestingMap.TestingMap:PersistentLevel.Car_C_1.StaticMesh)
[2016.01.09-03.16.51:936][483]LogPrimitiveComponent: Zero scaling not supported (/Game/Maps/UEDPIE_0_TestingMap.TestingMap:PersistentLevel.Car_C_1.StaticMesh1)
[2016.01.09-03.16.51:936][483]LogPrimitiveComponent: Zero scaling not supported (/Game/Maps/UEDPIE_0_TestingMap.TestingMap:PersistentLevel.Car_C_1.StaticMesh2)
[2016.01.09-03.16.51:936][483]LogPrimitiveComponent: Zero scaling not supported (/Game/Maps/UEDPIE_0_TestingMap.TestingMap:PersistentLevel.Car_C_1.StaticMesh3)
[2016.01.09-03.16.51:936][483]LogOutputDevice:Warning: 

Script Stack:
TestingMap_C.ExecuteUbergraph_TestingMap

[2016.01.09-03.16.51:936][483]LogWindows:Error: Windows GetLastError: The operation completed successfully. (0)
[2016.01.09-03.16.52:072][483]LogCrashTracker: 


[2016.01.09-03.16.52:072][483]LogCrashTracker: 


[2016.01.09-03.16.52:072][483]LogWindows:Error: === Critical error: ===
Assertion failed: !bHasBegunPlay [File:D:\BuildFarm\buildmachine_++depot+UE4-Releases+4.10\Engine\Source\Runtime\Engine\Private\Components\ActorComponent.cpp] [Line: 640] 





[2016.01.09-03.16.52:110][483]LogExit: Executing StaticShutdownAfterError
[2016.01.09-03.16.52:112][483]LogPhysics:Warning: PHYSX: ..\..\PhysX\src\NpScene.cpp (2946) 8 : PxScene::unlockWrite() called without matching call to PxScene::lockWrite(), behaviour will be undefined.
[2016.01.09-03.16.52:112][483]LogPhysics:Warning: PHYSX: ..\..\PhysX\src\NpScene.cpp (2946) 8 : PxScene::unlockWrite() called without matching call to PxScene::lockWrite(), behaviour will be undefined.
[2016.01.09-03.16.52:112][483]LogPhysics:Warning: PHYSX: ..\..\PhysX\src\NpScene.cpp (2946) 8 : PxScene::unlockWrite() called without matching call to PxScene::lockWrite(), behaviour will be undefined.
[2016.01.09-03.16.52:112][483]LogPhysics:Warning: PHYSX: ..\..\PhysX\src\NpScene.cpp (2946) 8 : PxScene::unlockWrite() called without matching call to PxScene::lockWrite(), behaviour will be undefined.
[2016.01.09-03.16.52:112][483]LogPhysics:Warning: PHYSX: ..\..\PhysX\src\NpScene.cpp (2946) 8 : PxScene::unlockWrite() called without matching call to PxScene::lockWrite(), behaviour will be undefined.
[2016.01.09-03.16.52:112][483]LogPhysics:Warning: PHYSX: ..\..\PhysX\src\NpScene.cpp (2946) 8 : PxScene::unlockWrite() called without matching call to PxScene::lockWrite(), behaviour will be undefined.
[2016.01.09-03.16.52:112][483]LogWindows: FPlatformMisc::RequestExit(1)
[2016.01.09-03.16.52:112][483]Log file closed, 01/09/16 14:16:52
