[2016.02.03-03.15.08:320][  0]Log file open, 02/03/16 14:15:08
[2016.02.03-03.15.08:320][  0]LogInit:Display: Running engine for game: GroupProject
[2016.02.03-03.15.08:320][  0]LogPlatformFile: Not using cached read wrapper
[2016.02.03-03.15.08:320][  0]LogInit:Display: RandInit(1495025091) SRandInit(1495025093).
[2016.02.03-03.15.08:320][  0]LogTaskGraph: Started task graph with 4 named threads and 7 total threads.
[2016.02.03-03.15.08:320][  0]LogStats: Stats thread started at 0.070150
[2016.02.03-03.15.08:320][  0]LogInit: Version: 4.10.2-2818068+++depot+UE4-Releases+4.10
[2016.02.03-03.15.08:320][  0]LogInit: API Version: 2758231
[2016.02.03-03.15.08:320][  0]LogInit: Compiled (64-bit): Jan  6 2016 17:36:42
[2016.02.03-03.15.08:320][  0]LogInit: Compiled with Visual C++: 19.00.23026.00
[2016.02.03-03.15.08:320][  0]LogInit: Build Configuration: Development
[2016.02.03-03.15.08:320][  0]LogInit: Branch Name: ++depot+UE4-Releases+4.10
[2016.02.03-03.15.08:320][  0]LogInit: Command line:  /Temp/Autosaves/Game/Maps/UEDPCTestingMap -game -PIEVIACONSOLE -ResX=1280 -ResY=720  -Multiprocess 
[2016.02.03-03.15.08:320][  0]LogInit: Base directory: C:/Program Files (x86)/Epic Games/4.10/Engine/Binaries/Win64/
[2016.02.03-03.15.08:320][  0]LogInit: Rocket: 1
[2016.02.03-03.15.08:330][  0]LogInit: Using libcurl 7.41.0
[2016.02.03-03.15.08:330][  0]LogInit:  - built for x86_64-pc-win32
[2016.02.03-03.15.08:330][  0]LogInit:  - supports SSL with WinSSL
[2016.02.03-03.15.08:330][  0]LogInit:  - other features:
[2016.02.03-03.15.08:330][  0]LogInit:      CURL_VERSION_SSL
[2016.02.03-03.15.08:330][  0]LogInit:      CURL_VERSION_IPV6
[2016.02.03-03.15.08:330][  0]LogInit:      CURL_VERSION_ASYNCHDNS
[2016.02.03-03.15.08:330][  0]LogInit:      CURL_VERSION_LARGEFILE
[2016.02.03-03.15.08:330][  0]LogInit:      CURL_VERSION_IDN
[2016.02.03-03.15.08:330][  0]LogInit:  CurlRequestOptions (configurable via config and command line):
[2016.02.03-03.15.08:330][  0]LogInit:  - bVerifyPeer = true  - Libcurl will verify peer certificate
[2016.02.03-03.15.08:330][  0]LogInit:  - bUseHttpProxy = false  - Libcurl will NOT use HTTP proxy
[2016.02.03-03.15.08:330][  0]LogInit:  - bDontReuseConnections = false  - Libcurl will reuse connections
[2016.02.03-03.15.08:330][  0]LogInit:  - CertBundlePath = nullptr  - Libcurl will use whatever was configured at build time.
[2016.02.03-03.15.08:336][  0]LogInit: Presizing for 0 objects not considered by GC, pre-allocating 0 bytes.
[2016.02.03-03.15.08:343][  0]LogInit: Object subsystem initialized
[2016.02.03-03.15.08:344][  0]LogInit: Selected Device Profile: [Windows]
[2016.02.03-03.15.08:344][  0]LogInit: Applying CVar settings loaded from the selected device profile: [Windows]
[2016.02.03-03.15.08:346][  0]LogInit: Computer: HARST-E0B24C
[2016.02.03-03.15.08:346][  0]LogInit: User: lochlanmckinno
[2016.02.03-03.15.08:346][  0]LogInit: CPU Page size=4096, Cores=4
[2016.02.03-03.15.08:346][  0]LogInit: High frequency timer resolution =3.410273 MHz
[2016.02.03-03.15.08:346][  0]LogMemory: Memory total: Physical=15.9GB (16GB approx)
[2016.02.03-03.15.08:346][  0]LogMemory: Platform Memory Stats for Windows
[2016.02.03-03.15.08:346][  0]LogMemory: Process Physical Memory: 57.66 MB used, 57.66 MB peak
[2016.02.03-03.15.08:346][  0]LogMemory: Process Virtual Memory: 61.50 MB used, 61.50 MB peak
[2016.02.03-03.15.08:346][  0]LogMemory: Physical Memory: 7048.12 MB used, 16301.11 MB total
[2016.02.03-03.15.08:346][  0]LogMemory: Virtual Memory: 352.32 MB used, 8388608.00 MB total
[2016.02.03-03.15.08:378][  0]LogTextLocalizationManager: No specific translations for ('en-US') exist, so ('en') translations will be used.
[2016.02.03-03.15.08:721][  0]LogD3D11RHI: Found D3D11 adapter 0: NVIDIA GeForce GTX 560  (Feature Level 11_0)
[2016.02.03-03.15.08:721][  0]LogD3D11RHI: Adapter has 979MB of dedicated video memory, 0MB of dedicated system memory, and 3071MB of shared system memory, 2 output[s]
[2016.02.03-03.15.08:725][  0]LogD3D11RHI: Found D3D11 adapter 1: Intel(R) HD Graphics 3000 (Feature Level 10_0)
[2016.02.03-03.15.08:725][  0]LogD3D11RHI: Adapter has 64MB of dedicated video memory, 0MB of dedicated system memory, and 1632MB of shared system memory, 0 output[s]
[2016.02.03-03.15.08:725][  0]LogD3D11RHI: Chosen D3D11 Adapter Id = 0
[2016.02.03-03.15.08:729][  0]LogD3D11RHI: !Direct3DDevice
[2016.02.03-03.15.08:729][  0]LogRHI: Texture pool is 685 MB (70% of 979 MB)
[2016.02.03-03.15.08:737][  0]LogD3D11RHI: Async texture creation enabled
[2016.02.03-03.15.08:751][  0]LogShaderCompilers: Guid format shader working directory is -28 characters bigger than the processId version (../../../../../../Users/lochlan.mckinno/Documents/GitHub/UE4Projects/GroupProject/Intermediate/Shaders/WorkingDirectory/5628/).
[2016.02.03-03.15.08:751][  0]LogShaderCompilers: Cleaned the shader compiler working directory 'C:/Users/LOCHLA~1.MCK/AppData/Local/Temp/UnrealShaderWorkingDir/4ECC9A104B5A9460803D6DB9A89CF903/'.
[2016.02.03-03.15.08:751][  0]LogShaderCompilers:Display: Using Local Shader Compiler.
[2016.02.03-03.15.09:482][  0]LogTemp:Display: Loaded TP AllDesktopTargetPlatform
[2016.02.03-03.15.09:486][  0]LogTemp:Display: Loaded TP WindowsClientTargetPlatform
[2016.02.03-03.15.09:490][  0]LogTemp:Display: Loaded TP WindowsNoEditorTargetPlatform
[2016.02.03-03.15.09:494][  0]LogTemp:Display: Loaded TP WindowsServerTargetPlatform
[2016.02.03-03.15.09:498][  0]LogTemp:Display: Loaded TP WindowsTargetPlatform
[2016.02.03-03.15.09:500][  0]LogTemp:Display: Loaded TP AndroidTargetPlatform
[2016.02.03-03.15.09:503][  0]LogTemp:Display: Loaded TP Android_ASTCTargetPlatform
[2016.02.03-03.15.09:506][  0]LogTemp:Display: Loaded TP Android_ATCTargetPlatform
[2016.02.03-03.15.09:508][  0]LogTemp:Display: Loaded TP Android_DXTTargetPlatform
[2016.02.03-03.15.09:511][  0]LogTemp:Display: Loaded TP Android_ETC1TargetPlatform
[2016.02.03-03.15.09:514][  0]LogTemp:Display: Loaded TP Android_ETC2TargetPlatform
[2016.02.03-03.15.09:520][  0]LogTemp:Display: Loaded TP Android_MultiTargetPlatform
[2016.02.03-03.15.09:520][  0]LogTemp:Display: Loaded TP Android_PVRTCTargetPlatform
[2016.02.03-03.15.09:521][  0]LogTemp:Display: Loaded TP HTML5TargetPlatform
[2016.02.03-03.15.09:536][  0]LogTemp:Display: Loaded TP IOSTargetPlatform
[2016.02.03-03.15.09:538][  0]LogTemp:Display: Loaded TP LinuxNoEditorTargetPlatform
[2016.02.03-03.15.09:541][  0]LogTemp:Display: Loaded TP LinuxServerTargetPlatform
[2016.02.03-03.15.09:543][  0]LogTemp:Display: Loaded TP LinuxTargetPlatform
[2016.02.03-03.15.09:543][  0]LogTargetPlatformManager:Display: Building Assets For Windows
[2016.02.03-03.15.09:612][  0]LogDerivedDataCache:Display: Max Cache Size: 512 MB
[2016.02.03-03.15.09:653][  0]LogDerivedDataCache: Loaded boot cache 0.04s 41MB C:/Users/lochlan.mckinno/AppData/Local/UnrealEngine/4.10/DerivedDataCache/Boot.ddc.
[2016.02.03-03.15.09:653][  0]LogDerivedDataCache:Display: Loaded Boot cache: C:/Users/lochlan.mckinno/AppData/Local/UnrealEngine/4.10/DerivedDataCache/Boot.ddc
[2016.02.03-03.15.09:653][  0]LogDerivedDataCache: FDerivedDataBackendGraph:  Pak pak cache file ../../../../../../Users/lochlan.mckinno/Documents/GitHub/UE4Projects/GroupProject/DerivedDataCache/DDC.ddp not found, will not use a pak cache.
[2016.02.03-03.15.09:653][  0]LogDerivedDataCache: Unable to find inner node Pak for hierarchical cache Hierarchy.
[2016.02.03-03.15.09:653][  0]LogDerivedDataCache: FDerivedDataBackendGraph:  CompressedPak pak cache file ../../../../../../Users/lochlan.mckinno/Documents/GitHub/UE4Projects/GroupProject/DerivedDataCache/Compressed.ddp not found, will not use a pak cache.
[2016.02.03-03.15.09:653][  0]LogDerivedDataCache: Unable to find inner node CompressedPak for hierarchical cache Hierarchy.
[2016.02.03-03.15.09:708][  0]LogDerivedDataCache:Display: Pak cache opened for reading ../../../Engine/DerivedDataCache/Compressed.ddp.
[2016.02.03-03.15.09:719][  0]LogDerivedDataCache: Using Local data cache path C:/Users/lochlan.mckinno/AppData/Local/UnrealEngine/Common/DerivedDataCache: Writable
[2016.02.03-03.15.09:895][  0]LogInit: Selected Device Profile: [Windows]
[2016.02.03-03.15.09:895][  0]LogContentStreaming: Texture pool size is 1000.000000MB
[2016.02.03-03.15.09:908][  0]LogMeshUtilities: No automatic mesh reduction module available
[2016.02.03-03.15.09:908][  0]LogMeshUtilities: No automatic mesh merging module available
[2016.02.03-03.15.10:172][  0]LogInit: WinSock: version 1.1 (2.2), MaxSocks=32767, MaxUdp=65467
[2016.02.03-03.15.10:348][  0]LogWindowsMoviePlayer: Unable to load movie: ../../../../../../Users/lochlan.mckinno/Documents/GitHub/UE4Projects/GroupProject/Content/Movies/Default_Startup.mp4
[2016.02.03-03.15.10:439][  0]SourceControl: Info Source control is disabled
[2016.02.03-03.15.10:439][  0]SourceControl: Info Source control is disabled
[2016.02.03-03.15.10:447][  0]SourceControl: Info Source control is disabled
[2016.02.03-03.15.10:595][  0]LogObj: 27935 objects as part of root set at end of initial load.
[2016.02.03-03.15.10:595][  0]LogUObjectAllocator: 5830064 out of 0 bytes used by permanent object pool.
[2016.02.03-03.15.10:647][  0]LogEngine: Initializing Engine...
[2016.02.03-03.15.10:649][  0]LogHMD: Can't find Oculus library dev build: is proper Runtime installed? Version: 0.8.0.0
[2016.02.03-03.15.10:650][  0]LogHMD: SteamVR failed to initialize.  Err: 110
[2016.02.03-03.15.10:749][  0]LogInit: XAudio2 using 'Realtek Digital Output(Optical) (Realtek High Definition Audio)' : 2 channels at 48 kHz using 16 bits per sample (channel mask 0x3)
[2016.02.03-03.15.10:756][  0]LogInit: FAudioDevice initialized.
[2016.02.03-03.15.10:761][  0]LogInit: Texture streaming: Enabled
[2016.02.03-03.15.10:823][  0]LogNet: Browse: /Temp/Autosaves/Game/Maps/UEDPCTestingMap?Name=Player
[2016.02.03-03.15.10:823][  0]LogLoad: LoadMap: /Temp/Autosaves/Game/Maps/UEDPCTestingMap?Name=Player
[2016.02.03-03.15.10:833][  0]LogParticles: Destroying 0 GPU particle simulations for FXSystem 0x0000000022A5EF20
[2016.02.03-03.15.10:841][  0]LogMemory: Platform Memory Stats for Windows
[2016.02.03-03.15.10:841][  0]LogMemory: Process Physical Memory: 378.41 MB used, 378.41 MB peak
[2016.02.03-03.15.10:841][  0]LogMemory: Process Virtual Memory: 452.40 MB used, 452.40 MB peak
[2016.02.03-03.15.10:841][  0]LogMemory: Physical Memory: 7316.70 MB used, 16301.11 MB total
[2016.02.03-03.15.10:841][  0]LogMemory: Virtual Memory: 968.03 MB used, 8388608.00 MB total
[2016.02.03-03.15.10:841][  0]LogMemory: 
[2016.02.03-03.15.10:841][  0]Allocator Stats for TBB: (not implemented)
[2016.02.03-03.15.11:035][  0]LogAIModule: Creating AISystem for world TestingMap
[2016.02.03-03.15.11:234][  0]LogWorld: Game class is 'TestingGameMode_C'
[2016.02.03-03.15.11:238][  0]LogWorld: Bringing World /Temp/Autosaves/Game/Maps/UEDPCTestingMap.TestingMap up for play (max tick rate 0) at 2016.02.03-14.15.11
[2016.02.03-03.15.11:238][  0]LogWorld: Bringing up level for play took: 0.003947
[2016.02.03-03.15.11:240][  0]LogPhysics:Warning: FBodyInstance::ApplyMaterialToShape_AssumesLocked : PComplexMats is empty - falling back on simple physical material.
[2016.02.03-03.15.11:240][  0]LogPhysics:Warning: FBodyInstance::ApplyMaterialToShape_AssumesLocked : PComplexMats is empty - falling back on simple physical material.
[2016.02.03-03.15.11:240][  0]LogPhysics:Warning: FBodyInstance::ApplyMaterialToShape_AssumesLocked : PComplexMats is empty - falling back on simple physical material.
[2016.02.03-03.15.11:240][  0]LogPhysics:Warning: FBodyInstance::ApplyMaterialToShape_AssumesLocked : PComplexMats is empty - falling back on simple physical material.
[2016.02.03-03.15.11:240][  0]LogPhysics:Warning: FBodyInstance::ApplyMaterialToShape_AssumesLocked : PComplexMats is empty - falling back on simple physical material.
[2016.02.03-03.15.11:240][  0]LogPrimitiveComponent: Zero scaling not supported (/Temp/Autosaves/Game/Maps/UEDPCTestingMap.TestingMap:PersistentLevel.Car_C_0.StaticMesh)
[2016.02.03-03.15.11:240][  0]LogPrimitiveComponent: Zero scaling not supported (/Temp/Autosaves/Game/Maps/UEDPCTestingMap.TestingMap:PersistentLevel.Car_C_0.StaticMesh1)
[2016.02.03-03.15.11:240][  0]LogPrimitiveComponent: Zero scaling not supported (/Temp/Autosaves/Game/Maps/UEDPCTestingMap.TestingMap:PersistentLevel.Car_C_0.StaticMesh2)
[2016.02.03-03.15.11:240][  0]LogPrimitiveComponent: Zero scaling not supported (/Temp/Autosaves/Game/Maps/UEDPCTestingMap.TestingMap:PersistentLevel.Car_C_0.StaticMesh3)
[2016.02.03-03.15.11:241][  0]LogPhysics:Warning: FBodyInstance::ApplyMaterialToShape_AssumesLocked : PComplexMats is empty - falling back on simple physical material.
[2016.02.03-03.15.11:241][  0]LogPhysics:Warning: FBodyInstance::ApplyMaterialToShape_AssumesLocked : PComplexMats is empty - falling back on simple physical material.
[2016.02.03-03.15.11:241][  0]LogPhysics:Warning: FBodyInstance::ApplyMaterialToShape_AssumesLocked : PComplexMats is empty - falling back on simple physical material.
[2016.02.03-03.15.11:241][  0]LogPhysics:Warning: FBodyInstance::ApplyMaterialToShape_AssumesLocked : PComplexMats is empty - falling back on simple physical material.
[2016.02.03-03.15.11:241][  0]LogPhysics:Warning: FBodyInstance::ApplyMaterialToShape_AssumesLocked : PComplexMats is empty - falling back on simple physical material.
[2016.02.03-03.15.11:241][  0]LogPrimitiveComponent: Zero scaling not supported (/Temp/Autosaves/Game/Maps/UEDPCTestingMap.TestingMap:PersistentLevel.Car_C_1.StaticMesh)
[2016.02.03-03.15.11:241][  0]LogPrimitiveComponent: Zero scaling not supported (/Temp/Autosaves/Game/Maps/UEDPCTestingMap.TestingMap:PersistentLevel.Car_C_1.StaticMesh1)
[2016.02.03-03.15.11:241][  0]LogPrimitiveComponent: Zero scaling not supported (/Temp/Autosaves/Game/Maps/UEDPCTestingMap.TestingMap:PersistentLevel.Car_C_1.StaticMesh2)
[2016.02.03-03.15.11:241][  0]LogPrimitiveComponent: Zero scaling not supported (/Temp/Autosaves/Game/Maps/UEDPCTestingMap.TestingMap:PersistentLevel.Car_C_1.StaticMesh3)
[2016.02.03-03.15.11:242][  0]LogSpawn:Warning: SpawnActor failed because of collision at the spawn location [X=-464.285 Y=451.141 Z=282.001] for [Car_C]
[2016.02.03-03.15.11:242][  0]LogPhysics:Warning: FBodyInstance::ApplyMaterialToShape_AssumesLocked : PComplexMats is empty - falling back on simple physical material.
[2016.02.03-03.15.11:242][  0]LogSpawn:Warning: SpawnActor failed because the spawned actor IsPendingKill
[2016.02.03-03.15.11:242][  0]LogGameMode:Warning: Couldn't spawn Pawn of type Car_C at PlayerStart
[2016.02.03-03.15.11:242][  0]LogInit:Display: Game Engine Initialized.
[2016.02.03-03.15.11:462][  0]LogLoad: Full Startup: 3.38 seconds (BP compile: 0.11 seconds)
[2016.02.03-03.15.11:482][  0]LogOcInput: Can't find Oculus library dev build: is proper Runtime installed? Version: 0.8.0.0
[2016.02.03-03.15.11:602][  2]LogRenderer: Reallocating scene render targets to support 1280x720 (Frame:2).
[2016.02.03-03.15.19:533][487]Set new viewmode: Wireframe
[2016.02.03-03.15.20:484][546]Set new viewmode: Wireframe
[2016.02.03-03.15.20:500][547]Set new viewmode: Unlit
[2016.02.03-03.15.20:903][572]Set new viewmode: Wireframe
[2016.02.03-03.15.21:290][596]Set new viewmode: Wireframe
[2016.02.03-03.15.21:291][596]Set new viewmode: Unlit
[2016.02.03-03.15.21:694][621]Set new viewmode: Unlit
[2016.02.03-03.15.21:920][635]Set new viewmode: Unlit
[2016.02.03-03.15.22:161][650]Set new viewmode: Lit
[2016.02.03-03.15.22:952][699]Set new viewmode: Unlit
[2016.02.03-03.15.23:258][718]Set new viewmode: Wireframe
[2016.02.03-03.15.23:500][733]Set new viewmode: Unlit
[2016.02.03-03.15.23:581][738]Set new viewmode: Lit
[2016.02.03-03.15.23:807][752]Set new viewmode: Wireframe
[2016.02.03-03.15.47:633][220]LogEngine: All Windows Closed
[2016.02.03-03.15.47:633][220]LogWindows: FPlatformMisc::RequestExit(0)
[2016.02.03-03.15.47:651][221]LogPhysics:Warning: FBodyInstance::ApplyMaterialToShape_AssumesLocked : PComplexMats is empty - falling back on simple physical material.
[2016.02.03-03.15.47:652][221]LogExit: Preparing to exit.
[2016.02.03-03.15.47:772][221]LogExit: Game engine shut down
[2016.02.03-03.15.47:773][221]LogParticles: Destroying 0 GPU particle simulations for FXSystem 0x000000000FC0BE20
[2016.02.03-03.15.47:886][221]LogExit: Object subsystem successfully closed.
[2016.02.03-03.15.47:900][221]LogD3D11RHI: Shutdown
[2016.02.03-03.15.47:900][221]LogD3D11RHI: CleanupD3DDevice
[2016.02.03-03.15.47:932][221]LogD3D11RHI: ~FD3D11DynamicRHI
[2016.02.03-03.15.47:942][221]LogModuleManager: Shutting down and abandoning module AndroidDeviceDetection (117)
[2016.02.03-03.15.48:471][221]LogModuleManager: Shutting down and abandoning module AutomationController (116)
[2016.02.03-03.15.48:471][221]LogModuleManager: Shutting down and abandoning module AutomationWorker (115)
[2016.02.03-03.15.48:471][221]LogModuleManager: Shutting down and abandoning module CharacterAI (114)
[2016.02.03-03.15.48:471][221]LogModuleManager: Shutting down and abandoning module AITestSuite (113)
[2016.02.03-03.15.48:471][221]LogModuleManager: Shutting down and abandoning module GameplayDebugger (112)
[2016.02.03-03.15.48:471][221]LogModuleManager: Shutting down and abandoning module AIModule (111)
[2016.02.03-03.15.48:471][221]LogModuleManager: Shutting down and abandoning module MovieSceneCapture (110)
[2016.02.03-03.15.48:471][221]LogModuleManager: Shutting down and abandoning module GameLiveStreaming (109)
[2016.02.03-03.15.48:471][221]LogModuleManager: Shutting down and abandoning module StreamingPauseRendering (108)
[2016.02.03-03.15.48:471][221]LogModuleManager: Shutting down and abandoning module ProfilerService (107)
[2016.02.03-03.15.48:603][221]LogModuleManager: Shutting down and abandoning module TaskGraph (106)
[2016.02.03-03.15.48:603][221]LogModuleManager: Shutting down and abandoning module SlateRemote (105)
[2016.02.03-03.15.48:603][221]LogModuleManager: Shutting down and abandoning module SteamVRController (104)
[2016.02.03-03.15.48:603][221]LogModuleManager: Shutting down and abandoning module SteamVR (103)
[2016.02.03-03.15.48:603][221]LogModuleManager: Shutting down and abandoning module ProceduralMeshComponent (102)
[2016.02.03-03.15.48:603][221]LogModuleManager: Shutting down and abandoning module OculusLibrary (101)
[2016.02.03-03.15.48:603][221]LogModuleManager: Shutting down and abandoning module OculusInput (100)
[2016.02.03-03.15.48:603][221]LogModuleManager: Shutting down and abandoning module LeapMotionController (99)
[2016.02.03-03.15.48:618][221]LogModuleManager: Shutting down and abandoning module CustomMeshComponent (98)
[2016.02.03-03.15.48:618][221]LogModuleManager: Shutting down and abandoning module CableComponent (97)
[2016.02.03-03.15.48:618][221]LogModuleManager: Shutting down and abandoning module ArchVisCharacter (96)
[2016.02.03-03.15.48:618][221]LogModuleManager: Shutting down and abandoning module HTML5Networking (95)
[2016.02.03-03.15.48:618][221]LogModuleManager: Shutting down and abandoning module DesktopPlatform (94)
[2016.02.03-03.15.48:618][221]LogModuleManager: Shutting down and abandoning module DirectoryWatcher (93)
[2016.02.03-03.15.48:618][221]LogModuleManager: Shutting down and abandoning module HotReload (92)
[2016.02.03-03.15.48:618][221]LogModuleManager: Shutting down and abandoning module VisualStudioSourceCodeAccess (91)
[2016.02.03-03.15.48:618][221]LogModuleManager: Shutting down and abandoning module UObjectPlugin (90)
[2016.02.03-03.15.48:618][221]LogModuleManager: Shutting down and abandoning module SubversionSourceControl (89)
[2016.02.03-03.15.48:619][221]LogModuleManager: Shutting down and abandoning module SourceControl (88)
[2016.02.03-03.15.48:619][221]LogModuleManager: Shutting down and abandoning module PerforceSourceControl (87)
[2016.02.03-03.15.48:619][221]LogModuleManager: Shutting down and abandoning module UdpMessaging (86)
[2016.02.03-03.15.48:619][221]LogModuleManager: Shutting down and abandoning module LightPropagationVolumeRuntime (85)
[2016.02.03-03.15.48:619][221]LogModuleManager: Shutting down and abandoning module Paper2D (84)
[2016.02.03-03.15.48:619][221]LogModuleManager: Shutting down and abandoning module WindowsMoviePlayer (83)
[2016.02.03-03.15.48:623][221]LogModuleManager: Shutting down and abandoning module Media (82)
[2016.02.03-03.15.48:623][221]LogModuleManager: Shutting down and abandoning module WmfMedia (81)
[2016.02.03-03.15.48:624][221]LogModuleManager: Shutting down and abandoning module OnlineBlueprintSupport (80)
[2016.02.03-03.15.48:624][221]LogModuleManager: Shutting down and abandoning module GameplayTasksEditor (79)
[2016.02.03-03.15.48:624][221]LogModuleManager: Shutting down and abandoning module PropertyEditor (78)
[2016.02.03-03.15.48:624][221]LogModuleManager: Shutting down and abandoning module BehaviorTreeEditor (77)
[2016.02.03-03.15.48:624][221]LogModuleManager: Shutting down and abandoning module FunctionalTesting (76)
[2016.02.03-03.15.48:624][221]LogModuleManager: Shutting down and abandoning module CollisionAnalyzer (75)
[2016.02.03-03.15.48:624][221]LogModuleManager: Shutting down and abandoning module WorkspaceMenuStructure (74)
[2016.02.03-03.15.48:624][221]LogModuleManager: Shutting down and abandoning module MessageLog (73)
[2016.02.03-03.15.48:624][221]LogModuleManager: Shutting down and abandoning module Sequencer (72)
[2016.02.03-03.15.48:624][221]LogModuleManager: Shutting down and abandoning module AssetTools (71)
[2016.02.03-03.15.48:624][221]LogModuleManager: Shutting down and abandoning module UMGEditor (70)
[2016.02.03-03.15.48:624][221]LogModuleManager: Shutting down and abandoning module UMG (69)
[2016.02.03-03.15.48:624][221]LogModuleManager: Shutting down and abandoning module Slate (68)
[2016.02.03-03.15.48:624][221]LogModuleManager: Shutting down and abandoning module EditorStyle (67)
[2016.02.03-03.15.48:628][221]LogModuleManager: Shutting down and abandoning module SessionServices (66)
[2016.02.03-03.15.48:628][221]LogModuleManager: Shutting down and abandoning module SourceCodeAccess (65)
[2016.02.03-03.15.48:628][221]LogModuleManager: Shutting down and abandoning module HeadMountedDisplay (64)
[2016.02.03-03.15.48:628][221]LogModuleManager: Shutting down and abandoning module XAudio2 (63)
[2016.02.03-03.15.48:628][221]LogModuleManager: Shutting down and abandoning module Networking (61)
[2016.02.03-03.15.48:628][221]LogModuleManager: Shutting down and abandoning module Core (60)
[2016.02.03-03.15.48:628][221]LogModuleManager: Shutting down and abandoning module KismetCompiler (59)
[2016.02.03-03.15.48:628][221]LogModuleManager: Shutting down and abandoning module PhysXFormats (58)
[2016.02.03-03.15.48:628][221]LogModuleManager: Shutting down and abandoning module MeshUtilities (57)
[2016.02.03-03.15.48:628][221]LogModuleManager: Shutting down and abandoning module DerivedDataCache (56)
[2016.02.03-03.15.48:709][221]LogDerivedDataCache: Shutdown
[2016.02.03-03.15.48:709][221]LogModuleManager: Shutting down and abandoning module ShaderFormatOpenGL (55)
[2016.02.03-03.15.48:709][221]LogModuleManager: Shutting down and abandoning module ShaderFormatD3D (54)
[2016.02.03-03.15.48:709][221]LogModuleManager: Shutting down and abandoning module MetalShaderFormat (53)
[2016.02.03-03.15.48:709][221]LogModuleManager: Shutting down and abandoning module TextureFormatUncompressed (52)
[2016.02.03-03.15.48:709][221]LogModuleManager: Shutting down and abandoning module TextureFormatPVR (51)
[2016.02.03-03.15.48:709][221]LogModuleManager: Shutting down and abandoning module TextureFormatIntelISPCTexComp (50)
[2016.02.03-03.15.48:709][221]LogModuleManager: Shutting down and abandoning module TextureFormatDXT (49)
[2016.02.03-03.15.48:709][221]LogModuleManager: Shutting down and abandoning module ImageWrapper (48)
[2016.02.03-03.15.48:709][221]LogModuleManager: Shutting down and abandoning module TextureFormatASTC (47)
[2016.02.03-03.15.48:709][221]LogModuleManager: Shutting down and abandoning module TextureFormatAndroid (46)
[2016.02.03-03.15.48:709][221]LogModuleManager: Shutting down and abandoning module AudioFormatOpus (45)
[2016.02.03-03.15.48:709][221]LogModuleManager: Shutting down and abandoning module AudioFormatOgg (44)
[2016.02.03-03.15.48:709][221]LogModuleManager: Shutting down and abandoning module AudioFormatADPCM (43)
[2016.02.03-03.15.48:709][221]LogModuleManager: Shutting down and abandoning module LinuxTargetPlatform (42)
[2016.02.03-03.15.48:709][221]LogModuleManager: Shutting down and abandoning module LinuxServerTargetPlatform (41)
[2016.02.03-03.15.48:709][221]LogModuleManager: Shutting down and abandoning module LinuxNoEditorTargetPlatform (40)
[2016.02.03-03.15.48:709][221]LogModuleManager: Shutting down and abandoning module Messaging (39)
[2016.02.03-03.15.48:709][221]LogModuleManager: Shutting down and abandoning module IOSTargetPlatform (38)
[2016.02.03-03.15.48:709][221]LogModuleManager: Shutting down and abandoning module HTML5TargetPlatform (37)
[2016.02.03-03.15.48:709][221]LogModuleManager: Shutting down and abandoning module Android_PVRTCTargetPlatform (36)
[2016.02.03-03.15.48:709][221]LogModuleManager: Shutting down and abandoning module Android_MultiTargetPlatform (35)
[2016.02.03-03.15.48:709][221]LogModuleManager: Shutting down and abandoning module Android_ETC2TargetPlatform (34)
[2016.02.03-03.15.48:709][221]LogModuleManager: Shutting down and abandoning module Android_ETC1TargetPlatform (33)
[2016.02.03-03.15.48:709][221]LogModuleManager: Shutting down and abandoning module Android_DXTTargetPlatform (32)
[2016.02.03-03.15.48:709][221]LogModuleManager: Shutting down and abandoning module Android_ATCTargetPlatform (31)
[2016.02.03-03.15.48:709][221]LogModuleManager: Shutting down and abandoning module Android_ASTCTargetPlatform (30)
[2016.02.03-03.15.48:709][221]LogModuleManager: Shutting down and abandoning module AndroidTargetPlatform (29)
[2016.02.03-03.15.48:709][221]LogModuleManager: Shutting down and abandoning module WindowsTargetPlatform (28)
[2016.02.03-03.15.48:709][221]LogModuleManager: Shutting down and abandoning module WindowsServerTargetPlatform (27)
[2016.02.03-03.15.48:709][221]LogModuleManager: Shutting down and abandoning module WindowsNoEditorTargetPlatform (26)
[2016.02.03-03.15.48:710][221]LogModuleManager: Shutting down and abandoning module WindowsClientTargetPlatform (25)
[2016.02.03-03.15.48:710][221]LogModuleManager: Shutting down and abandoning module AllDesktopTargetPlatform (24)
[2016.02.03-03.15.48:710][221]LogModuleManager: Shutting down and abandoning module TargetPlatform (23)
[2016.02.03-03.15.48:710][221]LogModuleManager: Shutting down and abandoning module InputCore (22)
[2016.02.03-03.15.48:710][221]LogModuleManager: Shutting down and abandoning module Settings (21)
[2016.02.03-03.15.48:710][221]LogModuleManager: Shutting down and abandoning module OnlineSubsystem (19)
[2016.02.03-03.15.48:710][221]LogModuleManager: Shutting down and abandoning module HTTP (18)
[2016.02.03-03.15.48:710][221]LogModuleManager: Shutting down and abandoning module XMPP (17)
[2016.02.03-03.15.48:710][221]LogModuleManager: Shutting down and abandoning module OculusRift (16)
[2016.02.03-03.15.48:710][221]LogModuleManager: Shutting down and abandoning module ExampleDeviceProfileSelector (15)
[2016.02.03-03.15.48:710][221]LogModuleManager: Shutting down and abandoning module TextureCompressor (14)
[2016.02.03-03.15.48:710][221]LogModuleManager: Shutting down and abandoning module ShaderCore (13)
[2016.02.03-03.15.48:710][221]LogModuleManager: Shutting down and abandoning module Landscape (12)
[2016.02.03-03.15.48:710][221]LogModuleManager: Shutting down and abandoning module SlateRHIRenderer (11)
[2016.02.03-03.15.48:710][221]LogModuleManager: Shutting down and abandoning module OpenGLDrv (10)
[2016.02.03-03.15.48:710][221]LogModuleManager: Shutting down and abandoning module D3D11RHI (9)
[2016.02.03-03.15.48:710][221]LogModuleManager: Shutting down and abandoning module AnimGraphRuntime (8)
[2016.02.03-03.15.48:710][221]LogModuleManager: Shutting down and abandoning module Renderer (7)
[2016.02.03-03.15.48:710][221]LogModuleManager: Shutting down and abandoning module Engine (6)
[2016.02.03-03.15.48:710][221]LogModuleManager: Shutting down and abandoning module CoreUObject (5)
[2016.02.03-03.15.48:710][221]LogModuleManager: Shutting down and abandoning module NetworkFile (4)
[2016.02.03-03.15.48:710][221]LogModuleManager: Shutting down and abandoning module StreamingFile (3)
[2016.02.03-03.15.48:710][221]LogModuleManager: Shutting down and abandoning module SandboxFile (2)
[2016.02.03-03.15.48:710][221]LogModuleManager: Shutting down and abandoning module PakFile (1)
[2016.02.03-03.15.48:711][221]LogExit: Exiting.
[2016.02.03-03.15.48:713][221]Log file closed, 02/03/16 14:15:48
