[2016.01.09-03.16.57:802][  0]Log file open, 01/09/16 14:16:57
[2016.01.09-03.16.57:802][  0]LogInit:Display: Running engine for game: GroupProject
[2016.01.09-03.16.57:802][  0]LogPlatformFile: Not using cached read wrapper
[2016.01.09-03.16.57:802][  0]LogInit:Display: RandInit(-695382290) SRandInit(-695382289).
[2016.01.09-03.16.57:802][  0]LogTaskGraph: Started task graph with 4 named threads and 7 total threads.
[2016.01.09-03.16.57:802][  0]LogStats: Stats thread started at 0.084649
[2016.01.09-03.16.57:802][  0]LogInit: Version: 4.10.0-2758231+++depot+UE4-Releases+4.10
[2016.01.09-03.16.57:802][  0]LogInit: API Version: 2758231
[2016.01.09-03.16.57:802][  0]LogInit: Compiled (64-bit): Nov  7 2015 05:13:45
[2016.01.09-03.16.57:802][  0]LogInit: Compiled with Visual C++: 19.00.23026.00
[2016.01.09-03.16.57:802][  0]LogInit: Build Configuration: Development
[2016.01.09-03.16.57:802][  0]LogInit: Branch Name: ++depot+UE4-Releases+4.10
[2016.01.09-03.16.57:802][  0]LogInit: Command line:  
[2016.01.09-03.16.57:802][  0]LogInit: Base directory: C:/Program Files (x86)/Epic Games/4.10/Engine/Binaries/Win64/
[2016.01.09-03.16.57:802][  0]LogInit: Rocket: 1
[2016.01.09-03.16.57:802][  0]LogInit: Using libcurl 7.41.0
[2016.01.09-03.16.57:802][  0]LogInit:  - built for x86_64-pc-win32
[2016.01.09-03.16.57:802][  0]LogInit:  - supports SSL with WinSSL
[2016.01.09-03.16.57:802][  0]LogInit:  - other features:
[2016.01.09-03.16.57:802][  0]LogInit:      CURL_VERSION_SSL
[2016.01.09-03.16.57:802][  0]LogInit:      CURL_VERSION_IPV6
[2016.01.09-03.16.57:802][  0]LogInit:      CURL_VERSION_ASYNCHDNS
[2016.01.09-03.16.57:802][  0]LogInit:      CURL_VERSION_LARGEFILE
[2016.01.09-03.16.57:802][  0]LogInit:      CURL_VERSION_IDN
[2016.01.09-03.16.57:802][  0]LogInit:  CurlRequestOptions (configurable via config and command line):
[2016.01.09-03.16.57:802][  0]LogInit:  - bVerifyPeer = true  - Libcurl will verify peer certificate
[2016.01.09-03.16.57:802][  0]LogInit:  - bUseHttpProxy = false  - Libcurl will NOT use HTTP proxy
[2016.01.09-03.16.57:802][  0]LogInit:  - bDontReuseConnections = false  - Libcurl will reuse connections
[2016.01.09-03.16.57:802][  0]LogInit:  - CertBundlePath = nullptr  - Libcurl will use whatever was configured at build time.
[2016.01.09-03.16.57:802][  0]LogInit: Presizing for 0 objects not considered by GC, pre-allocating 0 bytes.
[2016.01.09-03.16.57:802][  0]LogInit: Object subsystem initialized
[2016.01.09-03.16.57:818][  0]LogInit: Selected Device Profile: [Windows]
[2016.01.09-03.16.57:818][  0]LogInit: Applying CVar settings loaded from the selected device profile: [Windows]
[2016.01.09-03.16.57:823][  0]LogInit: Computer: DESKTOP-O1OB1PS
[2016.01.09-03.16.57:823][  0]LogInit: User: NewPC
[2016.01.09-03.16.57:823][  0]LogInit: CPU Page size=4096, Cores=4
[2016.01.09-03.16.57:823][  0]LogInit: High frequency timer resolution =3.914065 MHz
[2016.01.09-03.16.57:823][  0]LogMemory: Memory total: Physical=32.0GB (32GB approx)
[2016.01.09-03.16.57:823][  0]LogMemory: Platform Memory Stats for Windows
[2016.01.09-03.16.57:823][  0]LogMemory: Process Physical Memory: 55.77 MB used, 55.77 MB peak
[2016.01.09-03.16.57:823][  0]LogMemory: Process Virtual Memory: 56.71 MB used, 56.71 MB peak
[2016.01.09-03.16.57:823][  0]LogMemory: Physical Memory: 3359.21 MB used, 32720.44 MB total
[2016.01.09-03.16.57:823][  0]LogMemory: Virtual Memory: 382.46 MB used, 134217728.00 MB total
[2016.01.09-03.16.57:950][  0]LogTextLocalizationManager: No specific translations for ('en-AU') exist, so ('en') translations will be used.
[2016.01.09-03.16.58:231][  0]LogD3D11RHI: Found D3D11 adapter 0: NVIDIA GeForce GTX 980 Ti (Feature Level 11_0)
[2016.01.09-03.16.58:231][  0]LogD3D11RHI: Adapter has 6048MB of dedicated video memory, 0MB of dedicated system memory, and 16360MB of shared system memory, 1 output[s]
[2016.01.09-03.16.58:250][  0]LogD3D11RHI: Found D3D11 adapter 1: NVIDIA GeForce GTX 980 Ti (Feature Level 11_0)
[2016.01.09-03.16.58:250][  0]LogD3D11RHI: Adapter has 6048MB of dedicated video memory, 0MB of dedicated system memory, and 16360MB of shared system memory, 0 output[s]
[2016.01.09-03.16.58:251][  0]LogD3D11RHI: Found D3D11 adapter 2: Microsoft Basic Render Driver (Feature Level 11_0)
[2016.01.09-03.16.58:251][  0]LogD3D11RHI: Adapter has 0MB of dedicated video memory, 0MB of dedicated system memory, and 16360MB of shared system memory, 0 output[s]
[2016.01.09-03.16.58:251][  0]LogD3D11RHI: Chosen D3D11 Adapter Id = 0
[2016.01.09-03.16.58:254][  0]LogD3D11RHI: !Direct3DDevice
[2016.01.09-03.16.58:254][  0]LogRHI: Texture pool is 1361 MB (70% of 1945 MB)
[2016.01.09-03.16.58:262][  0]LogD3D11RHI: Async texture creation enabled
[2016.01.09-03.16.58:275][  0]LogShaderCompilers: Guid format shader working directory is -6 characters bigger than the processId version (D:/Program Files/GIT/github/UE4Projects/GroupProject/Intermediate/Shaders/WorkingDirectory/8148/).
[2016.01.09-03.16.58:275][  0]LogShaderCompilers: Cleaned the shader compiler working directory 'C:/Users/NewPC/AppData/Local/Temp/UnrealShaderWorkingDir/6C6B5FDB4E517C822C66A5BCAF14D09E/'.
[2016.01.09-03.16.58:275][  0]LogShaderCompilers:Display: Using Local Shader Compiler.
[2016.01.09-03.16.58:787][  0]LogTemp:Display: Loaded TP AllDesktopTargetPlatform
[2016.01.09-03.16.58:790][  0]LogTemp:Display: Loaded TP WindowsClientTargetPlatform
[2016.01.09-03.16.58:793][  0]LogTemp:Display: Loaded TP WindowsNoEditorTargetPlatform
[2016.01.09-03.16.58:796][  0]LogTemp:Display: Loaded TP WindowsServerTargetPlatform
[2016.01.09-03.16.58:799][  0]LogTemp:Display: Loaded TP WindowsTargetPlatform
[2016.01.09-03.16.58:801][  0]LogTemp:Display: Loaded TP AndroidTargetPlatform
[2016.01.09-03.16.58:803][  0]LogTemp:Display: Loaded TP Android_ASTCTargetPlatform
[2016.01.09-03.16.58:805][  0]LogTemp:Display: Loaded TP Android_ATCTargetPlatform
[2016.01.09-03.16.58:806][  0]LogTemp:Display: Loaded TP Android_DXTTargetPlatform
[2016.01.09-03.16.58:808][  0]LogTemp:Display: Loaded TP Android_ETC1TargetPlatform
[2016.01.09-03.16.58:810][  0]LogTemp:Display: Loaded TP Android_ETC2TargetPlatform
[2016.01.09-03.16.58:814][  0]LogTemp:Display: Loaded TP Android_MultiTargetPlatform
[2016.01.09-03.16.58:814][  0]LogTemp:Display: Loaded TP Android_PVRTCTargetPlatform
[2016.01.09-03.16.58:814][  0]LogTemp:Display: Loaded TP HTML5TargetPlatform
[2016.01.09-03.16.58:829][  0]LogTemp:Display: Loaded TP IOSTargetPlatform
[2016.01.09-03.16.58:831][  0]LogTemp:Display: Loaded TP LinuxNoEditorTargetPlatform
[2016.01.09-03.16.58:832][  0]LogTemp:Display: Loaded TP LinuxServerTargetPlatform
[2016.01.09-03.16.58:834][  0]LogTemp:Display: Loaded TP LinuxTargetPlatform
[2016.01.09-03.16.58:834][  0]LogTargetPlatformManager:Display: Building Assets For Windows
[2016.01.09-03.16.58:887][  0]LogDerivedDataCache:Display: Max Cache Size: 512 MB
[2016.01.09-03.16.58:915][  0]LogDerivedDataCache: Loaded boot cache 0.03s 41MB C:/Users/NewPC/AppData/Local/UnrealEngine/4.10/DerivedDataCache/Boot.ddc.
[2016.01.09-03.16.58:915][  0]LogDerivedDataCache:Display: Loaded Boot cache: C:/Users/NewPC/AppData/Local/UnrealEngine/4.10/DerivedDataCache/Boot.ddc
[2016.01.09-03.16.58:915][  0]LogDerivedDataCache: FDerivedDataBackendGraph:  Pak pak cache file D:/Program Files/GIT/github/UE4Projects/GroupProject/DerivedDataCache/DDC.ddp not found, will not use a pak cache.
[2016.01.09-03.16.58:915][  0]LogDerivedDataCache: Unable to find inner node Pak for hierarchical cache Hierarchy.
[2016.01.09-03.16.58:915][  0]LogDerivedDataCache: FDerivedDataBackendGraph:  CompressedPak pak cache file D:/Program Files/GIT/github/UE4Projects/GroupProject/DerivedDataCache/Compressed.ddp not found, will not use a pak cache.
[2016.01.09-03.16.58:915][  0]LogDerivedDataCache: Unable to find inner node CompressedPak for hierarchical cache Hierarchy.
[2016.01.09-03.16.58:953][  0]LogDerivedDataCache:Display: Pak cache opened for reading ../../../Engine/DerivedDataCache/Compressed.ddp.
[2016.01.09-03.16.58:965][  0]LogDerivedDataCache: Using Local data cache path C:/Users/NewPC/AppData/Local/UnrealEngine/Common/DerivedDataCache: Writable
[2016.01.09-03.16.59:073][  0]LogInit: Selected Device Profile: [Windows]
[2016.01.09-03.16.59:075][  0]LogContentStreaming: Texture pool size is 0.000000MB
[2016.01.09-03.16.59:142][  0]LogMeshUtilities: No automatic mesh reduction module available
[2016.01.09-03.16.59:142][  0]LogMeshUtilities: No automatic mesh merging module available
[2016.01.09-03.16.59:276][  0]LogInit: WinSock: version 1.1 (2.2), MaxSocks=32767, MaxUdp=65467
[2016.01.09-03.16.59:753][  0]UdpMessaging: Initializing bridge on interface 0.0.0.0:0 to multicast group 230.0.0.1:6666.
[2016.01.09-03.16.59:876][  0]LogAssetRegistry: FAssetRegistry took 0.0105 seconds to start up
[2016.01.09-03.16.59:978][  0]SourceControl: Info Source control is disabled
[2016.01.09-03.16.59:978][  0]SourceControl: Info Source control is disabled
[2016.01.09-03.16.59:985][  0]SourceControl: Info Source control is disabled
[2016.01.09-03.16.59:992][  0]SourceControl: Info Source control is disabled
[2016.01.09-03.17.00:131][  0]LogObj: 28633 objects as part of root set at end of initial load.
[2016.01.09-03.17.00:131][  0]LogUObjectAllocator: 6099744 out of 0 bytes used by permanent object pool.
[2016.01.09-03.17.00:170][  0]LogEngine: Initializing Engine...
[2016.01.09-03.17.00:171][  0]LogHMD: Can't find Oculus library dev build: is proper Runtime installed? Version: 0.8.0.0
[2016.01.09-03.17.00:172][  0]LogHMD: SteamVR failed to initialize.  Err: 110
[2016.01.09-03.17.00:251][  0]LogAIModule: Creating AISystem for world NewWorld
[2016.01.09-03.17.00:259][  0]LogInit: XAudio2 using 'Realtek HD Audio 2nd output (Realtek High Definition Audio)' : 8 channels at 48 kHz using 32 bits per sample (channel mask 0x63f)
[2016.01.09-03.17.00:304][  0]LogInit: FAudioDevice initialized.
[2016.01.09-03.17.00:320][  0]LogDerivedDataCache: Saved boot cache 0.02s 41MB C:/Users/NewPC/AppData/Local/UnrealEngine/4.10/DerivedDataCache/Boot.ddc.
[2016.01.09-03.17.00:322][  0]LogInit: Texture streaming: Enabled
[2016.01.09-03.17.00:326][  0]LogAnalytics: Creating configured Analytics provider AnalyticsET
[2016.01.09-03.17.00:326][  0]LogAnalytics: [UEEditor.Rocket.Release] APIServer = http://et2.epicgames.com/ET2/. AppVersion = 4.10.0-2758231+++depot+UE4-Releases+4.10
[2016.01.09-03.17.00:326][  0]LogAnalytics: [UEEditor.Rocket.Release] SetUserId c7bf1d8b40c7a484fa4816a5eb33937f|aeaa3af4045243359e0d8c4eedc51930|0e0e5735-b15e-448e-8a5a-22d7194580fe
[2016.01.09-03.17.00:326][  0]LogAnalytics: [UEEditor.Rocket.Release] AnalyticsET::StartSession
[2016.01.09-03.17.00:333][  0]LogWindowsTextInputMethodSystem:Display: IME system now deactivated.
[2016.01.09-03.17.00:347][  0]LogInit: Transaction tracking system initialized
[2016.01.09-03.17.00:367][  0]BlueprintLog: New page: Editor Load
[2016.01.09-03.17.00:418][  0]LocalizationService: Info Localization service is disabled
[2016.01.09-03.17.00:467][  0]LogConsoleResponse:Display: 
[2016.01.09-03.17.00:536][  0]LogCook:Display: Done creating registry. It took  0.00s.
[2016.01.09-03.17.00:575][  0]LogFileCache: Scanning file cache for directory 'D:/Program Files/GIT/github/UE4Projects/GroupProject/Content/' took 0.01s
[2016.01.09-03.17.00:575][  0]SourceControl: Info Source control is disabled
[2016.01.09-03.17.00:575][  0]Cmd: MAP LOAD FILE="D:/Program Files/GIT/github/UE4Projects/GroupProject/Content/Maps/TestingMap.umap" TEMPLATE=0 SHOWPROGRESS=1 FEATURELEVEL=3
[2016.01.09-03.17.00:575][  0]LightingResults: New page: Lighting Build
[2016.01.09-03.17.00:578][  0]MapCheck: New page: Map Check
[2016.01.09-03.17.00:578][  0]LightingResults: New page: Lighting Build
[2016.01.09-03.17.00:588][  0]LogParticles: Destroying 0 GPU particle simulations for FXSystem 0x000001A4E042BB00
[2016.01.09-03.17.00:733][  0]LogAIModule: Creating AISystem for world TestingMap
[2016.01.09-03.17.00:736][  0]LogEditorServer: Finished looking for orphan Actors (0.000 secs)
[2016.01.09-03.17.00:737][  0]Cmd: MAP CHECKDEP NOCLEARLOG
[2016.01.09-03.17.00:761][  0]MapCheck: Info Map check complete: 0 Error(s), 0 Warning(s), took 24.311ms to complete.
[2016.01.09-03.17.00:761][  0]LogFileHelpers: Loading map 'TestingMap' took 0.186
[2016.01.09-03.17.00:833][  0]LogCollectionManager: Loaded 0 collections in 0.001443 seconds
[2016.01.09-03.17.00:870][  0]LogFileCache: Scanning file cache for directory 'D:/Program Files/GIT/github/UE4Projects/GroupProject/Saved/Collections/' took 0.01s
[2016.01.09-03.17.00:870][  0]LogFileCache: Scanning file cache for directory 'D:/Program Files/GIT/github/UE4Projects/GroupProject/Content/Developers/NewPC/Collections/' took 0.01s
[2016.01.09-03.17.00:870][  0]LogFileCache: Scanning file cache for directory 'D:/Program Files/GIT/github/UE4Projects/GroupProject/Content/Collections/' took 0.01s
[2016.01.09-03.17.00:870][  0]LogCollectionManager: Rebuilt the GUID cache for 0 collections in 0.000001 seconds
[2016.01.09-03.17.00:875][  0]LogContentBrowser: Native class hierarchy populated in 0.0052 seconds. Added 1893 classes and 338 folders.
[2016.01.09-03.17.00:881][  0]LogContentBrowser: Native class hierarchy updated for 'WidgetCarousel' in 0.0003 seconds. Added 0 classes and 0 folders.
[2016.01.09-03.17.00:906][  0]LogContentBrowser: Native class hierarchy updated for 'AddContentDialog' in 0.0002 seconds. Added 0 classes and 0 folders.
[2016.01.09-03.17.00:909][  0]LogContentBrowser: Native class hierarchy updated for 'SceneOutliner' in 0.0002 seconds. Added 1 classes and 2 folders.
[2016.01.09-03.17.00:940][  0]LogCrashTracker: Crashtracker disabled due to settings.
[2016.01.09-03.17.00:942][  0]LogUObjectGlobals:Warning: Failed to find object 'Class None.'
[2016.01.09-03.17.00:964][  0]LogLoad: Full Startup: 3.55 seconds (BP compile: 0.03 seconds)
[2016.01.09-03.17.00:974][  0]LogOcInput: Can't find Oculus library dev build: is proper Runtime installed? Version: 0.8.0.0
[2016.01.09-03.17.01:009][  0]LogContentStreaming: Texture pool size now 1000 MB
[2016.01.09-03.17.01:113][  0]LogRenderer: Reallocating scene render targets to support 1208x572 (Frame:2).
[2016.01.09-03.17.01:199][  2]LogAssetRegistry: Asset discovery search completed in 1.3333 seconds
[2016.01.09-03.17.01:199][  2]LogCollectionManager: Rebuilt the object cache for 0 collections in 0.000001 seconds (found 0 objects)
[2016.01.09-03.17.01:199][  2]LogCollectionManager: Fixed up redirectors for 0 collections in 0.000013 seconds (updated 0 objects)
[2016.01.09-03.17.02:431][ 78]LogBlueprintUserMessages: Early PlayInEditor Detection: Level '/Game/Maps/TestingMap.TestingMap:PersistentLevel' has LevelScriptBlueprint '/Game/Maps/TestingMap.TestingMap:PersistentLevel.TestingMap' with GeneratedClass '/Game/Maps/TestingMap.TestingMap_C' with ClassGeneratedBy '/Game/Maps/TestingMap.TestingMap:PersistentLevel.TestingMap'
[2016.01.09-03.17.02:431][ 78]LogPlayLevel: PlayLevel: No blueprints needed recompiling
[2016.01.09-03.17.02:431][ 78]PIE: New page: SIE session: TestingMap (10 Jan 2016 1:17:02 am)
[2016.01.09-03.17.02:431][ 78]LogPlayLevel: Creating play world package: /Game/Maps/UEDPIE_0_TestingMap
[2016.01.09-03.17.02:434][ 78]LogPlayLevel: PIE: StaticDuplicateObject took: (0.002748s)
[2016.01.09-03.17.02:435][ 78]LogAIModule: Creating AISystem for world TestingMap
[2016.01.09-03.17.02:435][ 78]LogPlayLevel: PIE: World Init took: (0.000389s)
[2016.01.09-03.17.02:435][ 78]LogPlayLevel: PIE: Created PIE world by copying editor world from /Game/Maps/TestingMap.TestingMap to /Game/Maps/UEDPIE_0_TestingMap.TestingMap (0.003262s)
[2016.01.09-03.17.02:456][ 78]LogInit: XAudio2 using 'Realtek HD Audio 2nd output (Realtek High Definition Audio)' : 8 channels at 48 kHz using 32 bits per sample (channel mask 0x63f)
[2016.01.09-03.17.02:479][ 78]LogInit: FAudioDevice initialized.
[2016.01.09-03.17.02:674][ 78]LogWorld: Game class is 'TestingGameMode_C'
[2016.01.09-03.17.02:676][ 78]LogWorld: Bringing World /Game/Maps/UEDPIE_0_TestingMap.TestingMap up for play (max tick rate 0) at 2016.01.09-14.17.02
[2016.01.09-03.17.02:676][ 78]LogActor:Warning: GameSession /Game/Maps/UEDPIE_0_TestingMap.TestingMap:PersistentLevel.GameSession_0 has natively added scene component(s), but none of them were set as the actor's RootComponent - picking one arbitrarily
[2016.01.09-03.17.02:676][ 78]LogActor:Warning: GameNetworkManager /Game/Maps/UEDPIE_0_TestingMap.TestingMap:PersistentLevel.GameNetworkManager_0 has natively added scene component(s), but none of them were set as the actor's RootComponent - picking one arbitrarily
[2016.01.09-03.17.02:676][ 78]LogWorld: Bringing up level for play took: 0.001203
[2016.01.09-03.17.02:677][ 78]LogInit: WinSock: Socket queue 131072 / 131072
[2016.01.09-03.17.02:677][ 78]LogInit: WinSock: I am DESKTOP-O1OB1PS (10.1.1.10:0)
[2016.01.09-03.17.02:678][ 78]LogNet: GameNetDriver IpNetDriver_0 IpNetDriver listening on port 7777
[2016.01.09-03.17.02:679][ 78]LogPrimitiveComponent: Zero scaling not supported (/Game/Maps/UEDPIE_0_TestingMap.TestingMap:PersistentLevel.Car_C_0.StaticMesh)
[2016.01.09-03.17.02:679][ 78]LogPrimitiveComponent: Zero scaling not supported (/Game/Maps/UEDPIE_0_TestingMap.TestingMap:PersistentLevel.Car_C_0.StaticMesh1)
[2016.01.09-03.17.02:679][ 78]LogPrimitiveComponent: Zero scaling not supported (/Game/Maps/UEDPIE_0_TestingMap.TestingMap:PersistentLevel.Car_C_0.StaticMesh2)
[2016.01.09-03.17.02:679][ 78]LogPrimitiveComponent: Zero scaling not supported (/Game/Maps/UEDPIE_0_TestingMap.TestingMap:PersistentLevel.Car_C_0.StaticMesh3)
[2016.01.09-03.17.02:679][ 78]LogOutputDevice:Warning: 

Script Stack:
TestingMap_C.ExecuteUbergraph_TestingMap

[2016.01.09-03.17.02:679][ 78]LogWindows:Error: Windows GetLastError: The operation completed successfully. (0)
[2016.01.09-03.17.02:804][ 78]LogCrashTracker: 


[2016.01.09-03.17.02:804][ 78]LogCrashTracker: 


[2016.01.09-03.17.02:804][ 78]LogWindows:Error: === Critical error: ===
Assertion failed: !bHasBegunPlay [File:D:\BuildFarm\buildmachine_++depot+UE4-Releases+4.10\Engine\Source\Runtime\Engine\Private\Components\ActorComponent.cpp] [Line: 640] 





[2016.01.09-03.17.02:842][ 78]LogExit: Executing StaticShutdownAfterError
[2016.01.09-03.17.02:844][ 78]LogPhysics:Warning: PHYSX: ..\..\PhysX\src\NpScene.cpp (2946) 8 : PxScene::unlockWrite() called without matching call to PxScene::lockWrite(), behaviour will be undefined.
[2016.01.09-03.17.02:844][ 78]LogPhysics:Warning: PHYSX: ..\..\PhysX\src\NpScene.cpp (2946) 8 : PxScene::unlockWrite() called without matching call to PxScene::lockWrite(), behaviour will be undefined.
[2016.01.09-03.17.02:844][ 78]LogPhysics:Warning: PHYSX: ..\..\PhysX\src\NpScene.cpp (2946) 8 : PxScene::unlockWrite() called without matching call to PxScene::lockWrite(), behaviour will be undefined.
[2016.01.09-03.17.02:845][ 78]LogPhysics:Warning: PHYSX: ..\..\PhysX\src\NpScene.cpp (2946) 8 : PxScene::unlockWrite() called without matching call to PxScene::lockWrite(), behaviour will be undefined.
[2016.01.09-03.17.02:845][ 78]LogWindows: FPlatformMisc::RequestExit(1)
[2016.01.09-03.17.02:845][ 78]Log file closed, 01/09/16 14:17:02
