[2016.01.29-05.31.49:933][  0]Log file open, 01/29/16 16:31:49
[2016.01.29-05.31.49:933][  0]LogInit:Display: Running engine for game: GroupProject
[2016.01.29-05.31.49:933][  0]LogPlatformFile: Not using cached read wrapper
[2016.01.29-05.31.49:933][  0]LogInit:Display: RandInit(-1690967531) SRandInit(-1690967531).
[2016.01.29-05.31.49:933][  0]LogTaskGraph: Started task graph with 4 named threads and 7 total threads.
[2016.01.29-05.31.49:933][  0]LogStats: Stats thread started at 0.355999
[2016.01.29-05.31.49:933][  0]LogInit: Version: 4.10.1-2791327+++depot+UE4-Releases+4.10
[2016.01.29-05.31.49:933][  0]LogInit: API Version: 2758231
[2016.01.29-05.31.49:933][  0]LogInit: Compiled (64-bit): Dec  4 2015 19:44:40
[2016.01.29-05.31.49:933][  0]LogInit: Compiled with Visual C++: 19.00.23026.00
[2016.01.29-05.31.49:933][  0]LogInit: Build Configuration: Development
[2016.01.29-05.31.49:933][  0]LogInit: Branch Name: ++depot+UE4-Releases+4.10
[2016.01.29-05.31.49:933][  0]LogInit: Command line:  
[2016.01.29-05.31.49:933][  0]LogInit: Base directory: C:/Program Files/Epic Games/4.10/Engine/Binaries/Win64/
[2016.01.29-05.31.49:933][  0]LogInit: Rocket: 1
[2016.01.29-05.31.50:041][  0]LogInit: Using libcurl 7.41.0
[2016.01.29-05.31.50:041][  0]LogInit:  - built for x86_64-pc-win32
[2016.01.29-05.31.50:041][  0]LogInit:  - supports SSL with WinSSL
[2016.01.29-05.31.50:041][  0]LogInit:  - other features:
[2016.01.29-05.31.50:041][  0]LogInit:      CURL_VERSION_SSL
[2016.01.29-05.31.50:041][  0]LogInit:      CURL_VERSION_IPV6
[2016.01.29-05.31.50:041][  0]LogInit:      CURL_VERSION_ASYNCHDNS
[2016.01.29-05.31.50:041][  0]LogInit:      CURL_VERSION_LARGEFILE
[2016.01.29-05.31.50:041][  0]LogInit:      CURL_VERSION_IDN
[2016.01.29-05.31.50:041][  0]LogInit:  CurlRequestOptions (configurable via config and command line):
[2016.01.29-05.31.50:041][  0]LogInit:  - bVerifyPeer = true  - Libcurl will verify peer certificate
[2016.01.29-05.31.50:041][  0]LogInit:  - bUseHttpProxy = false  - Libcurl will NOT use HTTP proxy
[2016.01.29-05.31.50:041][  0]LogInit:  - bDontReuseConnections = false  - Libcurl will reuse connections
[2016.01.29-05.31.50:041][  0]LogInit:  - CertBundlePath = nullptr  - Libcurl will use whatever was configured at build time.
[2016.01.29-05.31.50:454][  0]LogInit: Presizing for 0 objects not considered by GC, pre-allocating 0 bytes.
[2016.01.29-05.31.50:459][  0]LogInit: Object subsystem initialized
[2016.01.29-05.31.50:459][  0]LogInit: Selected Device Profile: [Windows]
[2016.01.29-05.31.50:459][  0]LogInit: Applying CVar settings loaded from the selected device profile: [Windows]
[2016.01.29-05.31.50:564][  0]LogInit: Computer: DESKTOP-3USCU1J
[2016.01.29-05.31.50:564][  0]LogInit: User: Lochlan
[2016.01.29-05.31.50:564][  0]LogInit: CPU Page size=4096, Cores=4
[2016.01.29-05.31.50:564][  0]LogInit: High frequency timer resolution =3.416979 MHz
[2016.01.29-05.31.50:564][  0]LogMemory: Memory total: Physical=7.9GB (8GB approx)
[2016.01.29-05.31.50:564][  0]LogMemory: Platform Memory Stats for Windows
[2016.01.29-05.31.50:564][  0]LogMemory: Process Physical Memory: 55.76 MB used, 55.76 MB peak
[2016.01.29-05.31.50:564][  0]LogMemory: Process Virtual Memory: 58.70 MB used, 58.70 MB peak
[2016.01.29-05.31.50:564][  0]LogMemory: Physical Memory: 4622.89 MB used, 8111.29 MB total
[2016.01.29-05.31.50:564][  0]LogMemory: Virtual Memory: 384.03 MB used, 134217728.00 MB total
[2016.01.29-05.31.52:043][  0]LogTextLocalizationManager: No specific translations for ('en-AU') exist, so ('en') translations will be used.
[2016.01.29-05.31.52:513][  0]LogD3D11RHI: Found D3D11 adapter 0: NVIDIA GeForce GTX 960 (Feature Level 11_0)
[2016.01.29-05.31.52:513][  0]LogD3D11RHI: Adapter has 1969MB of dedicated video memory, 0MB of dedicated system memory, and 4055MB of shared system memory, 1 output[s]
[2016.01.29-05.31.52:514][  0]LogD3D11RHI: Found D3D11 adapter 1: Microsoft Basic Render Driver (Feature Level 11_0)
[2016.01.29-05.31.52:514][  0]LogD3D11RHI: Adapter has 0MB of dedicated video memory, 0MB of dedicated system memory, and 4055MB of shared system memory, 0 output[s]
[2016.01.29-05.31.52:514][  0]LogD3D11RHI: Chosen D3D11 Adapter Id = 0
[2016.01.29-05.31.52:518][  0]LogD3D11RHI: !Direct3DDevice
[2016.01.29-05.31.52:518][  0]LogRHI: Texture pool is 1361 MB (70% of 1945 MB)
[2016.01.29-05.31.52:529][  0]LogD3D11RHI: Async texture creation enabled
[2016.01.29-05.31.52:978][  0]LogShaderCompilers: Guid format shader working directory is -37 characters bigger than the processId version (../../../../../../Users/Lochlan/Documents/GitHub/UE4Projects/UE4Projects/GroupProject/Intermediate/Shaders/WorkingDirectory/6776/).
[2016.01.29-05.31.52:978][  0]LogShaderCompilers: Cleaned the shader compiler working directory 'C:/Users/Lochlan/AppData/Local/Temp/UnrealShaderWorkingDir/3412C6134B732D4F697E5EAE9008644D/'.
[2016.01.29-05.31.52:978][  0]LogShaderCompilers:Display: Using Local Shader Compiler.
[2016.01.29-05.31.59:331][  0]LogTemp:Display: Loaded TP AllDesktopTargetPlatform
[2016.01.29-05.31.59:356][  0]LogTemp:Display: Loaded TP WindowsClientTargetPlatform
[2016.01.29-05.31.59:362][  0]LogTemp:Display: Loaded TP WindowsNoEditorTargetPlatform
[2016.01.29-05.31.59:368][  0]LogTemp:Display: Loaded TP WindowsServerTargetPlatform
[2016.01.29-05.31.59:373][  0]LogTemp:Display: Loaded TP WindowsTargetPlatform
[2016.01.29-05.31.59:482][  0]LogTemp:Display: Loaded TP AndroidTargetPlatform
[2016.01.29-05.31.59:488][  0]LogTemp:Display: Loaded TP Android_ASTCTargetPlatform
[2016.01.29-05.31.59:496][  0]LogTemp:Display: Loaded TP Android_ATCTargetPlatform
[2016.01.29-05.31.59:511][  0]LogTemp:Display: Loaded TP Android_DXTTargetPlatform
[2016.01.29-05.31.59:516][  0]LogTemp:Display: Loaded TP Android_ETC1TargetPlatform
[2016.01.29-05.31.59:520][  0]LogTemp:Display: Loaded TP Android_ETC2TargetPlatform
[2016.01.29-05.31.59:534][  0]LogTemp:Display: Loaded TP Android_MultiTargetPlatform
[2016.01.29-05.31.59:534][  0]LogTemp:Display: Loaded TP Android_PVRTCTargetPlatform
[2016.01.29-05.31.59:535][  0]LogTemp:Display: Loaded TP HTML5TargetPlatform
[2016.01.29-05.31.59:853][  0]LogTemp:Display: Loaded TP IOSTargetPlatform
[2016.01.29-05.31.59:858][  0]LogTemp:Display: Loaded TP LinuxNoEditorTargetPlatform
[2016.01.29-05.31.59:865][  0]LogTemp:Display: Loaded TP LinuxServerTargetPlatform
[2016.01.29-05.31.59:898][  0]LogTemp:Display: Loaded TP LinuxTargetPlatform
[2016.01.29-05.31.59:898][  0]LogTargetPlatformManager:Display: Building Assets For Windows
[2016.01.29-05.32.03:252][  0]LogDerivedDataCache:Display: Max Cache Size: 512 MB
[2016.01.29-05.32.05:944][  0]LogDerivedDataCache: Loaded boot cache 2.63s 41MB C:/Users/Lochlan/AppData/Local/UnrealEngine/4.10/DerivedDataCache/Boot.ddc.
[2016.01.29-05.32.05:944][  0]LogDerivedDataCache:Display: Loaded Boot cache: C:/Users/Lochlan/AppData/Local/UnrealEngine/4.10/DerivedDataCache/Boot.ddc
[2016.01.29-05.32.05:944][  0]LogDerivedDataCache: FDerivedDataBackendGraph:  Pak pak cache file ../../../../../../Users/Lochlan/Documents/GitHub/UE4Projects/UE4Projects/GroupProject/DerivedDataCache/DDC.ddp not found, will not use a pak cache.
[2016.01.29-05.32.05:944][  0]LogDerivedDataCache: Unable to find inner node Pak for hierarchical cache Hierarchy.
[2016.01.29-05.32.05:944][  0]LogDerivedDataCache: FDerivedDataBackendGraph:  CompressedPak pak cache file ../../../../../../Users/Lochlan/Documents/GitHub/UE4Projects/UE4Projects/GroupProject/DerivedDataCache/Compressed.ddp not found, will not use a pak cache.
[2016.01.29-05.32.05:944][  0]LogDerivedDataCache: Unable to find inner node CompressedPak for hierarchical cache Hierarchy.
[2016.01.29-05.32.07:550][  0]LogDerivedDataCache:Display: Pak cache opened for reading ../../../Engine/DerivedDataCache/Compressed.ddp.
[2016.01.29-05.32.07:666][  0]LogDerivedDataCache: Using Local data cache path C:/Users/Lochlan/AppData/Local/UnrealEngine/Common/DerivedDataCache: Writable
[2016.01.29-05.33.01:560][  0]LogInit: Selected Device Profile: [Windows]
[2016.01.29-05.33.01:881][  0]LogContentStreaming: Texture pool size is 0.000000MB
[2016.01.29-05.33.06:318][  0]LogMeshUtilities: No automatic mesh reduction module available
[2016.01.29-05.33.06:318][  0]LogMeshUtilities: No automatic mesh merging module available
[2016.01.29-05.33.15:196][  0]LogInit: WinSock: version 1.1 (2.2), MaxSocks=32767, MaxUdp=65467
[2016.01.29-05.34.01:589][  0]UdpMessaging: Initializing bridge on interface 0.0.0.0:0 to multicast group 230.0.0.1:6666.
[2016.01.29-05.34.02:404][  0]LogAssetRegistry: FAssetRegistry took 0.0117 seconds to start up
[2016.01.29-05.34.08:483][  0]SourceControl: Info Source control is disabled
[2016.01.29-05.34.08:522][  0]SourceControl: Info Source control is disabled
[2016.01.29-05.34.08:749][  0]SourceControl: Info Source control is disabled
[2016.01.29-05.34.08:860][  0]SourceControl: Info Source control is disabled
[2016.01.29-05.34.13:021][  0]LogObj: 28633 objects as part of root set at end of initial load.
[2016.01.29-05.34.13:021][  0]LogUObjectAllocator: 6099752 out of 0 bytes used by permanent object pool.
[2016.01.29-05.34.17:121][  0]LogAutomationTest:Warning: Smoke tests took > 1s to run: 2.14s
[2016.01.29-05.34.17:441][  0]LogEngine: Initializing Engine...
[2016.01.29-05.34.17:568][  0]LogHMD: Can't find Oculus library dev build: is proper Runtime installed? Version: 0.8.0.0
[2016.01.29-05.34.17:785][  0]LogHMD: SteamVR failed to initialize.  Err: 110
[2016.01.29-05.34.21:582][  0]LogAIModule: Creating AISystem for world NewWorld
[2016.01.29-05.34.22:588][  0]LogInit: XAudio2 using 'Speakers (Realtek High Definition Audio)' : 2 channels at 48 kHz using 32 bits per sample (channel mask 0x3)
[2016.01.29-05.34.22:641][  0]LogInit: FAudioDevice initialized.
[2016.01.29-05.34.22:724][  0]LogDerivedDataCache: Saved boot cache 0.08s 41MB C:/Users/Lochlan/AppData/Local/UnrealEngine/4.10/DerivedDataCache/Boot.ddc.
[2016.01.29-05.34.22:729][  0]LogInit: Texture streaming: Enabled
[2016.01.29-05.34.22:964][  0]LogAnalytics: Creating configured Analytics provider AnalyticsET
[2016.01.29-05.34.22:964][  0]LogAnalytics: [UEEditor.Rocket.Release] APIServer = http://et2.epicgames.com/ET2/. AppVersion = 4.10.1-2791327+++depot+UE4-Releases+4.10
[2016.01.29-05.34.22:964][  0]LogAnalytics: [UEEditor.Rocket.Release] SetUserId 0b2213484ff761ae5347c8b31f955ce0|301fef3b08c942d8a99328d34c0005e3|d5672d47-2d16-4d76-b258-8aca51f281eb
[2016.01.29-05.34.23:006][  0]LogAnalytics: [UEEditor.Rocket.Release] AnalyticsET::StartSession
[2016.01.29-05.34.25:297][  0]LogInit: Transaction tracking system initialized
[2016.01.29-05.34.31:315][  0]BlueprintLog: New page: Editor Load
[2016.01.29-05.34.40:375][  0]LocalizationService: Info Localization service is disabled
[2016.01.29-05.34.47:471][  0]LogConsoleResponse:Display: 
[2016.01.29-05.34.56:913][  0]LogFileCache: Scanning file cache for directory 'C:/Users/Lochlan/Documents/GitHub/UE4Projects/UE4Projects/GroupProject/Content/' took 0.19s
[2016.01.29-05.34.56:913][  0]LogCook:Display: Done creating registry. It took  0.00s.
[2016.01.29-05.35.02:637][  0]SourceControl: Info Source control is disabled
[2016.01.29-05.35.03:004][  0]Cmd: MAP LOAD FILE="../../../../../../Users/Lochlan/Documents/GitHub/UE4Projects/UE4Projects/GroupProject/Content/Maps/TestingMap.umap" TEMPLATE=0 SHOWPROGRESS=1 FEATURELEVEL=3
[2016.01.29-05.35.03:497][  0]LightingResults: New page: Lighting Build
[2016.01.29-05.35.04:783][  0]MapCheck: New page: Map Check
[2016.01.29-05.35.04:783][  0]LightingResults: New page: Lighting Build
[2016.01.29-05.35.05:360][  0]LogParticles: Destroying 0 GPU particle simulations for FXSystem 0x00000140EF92A160
[2016.01.29-05.35.11:143][  0]LogAIModule: Creating AISystem for world TestingMap
[2016.01.29-05.35.14:969][  0]LogEditorServer: Finished looking for orphan Actors (0.036 secs)
[2016.01.29-05.35.15:493][  0]Cmd: MAP CHECKDEP NOCLEARLOG
[2016.01.29-05.35.15:750][  0]MapCheck: Info Map check complete: 0 Error(s), 0 Warning(s), took 256.983ms to complete.
[2016.01.29-05.35.15:784][  0]LogFileHelpers: Loading map 'TestingMap' took 12.937
[2016.01.29-05.35.24:885][  0]LogCollectionManager: Loaded 0 collections in 0.002221 seconds
[2016.01.29-05.35.25:909][  0]LogFileCache: Scanning file cache for directory 'C:/Users/Lochlan/Documents/GitHub/UE4Projects/UE4Projects/GroupProject/Saved/Collections/' took 0.01s
[2016.01.29-05.35.25:909][  0]LogFileCache: Scanning file cache for directory 'C:/Users/Lochlan/Documents/GitHub/UE4Projects/UE4Projects/GroupProject/Content/Developers/Lochlan/Collections/' took 0.01s
[2016.01.29-05.35.25:909][  0]LogFileCache: Scanning file cache for directory 'C:/Users/Lochlan/Documents/GitHub/UE4Projects/UE4Projects/GroupProject/Content/Collections/' took 0.01s
[2016.01.29-05.35.25:909][  0]LogCollectionManager: Rebuilt the GUID cache for 0 collections in 0.000003 seconds
[2016.01.29-05.35.26:062][  0]LogContentBrowser: Native class hierarchy populated in 0.1125 seconds. Added 1893 classes and 338 folders.
[2016.01.29-05.35.26:562][  0]LogContentBrowser: Native class hierarchy updated for 'WidgetCarousel' in 0.0003 seconds. Added 0 classes and 0 folders.
[2016.01.29-05.35.33:552][  0]LogContentBrowser: Native class hierarchy updated for 'AddContentDialog' in 0.0004 seconds. Added 0 classes and 0 folders.
[2016.01.29-05.35.34:087][  0]LogContentBrowser: Native class hierarchy updated for 'SceneOutliner' in 0.0004 seconds. Added 1 classes and 2 folders.
[2016.01.29-05.35.35:504][  0]LogCrashTracker: Crashtracker disabled due to settings.
[2016.01.29-05.35.36:811][  0]LogLoad: Full Startup: 231.46 seconds (BP compile: 2.12 seconds)
[2016.01.29-05.35.37:248][  0]LogOcInput: Can't find Oculus library dev build: is proper Runtime installed? Version: 0.8.0.0
[2016.01.29-05.35.39:258][  0]LogContentStreaming: Texture pool size now 1000 MB
[2016.01.29-05.35.40:722][  0]LogRenderer: Reallocating scene render targets to support 1208x572 (Frame:2).
[2016.01.29-05.35.44:744][  7]LogAssetRegistry: Asset discovery search completed in 102.3516 seconds
[2016.01.29-05.35.44:760][  7]LogCollectionManager: Rebuilt the object cache for 0 collections in 0.000001 seconds (found 0 objects)
[2016.01.29-05.35.44:761][  7]LogCollectionManager: Fixed up redirectors for 0 collections in 0.016251 seconds (updated 0 objects)
[2016.01.29-05.37.33:145][938]LogStaticMesh: Building static mesh m_terrain_GRP_Terrain_01...
[2016.01.29-05.37.33:187][938]LogStaticMesh: Built static mesh [0.063654.2s] /Game/Blueprints/Environment/m_terrain_GRP_Terrain_01.m_terrain_GRP_Terrain_01
[2016.01.29-05.37.33:540][939]LogActorFactory: Actor Factory created m_terrain_GRP_Terrain_01
[2016.01.29-05.37.34:659][ 37]LogActorFactory: Actor Factory created m_terrain_GRP_Terrain_01
[2016.01.29-05.37.35:597][ 37]LogEditorViewport: Clicking on Actor (context menu): BP_Sky_Sphere_C (Sky Sphere)
[2016.01.29-05.37.43:982][929]LogEditorViewport: Clicking on Actor (LMB): StaticMeshActor (m_terrain_GRP_Terrain_01)
[2016.01.29-05.37.51:703][738]LogStaticMesh: Building static mesh m_terrain_GRP_Terrain_02...
[2016.01.29-05.37.51:711][738]LogStaticMesh: Built static mesh [0.008216.2s] /Game/Blueprints/Environment/m_terrain_GRP_Terrain_02.m_terrain_GRP_Terrain_02
[2016.01.29-05.37.52:016][767]LogActorFactory: Actor Factory created m_terrain_GRP_Terrain_02
[2016.01.29-05.37.52:642][840]LogActorFactory: Actor Factory created m_terrain_GRP_Terrain_02
[2016.01.29-05.37.57:031][343]LogEditorViewport: Clicking on Actor (LMB): StaticMeshActor (m_terrain_GRP_Terrain_02)
[2016.01.29-05.38.05:895][327]Cmd: POLY SELECT MEMORY UNION
[2016.01.29-05.38.22:099][205]LogStaticMesh: Building static mesh m_terrain_GRP_Terrain_03...
[2016.01.29-05.38.22:107][205]LogStaticMesh: Built static mesh [0.023261.2s] /Game/Blueprints/Environment/m_terrain_GRP_Terrain_03.m_terrain_GRP_Terrain_03
[2016.01.29-05.38.22:257][219]LogActorFactory: Actor Factory created m_terrain_GRP_Terrain_03
[2016.01.29-05.38.25:347][578]LogActorFactory: Actor Factory created m_terrain_GRP_Terrain_03
[2016.01.29-05.38.33:117][381]LogStaticMesh: Building static mesh m_bridge_GRP_Bridge_Lrg_02...
[2016.01.29-05.38.33:125][381]LogStaticMesh: Built static mesh [0.015937.2s] /Game/Blueprints/Environment/m_bridge_GRP_Bridge_Lrg_02.m_bridge_GRP_Bridge_Lrg_02
[2016.01.29-05.38.33:430][415]LogActorFactory: Actor Factory created m_bridge_GRP_Bridge_Lrg_02
[2016.01.29-05.38.35:611][662]LogActorFactory: Actor Factory created m_bridge_GRP_Bridge_Lrg_02
[2016.01.29-05.38.37:447][856]LogStaticMesh: Building static mesh m_bridge_GRP_Bridge_Sml_01...
[2016.01.29-05.38.37:457][856]LogStaticMesh: Built static mesh [0.010074.2s] /Game/Blueprints/Environment/m_bridge_GRP_Bridge_Sml_01.m_bridge_GRP_Bridge_Sml_01
[2016.01.29-05.38.37:786][893]LogActorFactory: Actor Factory created m_bridge_GRP_Bridge_Sml_01
[2016.01.29-05.38.39:736][113]LogActorFactory: Actor Factory created m_bridge_GRP_Bridge_Sml_01
[2016.01.29-05.38.41:974][310]LogStaticMesh: Building static mesh m_bridge_GRP_Bridge_Lrg_01...
[2016.01.29-05.38.41:980][310]LogStaticMesh: Built static mesh [0.005688.2s] /Game/Blueprints/Environment/m_bridge_GRP_Bridge_Lrg_01.m_bridge_GRP_Bridge_Lrg_01
[2016.01.29-05.38.42:085][321]LogActorFactory: Actor Factory created m_bridge_GRP_Bridge_Lrg_01
[2016.01.29-05.38.45:518][695]LogActorFactory: Actor Factory created m_bridge_GRP_Bridge_Lrg_02
[2016.01.29-05.38.47:972][958]LogActorFactory: Actor Factory created m_bridge_GRP_Bridge_Lrg_01
[2016.01.29-05.38.49:436][121]LogActorFactory: Actor Factory created m_bridge_GRP_Bridge_Lrg_01
[2016.01.29-05.38.52:066][407]LogStaticMesh: Building static mesh m_StartLine...
[2016.01.29-05.38.52:073][407]LogStaticMesh: Built static mesh [0.006772.2s] /Game/Blueprints/Environment/m_StartLine.m_StartLine
[2016.01.29-05.38.52:172][409]LogActorFactory: Actor Factory created m_StartLine
[2016.01.29-05.38.53:723][588]LogActorFactory: Actor Factory created m_StartLine
[2016.01.29-05.39.03:833][492]LogWindowsTextInputMethodSystem:Display: IME system now deactivated.
[2016.01.29-05.39.04:222][493]Cmd: QUIT_EDITOR
[2016.01.29-05.39.04:721][493]LogExit: Preparing to exit.
[2016.01.29-05.39.06:235][493]LogExit: Editor shut down
[2016.01.29-05.39.06:236][493]LogExit: Transaction tracking system shut down
[2016.01.29-05.39.06:282][493]LogParticles: Destroying 0 GPU particle simulations for FXSystem 0x00000140E14DC9A0
[2016.01.29-05.39.06:282][493]LogParticles: Destroying 0 GPU particle simulations for FXSystem 0x00000140FC2E8A40
[2016.01.29-05.39.06:282][493]LogParticles: Destroying 0 GPU particle simulations for FXSystem 0x00000140FC475260
[2016.01.29-05.39.06:282][493]LogParticles: Destroying 0 GPU particle simulations for FXSystem 0x00000140860E9C60
[2016.01.29-05.39.06:282][493]LogParticles: Destroying 0 GPU particle simulations for FXSystem 0x000001409962FB00
[2016.01.29-05.39.07:584][493]LogExit: Object subsystem successfully closed.
[2016.01.29-05.39.07:747][493]LogD3D11RHI: Shutdown
[2016.01.29-05.39.07:747][493]LogD3D11RHI: CleanupD3DDevice
[2016.01.29-05.39.09:295][493]LogD3D11RHI: ~FD3D11DynamicRHI
[2016.01.29-05.39.10:122][493]LogModuleManager: Shutting down and abandoning module CrashTracker (198)
[2016.01.29-05.39.10:122][493]LogModuleManager: Shutting down and abandoning module SceneOutliner (197)
[2016.01.29-05.39.10:122][493]LogModuleManager: Shutting down and abandoning module SuperSearch (196)
[2016.01.29-05.39.10:122][493]LogModuleManager: Shutting down and abandoning module WidgetCarousel (195)
[2016.01.29-05.39.10:163][493]LogModuleManager: Shutting down and abandoning module AddContentDialog (194)
[2016.01.29-05.39.10:193][493]LogModuleManager: Shutting down and abandoning module EditorWidgets (193)
[2016.01.29-05.39.10:193][493]LogModuleManager: Shutting down and abandoning module CollectionManager (192)
[2016.01.29-05.39.10:221][493]LogModuleManager: Shutting down and abandoning module StatsViewer (191)
[2016.01.29-05.39.10:222][493]LogModuleManager: Shutting down and abandoning module FoliageEdit (190)
[2016.01.29-05.39.10:222][493]LogModuleManager: Shutting down and abandoning module LandscapeEditor (189)
[2016.01.29-05.39.10:259][493]LogModuleManager: Shutting down and abandoning module ActorPickerMode (188)
[2016.01.29-05.39.10:259][493]LogModuleManager: Shutting down and abandoning module GeometryMode (187)
[2016.01.29-05.39.10:259][493]LogModuleManager: Shutting down and abandoning module TextureAlignMode (186)
[2016.01.29-05.39.10:259][493]LogModuleManager: Shutting down and abandoning module BspMode (185)
[2016.01.29-05.39.10:259][493]LogModuleManager: Shutting down and abandoning module PlacementMode (184)
[2016.01.29-05.39.10:259][493]LogModuleManager: Shutting down and abandoning module AutomationWorker (183)
[2016.01.29-05.39.10:259][493]LogModuleManager: Shutting down and abandoning module CharacterAI (182)
[2016.01.29-05.39.10:259][493]LogModuleManager: Shutting down and abandoning module SmartSnapping (181)
[2016.01.29-05.39.10:259][493]LogModuleManager: Shutting down and abandoning module ViewportSnapping (180)
[2016.01.29-05.39.10:259][493]LogModuleManager: Shutting down and abandoning module LogVisualizer (179)
[2016.01.29-05.39.10:278][493]LogModuleManager: Shutting down and abandoning module GameProjectGeneration (178)
[2016.01.29-05.39.10:331][493]LogModuleManager: Shutting down and abandoning module IntroTutorials (177)
[2016.01.29-05.39.10:351][493]LogModuleManager: Shutting down and abandoning module EditorLiveStreaming (176)
[2016.01.29-05.39.10:351][493]LogModuleManager: Shutting down and abandoning module IOSPlatformEditor (175)
[2016.01.29-05.39.10:360][493]LogModuleManager: Shutting down and abandoning module HTML5PlatformEditor (174)
[2016.01.29-05.39.10:360][493]LogModuleManager: Shutting down and abandoning module AndroidDeviceDetection (173)
[2016.01.29-05.39.11:246][493]LogModuleManager: Shutting down and abandoning module AndroidPlatformEditor (172)
[2016.01.29-05.39.11:246][493]LogModuleManager: Shutting down and abandoning module IOSRuntimeSettings (171)
[2016.01.29-05.39.11:246][493]LogModuleManager: Shutting down and abandoning module AndroidRuntimeSettings (170)
[2016.01.29-05.39.11:246][493]LogModuleManager: Shutting down and abandoning module MergeActors (169)
[2016.01.29-05.39.11:264][493]LogModuleManager: Shutting down and abandoning module SizeMap (168)
[2016.01.29-05.39.11:264][493]LogModuleManager: Shutting down and abandoning module TreeMap (167)
[2016.01.29-05.39.11:264][493]LogModuleManager: Shutting down and abandoning module ReferenceViewer (166)
[2016.01.29-05.39.11:265][493]LogModuleManager: Shutting down and abandoning module LocalizationService (165)
[2016.01.29-05.39.11:265][493]LogModuleManager: Shutting down and abandoning module LocalizationDashboard (164)
[2016.01.29-05.39.11:276][493]LogModuleManager: Shutting down and abandoning module HardwareTargeting (163)
[2016.01.29-05.39.11:284][493]LogModuleManager: Shutting down and abandoning module DeviceProfileEditor (162)
[2016.01.29-05.39.11:298][493]LogModuleManager: Shutting down and abandoning module UndoHistory (161)
[2016.01.29-05.39.11:298][493]LogModuleManager: Shutting down and abandoning module GameplayTagsEditor (160)
[2016.01.29-05.39.11:312][493]LogModuleManager: Shutting down and abandoning module UserFeedback (159)
[2016.01.29-05.39.11:312][493]LogModuleManager: Shutting down and abandoning module XmlParser (158)
[2016.01.29-05.39.11:312][493]LogModuleManager: Shutting down and abandoning module Blutility (157)
[2016.01.29-05.39.11:312][493]LogModuleManager: Shutting down and abandoning module ProjectTargetPlatformEditor (156)
[2016.01.29-05.39.11:319][493]LogModuleManager: Shutting down and abandoning module ProjectSettingsViewer (155)
[2016.01.29-05.39.11:319][493]LogModuleManager: Shutting down and abandoning module InputBindingEditor (154)
[2016.01.29-05.39.11:334][493]LogModuleManager: Shutting down and abandoning module EditorSettingsViewer (153)
[2016.01.29-05.39.11:334][493]LogModuleManager: Shutting down and abandoning module SettingsEditor (152)
[2016.01.29-05.39.11:350][493]LogModuleManager: Shutting down and abandoning module ProjectLauncher (151)
[2016.01.29-05.39.11:362][493]LogModuleManager: Shutting down and abandoning module SessionFrontend (150)
[2016.01.29-05.39.11:369][493]LogModuleManager: Shutting down and abandoning module ProfilerClient (149)
[2016.01.29-05.39.11:391][493]LogModuleManager: Shutting down and abandoning module TargetDeviceServices (148)
[2016.01.29-05.39.11:400][493]LogModuleManager: Shutting down and abandoning module DeviceManager (147)
[2016.01.29-05.39.11:408][493]LogModuleManager: Shutting down and abandoning module AutomationController (146)
[2016.01.29-05.39.11:412][493]LogModuleManager: Shutting down and abandoning module AutomationWindow (145)
[2016.01.29-05.39.11:421][493]LogModuleManager: Shutting down and abandoning module Layers (144)
[2016.01.29-05.39.11:440][493]LogModuleManager: Shutting down and abandoning module ComponentVisualizers (143)
[2016.01.29-05.39.11:440][493]LogModuleManager: Shutting down and abandoning module DetailCustomizations (142)
[2016.01.29-05.39.11:440][493]LogModuleManager: Shutting down and abandoning module PackagesDialog (141)
[2016.01.29-05.39.11:441][493]LogModuleManager: Shutting down and abandoning module Persona (140)
[2016.01.29-05.39.11:482][493]LogModuleManager: Shutting down and abandoning module Kismet (139)
[2016.01.29-05.39.11:489][493]LogModuleManager: Shutting down and abandoning module GraphEditor (138)
[2016.01.29-05.39.11:541][493]LogModuleManager: Shutting down and abandoning module ClassViewer (137)
[2016.01.29-05.39.11:553][493]LogModuleManager: Shutting down and abandoning module Toolbox (136)
[2016.01.29-05.39.11:553][493]LogModuleManager: Shutting down and abandoning module ModuleUI (135)
[2016.01.29-05.39.11:582][493]LogModuleManager: Shutting down and abandoning module MovieSceneTools (134)
[2016.01.29-05.39.11:592][493]LogModuleManager: Shutting down and abandoning module OutputLog (133)
[2016.01.29-05.39.11:592][493]LogModuleManager: Shutting down and abandoning module GammaUI (132)
[2016.01.29-05.39.11:599][493]LogModuleManager: Shutting down and abandoning module Documentation (131)
[2016.01.29-05.39.11:599][493]LogModuleManager: Shutting down and abandoning module GameLiveStreaming (130)
[2016.01.29-05.39.11:603][493]LogModuleManager: Shutting down and abandoning module StreamingPauseRendering (129)
[2016.01.29-05.39.11:603][493]LogModuleManager: Shutting down and abandoning module AnalyticsET (128)
[2016.01.29-05.39.11:603][493]LogModuleManager: Shutting down and abandoning module Analytics (127)
[2016.01.29-05.39.11:603][493]LogModuleManager: Shutting down and abandoning module AITestSuite (126)
[2016.01.29-05.39.11:621][493]LogModuleManager: Shutting down and abandoning module GameplayDebugger (125)
[2016.01.29-05.39.11:628][493]LogModuleManager: Shutting down and abandoning module AIModule (124)
[2016.01.29-05.39.11:633][493]LogModuleManager: Shutting down and abandoning module ProfilerService (123)
[2016.01.29-05.39.11:875][493]LogModuleManager: Shutting down and abandoning module TaskGraph (122)
[2016.01.29-05.39.11:896][493]LogModuleManager: Shutting down and abandoning module SlateRemote (121)
[2016.01.29-05.39.11:896][493]LogModuleManager: Shutting down and abandoning module SteamVRController (120)
[2016.01.29-05.39.11:896][493]LogModuleManager: Shutting down and abandoning module SteamVR (119)
[2016.01.29-05.39.11:896][493]LogModuleManager: Shutting down and abandoning module ProceduralMeshComponent (118)
[2016.01.29-05.39.11:896][493]LogModuleManager: Shutting down and abandoning module OculusLibrary (117)
[2016.01.29-05.39.11:896][493]LogModuleManager: Shutting down and abandoning module OculusInput (116)
[2016.01.29-05.39.11:896][493]LogModuleManager: Shutting down and abandoning module LeapMotionController (115)
[2016.01.29-05.39.11:949][493]LogModuleManager: Shutting down and abandoning module CustomMeshComponent (114)
[2016.01.29-05.39.11:949][493]LogModuleManager: Shutting down and abandoning module CableComponent (113)
[2016.01.29-05.39.11:962][493]LogModuleManager: Shutting down and abandoning module ArchVisCharacter (112)
[2016.01.29-05.39.11:962][493]LogModuleManager: Shutting down and abandoning module MessagingDebugger (111)
[2016.01.29-05.39.11:984][493]LogModuleManager: Shutting down and abandoning module MediaPlayerEditor (110)
[2016.01.29-05.39.12:006][493]LogModuleManager: Shutting down and abandoning module HTML5Networking (109)
[2016.01.29-05.39.12:006][493]LogModuleManager: Shutting down and abandoning module SpeedTreeImporter (108)
[2016.01.29-05.39.12:006][493]LogModuleManager: Shutting down and abandoning module PluginBrowser (107)
[2016.01.29-05.39.12:037][493]LogModuleManager: Shutting down and abandoning module EpicSurvey (106)
[2016.01.29-05.39.12:046][493]LogModuleManager: Shutting down and abandoning module DesktopPlatform (105)
[2016.01.29-05.39.12:065][493]LogModuleManager: Shutting down and abandoning module VisualStudioSourceCodeAccess (104)
[2016.01.29-05.39.12:065][493]LogModuleManager: Shutting down and abandoning module UObjectPlugin (103)
[2016.01.29-05.39.12:065][493]LogModuleManager: Shutting down and abandoning module SubversionSourceControl (102)
[2016.01.29-05.39.12:087][493]LogModuleManager: Shutting down and abandoning module PerforceSourceControl (101)
[2016.01.29-05.39.12:102][493]LogModuleManager: Shutting down and abandoning module SourceControl (100)
[2016.01.29-05.39.12:115][493]LogModuleManager: Shutting down and abandoning module GitSourceControl (99)
[2016.01.29-05.39.12:125][493]LogModuleManager: Shutting down and abandoning module LightPropagationVolumeEditor (98)
[2016.01.29-05.39.12:126][493]LogModuleManager: Shutting down and abandoning module PaperTiledImporter (97)
[2016.01.29-05.39.12:138][493]LogModuleManager: Shutting down and abandoning module PaperSpriteSheetImporter (96)
[2016.01.29-05.39.12:138][493]LogModuleManager: Shutting down and abandoning module MeshPaint (95)
[2016.01.29-05.39.12:138][493]LogModuleManager: Shutting down and abandoning module SlateReflector (94)
[2016.01.29-05.39.12:153][493]LogModuleManager: Shutting down and abandoning module HotReload (93)
[2016.01.29-05.39.12:158][493]LogModuleManager: Shutting down and abandoning module MainFrame (92)
[2016.01.29-05.39.12:158][493]LogModuleManager: Shutting down and abandoning module LevelEditor (91)
[2016.01.29-05.39.12:166][493]LogModuleManager: Shutting down and abandoning module DirectoryWatcher (90)
[2016.01.29-05.39.12:167][493]LogModuleManager: Shutting down and abandoning module AssetRegistry (89)
[2016.01.29-05.39.12:266][493]LogModuleManager: Shutting down and abandoning module ContentBrowser (88)
[2016.01.29-05.39.12:267][493]LogModuleManager: Shutting down and abandoning module Paper2DEditor (87)
[2016.01.29-05.39.12:379][493]LogModuleManager: Shutting down and abandoning module UdpMessaging (86)
[2016.01.29-05.39.12:480][493]LogModuleManager: Shutting down and abandoning module LightPropagationVolumeRuntime (85)
[2016.01.29-05.39.12:480][493]LogModuleManager: Shutting down and abandoning module Paper2D (84)
[2016.01.29-05.39.12:488][493]LogModuleManager: Shutting down and abandoning module WindowsMoviePlayer (83)
[2016.01.29-05.39.12:490][493]LogModuleManager: Shutting down and abandoning module Media (82)
[2016.01.29-05.39.12:490][493]LogModuleManager: Shutting down and abandoning module WmfMedia (81)
[2016.01.29-05.39.12:506][493]LogModuleManager: Shutting down and abandoning module OnlineBlueprintSupport (80)
[2016.01.29-05.39.12:506][493]LogModuleManager: Shutting down and abandoning module GameplayTasksEditor (79)
[2016.01.29-05.39.12:506][493]LogModuleManager: Shutting down and abandoning module PropertyEditor (78)
[2016.01.29-05.39.12:506][493]LogModuleManager: Shutting down and abandoning module BehaviorTreeEditor (77)
[2016.01.29-05.39.12:529][493]LogModuleManager: Shutting down and abandoning module FunctionalTesting (76)
[2016.01.29-05.39.12:529][493]LogModuleManager: Shutting down and abandoning module CollisionAnalyzer (75)
[2016.01.29-05.39.12:550][493]LogModuleManager: Shutting down and abandoning module WorkspaceMenuStructure (74)
[2016.01.29-05.39.12:550][493]LogModuleManager: Shutting down and abandoning module MessageLog (73)
[2016.01.29-05.39.12:550][493]LogModuleManager: Shutting down and abandoning module Sequencer (72)
[2016.01.29-05.39.12:578][493]LogModuleManager: Shutting down and abandoning module AssetTools (71)
[2016.01.29-05.39.12:600][493]LogModuleManager: Shutting down and abandoning module UMGEditor (70)
[2016.01.29-05.39.12:626][493]LogModuleManager: Shutting down and abandoning module UMG (69)
[2016.01.29-05.39.12:646][493]LogModuleManager: Shutting down and abandoning module Slate (68)
[2016.01.29-05.39.12:646][493]LogModuleManager: Shutting down and abandoning module EditorStyle (67)
[2016.01.29-05.39.12:648][493]LogModuleManager: Shutting down and abandoning module SessionServices (66)
[2016.01.29-05.39.12:648][493]LogModuleManager: Shutting down and abandoning module SourceCodeAccess (65)
[2016.01.29-05.39.12:648][493]LogModuleManager: Shutting down and abandoning module HeadMountedDisplay (64)
[2016.01.29-05.39.12:648][493]LogModuleManager: Shutting down and abandoning module XAudio2 (63)
[2016.01.29-05.39.12:648][493]LogModuleManager: Shutting down and abandoning module Networking (61)
[2016.01.29-05.39.12:648][493]LogModuleManager: Shutting down and abandoning module Core (60)
[2016.01.29-05.39.12:648][493]LogModuleManager: Shutting down and abandoning module KismetCompiler (59)
[2016.01.29-05.39.12:648][493]LogModuleManager: Shutting down and abandoning module PhysXFormats (58)
[2016.01.29-05.39.12:648][493]LogModuleManager: Shutting down and abandoning module MeshUtilities (57)
[2016.01.29-05.39.12:648][493]LogModuleManager: Shutting down and abandoning module DerivedDataCache (56)
[2016.01.29-05.39.12:677][493]LogDerivedDataCache: Shutdown
[2016.01.29-05.39.12:677][493]LogModuleManager: Shutting down and abandoning module ShaderFormatOpenGL (55)
[2016.01.29-05.39.12:729][493]LogModuleManager: Shutting down and abandoning module ShaderFormatD3D (54)
[2016.01.29-05.39.12:729][493]LogModuleManager: Shutting down and abandoning module MetalShaderFormat (53)
[2016.01.29-05.39.12:738][493]LogModuleManager: Shutting down and abandoning module TextureFormatUncompressed (52)
[2016.01.29-05.39.12:738][493]LogModuleManager: Shutting down and abandoning module TextureFormatPVR (51)
[2016.01.29-05.39.12:738][493]LogModuleManager: Shutting down and abandoning module TextureFormatIntelISPCTexComp (50)
[2016.01.29-05.39.12:738][493]LogModuleManager: Shutting down and abandoning module TextureFormatDXT (49)
[2016.01.29-05.39.12:738][493]LogModuleManager: Shutting down and abandoning module ImageWrapper (48)
[2016.01.29-05.39.12:738][493]LogModuleManager: Shutting down and abandoning module TextureFormatASTC (47)
[2016.01.29-05.39.12:738][493]LogModuleManager: Shutting down and abandoning module TextureFormatAndroid (46)
[2016.01.29-05.39.12:738][493]LogModuleManager: Shutting down and abandoning module AudioFormatOpus (45)
[2016.01.29-05.39.12:752][493]LogModuleManager: Shutting down and abandoning module AudioFormatOgg (44)
[2016.01.29-05.39.12:752][493]LogModuleManager: Shutting down and abandoning module AudioFormatADPCM (43)
[2016.01.29-05.39.12:752][493]LogModuleManager: Shutting down and abandoning module LinuxTargetPlatform (42)
[2016.01.29-05.39.12:752][493]LogModuleManager: Shutting down and abandoning module LinuxServerTargetPlatform (41)
[2016.01.29-05.39.12:752][493]LogModuleManager: Shutting down and abandoning module LinuxNoEditorTargetPlatform (40)
[2016.01.29-05.39.12:752][493]LogModuleManager: Shutting down and abandoning module Messaging (39)
[2016.01.29-05.39.12:752][493]LogModuleManager: Shutting down and abandoning module IOSTargetPlatform (38)
[2016.01.29-05.39.12:752][493]LogModuleManager: Shutting down and abandoning module HTML5TargetPlatform (37)
[2016.01.29-05.39.12:752][493]LogModuleManager: Shutting down and abandoning module Android_PVRTCTargetPlatform (36)
[2016.01.29-05.39.12:752][493]LogModuleManager: Shutting down and abandoning module Android_MultiTargetPlatform (35)
[2016.01.29-05.39.12:752][493]LogModuleManager: Shutting down and abandoning module Android_ETC2TargetPlatform (34)
[2016.01.29-05.39.12:752][493]LogModuleManager: Shutting down and abandoning module Android_ETC1TargetPlatform (33)
[2016.01.29-05.39.12:752][493]LogModuleManager: Shutting down and abandoning module Android_DXTTargetPlatform (32)
[2016.01.29-05.39.12:752][493]LogModuleManager: Shutting down and abandoning module Android_ATCTargetPlatform (31)
[2016.01.29-05.39.12:752][493]LogModuleManager: Shutting down and abandoning module Android_ASTCTargetPlatform (30)
[2016.01.29-05.39.12:752][493]LogModuleManager: Shutting down and abandoning module AndroidTargetPlatform (29)
[2016.01.29-05.39.12:752][493]LogModuleManager: Shutting down and abandoning module WindowsTargetPlatform (28)
[2016.01.29-05.39.12:752][493]LogModuleManager: Shutting down and abandoning module WindowsServerTargetPlatform (27)
[2016.01.29-05.39.12:752][493]LogModuleManager: Shutting down and abandoning module WindowsNoEditorTargetPlatform (26)
[2016.01.29-05.39.12:752][493]LogModuleManager: Shutting down and abandoning module WindowsClientTargetPlatform (25)
[2016.01.29-05.39.12:752][493]LogModuleManager: Shutting down and abandoning module AllDesktopTargetPlatform (24)
[2016.01.29-05.39.12:752][493]LogModuleManager: Shutting down and abandoning module TargetPlatform (23)
[2016.01.29-05.39.12:753][493]LogModuleManager: Shutting down and abandoning module InputCore (22)
[2016.01.29-05.39.12:753][493]LogModuleManager: Shutting down and abandoning module Settings (21)
[2016.01.29-05.39.12:753][493]LogModuleManager: Shutting down and abandoning module OnlineSubsystem (19)
[2016.01.29-05.39.12:753][493]LogModuleManager: Shutting down and abandoning module HTTP (18)
[2016.01.29-05.39.13:754][493]LogModuleManager: Shutting down and abandoning module XMPP (17)
[2016.01.29-05.39.13:774][493]LogModuleManager: Shutting down and abandoning module OculusRift (16)
[2016.01.29-05.39.13:787][493]LogModuleManager: Shutting down and abandoning module ExampleDeviceProfileSelector (15)
[2016.01.29-05.39.13:788][493]LogModuleManager: Shutting down and abandoning module TextureCompressor (14)
[2016.01.29-05.39.13:799][493]LogModuleManager: Shutting down and abandoning module ShaderCore (13)
[2016.01.29-05.39.13:799][493]LogModuleManager: Shutting down and abandoning module Landscape (12)
[2016.01.29-05.39.13:799][493]LogModuleManager: Shutting down and abandoning module SlateRHIRenderer (11)
[2016.01.29-05.39.13:817][493]LogModuleManager: Shutting down and abandoning module OpenGLDrv (10)
[2016.01.29-05.39.13:829][493]LogModuleManager: Shutting down and abandoning module D3D11RHI (9)
[2016.01.29-05.39.13:829][493]LogModuleManager: Shutting down and abandoning module AnimGraphRuntime (8)
[2016.01.29-05.39.13:839][493]LogModuleManager: Shutting down and abandoning module Renderer (7)
[2016.01.29-05.39.13:839][493]LogModuleManager: Shutting down and abandoning module Engine (6)
[2016.01.29-05.39.13:839][493]LogModuleManager: Shutting down and abandoning module CoreUObject (5)
[2016.01.29-05.39.13:839][493]LogModuleManager: Shutting down and abandoning module NetworkFile (4)
[2016.01.29-05.39.13:867][493]LogModuleManager: Shutting down and abandoning module StreamingFile (3)
[2016.01.29-05.39.13:867][493]LogModuleManager: Shutting down and abandoning module SandboxFile (2)
[2016.01.29-05.39.13:873][493]LogModuleManager: Shutting down and abandoning module PakFile (1)
[2016.01.29-05.39.13:888][493]LogExit: Exiting.
[2016.01.29-05.39.13:891][493]Log file closed, 01/29/16 16:39:13
