[2016.01.29-09.03.41:815][  0]Log file open, 01/29/16 20:03:41
[2016.01.29-09.03.41:815][  0]LogInit:Display: Running engine for game: GroupProject
[2016.01.29-09.03.41:815][  0]LogPlatformFile: Not using cached read wrapper
[2016.01.29-09.03.41:815][  0]LogInit:Display: RandInit(493175620) SRandInit(493175622).
[2016.01.29-09.03.41:815][  0]LogTaskGraph: Started task graph with 4 named threads and 7 total threads.
[2016.01.29-09.03.41:815][  0]LogStats: Stats thread started at 0.067791
[2016.01.29-09.03.41:815][  0]LogInit: Version: 4.10.0-2758231+++depot+UE4-Releases+4.10
[2016.01.29-09.03.41:815][  0]LogInit: API Version: 2758231
[2016.01.29-09.03.41:815][  0]LogInit: Compiled (64-bit): Nov  7 2015 05:13:45
[2016.01.29-09.03.41:815][  0]LogInit: Compiled with Visual C++: 19.00.23026.00
[2016.01.29-09.03.41:815][  0]LogInit: Build Configuration: Development
[2016.01.29-09.03.41:815][  0]LogInit: Branch Name: ++depot+UE4-Releases+4.10
[2016.01.29-09.03.41:815][  0]LogInit: Command line:  /Temp/Autosaves/Game/Maps/UEDPCTestingMap -game -PIEVIACONSOLE -ResX=1280 -ResY=720  -Multiprocess 
[2016.01.29-09.03.41:816][  0]LogInit: Base directory: C:/Program Files (x86)/Epic Games/4.10/Engine/Binaries/Win64/
[2016.01.29-09.03.41:816][  0]LogInit: Rocket: 1
[2016.01.29-09.03.41:821][  0]LogInit: Using libcurl 7.41.0
[2016.01.29-09.03.41:821][  0]LogInit:  - built for x86_64-pc-win32
[2016.01.29-09.03.41:821][  0]LogInit:  - supports SSL with WinSSL
[2016.01.29-09.03.41:821][  0]LogInit:  - other features:
[2016.01.29-09.03.41:821][  0]LogInit:      CURL_VERSION_SSL
[2016.01.29-09.03.41:821][  0]LogInit:      CURL_VERSION_IPV6
[2016.01.29-09.03.41:821][  0]LogInit:      CURL_VERSION_ASYNCHDNS
[2016.01.29-09.03.41:821][  0]LogInit:      CURL_VERSION_LARGEFILE
[2016.01.29-09.03.41:821][  0]LogInit:      CURL_VERSION_IDN
[2016.01.29-09.03.41:821][  0]LogInit:  CurlRequestOptions (configurable via config and command line):
[2016.01.29-09.03.41:821][  0]LogInit:  - bVerifyPeer = true  - Libcurl will verify peer certificate
[2016.01.29-09.03.41:821][  0]LogInit:  - bUseHttpProxy = false  - Libcurl will NOT use HTTP proxy
[2016.01.29-09.03.41:821][  0]LogInit:  - bDontReuseConnections = false  - Libcurl will reuse connections
[2016.01.29-09.03.41:821][  0]LogInit:  - CertBundlePath = nullptr  - Libcurl will use whatever was configured at build time.
[2016.01.29-09.03.41:826][  0]LogInit: Presizing for 0 objects not considered by GC, pre-allocating 0 bytes.
[2016.01.29-09.03.41:830][  0]LogInit: Object subsystem initialized
[2016.01.29-09.03.41:831][  0]LogInit: Selected Device Profile: [Windows]
[2016.01.29-09.03.41:831][  0]LogInit: Applying CVar settings loaded from the selected device profile: [Windows]
[2016.01.29-09.03.41:832][  0]LogInit: Computer: DESKTOP-O1OB1PS
[2016.01.29-09.03.41:832][  0]LogInit: User: NewPC
[2016.01.29-09.03.41:832][  0]LogInit: CPU Page size=4096, Cores=4
[2016.01.29-09.03.41:832][  0]LogInit: High frequency timer resolution =3.914061 MHz
[2016.01.29-09.03.41:832][  0]LogMemory: Memory total: Physical=32.0GB (32GB approx)
[2016.01.29-09.03.41:832][  0]LogMemory: Platform Memory Stats for Windows
[2016.01.29-09.03.41:832][  0]LogMemory: Process Physical Memory: 55.62 MB used, 55.62 MB peak
[2016.01.29-09.03.41:832][  0]LogMemory: Process Virtual Memory: 58.72 MB used, 58.72 MB peak
[2016.01.29-09.03.41:832][  0]LogMemory: Physical Memory: 5293.03 MB used, 32720.44 MB total
[2016.01.29-09.03.41:832][  0]LogMemory: Virtual Memory: 385.40 MB used, 134217728.00 MB total
[2016.01.29-09.03.41:995][  0]LogTextLocalizationManager: No specific translations for ('en-AU') exist, so ('en') translations will be used.
[2016.01.29-09.03.42:252][  0]LogD3D11RHI: Found D3D11 adapter 0: NVIDIA GeForce GTX 980 Ti (Feature Level 11_0)
[2016.01.29-09.03.42:252][  0]LogD3D11RHI: Adapter has 6048MB of dedicated video memory, 0MB of dedicated system memory, and 16360MB of shared system memory, 1 output[s]
[2016.01.29-09.03.42:273][  0]LogD3D11RHI: Found D3D11 adapter 1: NVIDIA GeForce GTX 980 Ti (Feature Level 11_0)
[2016.01.29-09.03.42:273][  0]LogD3D11RHI: Adapter has 6048MB of dedicated video memory, 0MB of dedicated system memory, and 16360MB of shared system memory, 0 output[s]
[2016.01.29-09.03.42:274][  0]LogD3D11RHI: Found D3D11 adapter 2: Microsoft Basic Render Driver (Feature Level 11_0)
[2016.01.29-09.03.42:274][  0]LogD3D11RHI: Adapter has 0MB of dedicated video memory, 0MB of dedicated system memory, and 16360MB of shared system memory, 0 output[s]
[2016.01.29-09.03.42:274][  0]LogD3D11RHI: Chosen D3D11 Adapter Id = 0
[2016.01.29-09.03.42:277][  0]LogD3D11RHI: !Direct3DDevice
[2016.01.29-09.03.42:277][  0]LogRHI: Texture pool is 1361 MB (70% of 1945 MB)
[2016.01.29-09.03.42:286][  0]LogD3D11RHI: Async texture creation enabled
[2016.01.29-09.03.42:299][  0]LogShaderCompilers: Guid format shader working directory is -6 characters bigger than the processId version (D:/Program Files/GIT/github/UE4Projects/GroupProject/Intermediate/Shaders/WorkingDirectory/7520/).
[2016.01.29-09.03.42:299][  0]LogShaderCompilers: Cleaned the shader compiler working directory 'C:/Users/NewPC/AppData/Local/Temp/UnrealShaderWorkingDir/514D2F3E4E9E84FAB58051B99C6BE6F0/'.
[2016.01.29-09.03.42:299][  0]LogShaderCompilers:Display: Using Local Shader Compiler.
[2016.01.29-09.03.42:808][  0]LogTemp:Display: Loaded TP AllDesktopTargetPlatform
[2016.01.29-09.03.42:812][  0]LogTemp:Display: Loaded TP WindowsClientTargetPlatform
[2016.01.29-09.03.42:815][  0]LogTemp:Display: Loaded TP WindowsNoEditorTargetPlatform
[2016.01.29-09.03.42:818][  0]LogTemp:Display: Loaded TP WindowsServerTargetPlatform
[2016.01.29-09.03.42:822][  0]LogTemp:Display: Loaded TP WindowsTargetPlatform
[2016.01.29-09.03.42:824][  0]LogTemp:Display: Loaded TP AndroidTargetPlatform
[2016.01.29-09.03.42:825][  0]LogTemp:Display: Loaded TP Android_ASTCTargetPlatform
[2016.01.29-09.03.42:827][  0]LogTemp:Display: Loaded TP Android_ATCTargetPlatform
[2016.01.29-09.03.42:829][  0]LogTemp:Display: Loaded TP Android_DXTTargetPlatform
[2016.01.29-09.03.42:832][  0]LogTemp:Display: Loaded TP Android_ETC1TargetPlatform
[2016.01.29-09.03.42:834][  0]LogTemp:Display: Loaded TP Android_ETC2TargetPlatform
[2016.01.29-09.03.42:838][  0]LogTemp:Display: Loaded TP Android_MultiTargetPlatform
[2016.01.29-09.03.42:838][  0]LogTemp:Display: Loaded TP Android_PVRTCTargetPlatform
[2016.01.29-09.03.42:839][  0]LogTemp:Display: Loaded TP HTML5TargetPlatform
[2016.01.29-09.03.42:853][  0]LogTemp:Display: Loaded TP IOSTargetPlatform
[2016.01.29-09.03.42:855][  0]LogTemp:Display: Loaded TP LinuxNoEditorTargetPlatform
[2016.01.29-09.03.42:857][  0]LogTemp:Display: Loaded TP LinuxServerTargetPlatform
[2016.01.29-09.03.42:859][  0]LogTemp:Display: Loaded TP LinuxTargetPlatform
[2016.01.29-09.03.42:859][  0]LogTargetPlatformManager:Display: Building Assets For Windows
[2016.01.29-09.03.42:913][  0]LogDerivedDataCache:Display: Max Cache Size: 512 MB
[2016.01.29-09.03.42:942][  0]LogDerivedDataCache: Loaded boot cache 0.03s 41MB C:/Users/NewPC/AppData/Local/UnrealEngine/4.10/DerivedDataCache/Boot.ddc.
[2016.01.29-09.03.42:942][  0]LogDerivedDataCache:Display: Loaded Boot cache: C:/Users/NewPC/AppData/Local/UnrealEngine/4.10/DerivedDataCache/Boot.ddc
[2016.01.29-09.03.42:942][  0]LogDerivedDataCache: FDerivedDataBackendGraph:  Pak pak cache file D:/Program Files/GIT/github/UE4Projects/GroupProject/DerivedDataCache/DDC.ddp not found, will not use a pak cache.
[2016.01.29-09.03.42:942][  0]LogDerivedDataCache: Unable to find inner node Pak for hierarchical cache Hierarchy.
[2016.01.29-09.03.42:942][  0]LogDerivedDataCache: FDerivedDataBackendGraph:  CompressedPak pak cache file D:/Program Files/GIT/github/UE4Projects/GroupProject/DerivedDataCache/Compressed.ddp not found, will not use a pak cache.
[2016.01.29-09.03.42:942][  0]LogDerivedDataCache: Unable to find inner node CompressedPak for hierarchical cache Hierarchy.
[2016.01.29-09.03.42:982][  0]LogDerivedDataCache:Display: Pak cache opened for reading ../../../Engine/DerivedDataCache/Compressed.ddp.
[2016.01.29-09.03.42:993][  0]LogDerivedDataCache: Using Local data cache path C:/Users/NewPC/AppData/Local/UnrealEngine/Common/DerivedDataCache: Writable
[2016.01.29-09.03.43:104][  0]LogInit: Selected Device Profile: [Windows]
[2016.01.29-09.03.43:106][  0]LogContentStreaming: Texture pool size is 1000.000000MB
[2016.01.29-09.03.43:172][  0]LogMeshUtilities: No automatic mesh reduction module available
[2016.01.29-09.03.43:172][  0]LogMeshUtilities: No automatic mesh merging module available
[2016.01.29-09.03.43:294][  0]LogInit: WinSock: version 1.1 (2.2), MaxSocks=32767, MaxUdp=65467
[2016.01.29-09.03.43:442][  0]LogWindowsMoviePlayer: Unable to load movie: D:/Program Files/GIT/github/UE4Projects/GroupProject/Content/Movies/Default_Startup.mp4
[2016.01.29-09.03.43:533][  0]SourceControl: Info Source control is disabled
[2016.01.29-09.03.43:533][  0]SourceControl: Info Source control is disabled
[2016.01.29-09.03.43:540][  0]SourceControl: Info Source control is disabled
[2016.01.29-09.03.43:648][  0]LogObj: 27935 objects as part of root set at end of initial load.
[2016.01.29-09.03.43:648][  0]LogUObjectAllocator: 5830064 out of 0 bytes used by permanent object pool.
[2016.01.29-09.03.43:687][  0]LogEngine: Initializing Engine...
[2016.01.29-09.03.43:689][  0]LogHMD: Can't find Oculus library dev build: is proper Runtime installed? Version: 0.8.0.0
[2016.01.29-09.03.43:689][  0]LogHMD: SteamVR failed to initialize.  Err: 110
[2016.01.29-09.03.43:762][  0]LogInit: XAudio2 using 'Realtek HD Audio 2nd output (Realtek High Definition Audio)' : 8 channels at 48 kHz using 32 bits per sample (channel mask 0x63f)
[2016.01.29-09.03.43:786][  0]LogInit: FAudioDevice initialized.
[2016.01.29-09.03.43:788][  0]LogInit: Texture streaming: Enabled
[2016.01.29-09.03.43:831][  0]LogNet: Browse: /Temp/Autosaves/Game/Maps/UEDPCTestingMap?Name=Player
[2016.01.29-09.03.43:831][  0]LogLoad: LoadMap: /Temp/Autosaves/Game/Maps/UEDPCTestingMap?Name=Player
[2016.01.29-09.03.43:838][  0]LogParticles: Destroying 0 GPU particle simulations for FXSystem 0x00000239B2D96C00
[2016.01.29-09.03.43:844][  0]LogMemory: Platform Memory Stats for Windows
[2016.01.29-09.03.43:844][  0]LogMemory: Process Physical Memory: 395.15 MB used, 395.15 MB peak
[2016.01.29-09.03.43:844][  0]LogMemory: Process Virtual Memory: 446.34 MB used, 446.34 MB peak
[2016.01.29-09.03.43:844][  0]LogMemory: Physical Memory: 5581.25 MB used, 32720.44 MB total
[2016.01.29-09.03.43:844][  0]LogMemory: Virtual Memory: 1002.64 MB used, 134217728.00 MB total
[2016.01.29-09.03.43:844][  0]LogMemory: 
[2016.01.29-09.03.43:844][  0]Allocator Stats for TBB: (not implemented)
[2016.01.29-09.03.43:960][  0]LogAIModule: Creating AISystem for world TestingMap
[2016.01.29-09.03.44:079][  0]LogWorld: Game class is 'TestingGameMode_C'
[2016.01.29-09.03.44:082][  0]LogWorld: Bringing World /Temp/Autosaves/Game/Maps/UEDPCTestingMap.TestingMap up for play (max tick rate 0) at 2016.01.29-20.03.44
[2016.01.29-09.03.44:082][  0]LogWorld: Bringing up level for play took: 0.001766
[2016.01.29-09.03.44:083][  0]LogPhysics:Warning: FBodyInstance::ApplyMaterialToShape_AssumesLocked : PComplexMats is empty - falling back on simple physical material.
[2016.01.29-09.03.44:083][  0]LogPhysics:Warning: FBodyInstance::ApplyMaterialToShape_AssumesLocked : PComplexMats is empty - falling back on simple physical material.
[2016.01.29-09.03.44:083][  0]LogPhysics:Warning: FBodyInstance::ApplyMaterialToShape_AssumesLocked : PComplexMats is empty - falling back on simple physical material.
[2016.01.29-09.03.44:083][  0]LogPhysics:Warning: FBodyInstance::ApplyMaterialToShape_AssumesLocked : PComplexMats is empty - falling back on simple physical material.
[2016.01.29-09.03.44:083][  0]LogPhysics:Warning: FBodyInstance::ApplyMaterialToShape_AssumesLocked : PComplexMats is empty - falling back on simple physical material.
[2016.01.29-09.03.44:083][  0]LogPrimitiveComponent: Zero scaling not supported (/Temp/Autosaves/Game/Maps/UEDPCTestingMap.TestingMap:PersistentLevel.Car_C_