[2016.01.29-08.58.17:051][  0]Log file open, 01/29/16 19:58:17
[2016.01.29-08.58.17:051][  0]LogInit:Display: Running engine for game: GroupProject
[2016.01.29-08.58.17:051][  0]LogPlatformFile: Not using cached read wrapper
[2016.01.29-08.58.17:051][  0]LogInit:Display: RandInit(-779604788) SRandInit(-779604786).
[2016.01.29-08.58.17:051][  0]LogTaskGraph: Started task graph with 4 named threads and 7 total threads.
[2016.01.29-08.58.17:051][  0]LogStats: Stats thread started at 0.091227
[2016.01.29-08.58.17:051][  0]LogInit: Version: 4.10.0-2758231+++depot+UE4-Releases+4.10
[2016.01.29-08.58.17:051][  0]LogInit: API Version: 2758231
[2016.01.29-08.58.17:051][  0]LogInit: Compiled (64-bit): Nov  7 2015 05:13:45
[2016.01.29-08.58.17:051][  0]LogInit: Compiled with Visual C++: 19.00.23026.00
[2016.01.29-08.58.17:051][  0]LogInit: Build Configuration: Development
[2016.01.29-08.58.17:051][  0]LogInit: Branch Name: ++depot+UE4-Releases+4.10
[2016.01.29-08.58.17:051][  0]LogInit: Command line:  
[2016.01.29-08.58.17:051][  0]LogInit: Base directory: C:/Program Files (x86)/Epic Games/4.10/Engine/Binaries/Win64/
[2016.01.29-08.58.17:051][  0]LogInit: Rocket: 1
[2016.01.29-08.58.17:054][  0]LogInit: Using libcurl 7.41.0
[2016.01.29-08.58.17:054][  0]LogInit:  - built for x86_64-pc-win32
[2016.01.29-08.58.17:054][  0]LogInit:  - supports SSL with WinSSL
[2016.01.29-08.58.17:054][  0]LogInit:  - other features:
[2016.01.29-08.58.17:054][  0]LogInit:      CURL_VERSION_SSL
[2016.01.29-08.58.17:054][  0]LogInit:      CURL_VERSION_IPV6
[2016.01.29-08.58.17:054][  0]LogInit:      CURL_VERSION_ASYNCHDNS
[2016.01.29-08.58.17:054][  0]LogInit:      CURL_VERSION_LARGEFILE
[2016.01.29-08.58.17:054][  0]LogInit:      CURL_VERSION_IDN
[2016.01.29-08.58.17:054][  0]LogInit:  CurlRequestOptions (configurable via config and command line):
[2016.01.29-08.58.17:054][  0]LogInit:  - bVerifyPeer = true  - Libcurl will verify peer certificate
[2016.01.29-08.58.17:054][  0]LogInit:  - bUseHttpProxy = false  - Libcurl will NOT use HTTP proxy
[2016.01.29-08.58.17:054][  0]LogInit:  - bDontReuseConnections = false  - Libcurl will reuse connections
[2016.01.29-08.58.17:054][  0]LogInit:  - CertBundlePath = nullptr  - Libcurl will use whatever was configured at build time.
[2016.01.29-08.58.17:083][  0]LogInit: Presizing for 0 objects not considered by GC, pre-allocating 0 bytes.
[2016.01.29-08.58.17:083][  0]LogInit: Object subsystem initialized
[2016.01.29-08.58.17:083][  0]LogInit: Selected Device Profile: [Windows]
[2016.01.29-08.58.17:083][  0]LogInit: Applying CVar settings loaded from the selected device profile: [Windows]
[2016.01.29-08.58.17:106][  0]LogInit: Computer: DESKTOP-O1OB1PS
[2016.01.29-08.58.17:106][  0]LogInit: User: NewPC
[2016.01.29-08.58.17:106][  0]LogInit: CPU Page size=4096, Cores=4
[2016.01.29-08.58.17:106][  0]LogInit: High frequency timer resolution =3.914061 MHz
[2016.01.29-08.58.17:106][  0]LogMemory: Memory total: Physical=32.0GB (32GB approx)
[2016.01.29-08.58.17:106][  0]LogMemory: Platform Memory Stats for Windows
[2016.01.29-08.58.17:106][  0]LogMemory: Process Physical Memory: 55.79 MB used, 55.79 MB peak
[2016.01.29-08.58.17:106][  0]LogMemory: Process Virtual Memory: 56.71 MB used, 56.71 MB peak
[2016.01.29-08.58.17:106][  0]LogMemory: Physical Memory: 3857.39 MB used, 32720.44 MB total
[2016.01.29-08.58.17:106][  0]LogMemory: Virtual Memory: 382.46 MB used, 134217728.00 MB total
[2016.01.29-08.58.17:367][  0]LogTextLocalizationManager: No specific translations for ('en-AU') exist, so ('en') translations will be used.
[2016.01.29-08.58.17:691][  0]LogD3D11RHI: Found D3D11 adapter 0: NVIDIA GeForce GTX 980 Ti (Feature Level 11_0)
[2016.01.29-08.58.17:691][  0]LogD3D11RHI: Adapter has 6048MB of dedicated video memory, 0MB of dedicated system memory, and 16360MB of shared system memory, 1 output[s]
[2016.01.29-08.58.17:711][  0]LogD3D11RHI: Found D3D11 adapter 1: NVIDIA GeForce GTX 980 Ti (Feature Level 11_0)
[2016.01.29-08.58.17:711][  0]LogD3D11RHI: Adapter has 6048MB of dedicated video memory, 0MB of dedicated system memory, and 16360MB of shared system memory, 0 output[s]
[2016.01.29-08.58.17:712][  0]LogD3D11RHI: Found D3D11 adapter 2: Microsoft Basic Render Driver (Feature Level 11_0)
[2016.01.29-08.58.17:712][  0]LogD3D11RHI: Adapter has 0MB of dedicated video memory, 0MB of dedicated system memory, and 16360MB of shared system memory, 0 output[s]
[2016.01.29-08.58.17:712][  0]LogD3D11RHI: Chosen D3D11 Adapter Id = 0
[2016.01.29-08.58.17:715][  0]LogD3D11RHI: !Direct3DDevice
[2016.01.29-08.58.17:715][  0]LogRHI: Texture pool is 1361 MB (70% of 1945 MB)
[2016.01.29-08.58.17:724][  0]LogD3D11RHI: Async texture creation enabled
[2016.01.29-08.58.17:738][  0]LogShaderCompilers: Guid format shader working directory is -6 characters bigger than the processId version (D:/Program Files/GIT/github/UE4Projects/GroupProject/Intermediate/Shaders/WorkingDirectory/7776/).
[2016.01.29-08.58.17:738][  0]LogShaderCompilers: Cleaned the shader compiler working directory 'C:/Users/NewPC/AppData/Local/Temp/UnrealShaderWorkingDir/3823B7F946222A251457018B8899840A/'.
[2016.01.29-08.58.17:738][  0]LogShaderCompilers:Display: Using Local Shader Compiler.
[2016.01.29-08.58.18:726][  0]LogTemp:Display: Loaded TP AllDesktopTargetPlatform
[2016.01.29-08.58.18:730][  0]LogTemp:Display: Loaded TP WindowsClientTargetPlatform
[2016.01.29-08.58.18:733][  0]LogTemp:Display: Loaded TP WindowsNoEditorTargetPlatform
[2016.01.29-08.58.18:736][  0]LogTemp:Display: Loaded TP WindowsServerTargetPlatform
[2016.01.29-08.58.18:739][  0]LogTemp:Display: Loaded TP WindowsTargetPlatform
[2016.01.29-08.58.18:742][  0]LogTemp:Display: Loaded TP AndroidTargetPlatform
[2016.01.29-08.58.18:744][  0]LogTemp:Display: Loaded TP Android_ASTCTargetPlatform
[2016.01.29-08.58.18:746][  0]LogTemp:Display: Loaded TP Android_ATCTargetPlatform
[2016.01.29-08.58.18:748][  0]LogTemp:Display: Loaded TP Android_DXTTargetPlatform
[2016.01.29-08.58.18:750][  0]LogTemp:Display: Loaded TP Android_ETC1TargetPlatform
[2016.01.29-08.58.18:752][  0]LogTemp:Display: Loaded TP Android_ETC2TargetPlatform
[2016.01.29-08.58.18:756][  0]LogTemp:Display: Loaded TP Android_MultiTargetPlatform
[2016.01.29-08.58.18:756][  0]LogTemp:Display: Loaded TP Android_PVRTCTargetPlatform
[2016.01.29-08.58.18:757][  0]LogTemp:Display: Loaded TP HTML5TargetPlatform
[2016.01.29-08.58.18:787][  0]LogTemp:Display: Loaded TP IOSTargetPlatform
[2016.01.29-08.58.18:789][  0]LogTemp:Display: Loaded TP LinuxNoEditorTargetPlatform
[2016.01.29-08.58.18:791][  0]LogTemp:Display: Loaded TP LinuxServerTargetPlatform
[2016.01.29-08.58.18:794][  0]LogTemp:Display: Loaded TP LinuxTargetPlatform
[2016.01.29-08.58.18:794][  0]LogTargetPlatformManager:Display: Building Assets For Windows
[2016.01.29-08.58.18:979][  0]LogDerivedDataCache:Display: Max Cache Size: 512 MB
[2016.01.29-08.58.19:107][  0]LogDerivedDataCache: Loaded boot cache 0.13s 45MB C:/Users/NewPC/AppData/Local/UnrealEngine/4.10/DerivedDataCache/Boot.ddc.
[2016.01.29-08.58.19:107][  0]LogDerivedDataCache:Display: Loaded Boot cache: C:/Users/NewPC/AppData/Local/UnrealEngine/4.10/DerivedDataCache/Boot.ddc
[2016.01.29-08.58.19:108][  0]LogDerivedDataCache: FDerivedDataBackendGraph:  Pak pak cache file D:/Program Files/GIT/github/UE4Projects/GroupProject/DerivedDataCache/DDC.ddp not found, will not use a pak cache.
[2016.01.29-08.58.19:108][  0]LogDerivedDataCache: Unable to find inner node Pak for hierarchical cache Hierarchy.
[2016.01.29-08.58.19:108][  0]LogDerivedDataCache: FDerivedDataBackendGraph:  CompressedPak pak cache file D:/Program Files/GIT/github/UE4Projects/GroupProject/DerivedDataCache/Compressed.ddp not found, will not use a pak cache.
[2016.01.29-08.58.19:108][  0]LogDerivedDataCache: Unable to find inner node CompressedPak for hierarchical cache Hierarchy.
[2016.01.29-08.58.19:160][  0]LogDerivedDataCache:Display: Pak cache opened for reading ../../../Engine/DerivedDataCache/Compressed.ddp.
[2016.01.29-08.58.19:171][  0]LogDerivedDataCache: Using Local data cache path C:/Users/NewPC/AppData/Local/UnrealEngine/Common/DerivedDataCache: Writable
[2016.01.29-08.58.21:286][  0]LogInit: Selected Device Profile: [Windows]
[2016.01.29-08.58.21:299][  0]LogContentStreaming: Texture pool size is 0.000000MB
[2016.01.29-08.58.21:489][  0]LogMeshUtilities: No automatic mesh reduction module available
[2016.01.29-08.58.21:489][  0]LogMeshUtilities: No automatic mesh merging module available
[2016.01.29-08.58.21:983][  0]LogInit: WinSock: version 1.1 (2.2), MaxSocks=32767, MaxUdp=65467
[2016.01.29-08.58.23:709][  0]UdpMessaging: Initializing bridge on interface 0.0.0.0:0 to multicast group 230.0.0.1:6666.
[2016.01.29-08.58.23:831][  0]LogAssetRegistry: FAssetRegistry took 0.0125 seconds to start up
[2016.01.29-08.58.24:070][  0]SourceControl: Info Source control is disabled
[2016.01.29-08.58.24:071][  0]SourceControl: Info Source control is disabled
[2016.01.29-08.58.24:081][  0]SourceControl: Info Source control is disabled
[2016.01.29-08.58.24:090][  0]SourceControl: Info Source control is disabled
[2016.01.29-08.58.24:313][  0]LogObj: 28633 objects as part of root set at end of initial load.
[2016.01.29-08.58.24:313][  0]LogUObjectAllocator: 6099752 out of 0 bytes used by permanent object pool.
[2016.01.29-08.58.24:393][  0]LogEngine: Initializing Engine...
[2016.01.29-08.58.24:397][  0]LogHMD: Can't find Oculus library dev build: is proper Runtime installed? Version: 0.8.0.0
[2016.01.29-08.58.24:404][  0]LogHMD: SteamVR failed to initialize.  Err: 110
[2016.01.29-08.58.24:561][  0]LogAIModule: Creating AISystem for world NewWorld
[2016.01.29-08.58.24:576][  0]LogInit: XAudio2 using 'Realtek HD Audio 2nd output (Realtek High Definition Audio)' : 8 channels at 48 kHz using 32 bits per sample (channel mask 0x63f)
[2016.01.29-08.58.24:603][  0]LogInit: FAudioDevice initialized.
[2016.01.29-08.58.24:621][  0]LogDerivedDataCache: Saved boot cache 0.02s 45MB C:/Users/NewPC/AppData/Local/UnrealEngine/4.10/DerivedDataCache/Boot.ddc.
[2016.01.29-08.58.24:624][  0]LogInit: Texture streaming: Enabled
[2016.01.29-08.58.24:629][  0]LogAnalytics: Creating configured Analytics provider AnalyticsET
[2016.01.29-08.58.24:630][  0]LogAnalytics: [UEEditor.Rocket.Release] APIServer = http://et2.epicgames.com/ET2/. AppVersion = 4.10.0-2758231+++depot+UE4-Releases+4.10
[2016.01.29-08.58.24:630][  0]LogAnalytics: [UEEditor.Rocket.Release] SetUserId c7bf1d8b40c7a484fa4816a5eb33937f|aeaa3af4045243359e0d8c4eedc51930|0e0e5735-b15e-448e-8a5a-22d7194580fe
[2016.01.29-08.58.24:630][  0]LogAnalytics: [UEEditor.Rocket.Release] AnalyticsET::StartSession
[2016.01.29-08.58.24:655][  0]LogInit: Transaction tracking system initialized
[2016.01.29-08.58.24:763][  0]BlueprintLog: New page: Editor Load
[2016.01.29-08.58.24:917][  0]LocalizationService: Info Localization service is disabled
[2016.01.29-08.58.25:006][  0]LogConsoleResponse:Display: 
[2016.01.29-08.58.25:113][  0]LogFileCache: Scanning file cache for directory 'D:/Program Files/GIT/github/UE4Projects/GroupProject/Content/' took 0.01s
[2016.01.29-08.58.25:113][  0]LogCook:Display: Done creating registry. It took  0.00s.
[2016.01.29-08.58.25:181][  0]SourceControl: Info Source control is disabled
[2016.01.29-08.58.25:183][  0]Cmd: MAP LOAD FILE="D:/Program Files/GIT/github/UE4Projects/GroupProject/Content/Maps/TestingMap.umap" TEMPLATE=0 SHOWPROGRESS=1 FEATURELEVEL=3
[2016.01.29-08.58.25:183][  0]LightingResults: New page: Lighting Build
[2016.01.29-08.58.25:190][  0]MapCheck: New page: Map Check
[2016.01.29-08.58.25:190][  0]LightingResults: New page: Lighting Build
[2016.01.29-08.58.25:203][  0]LogParticles: Destroying 0 GPU particle simulations for FXSystem 0x0000020DEB747B00
[2016.01.29-08.58.25:409][  0]LogStaticMesh: Building static mesh m_bridge_GRP_Bridge_Sml_01...
[2016.01.29-08.58.25:413][  0]LogStaticMesh: Built static mesh [0.003463.2s] /Game/Blueprints/Environment/m_bridge_GRP_Bridge_Sml_01.m_bridge_GRP_Bridge_Sml_01
[2016.01.29-08.58.25:416][  0]LogStaticMesh: Building static mesh m_bridge_GRP_Bridge_Lrg_02...
[2016.01.29-08.58.25:418][  0]LogStaticMesh: Built static mesh [0.002083.2s] /Game/Blueprints/Environment/m_bridge_GRP_Bridge_Lrg_02.m_bridge_GRP_Bridge_Lrg_02
[2016.01.29-08.58.25:419][  0]LogStaticMesh: Building static mesh m_bridge_GRP_Bridge_Lrg_01...
[2016.01.29-08.58.25:422][  0]LogStaticMesh: Built static mesh [0.002700.2s] /Game/Blueprints/Environment/m_bridge_GRP_Bridge_Lrg_01.m_bridge_GRP_Bridge_Lrg_01
[2016.01.29-08.58.25:423][  0]LogStaticMesh: Building static mesh m_terrain_GRP_Terrain_02...
[2016.01.29-08.58.25:424][  0]LogStaticMesh: Built static mesh [0.000859.2s] /Game/Blueprints/Environment/m_terrain_GRP_Terrain_02.m_terrain_GRP_Terrain_02
[2016.01.29-08.58.25:425][  0]LogStaticMesh: Building static mesh m_terrain_GRP_Terrain_01...
[2016.01.29-08.58.25:430][  0]LogStaticMesh: Built static mesh [0.005169.2s] /Game/Blueprints/Environment/m_terrain_GRP_Terrain_01.m_terrain_GRP_Terrain_01
[2016.01.29-08.58.25:431][  0]LogStaticMesh: Building static mesh m_StartLine...
[2016.01.29-08.58.25:433][  0]LogStaticMesh: Built static mesh [0.002458.2s] /Game/Blueprints/Environment/m_StartLine.m_StartLine
[2016.01.29-08.58.25:434][  0]LogStaticMesh: Building static mesh m_bridge_GRP_Bridge_Sml_02...
[2016.01.29-08.58.25:437][  0]LogStaticMesh: Built static mesh [0.003054.2s] /Game/Blueprints/Environment/m_bridge_GRP_Bridge_Sml_02.m_bridge_GRP_Bridge_Sml_02
[2016.01.29-08.58.25:438][  0]LogStaticMesh: Building static mesh m_terrain_GRP_Terrain_03...
[2016.01.29-08.58.25:439][  0]LogStaticMesh: Built static mesh [0.000501.2s] /Game/Blueprints/Environment/m_terrain_GRP_Terrain_03.m_terrain_GRP_Terrain_03
[2016.01.29-08.58.25:479][  0]LogTexture:Display: Building textures: HQ_Lightmap0_6 (AutoDXT)
[2016.01.29-08.58.25:480][  0]LogTexture:Display: Building textures: LQ_Lightmap_0_6 (DXT1)
[2016.01.29-08.58.25:483][  0]LogTexture:Display: Building textures: ShadowMapTexture2D_6 (G8)
[2016.01.29-08.58.25:484][  0]LogAIModule: Creating AISystem for world TestingMap
[2016.01.29-08.58.25:498][  0]LogEditorServer: Finished looking for orphan Actors (0.000 secs)
[2016.01.29-08.58.25:499][  0]Cmd: MAP CHECKDEP NOCLEARLOG
[2016.01.29-08.58.25:528][  0]MapCheck: Info Map check complete: 0 Error(s), 0 Warning(s), took 28.628ms to complete.
[2016.01.29-08.58.25:528][  0]LogFileHelpers: Loading map 'TestingMap' took 0.346
[2016.01.29-08.58.25:664][  0]LogCollectionManager: Loaded 0 collections in 0.001548 seconds
[2016.01.29-08.58.25:743][  0]LogFileCache: Scanning file cache for directory 'D:/Program Files/GIT/github/UE4Projects/GroupProject/Saved/Collections/' took 0.01s
[2016.01.29-08.58.25:743][  0]LogFileCache: Scanning file cache for directory 'D:/Program Files/GIT/github/UE4Projects/GroupProject/Content/Developers/NewPC/Collections/' took 0.01s
[2016.01.29-08.58.25:743][  0]LogFileCache: Scanning file cache for directory 'D:/Program Files/GIT/github/UE4Projects/GroupProject/Content/Collections/' took 0.01s
[2016.01.29-08.58.25:743][  0]LogCollectionManager: Rebuilt the GUID cache for 0 collections in 0.000004 seconds
[2016.01.29-08.58.25:750][  0]LogContentBrowser: Native class hierarchy populated in 0.0061 seconds. Added 1893 classes and 338 folders.
[2016.01.29-08.58.25:760][  0]LogContentBrowser: Native class hierarchy updated for 'WidgetCarousel' in 0.0002 seconds. Added 0 classes and 0 folders.
[2016.01.29-08.58.25:935][  0]LogContentBrowser: Native class hierarchy updated for 'AddContentDialog' in 0.0002 seconds. Added 0 classes and 0 folders.
[2016.01.29-08.58.25:943][  0]LogContentBrowser: Native class hierarchy updated for 'SceneOutliner' in 0.0002 seconds. Added 1 classes and 2 folders.
[2016.01.29-08.58.26:041][  0]LogCrashTracker: Crashtracker disabled due to settings.
[2016.01.29-08.58.26:050][  0]LogUObjectGlobals:Warning: Failed to find object 'Class None.'
[2016.01.29-08.58.26:074][  0]LogLoad: Full Startup: 9.65 seconds (BP compile: 0.08 seconds)
[2016.01.29-08.58.26:086][  0]LogOcInput: Can't find Oculus library dev build: is proper Runtime installed? Version: 0.8.0.0
[2016.01.29-08.58.26:162][  0]LogContentStreaming: Texture pool size now 1000 MB
[2016.01.29-08.58.26:278][  0]LogRenderer: Reallocating scene render targets to support 1208x572 (Frame:2).
[2016.01.29-08.58.26:556][ 19]LogAssetRegistry: Asset discovery search completed in 2.7357 seconds
[2016.01.29-08.58.26:556][ 19]LogCollectionManager: Rebuilt the object cache for 0 collections in 0.000001 seconds (found 0 objects)
[2016.01.29-08.58.26:556][ 19]LogCollectionManager: Fixed up redirectors for 0 collections in 0.000166 seconds (updated 0 objects)
[2016.01.29-08.58.37:399][393]LogBlueprintUserMessages: Early PlayInEditor Detection: Level '/Game/Maps/TestingMap.TestingMap:PersistentLevel' has LevelScriptBlueprint '/Game/Maps/TestingMap.TestingMap:PersistentLevel.TestingMap' with GeneratedClass '/Game/Maps/TestingMap.TestingMap_C' with ClassGeneratedBy '/Game/Maps/TestingMap.TestingMap:PersistentLevel.TestingMap'
[2016.01.29-08.58.37:399][393]LogPlayLevel: PlayLevel: No blueprints needed recompiling
[2016.01.29-08.58.37:399][393]PIE: New page: SIE session: TestingMap (30 Jan 2016 6:58:37 am)
[2016.01.29-08.58.37:399][393]LogPlayLevel: Creating play world package: /Game/Maps/UEDPIE_0_TestingMap
[2016.01.29-08.58.37:402][393]LogPlayLevel: PIE: StaticDuplicateObject took: (0.002646s)
[2016.01.29-08.58.37:402][393]LogAIModule: Creating AISystem for world TestingMap
[2016.01.29-08.58.37:403][393]LogPlayLevel: PIE: World Init took: (0.000548s)
[2016.01.29-08.58.37:403][393]LogPlayLevel: PIE: Created PIE world by copying editor world from /Game/Maps/TestingMap.TestingMap to /Game/Maps/UEDPIE_0_TestingMap.TestingMap (0.003544s)
[2016.01.29-08.58.37:422][393]LogInit: XAudio2 using 'Realtek HD Audio 2nd output (Realtek High Definition Audio)' : 8 channels at 48 kHz using 32 bits per sample (channel mask 0x63f)
[2016.01.29-08.58.37:446][393]LogInit: FAudioDevice initialized.
[2016.01.29-08.58.37:677][393]LogWorld: Game class is 'TestingGameMode_C'
[2016.01.29-08.58.37:680][393]LogWorld: Bringing World /Game/Maps/UEDPIE_0_TestingMap.TestingMap up for play (max tick rate 0) at 2016.01.29-19.58.37
[2016.01.29-08.58.37:680][393]LogActor:Warning: GameSession /Game/Maps/UEDPIE_0_TestingMap.TestingMap:PersistentLevel.GameSession_0 has natively added scene component(s), but none of them were set as the actor's RootComponent - picking one arbitrarily
[2016.01.29-08.58.37:680][393]LogActor:Warning: GameNetworkManager /Game/Maps/UEDPIE_0_TestingMap.TestingMap:PersistentLevel.GameNetworkManager_0 has natively added scene component(s), but none of them were set as the actor's RootComponent - picking one arbitrarily
[2016.01.29-08.58.37:681][393]LogWorld: Bringing up level for play took: 0.002589
[2016.01.29-08.58.37:684][393]LogInit: WinSock: Socket queue 131072 / 131072
[2016.01.29-08.58.37:685][393]LogInit: WinSock: I am DESKTOP-O1OB1PS (10.1.1.11:0)
[2016.01.29-08.58.37:685][393]LogNet: GameNetDriver IpNetDriver_0 IpNetDriver listening on port 7777
[2016.01.29-08.58.37:687][393]LogPrimitiveComponent: Zero scaling not supported (/Game/Maps/UEDPIE_0_TestingMap.TestingMap:PersistentLevel.Car_C_0.StaticMesh)
[2016.01.29-08.58.37:687][393]LogPrimitiveComponent: Zero scaling not supported (/Game/Maps/UEDPIE_0_TestingMap.TestingMap:PersistentLevel.Car_C_0.StaticMesh1)
[2016.01.29-08.58.37:687][393]LogPrimitiveComponent: Zero scaling not supported (/Game/Maps/UEDPIE_0_TestingMap.TestingMap:PersistentLevel.Car_C_0.StaticMesh2)
[2016.01.29-08.58.37:687][393]LogPrimitiveComponent: Zero scaling not supported (/Game/Maps/UEDPIE_0_TestingMap.TestingMap:PersistentLevel.Car_C_0.StaticMesh3)
[2016.01.29-08.58.37:688][393]LogOutputDevice:Warning: 

Script Stack:
TestingMap_C.ExecuteUbergraph_TestingMap

[2016.01.29-08.58.37:689][393]LogWindows:Error: Windows GetLastError: The operation completed successfully. (0)
[2016.01.29-08.58.37:895][393]LogCrashTracker: 


[2016.01.29-08.58.37:896][393]LogCrashTracker: 


[2016.01.29-08.58.37:896][393]LogWindows:Error: === Critical error: ===
Assertion failed: !bHasBegunPlay [File:D:\BuildFarm\buildmachine_++depot+UE4-Releases+4.10\Engine\Source\Runtime\Engine\Private\Components\ActorComponent.cpp] [Line: 640] 





[2016.01.29-08.58.37:940][393]LogExit: Executing StaticShutdownAfterError
[2016.01.29-08.58.37:951][393]LogPhysics:Warning: PHYSX: ..\..\PhysX\src\NpScene.cpp (2946) 8 : PxScene::unlockWrite() called without matching call to PxScene::lockWrite(), behaviour will be undefined.
[2016.01.29-08.58.37:951][393]LogPhysics:Warning: PHYSX: ..\..\PhysX\src\NpScene.cpp (2946) 8 : PxScene::unlockWrite() called without matching call to PxScene::lockWrite(), behaviour will be undefined.
[2016.01.29-08.58.37:951][393]LogPhysics:Warning: PHYSX: ..\..\PhysX\src\NpScene.cpp (2946) 8 : PxScene::unlockWrite() called without matching call to PxScene::lockWrite(), behaviour will be undefined.
[2016.01.29-08.58.37:951][393]LogPhysics:Warning: PHYSX: ..\..\PhysX\src\NpScene.cpp (2946) 8 : PxScene::unlockWrite() called without matching call to PxScene::lockWrite(), behaviour will be undefined.
[2016.01.29-08.58.37:952][393]LogWindows: FPlatformMisc::RequestExit(1)
[2016.01.29-08.58.37:952][393]Log file closed, 01/29/16 19:58:37
