[2016.02.03-03.07.09:852][  0]Log file open, 02/03/16 14:07:09
[2016.02.03-03.07.09:852][  0]LogInit:Display: Running engine for game: GroupProject
[2016.02.03-03.07.09:852][  0]LogPlatformFile: Not using cached read wrapper
[2016.02.03-03.07.09:852][  0]LogInit:Display: RandInit(-136901169) SRandInit(-136901167).
[2016.02.03-03.07.09:852][  0]LogTaskGraph: Started task graph with 4 named threads and 7 total threads.
[2016.02.03-03.07.09:852][  0]LogStats: Stats thread started at 0.074422
[2016.02.03-03.07.09:852][  0]LogInit: Version: 4.10.2-2818068+++depot+UE4-Releases+4.10
[2016.02.03-03.07.09:852][  0]LogInit: API Version: 2758231
[2016.02.03-03.07.09:852][  0]LogInit: Compiled (64-bit): Jan  6 2016 17:36:42
[2016.02.03-03.07.09:852][  0]LogInit: Compiled with Visual C++: 19.00.23026.00
[2016.02.03-03.07.09:852][  0]LogInit: Build Configuration: Development
[2016.02.03-03.07.09:852][  0]LogInit: Branch Name: ++depot+UE4-Releases+4.10
[2016.02.03-03.07.09:853][  0]LogInit: Command line:  /Temp/Autosaves/Game/Maps/UEDPCTestingMap -game -PIEVIACONSOLE -ResX=1280 -ResY=720  -Multiprocess 
[2016.02.03-03.07.09:853][  0]LogInit: Base directory: C:/Program Files (x86)/Epic Games/4.10/Engine/Binaries/Win64/
[2016.02.03-03.07.09:853][  0]LogInit: Rocket: 1
[2016.02.03-03.07.09:866][  0]LogInit: Using libcurl 7.41.0
[2016.02.03-03.07.09:866][  0]LogInit:  - built for x86_64-pc-win32
[2016.02.03-03.07.09:866][  0]LogInit:  - supports SSL with WinSSL
[2016.02.03-03.07.09:866][  0]LogInit:  - other features:
[2016.02.03-03.07.09:866][  0]LogInit:      CURL_VERSION_SSL
[2016.02.03-03.07.09:866][  0]LogInit:      CURL_VERSION_IPV6
[2016.02.03-03.07.09:866][  0]LogInit:      CURL_VERSION_ASYNCHDNS
[2016.02.03-03.07.09:866][  0]LogInit:      CURL_VERSION_LARGEFILE
[2016.02.03-03.07.09:866][  0]LogInit:      CURL_VERSION_IDN
[2016.02.03-03.07.09:866][  0]LogInit:  CurlRequestOptions (configurable via config and command line):
[2016.02.03-03.07.09:866][  0]LogInit:  - bVerifyPeer = true  - Libcurl will verify peer certificate
[2016.02.03-03.07.09:866][  0]LogInit:  - bUseHttpProxy = false  - Libcurl will NOT use HTTP proxy
[2016.02.03-03.07.09:866][  0]LogInit:  - bDontReuseConnections = false  - Libcurl will reuse connections
[2016.02.03-03.07.09:866][  0]LogInit:  - CertBundlePath = nullptr  - Libcurl will use whatever was configured at build time.
[2016.02.03-03.07.09:876][  0]LogInit: Presizing for 0 objects not considered by GC, pre-allocating 0 bytes.
[2016.02.03-03.07.09:883][  0]LogInit: Object subsystem initialized
[2016.02.03-03.07.09:884][  0]LogInit: Selected Device Profile: [Windows]
[2016.02.03-03.07.09:884][  0]LogInit: Applying CVar settings loaded from the selected device profile: [Windows]
[2016.02.03-03.07.09:887][  0]LogInit: Computer: HARST-E0B24C
[2016.02.03-03.07.09:887][  0]LogInit: User: lochlanmckinno
[2016.02.03-03.07.09:887][  0]LogInit: CPU Page size=4096, Cores=4
[2016.02.03-03.07.09:887][  0]LogInit: High frequency timer resolution =3.410273 MHz
[2016.02.03-03.07.09:887][  0]LogMemory: Memory total: Physical=15.9GB (16GB approx)
[2016.02.03-03.07.09:887][  0]LogMemory: Platform Memory Stats for Windows
[2016.02.03-03.07.09:887][  0]LogMemory: Process Physical Memory: 57.56 MB used, 57.56 MB peak
[2016.02.03-03.07.09:887][  0]LogMemory: Process Virtual Memory: 61.51 MB used, 61.51 MB peak
[2016.02.03-03.07.09:887][  0]LogMemory: Physical Memory: 6459.88 MB used, 16301.11 MB total
[2016.02.03-03.07.09:887][  0]LogMemory: Virtual Memory: 352.32 MB used, 8388608.00 MB total
[2016.02.03-03.07.09:938][  0]LogTextLocalizationManager: No specific translations for ('en-US') exist, so ('en') translations will be used.
[2016.02.03-03.07.10:425][  0]LogD3D11RHI: Found D3D11 adapter 0: NVIDIA GeForce GTX 560  (Feature Level 11_0)
[2016.02.03-03.07.10:425][  0]LogD3D11RHI: Adapter has 979MB of dedicated video memory, 0MB of dedicated system memory, and 3071MB of shared system memory, 2 output[s]
[2016.02.03-03.07.10:431][  0]LogD3D11RHI: Found D3D11 adapter 1: Intel(R) HD Graphics 3000 (Feature Level 10_0)
[2016.02.03-03.07.10:432][  0]LogD3D11RHI: Adapter has 64MB of dedicated video memory, 0MB of dedicated system memory, and 1632MB of shared system memory, 0 output[s]
[2016.02.03-03.07.10:432][  0]LogD3D11RHI: Chosen D3D11 Adapter Id = 0
[2016.02.03-03.07.10:438][  0]LogD3D11RHI: !Direct3DDevice
[2016.02.03-03.07.10:439][  0]LogRHI: Texture pool is 685 MB (70% of 979 MB)
[2016.02.03-03.07.10:452][  0]LogD3D11RHI: Async texture creation enabled
[2016.02.03-03.07.10:467][  0]LogShaderCompilers: Guid format shader working directory is -28 characters bigger than the processId version (../../../../../../Users/lochlan.mckinno/Documents/GitHub/UE4Projects/GroupProject/Intermediate/Shaders/WorkingDirectory/7508/).
[2016.02.03-03.07.10:468][  0]LogShaderCompilers: Cleaned the shader compiler working directory 'C:/Users/LOCHLA~1.MCK/AppData/Local/Temp/UnrealShaderWorkingDir/E614EE984B8AEAED54B10BA38090E134/'.
[2016.02.03-03.07.10:468][  0]LogShaderCompilers:Display: Using Local Shader Compiler.
[2016.02.03-03.07.11:490][  0]LogTemp:Display: Loaded TP AllDesktopTargetPlatform
[2016.02.03-03.07.11:495][  0]LogTemp:Display: Loaded TP WindowsClientTargetPlatform
[2016.02.03-03.07.11:499][  0]LogTemp:Display: Loaded TP WindowsNoEditorTargetPlatform
[2016.02.03-03.07.11:504][  0]LogTemp:Display: Loaded TP WindowsServerTargetPlatform
[2016.02.03-03.07.11:508][  0]LogTemp:Display: Loaded TP WindowsTargetPlatform
[2016.02.03-03.07.11:511][  0]LogTemp:Display: Loaded TP AndroidTargetPlatform
[2016.02.03-03.07.11:514][  0]LogTemp:Display: Loaded TP Android_ASTCTargetPlatform
[2016.02.03-03.07.11:517][  0]LogTemp:Display: Loaded TP Android_ATCTargetPlatform
[2016.02.03-03.07.11:520][  0]LogTemp:Display: Loaded TP Android_DXTTargetPlatform
[2016.02.03-03.07.11:523][  0]LogTemp:Display: Loaded TP Android_ETC1TargetPlatform
[2016.02.03-03.07.11:527][  0]LogTemp:Display: Loaded TP Android_ETC2TargetPlatform
[2016.02.03-03.07.11:535][  0]LogTemp:Display: Loaded TP Android_MultiTargetPlatform
[2016.02.03-03.07.11:535][  0]LogTemp:Display: Loaded TP Android_PVRTCTargetPlatform
[2016.02.03-03.07.11:536][  0]LogTemp:Display: Loaded TP HTML5TargetPlatform
[2016.02.03-03.07.11:558][  0]LogTemp:Display: Loaded TP IOSTargetPlatform
[2016.02.03-03.07.11:561][  0]LogTemp:Display: Loaded TP LinuxNoEditorTargetPlatform
[2016.02.03-03.07.11:564][  0]LogTemp:Display: Loaded TP LinuxServerTargetPlatform
[2016.02.03-03.07.11:568][  0]LogTemp:Display: Loaded TP LinuxTargetPlatform
[2016.02.03-03.07.11:568][  0]LogTargetPlatformManager:Display: Building Assets For Windows
[2016.02.03-03.07.11:654][  0]LogDerivedDataCache:Display: Max Cache Size: 512 MB
[2016.02.03-03.07.11:723][  0]LogDerivedDataCache: Loaded boot cache 0.07s 41MB C:/Users/lochlan.mckinno/AppData/Local/UnrealEngine/4.10/DerivedDataCache/Boot.ddc.
[2016.02.03-03.07.11:723][  0]LogDerivedDataCache:Display: Loaded Boot cache: C:/Users/lochlan.mckinno/AppData/Local/UnrealEngine/4.10/DerivedDataCache/Boot.ddc
[2016.02.03-03.07.11:723][  0]LogDerivedDataCache: FDerivedDataBackendGraph:  Pak pak cache file ../../../../../../Users/lochlan.mckinno/Documents/GitHub/UE4Projects/GroupProject/DerivedDataCache/DDC.ddp not found, will not use a pak cache.
[2016.02.03-03.07.11:723][  0]LogDerivedDataCache: Unable to find inner node Pak for hierarchical cache Hierarchy.
[2016.02.03-03.07.11:723][  0]LogDerivedDataCache: FDerivedDataBackendGraph:  CompressedPak pak cache file ../../../../../../Users/lochlan.mckinno/Documents/GitHub/UE4Projects/GroupProject/DerivedDataCache/Compressed.ddp not found, will not use a pak cache.
[2016.02.03-03.07.11:723][  0]LogDerivedDataCache: Unable to find inner node CompressedPak for hierarchical cache Hierarchy.
[2016.02.03-03.07.11:784][  0]LogDerivedDataCache:Display: Pak cache opened for reading ../../../Engine/DerivedDataCache/Compressed.ddp.
[2016.02.03-03.07.11:797][  0]LogDerivedDataCache: Using Local data cache path C:/Users/lochlan.mckinno/AppData/Local/UnrealEngine/Common/DerivedDataCache: Writable
[2016.02.03-03.07.12:011][  0]LogInit: Selected Device Profile: [Windows]
[2016.02.03-03.07.12:012][  0]LogContentStreaming: Texture pool size is 1000.000000MB
[2016.02.03-03.07.12:025][  0]LogMeshUtilities: No automatic mesh reduction module available
[2016.02.03-03.07.12:025][  0]LogMeshUtilities: No automatic mesh merging module available
[2016.02.03-03.07.12:381][  0]LogInit: WinSock: version 1.1 (2.2), MaxSocks=32767, MaxUdp=65467
[2016.02.03-03.07.12:575][  0]LogWindowsMoviePlayer: Unable to load movie: ../../../../../../Users/lochlan.mckinno/Documents/GitHub/UE4Projects/GroupProject/Content/Movies/Default_Startup.mp4
[2016.02.03-03.07.12:684][  0]SourceControl: Info Source control is disabled
[2016.02.03-03.07.12:684][  0]SourceControl: Info Source control is disabled
[2016.02.03-03.07.12:694][  0]SourceControl: Info Source control is disabled
[2016.02.03-03.07.12:884][  0]LogObj: 27935 objects as part of root set at end of initial load.
[2016.02.03-03.07.12:884][  0]LogUObjectAllocator: 5830064 out of 0 bytes used by permanent object pool.
[2016.02.03-03.07.12:951][  0]LogEngine: Initializing Engine...
[2016.02.03-03.07.12:954][  0]LogHMD: Can't find Oculus library dev build: is proper Runtime installed? Version: 0.8.0.0
[2016.02.03-03.07.12:955][  0]LogHMD: SteamVR failed to initialize.  Err: 110
[2016.02.03-03.07.13:081][  0]LogInit: XAudio2 using 'Realtek Digital Output(Optical) (Realtek High Definition Audio)' : 2 channels at 48 kHz using 16 bits per sample (channel mask 0x3)
[2016.02.03-03.07.13:091][  0]LogInit: FAudioDevice initialized.
[2016.02.03-03.07.13:100][  0]LogInit: Texture streaming: Enabled
[2016.02.03-03.07.13:177][  0]LogNet: Browse: /Temp/Autosaves/Game/Maps/UEDPCTestingMap?Name=Player
[2016.02.03-03.07.13:177][  0]LogLoad: LoadMap: /Temp/Autosaves/Game/Maps/UEDPCTestingMap?Name=Player
[2016.02.03-03.07.13:191][  0]LogParticles: Destroying 0 GPU particle simulations for FXSystem 0x0000000012CEEF20
[2016.02.03-03.07.13:206][  0]LogMemory: Platform Memory Stats for Windows
[2016.02.03-03.07.13:206][  0]LogMemory: Process Physical Memory: 377.76 MB used, 377.76 MB peak
[2016.02.03-03.07.13:206][  0]LogMemory: Process Virtual Memory: 438.02 MB used, 454.11 MB peak
[2016.02.03-03.07.13:206][  0]LogMemory: Physical Memory: 6624.05 MB used, 16301.11 MB total
[2016.02.03-03.07.13:206][  0]LogMemory: Virtual Memory: 953.53 MB used, 8388608.00 MB total
[2016.02.03-03.07.13:206][  0]LogMemory: 
[2016.02.03-03.07.13:206][  0]Allocator Stats for TBB: (not implemented)
[2016.02.03-03.07.13:444][  0]LogAIModule: Creating AISystem for world TestingMap
[2016.02.03-03.07.13:708][  0]LogWorld: Game class is 'TestingGameMode_C'
[2016.02.03-03.07.13:712][  0]LogWorld: Bringing World /Temp/Autosaves/Game/Maps/UEDPCTestingMap.TestingMap up for play (max tick rate 0) at 2016.02.03-14.07.13
[2016.02.03-03.07.13:713][  0]LogWorld: Bringing up level for play took: 0.003276
[2016.02.03-03.07.13:715][  0]LogPhysics:Warning: FBodyInstance::ApplyMaterialToShape_AssumesLocked : PComplexMats is empty - falling back on simple physical material.
[2016.02.03-03.07.13:715][  0]LogPhysics:Warning: FBodyInstance::ApplyMaterialToShape_AssumesLocked : PComplexMats is empty - falling back on simple physical material.
[2016.02.03-03.07.13:715][  0]LogPhysics:Warning: FBodyInstance::ApplyMaterialToShape_AssumesLocked : PComplexMats is empty - falling back on simple physical material.
[2016.02.03-03.07.13:715][  0]LogPhysics:Warning: FBodyInstance::ApplyMaterialToShape_AssumesLocked : PComplexMats is empty - falling back on simple physical material.
[2016.02.03-03.07.13:715][  0]LogPhysics:Warning: FBodyInstance::ApplyMaterialToShape_AssumesLocked : PComplexMats is empty - falling back on simple physical material.
[2016.02.03-03.07.13:715][  0]LogPrimitiveComponent: Zero scaling not supported (/Temp/Autosaves/Game/Maps/UEDPCTestingMap.TestingMap:PersistentLevel.Car_C_0.StaticMesh)
[2016.02.03-03.07.13:715][  0]LogPrimitiveComponent: Zero scaling not supported (/Temp/Autosaves/Game/Maps/UEDPCTestingMap.TestingMap:PersistentLevel.Car_C_0.StaticMesh1)
[2016.02.03-03.07.13:715][  0]LogPrimitiveComponent: Zero scaling not supported (/Temp/Autosaves/Game/Maps/UEDPCTestingMap.TestingMap:PersistentLevel.Car_C_0.StaticMesh2)
[2016.02.03-03.07.13:715][  0]LogPrimitiveComponent: Zero scaling not supported (/Temp/Autosaves/Game/Maps/UEDPCTestingMap.TestingMap:PersistentLevel.Car_C_0.StaticMesh3)
[2016.02.03-03.07.13:718][  0]LogPhysics:Warning: FBodyInstance::ApplyMaterialToShape_AssumesLocked : PComplexMats is empty - falling back on simple physical material.
[2016.02.03-03.07.13:718][  0]LogPhysics:Warning: FBodyInstance::ApplyMaterialToShape_AssumesLocked : PComplexMats is empty - falling back on simple physical material.
[2016.02.03-03.07.13:718][  0]LogPhysics:Warning: FBodyInstance::ApplyMaterialToShape_AssumesLocked : PComplexMats is empty - falling back on simple physical material.
[2016.02.03-03.07.13:718][  0]LogPhysics:Warning: FBodyInstance::ApplyMaterialToShape_AssumesLocked : PComplexMats is empty - falling back on simple physical material.
[2016.02.03-03.07.13:718][  0]LogPhysics:Warning: FBodyInstance::ApplyMaterialToShape_AssumesLocked : PComplexMats is empty - falling back on simple physical material.
[2016.02.03-03.07.13:718][  0]LogPrimitiveComponent: Zero scaling not supported (/Temp/Autosaves/Game/Maps/UEDPCTestingMap.TestingMap:PersistentLevel.Car_C_1.StaticMesh)
[2016.02.03-03.07.13:718][  0]LogPrimitiveComponent: Zero scaling not supported (/Temp/Autosaves/Game/Maps/UEDPCTestingMap.TestingMap:PersistentLevel.Car_C_1.StaticMesh1)
[2016.02.03-03.07.13:718][  0]LogPrimitiveComponent: Zero scaling not supported (/Temp/Autosaves/Game/Maps/UEDPCTestingMap.TestingMap:PersistentLevel.Car_C_1.StaticMesh2)
[2016.02.03-03.07.13:718][  0]LogPrimitiveComponent: Zero scaling not supported (/Temp/Autosaves/Game/Maps/UEDPCTestingMap.TestingMap:PersistentLevel.Car_C_1.StaticMesh3)
[2016.02.03-03.07.13:719][  0]LogSpawn:Warning: SpawnActor failed because of collision at the spawn location [X=-464.285 Y=451.141 Z=282.001] for [Car_C]
[2016.02.03-03.07.13:719][  0]LogPhysics:Warning: FBodyInstance::ApplyMaterialToShape_AssumesLocked : PComplexMats is empty - falling back on simple physical material.
[2016.02.03-03.07.13:719][  0]LogSpawn:Warning: SpawnActor failed because the spawned actor IsPendingKill
[2016.02.03-03.07.13:719][  0]LogGameMode:Warning: Couldn't spawn Pawn of type Car_C at PlayerStart
[2016.02.03-03.07.13:719][  0]LogInit:Display: Game Engine Initialized.
[2016.02.03-03.07.13:937][  0]LogLoad: Full Startup: 4.39 seconds (BP compile: 0.16 seconds)
[2016.02.03-03.07.13:957][  0]LogOcInput: Can't find Oculus library dev build: is proper Runtime installed? Version: 0.8.0.0
[2016.02.03-03.07.14:075][  2]LogRenderer: Reallocating scene render targets to support 1280x720 (Frame:2).
[2016.02.03-03.07.49:639][158]LogEngine: All Windows Closed
[2016.02.03-03.07.49:639][158]LogWindows: FPlatformMisc::RequestExit(0)
[2016.02.03-03.07.49:961][159]LogPhysics:Warning: FBodyInstance::ApplyMaterialToShape_AssumesLocked : PComplexMats is empty - falling back on simple physical material.
[2016.02.03-03.07.49:961][159]LogExit: Preparing to exit.
[2016.02.03-03.07.50:064][159]LogExit: Game engine shut down
[2016.02.03-03.07.50:065][159]LogParticles: Destroying 0 GPU particle simulations for FXSystem 0x000000000F7891C0
[2016.02.03-03.07.50:181][159]LogExit: Object subsystem successfully closed.
[2016.02.03-03.07.50:190][159]LogD3D11RHI: Shutdown
[2016.02.03-03.07.50:191][159]LogD3D11RHI: CleanupD3DDevice
[2016.02.03-03.07.50:379][159]LogD3D11RHI: ~FD3D11DynamicRHI
[2016.02.03-03.07.50:388][159]LogModuleManager: Shutting down and abandoning module AndroidDeviceDetection (117)
[2016.02.03-03.07.50:956][159]LogModuleManager: Shutting down and abandoning module AutomationController (116)
[2016.02.03-03.07.50:956][159]LogModuleManager: Shutting down and abandoning module AutomationWorker (115)
[2016.02.03-03.07.50:956][159]LogModuleManager: Shutting down and abandoning module CharacterAI (114)
[2016.02.03-03.07.50:956][159]LogModuleManager: Shutting down and abandoning module AITestSuite (113)
[2016.02.03-03.07.50:956][159]LogModuleManager: Shutting down and abandoning module GameplayDebugger (112)
[2016.02.03-03.07.50:956][159]LogModuleManager: Shutting down and abandoning module AIModule (111)
[2016.02.03-03.07.50:956][159]LogModuleManager: Shutting down and abandoning module MovieSceneCapture (110)
[2016.02.03-03.07.50:956][159]LogModuleManager: Shutting down and abandoning module GameLiveStreaming (109)
[2016.02.03-03.07.50:956][159]LogModuleManager: Shutting down and abandoning module StreamingPauseRendering (108)
[2016.02.03-03.07.50:956][159]LogModuleManager: Shutting down and abandoning module ProfilerService (107)
[2016.02.03-03.07.51:156][159]LogModuleManager: Shutting down and abandoning module TaskGraph (106)
[2016.02.03-03.07.51:156][159]LogModuleManager: Shutting down and abandoning module SlateRemote (105)
[2016.02.03-03.07.51:156][159]LogModuleManager: Shutting down and abandoning module SteamVRController (104)
[2016.02.03-03.07.51:156][159]LogModuleManager: Shutting down and abandoning module SteamVR (103)
[2016.02.03-03.07.51:156][159]LogModuleManager: Shutting down and abandoning module ProceduralMeshComponent (102)
[2016.02.03-03.07.51:156][159]LogModuleManager: Shutting down and abandoning module OculusLibrary (101)
[2016.02.03-03.07.51:156][159]LogModuleManager: Shutting down and abandoning module OculusInput (100)
[2016.02.03-03.07.51:156][159]LogModuleManager: Shutting down and abandoning module LeapMotionController (99)
[2016.02.03-03.07.51:164][159]LogModuleManager: Shutting down and abandoning module CustomMeshComponent (98)
[2016.02.03-03.07.51:164][159]LogModuleManager: Shutting down and abandoning module CableComponent (97)
[2016.02.03-03.07.51:164][159]LogModuleManager: Shutting down and abandoning module ArchVisCharacter (96)
[2016.02.03-03.07.51:164][159]LogModuleManager: Shutting down and abandoning module HTML5Networking (95)
[2016.02.03-03.07.51:164][159]LogModuleManager: Shutting down and abandoning module DesktopPlatform (94)
[2016.02.03-03.07.51:164][159]LogModuleManager: Shutting down and abandoning module DirectoryWatcher (93)
[2016.02.03-03.07.51:164][159]LogModuleManager: Shutting down and abandoning module HotReload (92)
[2016.02.03-03.07.51:164][159]LogModuleManager: Shutting down and abandoning module VisualStudioSourceCodeAccess (91)
[2016.02.03-03.07.51:164][159]LogModuleManager: Shutting down and abandoning module UObjectPlugin (90)
[2016.02.03-03.07.51:164][159]LogModuleManager: Shutting down and abandoning module SubversionSourceControl (89)
[2016.02.03-03.07.51:164][159]LogModuleManager: Shutting down and abandoning module SourceControl (88)
[2016.02.03-03.07.51:164][159]LogModuleManager: Shutting down and abandoning module PerforceSourceControl (87)
[2016.02.03-03.07.51:164][159]LogModuleManager: Shutting down and abandoning module UdpMessaging (86)
[2016.02.03-03.07.51:164][159]LogModuleManager: Shutting down and abandoning module LightPropagationVolumeRuntime (85)
[2016.02.03-03.07.51:164][159]LogModuleManager: Shutting down and abandoning module Paper2D (84)
[2016.02.03-03.07.51:164][159]LogModuleManager: Shutting down and abandoning module WindowsMoviePlayer (83)
[2016.02.03-03.07.51:166][159]LogModuleManager: Shutting down and abandoning module Media (82)
[2016.02.03-03.07.51:166][159]LogModuleManager: Shutting down and abandoning module WmfMedia (81)
[2016.02.03-03.07.51:167][159]LogModuleManager: Shutting down and abandoning module OnlineBlueprintSupport (80)
[2016.02.03-03.07.51:167][159]LogModuleManager: Shutting down and abandoning module GameplayTasksEditor (79)
[2016.02.03-03.07.51:167][159]LogModuleManager: Shutting down and abandoning module PropertyEditor (78)
[2016.02.03-03.07.51:167][159]LogModuleManager: Shutting down and abandoning module BehaviorTreeEditor (77)
[2016.02.03-03.07.51:167][159]LogModuleManager: Shutting down and abandoning module FunctionalTesting (76)
[2016.02.03-03.07.51:167][159]LogModuleManager: Shutting down and abandoning module CollisionAnalyzer (75)
[2016.02.03-03.07.51:167][159]LogModuleManager: Shutting down and abandoning module WorkspaceMenuStructure (74)
[2016.02.03-03.07.51:167][159]LogModuleManager: Shutting down and abandoning module MessageLog (73)
[2016.02.03-03.07.51:167][159]LogModuleManager: Shutting down and abandoning module Sequencer (72)
[2016.02.03-03.07.51:167][159]LogModuleManager: Shutting down and abandoning module AssetTools (71)
[2016.02.03-03.07.51:167][159]LogModuleManager: Shutting down and abandoning module UMGEditor (70)
[2016.02.03-03.07.51:167][159]LogModuleManager: Shutting down and abandoning module UMG (69)
[2016.02.03-03.07.51:167][159]LogModuleManager: Shutting down and abandoning module Slate (68)
[2016.02.03-03.07.51:167][159]LogModuleManager: Shutting down and abandoning module EditorStyle (67)
[2016.02.03-03.07.51:169][159]LogModuleManager: Shutting down and abandoning module SessionServices (66)
[2016.02.03-03.07.51:169][159]LogModuleManager: Shutting down and abandoning module SourceCodeAccess (65)
[2016.02.03-03.07.51:169][159]LogModuleManager: Shutting down and abandoning module HeadMountedDisplay (64)
[2016.02.03-03.07.51:169][159]LogModuleManager: Shutting down and abandoning module XAudio2 (63)
[2016.02.03-03.07.51:169][159]LogModuleManager: Shutting down and abandoning module Networking (61)
[2016.02.03-03.07.51:169][159]LogModuleManager: Shutting down and abandoning module Core (60)
[2016.02.03-03.07.51:169][159]LogModuleManager: Shutting down and abandoning module KismetCompiler (59)
[2016.02.03-03.07.51:169][159]LogModuleManager: Shutting down and abandoning module PhysXFormats (58)
[2016.02.03-03.07.51:169][159]LogModuleManager: Shutting down and abandoning module MeshUtilities (57)
[2016.02.03-03.07.51:169][159]LogModuleManager: Shutting down and abandoning module DerivedDataCache (56)
[2016.02.03-03.07.51:292][159]LogDerivedDataCache: Shutdown
[2016.02.03-03.07.51:292][159]LogModuleManager: Shutting down and abandoning module ShaderFormatOpenGL (55)
[2016.02.03-03.07.51:292][159]LogModuleManager: Shutting down and abandoning module ShaderFormatD3D (54)
[2016.02.03-03.07.51:292][159]LogModuleManager: Shutting down and abandoning module MetalShaderFormat (53)
[2016.02.03-03.07.51:292][159]LogModuleManager: Shutting down and abandoning module TextureFormatUncompressed (52)
[2016.02.03-03.07.51:292][159]LogModuleManager: Shutting down and abandoning module TextureFormatPVR (51)
[2016.02.03-03.07.51:292][159]LogModuleManager: Shutting down and abandoning module TextureFormatIntelISPCTexComp (50)
[2016.02.03-03.07.51:292][159]LogModuleManager: Shutting down and abandoning module TextureFormatDXT (49)
[2016.02.03-03.07.51:292][159]LogModuleManager: Shutting down and abandoning module ImageWrapper (48)
[2016.02.03-03.07.51:292][159]LogModuleManager: Shutting down and abandoning module TextureFormatASTC (47)
[2016.02.03-03.07.51:292][159]LogModuleManager: Shutting down and abandoning module TextureFormatAndroid (46)
[2016.02.03-03.07.51:292][159]LogModuleManager: Shutting down and abandoning module AudioFormatOpus (45)
[2016.02.03-03.07.51:292][159]LogModuleManager: Shutting down and abandoning module AudioFormatOgg (44)
[2016.02.03-03.07.51:292][159]LogModuleManager: Shutting down and abandoning module AudioFormatADPCM (43)
[2016.02.03-03.07.51:292][159]LogModuleManager: Shutting down and abandoning module LinuxTargetPlatform (42)
[2016.02.03-03.07.51:292][159]LogModuleManager: Shutting down and abandoning module LinuxServerTargetPlatform (41)
[2016.02.03-03.07.51:292][159]LogModuleManager: Shutting down and abandoning module LinuxNoEditorTargetPlatform (40)
[2016.02.03-03.07.51:292][159]LogModuleManager: Shutting down and abandoning module Messaging (39)
[2016.02.03-03.07.51:292][159]LogModuleManager: Shutting down and abandoning module IOSTargetPlatform (38)
[2016.02.03-03.07.51:292][159]LogModuleManager: Shutting down and abandoning module HTML5TargetPlatform (37)
[2016.02.03-03.07.51:292][159]LogModuleManager: Shutting down and abandoning module Android_PVRTCTargetPlatform (36)
[2016.02.03-03.07.51:292][159]LogModuleManager: Shutting down and abandoning module Android_MultiTargetPlatform (35)
[2016.02.03-03.07.51:292][159]LogModuleManager: Shutting down and abandoning module Android_ETC2TargetPlatform (34)
[2016.02.03-03.07.51:292][159]LogModuleManager: Shutting down and abandoning module Android_ETC1TargetPlatform (33)
[2016.02.03-03.07.51:292][159]LogModuleManager: Shutting down and abandoning module Android_DXTTargetPlatform (32)
[2016.02.03-03.07.51:292][159]LogModuleManager: Shutting down and abandoning module Android_ATCTargetPlatform (31)
[2016.02.03-03.07.51:292][159]LogModuleManager: Shutting down and abandoning module Android_ASTCTargetPlatform (30)
[2016.02.03-03.07.51:292][159]LogModuleManager: Shutting down and abandoning module AndroidTargetPlatform (29)
[2016.02.03-03.07.51:292][159]LogModuleManager: Shutting down and abandoning module WindowsTargetPlatform (28)
[2016.02.03-03.07.51:292][159]LogModuleManager: Shutting down and abandoning module WindowsServerTargetPlatform (27)
[2016.02.03-03.07.51:292][159]LogModuleManager: Shutting down and abandoning module WindowsNoEditorTargetPlatform (26)
[2016.02.03-03.07.51:292][159]LogModuleManager: Shutting down and abandoning module WindowsClientTargetPlatform (25)
[2016.02.03-03.07.51:292][159]LogModuleManager: Shutting down and abandoning module AllDesktopTargetPlatform (24)
[2016.02.03-03.07.51:292][159]LogModuleManager: Shutting down and abandoning module TargetPlatform (23)
[2016.02.03-03.07.51:292][159]LogModuleManager: Shutting down and abandoning module InputCore (22)
[2016.02.03-03.07.51:292][159]LogModuleManager: Shutting down and abandoning module Settings (21)
[2016.02.03-03.07.51:292][159]LogModuleManager: Shutting down and abandoning module OnlineSubsystem (19)
[2016.02.03-03.07.51:292][159]LogModuleManager: Shutting down and abandoning module HTTP (18)
[2016.02.03-03.07.51:292][159]LogModuleManager: Shutting down and abandoning module XMPP (17)
[2016.02.03-03.07.51:292][159]LogModuleManager: Shutting down and abandoning module OculusRift (16)
[2016.02.03-03.07.51:292][159]LogModuleManager: Shutting down and abandoning module ExampleDeviceProfileSelector (15)
[2016.02.03-03.07.51:292][159]LogModuleManager: Shutting down and abandoning module TextureCompressor (14)
[2016.02.03-03.07.51:292][159]LogModuleManager: Shutting down and abandoning module ShaderCore (13)
[2016.02.03-03.07.51:292][159]LogModuleManager: Shutting down and abandoning module Landscape (12)
[2016.02.03-03.07.51:293][159]LogModuleManager: Shutting down and abandoning module SlateRHIRenderer (11)
[2016.02.03-03.07.51:293][159]LogModuleManager: Shutting down and abandoning module OpenGLDrv (10)
[2016.02.03-03.07.51:293][159]LogModuleManager: Shutting down and abandoning module D3D11RHI (9)
[2016.02.03-03.07.51:293][159]LogModuleManager: Shutting down and abandoning module AnimGraphRuntime (8)
[2016.02.03-03.07.51:293][159]LogModuleManager: Shutting down and abandoning module Renderer (7)
[2016.02.03-03.07.51:293][159]LogModuleManager: Shutting down and abandoning module Engine (6)
[2016.02.03-03.07.51:293][159]LogModuleManager: Shutting down and abandoning module CoreUObject (5)
[2016.02.03-03.07.51:293][159]LogModuleManager: Shutting down and abandoning module NetworkFile (4)
[2016.02.03-03.07.51:293][159]LogModuleManager: Shutting down and abandoning module StreamingFile (3)
[2016.02.03-03.07.51:293][159]LogModuleManager: Shutting down and abandoning module SandboxFile (2)
[2016.02.03-03.07.51:293][159]LogModuleManager: Shutting down and abandoning module PakFile (1)
[2016.02.03-03.07.51:294][159]LogExit: Exiting.
[2016.02.03-03.07.51:295][159]Log file closed, 02/03/16 14:07:51
