[2016.01.28-10.52.44:780][  0]Log file open, 01/28/16 21:52:44
[2016.01.28-10.52.44:780][  0]LogInit:Display: Running engine for game: GroupProject
[2016.01.28-10.52.44:780][  0]LogPlatformFile: Not using cached read wrapper
[2016.01.28-10.52.44:780][  0]LogInit:Display: RandInit(766673205) SRandInit(766673206).
[2016.01.28-10.52.44:780][  0]LogTaskGraph: Started task graph with 4 named threads and 7 total threads.
[2016.01.28-10.52.44:780][  0]LogStats: Stats thread started at 0.368449
[2016.01.28-10.52.44:780][  0]LogInit: Version: 4.10.2-2818068+++depot+UE4-Releases+4.10
[2016.01.28-10.52.44:780][  0]LogInit: API Version: 2758231
[2016.01.28-10.52.44:780][  0]LogInit: Compiled (64-bit): Jan  6 2016 17:36:42
[2016.01.28-10.52.44:780][  0]LogInit: Compiled with Visual C++: 19.00.23026.00
[2016.01.28-10.52.44:780][  0]LogInit: Build Configuration: Development
[2016.01.28-10.52.44:780][  0]LogInit: Branch Name: ++depot+UE4-Releases+4.10
[2016.01.28-10.52.44:780][  0]LogInit: Command line:  
[2016.01.28-10.52.44:780][  0]LogInit: Base directory: C:/Program Files/Epic Games/4.10/Engine/Binaries/Win64/
[2016.01.28-10.52.44:780][  0]LogInit: Rocket: 1
[2016.01.28-10.52.44:793][  0]LogInit: Using libcurl 7.41.0
[2016.01.28-10.52.44:793][  0]LogInit:  - built for x86_64-pc-win32
[2016.01.28-10.52.44:793][  0]LogInit:  - supports SSL with WinSSL
[2016.01.28-10.52.44:793][  0]LogInit:  - other features:
[2016.01.28-10.52.44:793][  0]LogInit:      CURL_VERSION_SSL
[2016.01.28-10.52.44:793][  0]LogInit:      CURL_VERSION_IPV6
[2016.01.28-10.52.44:793][  0]LogInit:      CURL_VERSION_ASYNCHDNS
[2016.01.28-10.52.44:793][  0]LogInit:      CURL_VERSION_LARGEFILE
[2016.01.28-10.52.44:793][  0]LogInit:      CURL_VERSION_IDN
[2016.01.28-10.52.44:794][  0]LogInit:  CurlRequestOptions (configurable via config and command line):
[2016.01.28-10.52.44:794][  0]LogInit:  - bVerifyPeer = true  - Libcurl will verify peer certificate
[2016.01.28-10.52.44:794][  0]LogInit:  - bUseHttpProxy = false  - Libcurl will NOT use HTTP proxy
[2016.01.28-10.52.44:794][  0]LogInit:  - bDontReuseConnections = false  - Libcurl will reuse connections
[2016.01.28-10.52.44:794][  0]LogInit:  - CertBundlePath = nullptr  - Libcurl will use whatever was configured at build time.
[2016.01.28-10.52.44:808][  0]LogInit: Presizing for 0 objects not considered by GC, pre-allocating 0 bytes.
[2016.01.28-10.52.44:820][  0]LogInit: Object subsystem initialized
[2016.01.28-10.52.44:829][  0]LogInit: Selected Device Profile: [Windows]
[2016.01.28-10.52.44:829][  0]LogInit: Applying CVar settings loaded from the selected device profile: [Windows]
[2016.01.28-10.52.44:838][  0]LogInit: Computer: DAVID-PC
[2016.01.28-10.52.44:838][  0]LogInit: User: David
[2016.01.28-10.52.44:838][  0]LogInit: CPU Page size=4096, Cores=4
[2016.01.28-10.52.44:838][  0]LogInit: High frequency timer resolution =3.515654 MHz
[2016.01.28-10.52.44:838][  0]LogMemory: Memory total: Physical=15.9GB (16GB approx)
[2016.01.28-10.52.44:838][  0]LogMemory: Platform Memory Stats for Windows
[2016.01.28-10.52.44:838][  0]LogMemory: Process Physical Memory: 56.84 MB used, 56.84 MB peak
[2016.01.28-10.52.44:838][  0]LogMemory: Process Virtual Memory: 58.69 MB used, 58.69 MB peak
[2016.01.28-10.52.44:838][  0]LogMemory: Physical Memory: 5193.37 MB used, 16258.70 MB total
[2016.01.28-10.52.44:838][  0]LogMemory: Virtual Memory: 348.79 MB used, 8388608.00 MB total
[2016.01.28-10.52.44:939][  0]LogTextLocalizationManager: No specific translations for ('en-AU') exist, so ('en') translations will be used.
[2016.01.28-10.52.45:434][  0]LogD3D11RHI: Found D3D11 adapter 0: Intel(R) HD Graphics 4600 (Feature Level 11_0)
[2016.01.28-10.52.45:434][  0]LogD3D11RHI: Adapter has 64MB of dedicated video memory, 0MB of dedicated system memory, and 1632MB of shared system memory, 2 output[s]
[2016.01.28-10.52.45:486][  0]LogD3D11RHI: Found D3D11 adapter 1: NVIDIA GeForce GTX 750 (Feature Level 11_0)
[2016.01.28-10.52.45:487][  0]LogD3D11RHI: Adapter has 1994MB of dedicated video memory, 0MB of dedicated system memory, and 2048MB of shared system memory, 0 output[s]
[2016.01.28-10.52.45:487][  0]LogD3D11RHI: Chosen D3D11 Adapter Id = 0
[2016.01.28-10.52.45:491][  0]LogD3D11RHI: !Direct3DDevice
[2016.01.28-10.52.45:491][  0]LogRHI: Texture pool is 616 MB (70% of 880 MB)
[2016.01.28-10.52.45:503][  0]LogD3D11RHI: Async texture creation enabled
[2016.01.28-10.52.45:521][  0]LogShaderCompilers: Guid format shader working directory is -3 characters bigger than the processId version (E:/Year_Three_AIE/GitHub/UE4Projects/GroupProject/Intermediate/Shaders/WorkingDirectory/7096/).
[2016.01.28-10.52.45:521][  0]LogShaderCompilers: Cleaned the shader compiler working directory 'C:/Users/David/AppData/Local/Temp/UnrealShaderWorkingDir/7D083E8B444AB74B22D76E887EFA8416/'.
[2016.01.28-10.52.45:521][  0]LogShaderCompilers:Display: Using Local Shader Compiler.
[2016.01.28-10.52.46:639][  0]LogTemp:Display: Loaded TP AllDesktopTargetPlatform
[2016.01.28-10.52.46:643][  0]LogTemp:Display: Loaded TP WindowsClientTargetPlatform
[2016.01.28-10.52.46:646][  0]LogTemp:Display: Loaded TP WindowsNoEditorTargetPlatform
[2016.01.28-10.52.46:650][  0]LogTemp:Display: Loaded TP WindowsServerTargetPlatform
[2016.01.28-10.52.46:654][  0]LogTemp:Display: Loaded TP WindowsTargetPlatform
[2016.01.28-10.52.46:657][  0]LogTemp:Display: Loaded TP AndroidTargetPlatform
[2016.01.28-10.52.46:660][  0]LogTemp:Display: Loaded TP Android_ASTCTargetPlatform
[2016.01.28-10.52.46:663][  0]LogTemp:Display: Loaded TP Android_ATCTargetPlatform
[2016.01.28-10.52.46:666][  0]LogTemp:Display: Loaded TP Android_DXTTargetPlatform
[2016.01.28-10.52.46:669][  0]LogTemp:Display: Loaded TP Android_ETC1TargetPlatform
[2016.01.28-10.52.46:672][  0]LogTemp:Display: Loaded TP Android_ETC2TargetPlatform
[2016.01.28-10.52.46:678][  0]LogTemp:Display: Loaded TP Android_MultiTargetPlatform
[2016.01.28-10.52.46:678][  0]LogTemp:Display: Loaded TP Android_PVRTCTargetPlatform
[2016.01.28-10.52.46:680][  0]LogTemp:Display: Loaded TP HTML5TargetPlatform
[2016.01.28-10.52.46:699][  0]LogTemp:Display: Loaded TP IOSTargetPlatform
[2016.01.28-10.52.46:702][  0]LogTemp:Display: Loaded TP LinuxNoEditorTargetPlatform
[2016.01.28-10.52.46:706][  0]LogTemp:Display: Loaded TP LinuxServerTargetPlatform
[2016.01.28-10.52.46:711][  0]LogTemp:Display: Loaded TP LinuxTargetPlatform
[2016.01.28-10.52.46:711][  0]LogTargetPlatformManager:Display: Building Assets For Windows
[2016.01.28-10.52.46:825][  0]LogDerivedDataCache:Display: Max Cache Size: 512 MB
[2016.01.28-10.52.46:956][  0]LogDerivedDataCache: Loaded boot cache 0.13s 41MB C:/Users/David/AppData/Local/UnrealEngine/4.10/DerivedDataCache/Boot.ddc.
[2016.01.28-10.52.46:956][  0]LogDerivedDataCache:Display: Loaded Boot cache: C:/Users/David/AppData/Local/UnrealEngine/4.10/DerivedDataCache/Boot.ddc
[2016.01.28-10.52.46:956][  0]LogDerivedDataCache: FDerivedDataBackendGraph:  Pak pak cache file E:/Year_Three_AIE/GitHub/UE4Projects/GroupProject/DerivedDataCache/DDC.ddp not found, will not use a pak cache.
[2016.01.28-10.52.46:956][  0]LogDerivedDataCache: Unable to find inner node Pak for hierarchical cache Hierarchy.
[2016.01.28-10.52.46:956][  0]LogDerivedDataCache: FDerivedDataBackendGraph:  CompressedPak pak cache file E:/Year_Three_AIE/GitHub/UE4Projects/GroupProject/DerivedDataCache/Compressed.ddp not found, will not use a pak cache.
[2016.01.28-10.52.46:956][  0]LogDerivedDataCache: Unable to find inner node CompressedPak for hierarchical cache Hierarchy.
[2016.01.28-10.52.47:016][  0]LogDerivedDataCache:Display: Pak cache opened for reading ../../../Engine/DerivedDataCache/Compressed.ddp.
[2016.01.28-10.52.47:028][  0]LogDerivedDataCache: Using Local data cache path C:/Users/David/AppData/Local/UnrealEngine/Common/DerivedDataCache: Writable
[2016.01.28-10.52.47:474][  0]LogInit: Selected Device Profile: [Windows]
[2016.01.28-10.52.47:476][  0]LogContentStreaming: Texture pool size is 0.000000MB
[2016.01.28-10.52.47:549][  0]LogMeshUtilities: No automatic mesh reduction module available
[2016.01.28-10.52.47:549][  0]LogMeshUtilities: No automatic mesh merging module available
[2016.01.28-10.52.48:155][  0]LogInit: WinSock: version 1.1 (2.2), MaxSocks=32767, MaxUdp=65467
[2016.01.28-10.52.49:595][  0]UdpMessaging: Initializing bridge on interface 0.0.0.0:0 to multicast group 230.0.0.1:6666.
[2016.01.28-10.52.49:727][  0]LogAssetRegistry: FAssetRegistry took 0.0105 seconds to start up
[2016.01.28-10.52.49:990][  0]SourceControl: Info Source control is disabled
[2016.01.28-10.52.49:991][  0]SourceControl: Info Source control is disabled
[2016.01.28-10.52.50:007][  0]SourceControl: Info Source control is disabled
[2016.01.28-10.52.50:018][  0]SourceControl: Info Source control is disabled
[2016.01.28-10.52.50:304][  0]LogObj: 28633 objects as part of root set at end of initial load.
[2016.01.28-10.52.50:304][  0]LogUObjectAllocator: 6099744 out of 0 bytes used by permanent object pool.
[2016.01.28-10.52.50:393][  0]LogEngine: Initializing Engine...
[2016.01.28-10.52.50:395][  0]LogHMD: Can't find Oculus library dev build: is proper Runtime installed? Version: 0.8.0.0
[2016.01.28-10.52.50:400][  0]LogHMD: SteamVR failed to initialize.  Err: 110
[2016.01.28-10.52.50:549][  0]LogAIModule: Creating AISystem for world NewWorld
[2016.01.28-10.52.50:567][  0]LogInit: XAudio2 using 'Kogan TV (Intel(R) Display Audio)' : 2 channels at 48 kHz using 16 bits per sample (channel mask 0x3)
[2016.01.28-10.52.50:577][  0]LogInit: FAudioDevice initialized.
[2016.01.28-10.52.50:600][  0]LogDerivedDataCache: Saved boot cache 0.02s 41MB C:/Users/David/AppData/Local/UnrealEngine/4.10/DerivedDataCache/Boot.ddc.
[2016.01.28-10.52.50:603][  0]LogInit: Texture streaming: Enabled
[2016.01.28-10.52.50:609][  0]LogAnalytics: Creating configured Analytics provider AnalyticsET
[2016.01.28-10.52.50:610][  0]LogAnalytics: [UEEditor.Rocket.Release] APIServer = http://et2.epicgames.com/ET2/. AppVersion = 4.10.2-2818068+++depot+UE4-Releases+4.10
[2016.01.28-10.52.50:610][  0]LogAnalytics: [UEEditor.Rocket.Release] SetUserId a822496742403b62dee7038ac1e5f264|a7bb51554a0841eca11a32507670a714|4d1e3629-8916-458f-8425-f0377bbe04e2
[2016.01.28-10.52.50:610][  0]LogAnalytics: [UEEditor.Rocket.Release] AnalyticsET::StartSession
[2016.01.28-10.52.50:635][  0]LogInit: Transaction tracking system initialized
[2016.01.28-10.52.50:697][  0]BlueprintLog: New page: Editor Load
[2016.01.28-10.52.50:868][  0]LocalizationService: Info Localization service is disabled
[2016.01.28-10.52.50:974][  0]LogConsoleResponse:Display: 
[2016.01.28-10.52.51:113][  0]LogFileCache: Scanning file cache for directory 'E:/Year_Three_AIE/GitHub/UE4Projects/GroupProject/Content/' took 0.01s
[2016.01.28-10.52.51:113][  0]LogCook:Display: Done creating registry. It took  0.00s.
[2016.01.28-10.52.51:216][  0]SourceControl: Info Source control is disabled
[2016.01.28-10.52.51:217][  0]Cmd: MAP LOAD FILE="E:/Year_Three_AIE/GitHub/UE4Projects/GroupProject/Content/Maps/TestingMap.umap" TEMPLATE=0 SHOWPROGRESS=1 FEATURELEVEL=3
[2016.01.28-10.52.51:218][  0]LightingResults: New page: Lighting Build
[2016.01.28-10.52.51:226][  0]MapCheck: New page: Map Check
[2016.01.28-10.52.51:226][  0]LightingResults: New page: Lighting Build
[2016.01.28-10.52.51:245][  0]LogParticles: Destroying 0 GPU particle simulations for FXSystem 0x0000000021A7B420
[2016.01.28-10.52.51:505][  0]LogAIModule: Creating AISystem for world TestingMap
[2016.01.28-10.52.51:524][  0]LogEditorServer: Finished looking for orphan Actors (0.000 secs)
[2016.01.28-10.52.51:526][  0]Cmd: MAP CHECKDEP NOCLEARLOG
[2016.01.28-10.52.51:559][  0]MapCheck: Info Map check complete: 0 Error(s), 0 Warning(s), took 32.849ms to complete.
[2016.01.28-10.52.51:559][  0]LogFileHelpers: Loading map 'TestingMap' took 0.342
[2016.01.28-10.52.51:750][  0]LogCollectionManager: Loaded 0 collections in 0.002319 seconds
[2016.01.28-10.52.51:804][  0]LogFileCache: Scanning file cache for directory 'E:/Year_Three_AIE/GitHub/UE4Projects/GroupProject/Saved/Collections/' took 0.01s
[2016.01.28-10.52.51:804][  0]LogFileCache: Scanning file cache for directory 'E:/Year_Three_AIE/GitHub/UE4Projects/GroupProject/Content/Developers/David/Collections/' took 0.01s
[2016.01.28-10.52.51:804][  0]LogFileCache: Scanning file cache for directory 'E:/Year_Three_AIE/GitHub/UE4Projects/GroupProject/Content/Collections/' took 0.01s
[2016.01.28-10.52.51:804][  0]LogCollectionManager: Rebuilt the GUID cache for 0 collections in 0.000002 seconds
[2016.01.28-10.52.51:814][  0]LogContentBrowser: Native class hierarchy populated in 0.0093 seconds. Added 1893 classes and 338 folders.
[2016.01.28-10.52.51:824][  0]LogContentBrowser: Native class hierarchy updated for 'WidgetCarousel' in 0.0003 seconds. Added 0 classes and 0 folders.
[2016.01.28-10.52.51:934][  0]LogContentBrowser: Native class hierarchy updated for 'AddContentDialog' in 0.0004 seconds. Added 0 classes and 0 folders.
[2016.01.28-10.52.51:946][  0]LogContentBrowser: Native class hierarchy updated for 'SceneOutliner' in 0.0003 seconds. Added 1 classes and 2 folders.
[2016.01.28-10.52.52:020][  0]LogCrashTracker: Crashtracker disabled due to settings.
[2016.01.28-10.52.52:035][  0]LogUObjectGlobals:Warning: Failed to find object 'Class None.'
[2016.01.28-10.52.52:058][  0]LogLoad: Full Startup: 8.01 seconds (BP compile: 0.06 seconds)
[2016.01.28-10.52.52:069][  0]LogOcInput: Can't find Oculus library dev build: is proper Runtime installed? Version: 0.8.0.0
[2016.01.28-10.52.52:147][  0]LogContentStreaming: Texture pool size now 1000 MB
[2016.01.28-10.52.52:309][  0]LogRenderer: Reallocating scene render targets to support 1208x572 (Frame:2).
[2016.01.28-10.52.53:301][  3]LogAssetRegistry: Asset discovery search completed in 3.5840 seconds
[2016.01.28-10.52.53:301][  3]LogCollectionManager: Rebuilt the object cache for 0 collections in 0.000002 seconds (found 0 objects)
[2016.01.28-10.52.53:301][  3]LogCollectionManager: Fixed up redirectors for 0 collections in 0.000037 seconds (updated 0 objects)
[2016.01.28-10.54.06:865][867]LogFactory: FactoryCreateBinary: StaticMesh with FbxFactory (0 0 E:/Year_Three_AIE/m_bridge_GRP.fbx)
[2016.01.28-10.54.06:925][867]LogFbx: ItemName: GlobalSettings, ItemCount : 1
[2016.01.28-10.54.06:926][867]LogFbx: ItemName: AnimationStack, ItemCount : 1
[2016.01.28-10.54.06:926][867]LogFbx: ItemName: AnimationLayer, ItemCount : 1
[2016.01.28-10.54.06:926][867]LogFbx: ItemName: NodeAttribute, ItemCount : 1
[2016.01.28-10.54.06:926][867]LogFbx: ItemName: Model, ItemCount : 5
[2016.01.28-10.54.06:926][867]LogFbx: ItemName: Geometry, ItemCount : 4
[2016.01.28-10.54.06:926][867]LogFbx: ItemName: Material, ItemCount : 1
[2016.01.28-10.54.07:014][867]LogFbx: Loading FBX Scene from E:/Year_Three_AIE/m_bridge_GRP.fbx
[2016.01.28-10.54.07:112][867]LogFbx: FBX Scene Loaded Succesfully
[2016.01.28-10.54.27:701][867]LogFbx: Loading FBX Scene from E:/Year_Three_AIE/m_bridge_GRP.fbx
[2016.01.28-10.54.27:792][867]LogFbx: FBX Scene Loaded Succesfully
[2016.01.28-10.54.27:825][867]LogStaticMesh: Building static mesh m_bridge_GRP_Bridge_Lrg_01...
[2016.01.28-10.54.27:829][867]LogStaticMesh: Built static mesh [0.005056.2s] /Game/Blueprints/Environment/m_bridge_GRP_Bridge_Lrg_01.m_bridge_GRP_Bridge_Lrg_01
[2016.01.28-10.54.27:831][867]LogStaticMesh:Warning: m_bridge_GRP_Bridge_Lrg_01 has degenerate tangent bases which will result in incorrect shading. 
[2016.01.28-10.54.27:834][867]LogStaticMesh: Building static mesh m_bridge_GRP_Bridge_Lrg_02...
[2016.01.28-10.54.27:836][867]LogStaticMesh: Built static mesh [0.002739.2s] /Game/Blueprints/Environment/m_bridge_GRP_Bridge_Lrg_02.m_bridge_GRP_Bridge_Lrg_02
[2016.01.28-10.54.27:837][867]LogStaticMesh:Warning: m_bridge_GRP_Bridge_Lrg_02 has degenerate tangent bases which will result in incorrect shading. 
[2016.01.28-10.54.27:840][867]LogStaticMesh: Building static mesh m_bridge_GRP_Bridge_Sml_01...
[2016.01.28-10.54.27:842][867]LogStaticMesh: Built static mesh [0.002622.2s] /Game/Blueprints/Environment/m_bridge_GRP_Bridge_Sml_01.m_bridge_GRP_Bridge_Sml_01
[2016.01.28-10.54.27:843][867]LogStaticMesh:Warning: m_bridge_GRP_Bridge_Sml_01 has degenerate tangent bases which will result in incorrect shading. 
[2016.01.28-10.54.27:845][867]LogStaticMesh: Building static mesh m_bridge_GRP_Bridge_Sml_02...
[2016.01.28-10.54.27:849][867]LogStaticMesh: Built static mesh [0.003978.2s] /Game/Blueprints/Environment/m_bridge_GRP_Bridge_Sml_02.m_bridge_GRP_Bridge_Sml_02
[2016.01.28-10.54.27:850][867]LogStaticMesh:Warning: m_bridge_GRP_Bridge_Sml_02 has degenerate tangent bases which will result in incorrect shading. 
[2016.01.28-10.54.27:856][867]FBXImport:Warning: Warning m_bridge_GRP_Bridge_Lrg_01 has degenerate tangent bases which will result in incorrect shading.  
[2016.01.28-10.54.27:856][867]FBXImport:Warning: Warning m_bridge_GRP_Bridge_Lrg_02 has degenerate tangent bases which will result in incorrect shading.  
[2016.01.28-10.54.27:856][867]FBXImport:Warning: Warning m_bridge_GRP_Bridge_Sml_01 has degenerate tangent bases which will result in incorrect shading.  
[2016.01.28-10.54.27:856][867]FBXImport:Warning: Warning m_bridge_GRP_Bridge_Sml_02 has degenerate tangent bases which will result in incorrect shading.  
[2016.01.28-10.54.27:870][867]LogFactory: FactoryCreateBinary: StaticMesh with FbxFactory (0 0 E:/Year_Three_AIE/m_StartLine.fbx)
[2016.01.28-10.54.37:642][867]LogFbx: Loading FBX Scene from E:/Year_Three_AIE/m_StartLine.fbx
[2016.01.28-10.54.37:728][867]LogFbx: FBX Scene Loaded Succesfully
[2016.01.28-10.54.37:761][867]LogStaticMesh: Building static mesh m_StartLine...
[2016.01.28-10.54.37:766][867]LogStaticMesh: Built static mesh [0.009770.2s] /Game/Blueprints/Environment/m_StartLine.m_StartLine
[2016.01.28-10.54.37:772][867]LogFactory: FactoryCreateBinary: StaticMesh with FbxFactory (0 0 E:/Year_Three_AIE/m_terrain_GRP.fbx)
[2016.01.28-10.54.46:290][867]LogFbx: Loading FBX Scene from E:/Year_Three_AIE/m_terrain_GRP.fbx
[2016.01.28-10.54.46:396][867]LogFbx: FBX Scene Loaded Succesfully
[2016.01.28-10.54.46:434][867]LogStaticMesh: Building static mesh m_terrain_GRP_Terrain_01...
[2016.01.28-10.54.46:439][867]LogStaticMesh: Built static mesh [0.011324.2s] /Game/Blueprints/Environment/m_terrain_GRP_Terrain_01.m_terrain_GRP_Terrain_01
[2016.01.28-10.54.46:440][867]LogStaticMesh:Warning: m_terrain_GRP_Terrain_01 has degenerate tangent bases which will result in incorrect shading. 
[2016.01.28-10.54.46:443][867]LogStaticMesh: Building static mesh m_terrain_GRP_Terrain_02...
[2016.01.28-10.54.46:444][867]LogStaticMesh: Built static mesh [0.001688.2s] /Game/Blueprints/Environment/m_terrain_GRP_Terrain_02.m_terrain_GRP_Terrain_02
[2016.01.28-10.54.46:445][867]LogStaticMesh:Warning: m_terrain_GRP_Terrain_02 has degenerate tangent bases which will result in incorrect shading. 
[2016.01.28-10.54.46:447][867]LogStaticMesh: Building static mesh m_terrain_GRP_Terrain_03...
[2016.01.28-10.54.46:447][867]LogStaticMesh: Built static mesh [0.001354.2s] /Game/Blueprints/Environment/m_terrain_GRP_Terrain_03.m_terrain_GRP_Terrain_03
[2016.01.28-10.54.46:451][867]FBXImport:Warning: Warning m_terrain_GRP_Terrain_01 has degenerate tangent bases which will result in incorrect shading.  
[2016.01.28-10.54.46:451][867]FBXImport:Warning: Warning m_terrain_GRP_Terrain_02 has degenerate tangent bases which will result in incorrect shading.  
[2016.01.28-10.54.57:679][ 12]LogRenderer: Reallocating scene render targets to support 1432x960 (Frame:1088).
[2016.01.28-10.55.34:538][763]LogEditorTransaction: Undo Scale Collision
[2016.01.28-10.55.40:044][ 50]Cmd: MODE SCALEGRID=0
[2016.01.28-10.56.02:010][292]LogEditorTransaction: Undo Translate Collision
[2016.01.28-10.56.10:392][418]LogEditorTransaction: Undo Rotate Collision
[2016.01.28-10.56.10:770][424]LogEditorTransaction: Undo Rotate Collision
[2016.01.28-10.56.41:811][815]Cmd: OBJ SAVEPACKAGE PACKAGE="/Game/Blueprints/Environment/m_StartLine" FILE="E:/Year_Three_AIE/GitHub/UE4Projects/GroupProject/Content/Blueprints/Environment/m_StartLine.uasset" SILENT=true
[2016.01.28-10.56.41:830][815]LogSavePackage: Save=12.628092ms
[2016.01.28-10.56.41:830][815]LogSavePackage: Moving 'E:/Year_Three_AIE/GitHub/UE4Projects/GroupProject/Saved/m_StartLine4256C56940CFFEE1FDFEE39E61D88D81.tmp' to 'E:/Year_Three_AIE/GitHub/UE4Projects/GroupProject/Content/Blueprints/Environment/m_StartLine.uasset'
[2016.01.28-10.56.41:831][815]LogSavePackage: Total save time: 16.253591ms
[2016.01.28-10.56.41:831][815]LogSavePackage:Display: Finished SavePackage E:/Year_Three_AIE/GitHub/UE4Projects/GroupProject/Content/Blueprints/Environment/m_StartLine.uasset
[2016.01.28-10.56.46:338][872]LogParticles: Destroying 0 GPU particle simulations for FXSystem 0x000000003A0074C0
[2016.01.28-10.56.48:924][872]LogSavePackage: Save=11.387355ms
[2016.01.28-10.56.48:924][872]LogSavePackage: Moving 'E:/Year_Three_AIE/GitHub/UE4Projects/GroupProject/Saved/m_bridge_GRP_Bridge_Lrg_01A78F0381497F329256F997AC01880A9B.tmp' to 'E:/Year_Three_AIE/GitHub/UE4Projects/GroupProject/Content/Blueprints/Environment/m_bridge_GRP_Bridge_Lrg_01.uasset'
[2016.01.28-10.56.48:925][872]LogSavePackage: Total save time: 12.112964ms
[2016.01.28-10.56.48:925][872]LogSavePackage:Display: Finished SavePackage E:/Year_Three_AIE/GitHub/UE4Projects/GroupProject/Content/Blueprints/Environment/m_bridge_GRP_Bridge_Lrg_01.uasset
[2016.01.28-10.56.48:994][872]LogSavePackage: Save=10.824728ms
[2016.01.28-10.56.48:994][872]LogSavePackage: Moving 'E:/Year_Three_AIE/GitHub/UE4Projects/GroupProject/Saved/m_bridge_GRP_Bridge_Lrg_027769308C4B8A7D1378903F9634305BD1.tmp' to 'E:/Year_Three_AIE/GitHub/UE4Projects/GroupProject/Content/Blueprints/Environment/m_bridge_GRP_Bridge_Lrg_02.uasset'
[2016.01.28-10.56.48:995][872]LogSavePackage: Total save time: 11.698537ms
[2016.01.28-10.56.48:995][872]LogSavePackage:Display: Finished SavePackage E:/Year_Three_AIE/GitHub/UE4Projects/GroupProject/Content/Blueprints/Environment/m_bridge_GRP_Bridge_Lrg_02.uasset
[2016.01.28-10.56.49:049][872]LogSavePackage: Save=12.066033ms
[2016.01.28-10.56.49:049][872]LogSavePackage: Moving 'E:/Year_Three_AIE/GitHub/UE4Projects/GroupProject/Saved/m_bridge_GRP_Bridge_Sml_01670B95F24ECB63B890A858AE13665130.tmp' to 'E:/Year_Three_AIE/GitHub/UE4Projects/GroupProject/Content/Blueprints/Environment/m_bridge_GRP_Bridge_Sml_01.uasset'
[2016.01.28-10.56.49:050][872]LogSavePackage: Total save time: 12.998436ms
[2016.01.28-10.56.49:050][872]LogSavePackage:Display: Finished SavePackage E:/Year_Three_AIE/GitHub/UE4Projects/GroupProject/Content/Blueprints/Environment/m_bridge_GRP_Bridge_Sml_01.uasset
[2016.01.28-10.56.49:100][872]LogSavePackage: Save=7.630444ms
[2016.01.28-10.56.49:100][872]LogSavePackage: Moving 'E:/Year_Three_AIE/GitHub/UE4Projects/GroupProject/Saved/m_bridge_GRP_Bridge_Sml_021499B0354135D475125C27A6E6497BEE.tmp' to 'E:/Year_Three_AIE/GitHub/UE4Projects/GroupProject/Content/Blueprints/Environment/m_bridge_GRP_Bridge_Sml_02.uasset'
[2016.01.28-10.56.49:100][872]LogSavePackage: Total save time: 8.255363ms
[2016.01.28-10.56.49:100][872]LogSavePackage:Display: Finished SavePackage E:/Year_Three_AIE/GitHub/UE4Projects/GroupProject/Content/Blueprints/Environment/m_bridge_GRP_Bridge_Sml_02.uasset
[2016.01.28-10.56.49:156][872]LogSavePackage: Save=11.697112ms
[2016.01.28-10.56.49:156][872]LogSavePackage: Moving 'E:/Year_Three_AIE/GitHub/UE4Projects/GroupProject/Saved/m_terrain_GRP_Terrain_014129D3D447C0A675F79929881956E59F.tmp' to 'E:/Year_Three_AIE/GitHub/UE4Projects/GroupProject/Content/Blueprints/Environment/m_terrain_GRP_Terrain_01.uasset'
[2016.01.28-10.56.49:157][872]LogSavePackage: Total save time: 12.562953ms
[2016.01.28-10.56.49:157][872]LogSavePackage:Display: Finished SavePackage E:/Year_Three_AIE/GitHub/UE4Projects/GroupProject/Content/Blueprints/Environment/m_terrain_GRP_Terrain_01.uasset
[2016.01.28-10.56.49:206][872]LogSavePackage: Save=8.683733ms
[2016.01.28-10.56.49:206][872]LogSavePackage: Moving 'E:/Year_Three_AIE/GitHub/UE4Projects/GroupProject/Saved/m_terrain_GRP_Terrain_02F519C9584083F940215E67BAA7E9ABAF.tmp' to 'E:/Year_Three_AIE/GitHub/UE4Projects/GroupProject/Content/Blueprints/Environment/m_terrain_GRP_Terrain_02.uasset'
[2016.01.28-10.56.49:207][872]LogSavePackage: Total save time: 9.613290ms
[2016.01.28-10.56.49:207][872]LogSavePackage:Display: Finished SavePackage E:/Year_Three_AIE/GitHub/UE4Projects/GroupProject/Content/Blueprints/Environment/m_terrain_GRP_Terrain_02.uasset
[2016.01.28-10.56.49:263][872]LogSavePackage: Save=8.501974ms
[2016.01.28-10.56.49:263][872]LogSavePackage: Moving 'E:/Year_Three_AIE/GitHub/UE4Projects/GroupProject/Saved/m_terrain_GRP_Terrain_03ECA1DBAC447BA5706CE7ACB14483D382.tmp' to 'E:/Year_Three_AIE/GitHub/UE4Projects/GroupProject/Content/Blueprints/Environment/m_terrain_GRP_Terrain_03.uasset'
[2016.01.28-10.56.49:263][872]LogSavePackage: Total save time: 9.189472ms
[2016.01.28-10.56.49:263][872]LogSavePackage:Display: Finished SavePackage E:/Year_Three_AIE/GitHub/UE4Projects/GroupProject/Content/Blueprints/Environment/m_terrain_GRP_Terrain_03.uasset
[2016.01.28-10.57.17:961][124]LogSavePackage: Save=2.227182ms
[2016.01.28-10.57.17:961][124]LogSavePackage: Moving 'E:/Year_Three_AIE/GitHub/UE4Projects/GroupProject/Saved/m_bridge_GRP_Bridge_Lrg_011BC4ABFB4D5552BED63963BFE5F2AACB.tmp' to 'E:/Year_Three_AIE/GitHub/UE4Projects/GroupProject/Content/Blueprints/Environment/m_bridge_GRP_Bridge_Lrg_01.uasset'
[2016.01.28-10.57.17:962][124]LogSavePackage: Total save time: 8.452199ms
[2016.01.28-10.57.17:962][124]LogSavePackage:Display: Finished SavePackage E:/Year_Three_AIE/GitHub/UE4Projects/GroupProject/Content/Blueprints/Environment/m_bridge_GRP_Bridge_Lrg_01.uasset
[2016.01.28-10.57.38:231][309]LogSavePackage: Save=2.145262ms
[2016.01.28-10.57.38:231][309]LogSavePackage: Moving 'E:/Year_Three_AIE/GitHub/UE4Projects/GroupProject/Saved/m_bridge_GRP_Bridge_Lrg_0266AC99B9472FF1D3F2ED908BCE0E8A77.tmp' to 'E:/Year_Three_AIE/GitHub/UE4Projects/GroupProject/Content/Blueprints/Environment/m_bridge_GRP_Bridge_Lrg_02.uasset'
[2016.01.28-10.57.38:232][309]LogSavePackage: Total save time: 5.742315ms
[2016.01.28-10.57.38:232][309]LogSavePackage:Display: Finished SavePackage E:/Year_Three_AIE/GitHub/UE4Projects/GroupProject/Content/Blueprints/Environment/m_bridge_GRP_Bridge_Lrg_02.uasset
[2016.01.28-10.58.04:538][569]LogSavePackage: Save=1.506974ms
[2016.01.28-10.58.04:538][569]LogSavePackage: Moving 'E:/Year_Three_AIE/GitHub/UE4Projects/GroupProject/Saved/m_bridge_GRP_Bridge_Sml_01BEB3DF6C4B4C9F90677C258EE091FE09.tmp' to 'E:/Year_Three_AIE/GitHub/UE4Projects/GroupProject/Content/Blueprints/Environment/m_bridge_GRP_Bridge_Sml_01.uasset'
[2016.01.28-10.58.04:539][569]LogSavePackage: Total save time: 4.026849ms
[2016.01.28-10.58.04:539][569]LogSavePackage:Display: Finished SavePackage E:/Year_Three_AIE/GitHub/UE4Projects/GroupProject/Content/Blueprints/Environment/m_bridge_GRP_Bridge_Sml_01.uasset
[2016.01.28-10.58.23:647][726]LogSavePackage: Save=2.357741ms
[2016.01.28-10.58.23:647][726]LogSavePackage: Moving 'E:/Year_Three_AIE/GitHub/UE4Projects/GroupProject/Saved/m_bridge_GRP_Bridge_Sml_02F4CC6D4448DBA08ECBF11A9464DF6D7A.tmp' to 'E:/Year_Three_AIE/GitHub/UE4Projects/GroupProject/Content/Blueprints/Environment/m_bridge_GRP_Bridge_Sml_02.uasset'
[2016.01.28-10.58.23:648][726]LogSavePackage: Total save time: 6.128874ms
[2016.01.28-10.58.23:648][726]LogSavePackage:Display: Finished SavePackage E:/Year_Three_AIE/GitHub/UE4Projects/GroupProject/Content/Blueprints/Environment/m_bridge_GRP_Bridge_Sml_02.uasset
[2016.01.28-10.59.04:258][188]LogSavePackage: Save=2.261315ms
[2016.01.28-10.59.04:258][188]LogSavePackage: Moving 'E:/Year_Three_AIE/GitHub/UE4Projects/GroupProject/Saved/m_terrain_GRP_Terrain_02B9C8155F41D82BC7DE754DB31077E2C9.tmp' to 'E:/Year_Three_AIE/GitHub/UE4Projects/GroupProject/Content/Blueprints/Environment/m_terrain_GRP_Terrain_02.uasset'
[2016.01.28-10.59.04:259][188]LogSavePackage: Total save time: 5.908716ms
[2016.01.28-10.59.04:259][188]LogSavePackage:Display: Finished SavePackage E:/Year_Three_AIE/GitHub/UE4Projects/GroupProject/Content/Blueprints/Environment/m_terrain_GRP_Terrain_02.uasset
[2016.01.28-10.59.50:240][805]LogSavePackage: Save=2.005886ms
[2016.01.28-10.59.50:240][805]LogSavePackage: Moving 'E:/Year_Three_AIE/GitHub/UE4Projects/GroupProject/Saved/m_terrain_GRP_Terrain_03F46DB27440056BA348617897CDE847F3.tmp' to 'E:/Year_Three_AIE/GitHub/UE4Projects/GroupProject/Content/Blueprints/Environment/m_terrain_GRP_Terrain_03.uasset'
[2016.01.28-10.59.50:241][805]LogSavePackage: Total save time: 5.897909ms
[2016.01.28-10.59.50:241][805]LogSavePackage:Display: Finished SavePackage E:/Year_Three_AIE/GitHub/UE4Projects/GroupProject/Content/Blueprints/Environment/m_terrain_GRP_Terrain_03.uasset
[2016.01.28-11.03.41:616][ 16]LogEditorTransaction: Undo Translate Collision
[2016.01.28-11.11.35:375][385]Cmd: MODE ROTGRID=0
[2016.01.28-11.13.26:801][692]Cmd: MODE ROTGRID=1
[2016.01.28-11.15.18:161][908]LogSavePackage: Save=1.475686ms
[2016.01.28-11.15.18:161][908]LogSavePackage: Moving 'E:/Year_Three_AIE/GitHub/UE4Projects/GroupProject/Saved/m_terrain_GRP_Terrain_012F01FC50493DAEFA7708AD911BE637DA.tmp' to 'E:/Year_Three_AIE/GitHub/UE4Projects/GroupProject/Content/Blueprints/Environment/m_terrain_GRP_Terrain_01.uasset'
[2016.01.28-11.15.18:162][908]LogSavePackage: Total save time: 4.072361ms
[2016.01.28-11.15.18:162][908]LogSavePackage:Display: Finished SavePackage E:/Year_Three_AIE/GitHub/UE4Projects/GroupProject/Content/Blueprints/Environment/m_terrain_GRP_Terrain_01.uasset
[2016.01.28-11.15.54:304][357]Cmd: OBJ SAVEPACKAGE PACKAGE="/Game/Maps/TestingMap" FILE="E:/Year_Three_AIE/GitHub/UE4Projects/GroupProject/Content/Maps/TestingMap.umap" SILENT=true AUTOSAVING=false KEEPDIRTY=false
[2016.01.28-11.15.54:317][357]LogParticles: Destroying 0 GPU particle simulations for FXSystem 0x000000000FE11760
[2016.01.28-11.15.54:317][357]LogParticles: Destroying 0 GPU particle simulations for FXSystem 0x0000000039F771A0
[2016.01.28-11.15.54:317][357]LogParticles: Destroying 0 GPU particle simulations for FXSystem 0x0000000039FA8680
[2016.01.28-11.15.54:318][357]LogParticles: Destroying 0 GPU particle simulations for FXSystem 0x0000000039F74A40
[2016.01.28-11.15.54:318][357]LogParticles: Destroying 0 GPU particle simulations for FXSystem 0x0000000039F96160
[2016.01.28-11.15.54:318][357]LogParticles: Destroying 0 GPU particle simulations for FXSystem 0x000000001239CE00
[2016.01.28-11.15.54:323][357]LogParticles: Destroying 0 GPU particle simulations for FXSystem 0x000000000FF260C0
[2016.01.28-11.15.54:374][357]LogSavePackage: Save=50.637234ms
[2016.01.28-11.15.54:374][357]LogSavePackage: Moving 'E:/Year_Three_AIE/GitHub/UE4Projects/GroupProject/Saved/TestingMap1EBE12544CF21269C88336A37FB53B81.tmp' to 'E:/Year_Three_AIE/GitHub/UE4Projects/GroupProject/Content/Maps/TestingMap.umap'
[2016.01.28-11.15.54:374][357]LogSavePackage: Total save time: 53.927947ms
[2016.01.28-11.15.54:374][357]LogSavePackage:Display: Finished SavePackage E:/Year_Three_AIE/GitHub/UE4Projects/GroupProject/Content/Maps/TestingMap.umap
[2016.01.28-11.16.14:874][649]Cmd: OBJ SAVEPACKAGE PACKAGE="/Game/Maps/TestingMap" FILE="E:/Year_Three_AIE/GitHub/UE4Projects/GroupProject/Content/Maps/TestingMap.umap" SILENT=true AUTOSAVING=false KEEPDIRTY=false
[2016.01.28-11.16.14:937][649]LogSavePackage: Save=49.560337ms
[2016.01.28-11.16.14:937][649]LogSavePackage: Moving 'E:/Year_Three_AIE/GitHub/UE4Projects/GroupProject/Saved/TestingMap0DC648C94F23E96BFE0B35B90BA49106.tmp' to 'E:/Year_Three_AIE/GitHub/UE4Projects/GroupProject/Content/Maps/TestingMap.umap'
[2016.01.28-11.16.14:937][649]LogSavePackage: Total save time: 52.192278ms
[2016.01.28-11.16.14:937][649]LogSavePackage:Display: Finished SavePackage E:/Year_Three_AIE/GitHub/UE4Projects/GroupProject/Content/Maps/TestingMap.umap
[2016.01.28-11.16.14:951][649]LogFileHelpers: Saving map 'TestingMap' took 0.147
[2016.01.28-11.16.21:687][962]Cmd: QUIT_EDITOR
[2016.01.28-11.16.21:815][962]LogExit: Preparing to exit.
[2016.01.28-11.16.22:784][962]LogExit: Editor shut down
[2016.01.28-11.16.22:784][962]LogExit: Transaction tracking system shut down
[2016.01.28-11.16.22:787][962]LogParticles: Destroying 0 GPU particle simulations for FXSystem 0x00000000126E7740
[2016.01.28-11.16.22:787][962]LogParticles: Destroying 0 GPU particle simulations for FXSystem 0x00000000221EF880
[2016.01.28-11.16.22:787][962]LogParticles: Destroying 0 GPU particle simulations for FXSystem 0x000000001CEFB7E0
[2016.01.28-11.16.22:787][962]LogParticles: Destroying 0 GPU particle simulations for FXSystem 0x000000002B4D5E40
[2016.01.28-11.16.22:787][962]LogParticles: Destroying 0 GPU particle simulations for FXSystem 0x000000003A000CC0
[2016.01.28-11.16.22:898][962]LogExit: Object subsystem successfully closed.
[2016.01.28-11.16.22:915][962]LogD3D11RHI: Shutdown
[2016.01.28-11.16.22:915][962]LogD3D11RHI: CleanupD3DDevice
[2016.01.28-11.16.22:984][962]LogD3D11RHI: ~FD3D11DynamicRHI
[2016.01.28-11.16.23:004][962]LogModuleManager: Shutting down and abandoning module CookingStats (200)
[2016.01.28-11.16.23:004][962]LogModuleManager: Shutting down and abandoning module StaticMeshEditor (199)
[2016.01.28-11.16.23:004][962]LogModuleManager: Shutting down and abandoning module CrashTracker (198)
[2016.01.28-11.16.23:004][962]LogModuleManager: Shutting down and abandoning module SceneOutliner (197)
[2016.01.28-11.16.23:004][962]LogModuleManager: Shutting down and abandoning module SuperSearch (196)
[2016.01.28-11.16.23:004][962]LogModuleManager: Shutting down and abandoning module WidgetCarousel (195)
[2016.01.28-11.16.23:004][962]LogModuleManager: Shutting down and abandoning module AddContentDialog (194)
[2016.01.28-11.16.23:005][962]LogModuleManager: Shutting down and abandoning module EditorWidgets (193)
[2016.01.28-11.16.23:005][962]LogModuleManager: Shutting down and abandoning module CollectionManager (192)
[2016.01.28-11.16.23:005][962]LogModuleManager: Shutting down and abandoning module StatsViewer (191)
[2016.01.28-11.16.23:005][962]LogModuleManager: Shutting down and abandoning module FoliageEdit (190)
[2016.01.28-11.16.23:005][962]LogModuleManager: Shutting down and abandoning module LandscapeEditor (189)
[2016.01.28-11.16.23:006][962]LogModuleManager: Shutting down and abandoning module ActorPickerMode (188)
[2016.01.28-11.16.23:006][962]LogModuleManager: Shutting down and abandoning module GeometryMode (187)
[2016.01.28-11.16.23:006][962]LogModuleManager: Shutting down and abandoning module TextureAlignMode (186)
[2016.01.28-11.16.23:006][962]LogModuleManager: Shutting down and abandoning module BspMode (185)
[2016.01.28-11.16.23:006][962]LogModuleManager: Shutting down and abandoning module PlacementMode (184)
[2016.01.28-11.16.23:006][962]LogModuleManager: Shutting down and abandoning module AutomationWorker (183)
[2016.01.28-11.16.23:006][962]LogModuleManager: Shutting down and abandoning module CharacterAI (182)
[2016.01.28-11.16.23:006][962]LogModuleManager: Shutting down and abandoning module SmartSnapping (181)
[2016.01.28-11.16.23:006][962]LogModuleManager: Shutting down and abandoning module ViewportSnapping (180)
[2016.01.28-11.16.23:006][962]LogModuleManager: Shutting down and abandoning module LogVisualizer (179)
[2016.01.28-11.16.23:006][962]LogModuleManager: Shutting down and abandoning module GameProjectGeneration (178)
[2016.01.28-11.16.23:009][962]LogModuleManager: Shutting down and abandoning module IntroTutorials (177)
[2016.01.28-11.16.23:009][962]LogModuleManager: Shutting down and abandoning module EditorLiveStreaming (176)
[2016.01.28-11.16.23:009][962]LogModuleManager: Shutting down and abandoning module IOSPlatformEditor (175)
[2016.01.28-11.16.23:009][962]LogModuleManager: Shutting down and abandoning module HTML5PlatformEditor (174)
[2016.01.28-11.16.23:009][962]LogModuleManager: Shutting down and abandoning module AndroidDeviceDetection (173)
[2016.01.28-11.16.24:034][962]LogModuleManager: Shutting down and abandoning module AndroidPlatformEditor (172)
[2016.01.28-11.16.24:034][962]LogModuleManager: Shutting down and abandoning module IOSRuntimeSettings (171)
[2016.01.28-11.16.24:034][962]LogModuleManager: Shutting down and abandoning module AndroidRuntimeSettings (170)
[2016.01.28-11.16.24:034][962]LogModuleManager: Shutting down and abandoning module MergeActors (169)
[2016.01.28-11.16.24:034][962]LogModuleManager: Shutting down and abandoning module SizeMap (168)
[2016.01.28-11.16.24:034][962]LogModuleManager: Shutting down and abandoning module TreeMap (167)
[2016.01.28-11.16.24:034][962]LogModuleManager: Shutting down and abandoning module ReferenceViewer (166)
[2016.01.28-11.16.24:034][962]LogModuleManager: Shutting down and abandoning module LocalizationService (165)
[2016.01.28-11.16.24:034][962]LogModuleManager: Shutting down and abandoning module LocalizationDashboard (164)
[2016.01.28-11.16.24:037][962]LogModuleManager: Shutting down and abandoning module HardwareTargeting (163)
[2016.01.28-11.16.24:037][962]LogModuleManager: Shutting down and abandoning module DeviceProfileEditor (162)
[2016.01.28-11.16.24:037][962]LogModuleManager: Shutting down and abandoning module UndoHistory (161)
[2016.01.28-11.16.24:037][962]LogModuleManager: Shutting down and abandoning module GameplayTagsEditor (160)
[2016.01.28-11.16.24:037][962]LogModuleManager: Shutting down and abandoning module UserFeedback (159)
[2016.01.28-11.16.24:037][962]LogModuleManager: Shutting down and abandoning module XmlParser (158)
[2016.01.28-11.16.24:037][962]LogModuleManager: Shutting down and abandoning module Blutility (157)
[2016.01.28-11.16.24:037][962]LogModuleManager: Shutting down and abandoning module ProjectTargetPlatformEditor (156)
[2016.01.28-11.16.24:037][962]LogModuleManager: Shutting down and abandoning module ProjectSettingsViewer (155)
[2016.01.28-11.16.24:037][962]LogModuleManager: Shutting down and abandoning module InputBindingEditor (154)
[2016.01.28-11.16.24:037][962]LogModuleManager: Shutting down and abandoning module EditorSettingsViewer (153)
[2016.01.28-11.16.24:037][962]LogModuleManager: Shutting down and abandoning module SettingsEditor (152)
[2016.01.28-11.16.24:038][962]LogModuleManager: Shutting down and abandoning module ProjectLauncher (151)
[2016.01.28-11.16.24:038][962]LogModuleManager: Shutting down and abandoning module SessionFrontend (150)
[2016.01.28-11.16.24:038][962]LogModuleManager: Shutting down and abandoning module ProfilerClient (149)
[2016.01.28-11.16.24:039][962]LogModuleManager: Shutting down and abandoning module TargetDeviceServices (148)
[2016.01.28-11.16.24:039][962]LogModuleManager: Shutting down and abandoning module DeviceManager (147)
[2016.01.28-11.16.24:039][962]LogModuleManager: Shutting down and abandoning module AutomationController (146)
[2016.01.28-11.16.24:039][962]LogModuleManager: Shutting down and abandoning module AutomationWindow (145)
[2016.01.28-11.16.24:040][962]LogModuleManager: Shutting down and abandoning module Layers (144)
[2016.01.28-11.16.24:041][962]LogModuleManager: Shutting down and abandoning module ComponentVisualizers (143)
[2016.01.28-11.16.24:041][962]LogModuleManager: Shutting down and abandoning module DetailCustomizations (142)
[2016.01.28-11.16.24:041][962]LogModuleManager: Shutting down and abandoning module PackagesDialog (141)
[2016.01.28-11.16.24:041][962]LogModuleManager: Shutting down and abandoning module Persona (140)
[2016.01.28-11.16.24:042][962]LogModuleManager: Shutting down and abandoning module Kismet (139)
[2016.01.28-11.16.24:042][962]LogModuleManager: Shutting down and abandoning module GraphEditor (138)
[2016.01.28-11.16.24:043][962]LogModuleManager: Shutting down and abandoning module ClassViewer (137)
[2016.01.28-11.16.24:043][962]LogModuleManager: Shutting down and abandoning module Toolbox (136)
[2016.01.28-11.16.24:043][962]LogModuleManager: Shutting down and abandoning module ModuleUI (135)
[2016.01.28-11.16.24:044][962]LogModuleManager: Shutting down and abandoning module MovieSceneTools (134)
[2016.01.28-11.16.24:044][962]LogModuleManager: Shutting down and abandoning module OutputLog (133)
[2016.01.28-11.16.24:044][962]LogModuleManager: Shutting down and abandoning module GammaUI (132)
[2016.01.28-11.16.24:044][962]LogModuleManager: Shutting down and abandoning module Documentation (131)
[2016.01.28-11.16.24:044][962]LogModuleManager: Shutting down and abandoning module GameLiveStreaming (130)
[2016.01.28-11.16.24:044][962]LogModuleManager: Shutting down and abandoning module StreamingPauseRendering (129)
[2016.01.28-11.16.24:044][962]LogModuleManager: Shutting down and abandoning module AnalyticsET (128)
[2016.01.28-11.16.24:044][962]LogModuleManager: Shutting down and abandoning module Analytics (127)
[2016.01.28-11.16.24:044][962]LogModuleManager: Shutting down and abandoning module AITestSuite (126)
[2016.01.28-11.16.24:044][962]LogModuleManager: Shutting down and abandoning module GameplayDebugger (125)
[2016.01.28-11.16.24:044][962]LogModuleManager: Shutting down and abandoning module AIModule (124)
[2016.01.28-11.16.24:044][962]LogModuleManager: Shutting down and abandoning module ProfilerService (123)
[2016.01.28-11.16.24:270][962]LogModuleManager: Shutting down and abandoning module TaskGraph (122)
[2016.01.28-11.16.24:272][962]LogModuleManager: Shutting down and abandoning module SlateRemote (121)
[2016.01.28-11.16.24:272][962]LogModuleManager: Shutting down and abandoning module SteamVRController (120)
[2016.01.28-11.16.24:272][962]LogModuleManager: Shutting down and abandoning module SteamVR (119)
[2016.01.28-11.16.24:272][962]LogModuleManager: Shutting down and abandoning module ProceduralMeshComponent (118)
[2016.01.28-11.16.24:272][962]LogModuleManager: Shutting down and abandoning module OculusLibrary (117)
[2016.01.28-11.16.24:272][962]LogModuleManager: Shutting down and abandoning module OculusInput (116)
[2016.01.28-11.16.24:272][962]LogModuleManager: Shutting down and abandoning module LeapMotionController (115)
[2016.01.28-11.16.24:280][962]LogModuleManager: Shutting down and abandoning module CustomMeshComponent (114)
[2016.01.28-11.16.24:280][962]LogModuleManager: Shutting down and abandoning module CableComponent (113)
[2016.01.28-11.16.24:280][962]LogModuleManager: Shutting down and abandoning module ArchVisCharacter (112)
[2016.01.28-11.16.24:280][962]LogModuleManager: Shutting down and abandoning module MessagingDebugger (111)
[2016.01.28-11.16.24:281][962]LogModuleManager: Shutting down and abandoning module MediaPlayerEditor (110)
[2016.01.28-11.16.24:281][962]LogModuleManager: Shutting down and abandoning module HTML5Networking (109)
[2016.01.28-11.16.24:281][962]LogModuleManager: Shutting down and abandoning module SpeedTreeImporter (108)
[2016.01.28-11.16.24:281][962]LogModuleManager: Shutting down and abandoning module PluginBrowser (107)
[2016.01.28-11.16.24:281][962]LogModuleManager: Shutting down and abandoning module EpicSurvey (106)
[2016.01.28-11.16.24:281][962]LogModuleManager: Shutting down and abandoning module DesktopPlatform (105)
[2016.01.28-11.16.24:281][962]LogModuleManager: Shutting down and abandoning module VisualStudioSourceCodeAccess (104)
[2016.01.28-11.16.24:281][962]LogModuleManager: Shutting down and abandoning module UObjectPlugin (103)
[2016.01.28-11.16.24:281][962]LogModuleManager: Shutting down and abandoning module SubversionSourceControl (102)
[2016.01.28-11.16.24:281][962]LogModuleManager: Shutting down and abandoning module PerforceSourceControl (101)
[2016.01.28-11.16.24:281][962]LogModuleManager: Shutting down and abandoning module SourceControl (100)
[2016.01.28-11.16.24:282][962]LogModuleManager: Shutting down and abandoning module GitSourceControl (99)
[2016.01.28-11.16.24:282][962]LogModuleManager: Shutting down and abandoning module LightPropagationVolumeEditor (98)
[2016.01.28-11.16.24:282][962]LogModuleManager: Shutting down and abandoning module PaperTiledImporter (97)
[2016.01.28-11.16.24:282][962]LogModuleManager: Shutting down and abandoning module PaperSpriteSheetImporter (96)
[2016.01.28-11.16.24:282][962]LogModuleManager: Shutting down and abandoning module MeshPaint (95)
[2016.01.28-11.16.24:282][962]LogModuleManager: Shutting down and abandoning module SlateReflector (94)
[2016.01.28-11.16.24:282][962]LogModuleManager: Shutting down and abandoning module HotReload (93)
[2016.01.28-11.16.24:282][962]LogModuleManager: Shutting down and abandoning module MainFrame (92)
[2016.01.28-11.16.24:282][962]LogModuleManager: Shutting down and abandoning module LevelEditor (91)
[2016.01.28-11.16.24:283][962]LogModuleManager: Shutting down and abandoning module DirectoryWatcher (90)
[2016.01.28-11.16.24:283][962]LogModuleManager: Shutting down and abandoning module AssetRegistry (89)
[2016.01.28-11.16.24:378][962]LogModuleManager: Shutting down and abandoning module ContentBrowser (88)
[2016.01.28-11.16.24:378][962]LogModuleManager: Shutting down and abandoning module Paper2DEditor (87)
[2016.01.28-11.16.24:380][962]LogModuleManager: Shutting down and abandoning module UdpMessaging (86)
[2016.01.28-11.16.24:480][962]LogModuleManager: Shutting down and abandoning module LightPropagationVolumeRuntime (85)
[2016.01.28-11.16.24:480][962]LogModuleManager: Shutting down and abandoning module Paper2D (84)
[2016.01.28-11.16.24:480][962]LogModuleManager: Shutting down and abandoning module WindowsMoviePlayer (83)
[2016.01.28-11.16.24:483][962]LogModuleManager: Shutting down and abandoning module Media (82)
[2016.01.28-11.16.24:483][962]LogModuleManager: Shutting down and abandoning module WmfMedia (81)
[2016.01.28-11.16.24:484][962]LogModuleManager: Shutting down and abandoning module OnlineBlueprintSupport (80)
[2016.01.28-11.16.24:484][962]LogModuleManager: Shutting down and abandoning module GameplayTasksEditor (79)
[2016.01.28-11.16.24:484][962]LogModuleManager: Shutting down and abandoning module PropertyEditor (78)
[2016.01.28-11.16.24:484][962]LogModuleManager: Shutting down and abandoning module BehaviorTreeEditor (77)
[2016.01.28-11.16.24:486][962]LogModuleManager: Shutting down and abandoning module FunctionalTesting (76)
[2016.01.28-11.16.24:486][962]LogModuleManager: Shutting down and abandoning module CollisionAnalyzer (75)
[2016.01.28-11.16.24:486][962]LogModuleManager: Shutting down and abandoning module WorkspaceMenuStructure (74)
[2016.01.28-11.16.24:486][962]LogModuleManager: Shutting down and abandoning module MessageLog (73)
[2016.01.28-11.16.24:486][962]LogModuleManager: Shutting down and abandoning module Sequencer (72)
[2016.01.28-11.16.24:487][962]LogModuleManager: Shutting down and abandoning module AssetTools (71)
[2016.01.28-11.16.24:488][962]LogModuleManager: Shutting down and abandoning module UMGEditor (70)
[2016.01.28-11.16.24:488][962]LogModuleManager: Shutting down and abandoning module UMG (69)
[2016.01.28-11.16.24:489][962]LogModuleManager: Shutting down and abandoning module Slate (68)
[2016.01.28-11.16.24:489][962]LogModuleManager: Shutting down and abandoning module EditorStyle (67)
[2016.01.28-11.16.24:491][962]LogModuleManager: Shutting down and abandoning module SessionServices (66)
[2016.01.28-11.16.24:491][962]LogModuleManager: Shutting down and abandoning module SourceCodeAccess (65)
[2016.01.28-11.16.24:491][962]LogModuleManager: Shutting down and abandoning module HeadMountedDisplay (64)
[2016.01.28-11.16.24:491][962]LogModuleManager: Shutting down and abandoning module XAudio2 (63)
[2016.01.28-11.16.24:491][962]LogModuleManager: Shutting down and abandoning module Networking (61)
[2016.01.28-11.16.24:491][962]LogModuleManager: Shutting down and abandoning module Core (60)
[2016.01.28-11.16.24:491][962]LogModuleManager: Shutting down and abandoning module KismetCompiler (59)
[2016.01.28-11.16.24:491][962]LogModuleManager: Shutting down and abandoning module PhysXFormats (58)
[2016.01.28-11.16.24:491][962]LogModuleManager: Shutting down and abandoning module MeshUtilities (57)
[2016.01.28-11.16.24:491][962]LogModuleManager: Shutting down and abandoning module DerivedDataCache (56)
[2016.01.28-11.16.24:520][962]LogDerivedDataCache: Shutdown
[2016.01.28-11.16.24:520][962]LogModuleManager: Shutting down and abandoning module ShaderFormatOpenGL (55)
[2016.01.28-11.16.24:520][962]LogModuleManager: Shutting down and abandoning module ShaderFormatD3D (54)
[2016.01.28-11.16.24:520][962]LogModuleManager: Shutting down and abandoning module MetalShaderFormat (53)
[2016.01.28-11.16.24:521][962]LogModuleManager: Shutting down and abandoning module TextureFormatUncompressed (52)
[2016.01.28-11.16.24:521][962]LogModuleManager: Shutting down and abandoning module TextureFormatPVR (51)
[2016.01.28-11.16.24:521][962]LogModuleManager: Shutting down and abandoning module TextureFormatIntelISPCTexComp (50)
[2016.01.28-11.16.24:521][962]LogModuleManager: Shutting down and abandoning module TextureFormatDXT (49)
[2016.01.28-11.16.24:521][962]LogModuleManager: Shutting down and abandoning module ImageWrapper (48)
[2016.01.28-11.16.24:521][962]LogModuleManager: Shutting down and abandoning module TextureFormatASTC (47)
[2016.01.28-11.16.24:521][962]LogModuleManager: Shutting down and abandoning module TextureFormatAndroid (46)
[2016.01.28-11.16.24:521][962]LogModuleManager: Shutting down and abandoning module AudioFormatOpus (45)
[2016.01.28-11.16.24:521][962]LogModuleManager: Shutting down and abandoning module AudioFormatOgg (44)
[2016.01.28-11.16.24:521][962]LogModuleManager: Shutting down and abandoning module AudioFormatADPCM (43)
[2016.01.28-11.16.24:521][962]LogModuleManager: Shutting down and abandoning module LinuxTargetPlatform (42)
[2016.01.28-11.16.24:521][962]LogModuleManager: Shutting down and abandoning module LinuxServerTargetPlatform (41)
[2016.01.28-11.16.24:521][962]LogModuleManager: Shutting down and abandoning module LinuxNoEditorTargetPlatform (40)
[2016.01.28-11.16.24:521][962]LogModuleManager: Shutting down and abandoning module Messaging (39)
[2016.01.28-11.16.24:521][962]LogModuleManager: Shutting down and abandoning module IOSTargetPlatform (38)
[2016.01.28-11.16.24:521][962]LogModuleManager: Shutting down and abandoning module HTML5TargetPlatform (37)
[2016.01.28-11.16.24:521][962]LogModuleManager: Shutting down and abandoning module Android_PVRTCTargetPlatform (36)
[2016.01.28-11.16.24:521][962]LogModuleManager: Shutting down and abandoning module Android_MultiTargetPlatform (35)
[2016.01.28-11.16.24:521][962]LogModuleManager: Shutting down and abandoning module Android_ETC2TargetPlatform (34)
[2016.01.28-11.16.24:521][962]LogModuleManager: Shutting down and abandoning module Android_ETC1TargetPlatform (33)
[2016.01.28-11.16.24:521][962]LogModuleManager: Shutting down and abandoning module Android_DXTTargetPlatform (32)
[2016.01.28-11.16.24:521][962]LogModuleManager: Shutting down and abandoning module Android_ATCTargetPlatform (31)
[2016.01.28-11.16.24:521][962]LogModuleManager: Shutting down and abandoning module Android_ASTCTargetPlatform (30)
[2016.01.28-11.16.24:521][962]LogModuleManager: Shutting down and abandoning module AndroidTargetPlatform (29)
[2016.01.28-11.16.24:521][962]LogModuleManager: Shutting down and abandoning module WindowsTargetPlatform (28)
[2016.01.28-11.16.24:521][962]LogModuleManager: Shutting down and abandoning module WindowsServerTargetPlatform (27)
[2016.01.28-11.16.24:521][962]LogModuleManager: Shutting down and abandoning module WindowsNoEditorTargetPlatform (26)
[2016.01.28-11.16.24:521][962]LogModuleManager: Shutting down and abandoning module WindowsClientTargetPlatform (25)
[2016.01.28-11.16.24:521][962]LogModuleManager: Shutting down and abandoning module AllDesktopTargetPlatform (24)
[2016.01.28-11.16.24:521][962]LogModuleManager: Shutting down and abandoning module TargetPlatform (23)
[2016.01.28-11.16.24:521][962]LogModuleManager: Shutting down and abandoning module InputCore (22)
[2016.01.28-11.16.24:521][962]LogModuleManager: Shutting down and abandoning module Settings (21)
[2016.01.28-11.16.24:521][962]LogModuleManager: Shutting down and abandoning module OnlineSubsystem (19)
[2016.01.28-11.16.24:521][962]LogModuleManager: Shutting down and abandoning module HTTP (18)
[2016.01.28-11.16.26:523][962]LogModuleManager: Shutting down and abandoning module XMPP (17)
[2016.01.28-11.16.26:528][962]LogModuleManager: Shutting down and abandoning module OculusRift (16)
[2016.01.28-11.16.26:528][962]LogModuleManager: Shutting down and abandoning module ExampleDeviceProfileSelector (15)
[2016.01.28-11.16.26:528][962]LogModuleManager: Shutting down and abandoning module TextureCompressor (14)
[2016.01.28-11.16.26:528][962]LogModuleManager: Shutting down and abandoning module ShaderCore (13)
[2016.01.28-11.16.26:528][962]LogModuleManager: Shutting down and abandoning module Landscape (12)
[2016.01.28-11.16.26:528][962]LogModuleManager: Shutting down and abandoning module SlateRHIRenderer (11)
[2016.01.28-11.16.26:529][962]LogModuleManager: Shutting down and abandoning module OpenGLDrv (10)
[2016.01.28-11.16.26:529][962]LogModuleManager: Shutting down and abandoning module D3D11RHI (9)
[2016.01.28-11.16.26:529][962]LogModuleManager: Shutting down and abandoning module AnimGraphRuntime (8)
[2016.01.28-11.16.26:530][962]LogModuleManager: Shutting down and abandoning module Renderer (7)
[2016.01.28-11.16.26:530][962]LogModuleManager: Shutting down and abandoning module Engine (6)
[2016.01.28-11.16.26:530][962]LogModuleManager: Shutting down and abandoning module CoreUObject (5)
[2016.01.28-11.16.26:530][962]LogModuleManager: Shutting down and abandoning module NetworkFile (4)
[2016.01.28-11.16.26:530][962]LogModuleManager: Shutting down and abandoning module StreamingFile (3)
[2016.01.28-11.16.26:530][962]LogModuleManager: Shutting down and abandoning module SandboxFile (2)
[2016.01.28-11.16.26:530][962]LogModuleManager: Shutting down and abandoning module PakFile (1)
[2016.01.28-11.16.26:531][962]LogExit: Exiting.
[2016.01.28-11.16.26:537][962]Log file closed, 01/28/16 22:16:26
