"D:/Program Files/GIT/github/UE4Projects/GroupProject/GroupProject.uproject" 1
"../../../Engine/Plugins/2D/Paper2D/Paper2D.uplugin" 2
"../../../Engine/Plugins/Blendables/LightPropagationVolume/LightPropagationVolume.uplugin" 3
"../../../Engine/Plugins/Developer/BlankPlugin/BlankPlugin.uplugin" 4
"../../../Engine/Plugins/Developer/CodeLiteSourceCodeAccess/CodeLiteSourceCodeAccess.uplugin" 5
"../../../Engine/Plugins/Developer/GitSourceControl/GitSourceControl.uplugin" 6
"../../../Engine/Plugins/Developer/KDevelopSourceCodeAccess/KDevelopSourceCodeAccess.uplugin" 7
"../../../Engine/Plugins/Developer/NullSourceCodeAccess/NullSourceCodeAccess.uplugin" 8
"../../../Engine/Plugins/Developer/OneSkyLocalizationService/OneSkyLocalizationService.uplugin" 9
"../../../Engine/Plugins/Developer/PerforceSourceControl/PerforceSourceControl.uplugin" 10
"../../../Engine/Plugins/Developer/SubversionSourceControl/SubversionSourceControl.uplugin" 11
"../../../Engine/Plugins/Developer/UObjectPlugin/UObjectPlugin.uplugin" 12
"../../../Engine/Plugins/Developer/VisualStudioSourceCodeAccess/VisualStudioSourceCodeAccess.uplugin" 13
"../../../Engine/Plugins/Developer/XCodeSourceCodeAccess/XCodeSourceCodeAccess.uplugin" 14
"../../../Engine/Plugins/Editor/EpicSurvey/EpicSurvey.uplugin" 15
"../../../Engine/Plugins/Editor/MacGraphicsSwitching/MacGraphicsSwitching.uplugin" 16
"../../../Engine/Plugins/Editor/PluginBrowser/PluginBrowser.uplugin" 17
"../../../Engine/Plugins/Editor/SpeedTreeImporter/SpeedTreeImporter.uplugin" 18
"../../../Engine/Plugins/Experimental/BlueprintStats/BlueprintStats.uplugin" 19
"../../../Engine/Plugins/Experimental/CharacterAI/CharacterAI.uplugin" 20
"../../../Engine/Plugins/Experimental/CodeEditor/CodeEditor.uplugin" 21
"../../../Engine/Plugins/Experimental/CodeView/CodeView.uplugin" 22
"../../../Engine/Plugins/Experimental/HTML5Networking/HTML5Networking.uplugin" 23
"../../../Engine/Plugins/Experimental/LiveEditor/LiveEditor.uplugin" 24
"../../../Engine/Plugins/Experimental/Phya/Phya.uplugin" 25
"../../../Engine/Plugins/Experimental/SimpleHMD/SimpleHMD.uplugin" 26
"../../../Engine/Plugins/Experimental/StructBox/StructBox.uplugin" 27
"../../../Engine/Plugins/Media/AndroidMedia/AndroidMedia.uplugin" 28
"../../../Engine/Plugins/Media/AvfMedia/AvfMedia.uplugin" 29
"../../../Engine/Plugins/Media/MediaPlayerEditor/MediaPlayerEditor.uplugin" 30
"../../../Engine/Plugins/Media/WmfMedia/WmfMedia.uplugin" 31
"../../../Engine/Plugins/Messaging/MessagingDebugger/MessagingDebugger.uplugin" 32
"../../../Engine/Plugins/Messaging/UdpMessaging/UdpMessaging.uplugin" 33
"../../../Engine/Plugins/MovieScene/LevelSequenceEditor/LevelSequenceEditor.uplugin" 34
"../../../Engine/Plugins/NetcodeUnitTest/NetcodeUnitTest/NetcodeUnitTest.uplugin" 35
"../../../Engine/Plugins/NetcodeUnitTest/NUTUnrealEngine4/NUTUnrealEngine4.uplugin" 36
"../../../Engine/Plugins/Runtime/Advertising/IOSTapJoy/IOSTapJoy.uplugin" 37
"../../../Engine/Plugins/Runtime/Analytics/AnalyticsBlueprintLibrary/AnalyticsBlueprintLibrary.uplugin" 38
"../../../Engine/Plugins/Runtime/Analytics/AnalyticsMulticast/AnalyticsMulticast.uplugin" 39
"../../../Engine/Plugins/Runtime/Analytics/Apsalar/IOSApsalar/IOSApsalar.uplugin" 40
"../../../Engine/Plugins/Runtime/Analytics/FileLogging/FileLogging.uplugin" 41
"../../../Engine/Plugins/Runtime/Analytics/Flurry/IOSFlurry/IOSFlurry.uplugin" 42
"../../../Engine/Plugins/Runtime/AndroidDeviceProfileSelector/AndroidDeviceProfileSelector.uplugin" 43
"../../../Engine/Plugins/Runtime/AndroidMoviePlayer/AndroidMoviePlayer.uplugin" 44
"../../../Engine/Plugins/Runtime/AppleMoviePlayer/AppleMoviePlayer.uplugin" 45
"../../../Engine/Plugins/Runtime/ArchVisCharacter/ArchVisCharacter.uplugin" 46
"../../../Engine/Plugins/Runtime/CableComponent/CableComponent.uplugin" 47
"../../../Engine/Plugins/Runtime/CustomMeshComponent/CustomMeshComponent.uplugin" 48
"../../../Engine/Plugins/Runtime/ExampleDeviceProfileSelector/ExampleDeviceProfileSelector.uplugin" 49
"../../../Engine/Plugins/Runtime/GearVR/GearVR.uplugin" 50
"../../../Engine/Plugins/Runtime/IOSDeviceProfileSelector/IOSDeviceProfileSelector.uplugin" 51
"../../../Engine/Plugins/Runtime/LeapMotionController/LeapMotionController.uplugin" 52
"../../../Engine/Plugins/Runtime/LinuxDeviceProfileSelector/LinuxDeviceProfileSelector.uplugin" 53
"../../../Engine/Plugins/Runtime/LiveEditorListenServer/LiveEditorListenServer.uplugin" 54
"../../../Engine/Plugins/Runtime/OculusAudio/OculusAudio.uplugin" 55
"../../../Engine/Plugins/Runtime/OculusInput/OculusInput.uplugin" 56
"../../../Engine/Plugins/Runtime/OculusLibrary/OculusLibrary.uplugin" 57
"../../../Engine/Plugins/Runtime/OculusRift/OculusRift.uplugin" 58
"../../../Engine/Plugins/Runtime/ProceduralMeshComponent/ProceduralMeshComponent.uplugin" 59
"../../../Engine/Plugins/Runtime/SoundMod/SoundMod.uplugin" 60
"../../../Engine/Plugins/Runtime/SoundVisualizations/SoundVisualizations.uplugin" 61
"../../../Engine/Plugins/Runtime/Steam/SteamController/SteamController.uplugin" 62
"../../../Engine/Plugins/Runtime/Steam/SteamVR/SteamVR.uplugin" 63
"../../../Engine/Plugins/Runtime/WebBrowserWidget/WebBrowserWidget.uplugin" 64
"../../../Engine/Plugins/Runtime/WindowsDeviceProfileSelector/WindowsDeviceProfileSelector.uplugin" 65
"../../../Engine/Plugins/Runtime/WindowsMoviePlayer/WindowsMoviePlayer.uplugin" 66
"../../../Engine/Plugins/ScriptGeneratorPlugin/ScriptGeneratorPlugin.uplugin" 67
"../../../Engine/Plugins/ScriptPlugin/ScriptPlugin.uplugin" 68
"../../../Engine/Plugins/Slate/SlateRemote/SlateRemote.uplugin" 69
"..\..\..\Engine\Content\Internationalization\icudt53l\cnvalias.icu" 70
"..\..\..\Engine\Content\Internationalization\icudt53l\en_US_POSIX.res" 71
"..\..\..\Engine\Content\Internationalization\icudt53l\pool.res" 72
"..\..\..\Engine\Content\Internationalization\icudt53l\en_US.res" 73
"..\..\..\Engine\Content\Internationalization\icudt53l\en.res" 74
"..\..\..\Engine\Content\Internationalization\icudt53l\root.res" 75
"..\..\..\Engine\Content\Internationalization\icudt53l\en_AU.res" 76
"..\..\..\Engine\Content\Internationalization\icudt53l\en_GB.res" 77
"..\..\..\Engine\Content\Internationalization\icudt53l\en_001.res" 78
"C:/Users/NewPC/AppData/Local/UnrealEngine/4.10/Saved/Config/Windows/Manifest.ini" 79
"../../../Engine/Config/Base.ini" 80
"../../../Engine/Config/BaseEngine.ini" 81
"D:/Program Files/GIT/github/UE4Projects/GroupProject/Config/DefaultEngine.ini" 82
"../../../Engine/Config/Windows/WindowsEngine.ini" 83
"D:/Program Files/GIT/github/UE4Projects/GroupProject/Saved/Config/Windows/Engine.ini" 84
"D:/Program Files/GIT/github/UE4Projects/GroupProject/Intermediate/Config/CoalescedSourceConfigs/Engine.ini" 85
"../../../Engine/Config/BaseGame.ini" 86
"D:/Program Files/GIT/github/UE4Projects/GroupProject/Config/DefaultGame.ini" 87
"D:/Program Files/GIT/github/UE4Projects/GroupProject/Saved/Config/Windows/Game.ini" 88
"D:/Program Files/GIT/github/UE4Projects/GroupProject/Intermediate/Config/CoalescedSourceConfigs/Game.ini" 89
"../../../Engine/Config/BaseInput.ini" 90
"D:/Program Files/GIT/github/UE4Projects/GroupProject/Saved/Config/Windows/Input.ini" 91
"D:/Program Files/GIT/github/UE4Projects/GroupProject/Intermediate/Config/CoalescedSourceConfigs/Input.ini" 92
"../../../Engine/Config/BaseEditor.ini" 93
"D:/Program Files/GIT/github/UE4Projects/GroupProject/Config/DefaultEditor.ini" 94
"D:/Program Files/GIT/github/UE4Projects/GroupProject/Saved/Config/Windows/Editor.ini" 95
"D:/Program Files/GIT/github/UE4Projects/GroupProject/Intermediate/Config/CoalescedSourceConfigs/Editor.ini" 96
"../../../Engine/Config/BaseEditorPerProjectUserSettings.ini" 97
"D:/Program Files/GIT/github/UE4Projects/GroupProject/Saved/Config/Windows/EditorPerProjectUserSettings.ini" 98
"D:/Program Files/GIT/github/UE4Projects/GroupProject/Intermediate/Config/CoalescedSourceConfigs/EditorPerProjectUserSettings.ini" 99
"../../../Engine/Config/BaseEditorSettings.ini" 100
"C:/Users/NewPC/AppData/Local/UnrealEngine/4.10/Saved/Config/Windows/EditorSettings.ini" 101
"D:/Program Files/GIT/github/UE4Projects/GroupProject/Intermediate/Config/CoalescedSourceConfigs/EditorSettings.ini" 102
"../../../Engine/Config/BaseEditorLayout.ini" 103
"C:/Users/NewPC/AppData/Local/UnrealEngine/4.10/Saved/Config/Windows/EditorLayout.ini" 104
"D:/Program Files/GIT/github/UE4Projects/GroupProject/Intermediate/Config/CoalescedSourceConfigs/EditorLayout.ini" 105
"../../../Engine/Config/BaseEditorKeyBindings.ini" 106
"C:/Users/NewPC/AppData/Local/UnrealEngine/4.10/Saved/Config/Windows/EditorKeyBindings.ini" 107
"D:/Program Files/GIT/github/UE4Projects/GroupProject/Intermediate/Config/CoalescedSourceConfigs/EditorKeyBindings.ini" 108
"../../../Engine/Config/BaseCompat.ini" 109
"D:/Program Files/GIT/github/UE4Projects/GroupProject/Saved/Config/Windows/Compat.ini" 110
"D:/Program Files/GIT/github/UE4Projects/GroupProject/Intermediate/Config/CoalescedSourceConfigs/Compat.ini" 111
"../../../Engine/Config/BaseLightmass.ini" 112
"D:/Program Files/GIT/github/UE4Projects/GroupProject/Saved/Config/Windows/Lightmass.ini" 113
"D:/Program Files/GIT/github/UE4Projects/GroupProject/Intermediate/Config/CoalescedSourceConfigs/Lightmass.ini" 114
"../../../Engine/Config/BaseScalability.ini" 115
"D:/Program Files/GIT/github/UE4Projects/GroupProject/Saved/Config/Windows/Scalability.ini" 116
"D:/Program Files/GIT/github/UE4Projects/GroupProject/Intermediate/Config/CoalescedSourceConfigs/Scalability.ini" 117
"D:/Program Files/GIT/github/UE4Projects/GroupProject/Saved/Config/Windows/GameUserSettings.ini" 118
"D:/Program Files/GIT/github/UE4Projects/GroupProject/Intermediate/Config/CoalescedSourceConfigs/GameUserSettings.ini" 119
"../../../Engine/Config/BaseDeviceProfiles.ini" 120
"D:/Program Files/GIT/github/UE4Projects/GroupProject/Saved/Config/Windows/DeviceProfiles.ini" 121
"D:/Program Files/GIT/github/UE4Projects/GroupProject/Intermediate/Config/CoalescedSourceConfigs/DeviceProfiles.ini" 122
"../../../Engine/Config/ConsoleVariables.ini" 123
"..\..\..\Engine\Content\Internationalization\icudt53l\es.res" 124
"..\..\..\Engine\Content\Internationalization\icudt53l\ja.res" 125
"..\..\..\Engine\Content\Internationalization\icudt53l\ko.res" 126
"..\..\..\Engine\Content\Internationalization\icudt53l\pt_BR.res" 127
"..\..\..\Engine\Content\Internationalization\icudt53l\pt.res" 128
"..\..\..\Engine\Content\Internationalization\icudt53l\zh_CN.res" 129
"..\..\..\Engine\Content\Internationalization\icudt53l\zh_Hans_CN.res" 130
"..\..\..\Engine\Content\Internationalization\icudt53l\zh_Hans.res" 131
"..\..\..\Engine\Content\Internationalization\icudt53l\zh.res" 132
"C:/Program Files (x86)/Epic Games/4.10/Engine/Content/Localization/Editor/en/Editor.locres" 133
"C:/Program Files (x86)/Epic Games/4.10/Engine/Content/Localization/EditorTutorials/en/EditorTutorials.locres" 134
"C:/Program Files (x86)/Epic Games/4.10/Engine/Content/Localization/Keywords/en/Keywords.locres" 135
"C:/Program Files (x86)/Epic Games/4.10/Engine/Content/Localization/Category/en/Category.locres" 136
"C:/Program Files (x86)/Epic Games/4.10/Engine/Content/Localization/ToolTips/en/ToolTips.locres" 137
"C:/Program Files (x86)/Epic Games/4.10/Engine/Content/Localization/PropertyNames/en/PropertyNames.locres" 138
"C:/Program Files (x86)/Epic Games/4.10/Engine/Content/Localization/Engine/en/Engine.locres" 139
"../../../Engine/Content/Slate/Fonts/Roboto-Regular.ttf" 140
"../../../Engine/Content/Slate/Fonts/DroidSansMono.ttf" 141
"../../../Engine/Content/Slate/Fonts/Roboto-Bold.ttf" 142
"../../../Engine/Content/Slate/Fonts/Roboto-Light.ttf" 143
"C:/Program Files (x86)/Epic Games/4.10/Engine/Binaries/Win64/../../../Engine/Shaders/ParticleSpriteVertexFactory.usf" 144
"C:/Program Files (x86)/Epic Games/4.10/Engine/Binaries/Win64/../../../Engine/Shaders/VertexFactoryCommon.usf" 145
"C:/Program Files (x86)/Epic Games/4.10/Engine/Binaries/Win64/../../../Engine/Shaders/Common.usf" 146
"C:/Program Files (x86)/Epic Games/4.10/Engine/Binaries/Win64/../../../Engine/Shaders/MetalCommon.usf" 147
"C:/Program Files (x86)/Epic Games/4.10/Engine/Binaries/Win64/../../../Engine/Shaders/ShaderVersion.usf" 148
"C:/Program Files (x86)/Epic Games/4.10/Engine/Binaries/Win64/../../../Engine/Shaders/CommonViewUniformBuffer.usf" 149
"C:/Program Files (x86)/Epic Games/4.10/Engine/Binaries/Win64/../../../Engine/Shaders/Definitions.usf" 150
"C:/Program Files (x86)/Epic Games/4.10/Engine/Binaries/Win64/../../../Engine/Shaders/Random.usf" 151
"C:/Program Files (x86)/Epic Games/4.10/Engine/Binaries/Win64/../../../Engine/Shaders/ParticleVertexFactoryCommon.usf" 152
"C:/Program Files (x86)/Epic Games/4.10/Engine/Binaries/Win64/../../../Engine/Shaders/ParticleGPUSpriteVertexFactory.usf" 153
"C:/Program Files (x86)/Epic Games/4.10/Engine/Binaries/Win64/../../../Engine/Shaders/ParticleBeamTrailVertexFactory.usf" 154
"C:/Program Files (x86)/Epic Games/4.10/Engine/Binaries/Win64/../../../Engine/Shaders/LocalVertexFactory.usf" 155
"C:/Program Files (x86)/Epic Games/4.10/Engine/Binaries/Win64/../../../Engine/Shaders/LocalVertexFactoryCommon.usf" 156
"C:/Program Files (x86)/Epic Games/4.10/Engine/Binaries/Win64/../../../Engine/Shaders/VectorFieldVisualizationVertexFactory.usf" 157
"C:/Program Files (x86)/Epic Games/4.10/Engine/Binaries/Win64/../../../Engine/Shaders/MeshParticleVertexFactory.usf" 158
"C:/Program Files (x86)/Epic Games/4.10/Engine/Binaries/Win64/../../../Engine/Shaders/GpuSkinVertexFactory.usf" 159
"C:/Program Files (x86)/Epic Games/4.10/Engine/Binaries/Win64/../../../Engine/Shaders/GpuSkinCacheCommon.usf" 160
"C:/Program Files (x86)/Epic Games/4.10/Engine/Binaries/Win64/../../../Engine/Shaders/LandscapeVertexFactory.usf" 161
"C:/Program Files (x86)/Epic Games/4.10/Engine/Binaries/Win64/../../../Engine/Shaders/SlateElementPixelShader.usf" 162
"C:/Program Files (x86)/Epic Games/4.10/Engine/Binaries/Win64/../../../Engine/Shaders/GammaCorrectionCommon.usf" 163
"C:/Program Files (x86)/Epic Games/4.10/Engine/Binaries/Win64/../../../Engine/Shaders/MaterialTemplate.usf" 164
"C:/Program Files (x86)/Epic Games/4.10/Engine/Binaries/Win64/../../../Engine/Shaders/DepthOfFieldCommon.usf" 165
"C:/Program Files (x86)/Epic Games/4.10/Engine/Binaries/Win64/../../../Engine/Shaders/GlobalDistanceFieldShared.usf" 166
"C:/Program Files (x86)/Epic Games/4.10/Engine/Binaries/Win64/../../../Engine/Shaders/SpeedTreeCommon.usf" 167
"C:/Program Files (x86)/Epic Games/4.10/Engine/Binaries/Win64/../../../Engine/Shaders/AtmosphereCommon.usf" 168
"C:/Program Files (x86)/Epic Games/4.10/Engine/Binaries/Win64/../../../Engine/Shaders/PaniniProjection.usf" 169
"C:/Program Files (x86)/Epic Games/4.10/Engine/Binaries/Win64/../../../Engine/Shaders/EyeAdaptationCommon.usf" 170
"C:/Program Files (x86)/Epic Games/4.10/Engine/Binaries/Win64/../../../Engine/Shaders/PostProcessCommon.usf" 171
"C:/Program Files (x86)/Epic Games/4.10/Engine/Binaries/Win64/../../../Engine/Shaders/DeferredShadingCommon.usf" 172
"C:/Program Files (x86)/Epic Games/4.10/Engine/Binaries/Win64/../../../Engine/Shaders/LightAccumulator.usf" 173
"C:/Program Files (x86)/Epic Games/4.10/Engine/Binaries/Win64/../../../Engine/Shaders/SlateVertexShader.usf" 174
"C:/Program Files (x86)/Epic Games/4.10/Engine/Binaries/Win64/../../../Engine/Shaders/ParticleSortKeyGen.usf" 175
"C:/Program Files (x86)/Epic Games/4.10/Engine/Binaries/Win64/../../../Engine/Shaders/ParticleBoundsShader.usf" 176
"C:/Program Files (x86)/Epic Games/4.10/Engine/Binaries/Win64/../../../Engine/Shaders/ParticleSimVisualizeShader.usf" 177
"C:/Program Files (x86)/Epic Games/4.10/Engine/Binaries/Win64/../../../Engine/Shaders/ParticleInjectionShader.usf" 178
"C:/Program Files (x86)/Epic Games/4.10/Engine/Binaries/Win64/../../../Engine/Shaders/ParticleSimulationShader.usf" 179
"C:/Program Files (x86)/Epic Games/4.10/Engine/Binaries/Win64/../../../Engine/Shaders/ParticleCurveInjectionShader.usf" 180
"C:/Program Files (x86)/Epic Games/4.10/Engine/Binaries/Win64/../../../Engine/Shaders/VectorFieldCompositeShaders.usf" 181
"C:/Program Files (x86)/Epic Games/4.10/Engine/Binaries/Win64/../../../Engine/Shaders/UpdateTextureShaders.usf" 182
"C:/Program Files (x86)/Epic Games/4.10/Engine/Binaries/Win64/../../../Engine/Shaders/SimpleElementColorChannelMaskPixelShader.usf" 183
"C:/Program Files (x86)/Epic Games/4.10/Engine/Binaries/Win64/../../../Engine/Shaders/SimpleElementPixelShader.usf" 184
"C:/Program Files (x86)/Epic Games/4.10/Engine/Binaries/Win64/../../../Engine/Shaders/ColorUtils.usf" 185
"C:/Program Files (x86)/Epic Games/4.10/Engine/Binaries/Win64/../../../Engine/Shaders/IESLightProfilesCommon.usf" 186
"C:/Program Files (x86)/Epic Games/4.10/Engine/Binaries/Win64/../../../Engine/Shaders/SimpleElementHitProxyPixelShader.usf" 187
"C:/Program Files (x86)/Epic Games/4.10/Engine/Binaries/Win64/../../../Engine/Shaders/SimpleElementVertexShader.usf" 188
"C:/Program Files (x86)/Epic Games/4.10/Engine/Binaries/Win64/../../../Engine/Shaders/ScreenVertexShader.usf" 189
"C:/Program Files (x86)/Epic Games/4.10/Engine/Binaries/Win64/../../../Engine/Shaders/ScreenPixelShader.usf" 190
"C:/Program Files (x86)/Epic Games/4.10/Engine/Binaries/Win64/../../../Engine/Shaders/RadixSortShaders.usf" 191
"C:/Program Files (x86)/Epic Games/4.10/Engine/Binaries/Win64/../../../Engine/Shaders/GpuSkinCacheComputeShader.usf" 192
"C:/Program Files (x86)/Epic Games/4.10/Engine/Binaries/Win64/../../../Engine/Shaders/NullPixelShader.usf" 193
"C:/Program Files (x86)/Epic Games/4.10/Engine/Binaries/Win64/../../../Engine/Shaders/LandscapeGrassWeight.usf" 194
"C:/Program Files (x86)/Epic Games/4.10/Engine/Binaries/Win64/../../../Engine/Shaders/VisualizeTexture.usf" 195
"C:/Program Files (x86)/Epic Games/4.10/Engine/Binaries/Win64/../../../Engine/Shaders/ScreenSpaceReflections.usf" 196
"C:/Program Files (x86)/Epic Games/4.10/Engine/Binaries/Win64/../../../Engine/Shaders/BRDF.usf" 197
"C:/Program Files (x86)/Epic Games/4.10/Engine/Binaries/Win64/../../../Engine/Shaders/MonteCarlo.usf" 198
"C:/Program Files (x86)/Epic Games/4.10/Engine/Binaries/Win64/../../../Engine/Shaders/ScreenSpaceRayCast.usf" 199
"C:/Program Files (x86)/Epic Games/4.10/Engine/Binaries/Win64/../../../Engine/Shaders/FilterVertexShader.usf" 200
"C:/Program Files (x86)/Epic Games/4.10/Engine/Binaries/Win64/../../../Engine/Shaders/FilterPixelShader.usf" 201
"C:/Program Files (x86)/Epic Games/4.10/Engine/Binaries/Win64/../../../Engine/Shaders/PostProcessVisualizeHDR.usf" 202
"C:/Program Files (x86)/Epic Games/4.10/Engine/Binaries/Win64/../../../Engine/Shaders/PostProcessHistogramCommon.usf" 203
"C:/Program Files (x86)/Epic Games/4.10/Engine/Binaries/Win64/../../../Engine/Shaders/TonemapCommon.usf" 204
"C:/Program Files (x86)/Epic Games/4.10/Engine/Binaries/Win64/../../../Engine/Shaders/ACES.usf" 205
"C:/Program Files (x86)/Epic Games/4.10/Engine/Binaries/Win64/../../../Engine/Shaders/MiniFontCommon.usf" 206
"C:/Program Files (x86)/Epic Games/4.10/Engine/Binaries/Win64/../../../Engine/Shaders/PostProcessVisualizeBuffer.usf" 207
"C:/Program Files (x86)/Epic Games/4.10/Engine/Binaries/Win64/../../../Engine/Shaders/PostProcessUpscale.usf" 208
"C:/Program Files (x86)/Epic Games/4.10/Engine/Binaries/Win64/../../../Engine/Shaders/PostProcessTonemap.usf" 209
"C:/Program Files (x86)/Epic Games/4.10/Engine/Binaries/Win64/../../../Engine/Shaders/PostProcessTestImage.usf" 210
"C:/Program Files (x86)/Epic Games/4.10/Engine/Binaries/Win64/../../../Engine/Shaders/PostProcessTemporalAA.usf" 211
"C:/Program Files (x86)/Epic Games/4.10/Engine/Binaries/Win64/../../../Engine/Shaders/PostProcessTemporalCommon.usf" 212
"C:/Program Files (x86)/Epic Games/4.10/Engine/Binaries/Win64/../../../Engine/Shaders/PostProcessSubsurface.usf" 213
"C:/Program Files (x86)/Epic Games/4.10/Engine/Binaries/Win64/../../../Engine/Shaders/SeparableSSS.usf" 214
"C:/Program Files (x86)/Epic Games/4.10/Engine/Binaries/Win64/../../../Engine/Shaders/PostProcessSelectionOutline.usf" 215
"C:/Program Files (x86)/Epic Games/4.10/Engine/Binaries/Win64/../../../Engine/Shaders/PostProcessSceneColorFringe.usf" 216
"C:/Program Files (x86)/Epic Games/4.10/Engine/Binaries/Win64/../../../Engine/Shaders/PostProcessNoiseBlur.usf" 217
"C:/Program Files (x86)/Epic Games/4.10/Engine/Binaries/Win64/../../../Engine/Shaders/PostProcessMotionBlur.usf" 218
"C:/Program Files (x86)/Epic Games/4.10/Engine/Binaries/Win64/../../../Engine/Shaders/FastMath.usf" 219
"C:/Program Files (x86)/Epic Games/4.10/Engine/Binaries/Win64/../../../Engine/Shaders/PostProcessVelocityFlatten.usf" 220
"C:/Program Files (x86)/Epic Games/4.10/Engine/Binaries/Win64/../../../Engine/Shaders/PostProcessMobile.usf" 221
"C:/Program Files (x86)/Epic Games/4.10/Engine/Binaries/Win64/../../../Engine/Shaders/PostProcessMaterialShaders.usf" 222
"C:/Program Files (x86)/Epic Games/4.10/Engine/Binaries/Win64/../../../Engine/Shaders/PostProcessLensFlares.usf" 223
"C:/Program Files (x86)/Epic Games/4.10/Engine/Binaries/Win64/../../../Engine/Shaders/PostProcessLensBlur.usf" 224
"C:/Program Files (x86)/Epic Games/4.10/Engine/Binaries/Win64/../../../Engine/Shaders/PostProcessBloom.usf" 225
"C:/Program Files (x86)/Epic Games/4.10/Engine/Binaries/Win64/../../../Engine/Shaders/PostProcessHMD.usf" 226
"C:/Program Files (x86)/Epic Games/4.10/Engine/Binaries/Win64/../../../Engine/Shaders/PostProcessHistogramReduce.usf" 227
"C:/Program Files (x86)/Epic Games/4.10/Engine/Binaries/Win64/../../../Engine/Shaders/PostProcessHistogram.usf" 228
"C:/Program Files (x86)/Epic Games/4.10/Engine/Binaries/Win64/../../../Engine/Shaders/PostProcessHierarchical.usf" 229
"C:/Program Files (x86)/Epic Games/4.10/Engine/Binaries/Win64/../../../Engine/Shaders/PostProcessGBufferHints.usf" 230
"C:/Program Files (x86)/Epic Games/4.10/Engine/Binaries/Win64/../../../Engine/Shaders/PostProcessEyeAdaptation.usf" 231
"C:/Program Files (x86)/Epic Games/4.10/Engine/Binaries/Win64/../../../Engine/Shaders/PostProcessDownsample.usf" 232
"C:/Program Files (x86)/Epic Games/4.10/Engine/Binaries/Win64/../../../Engine/Shaders/PostProcessDOF.usf" 233
"C:/Program Files (x86)/Epic Games/4.10/Engine/Binaries/Win64/../../../Engine/Shaders/PostProcessCompositeEditorPrimitives.usf" 234
"C:/Program Files (x86)/Epic Games/4.10/Engine/Binaries/Win64/../../../Engine/Shaders/PostProcessCombineLUTs.usf" 235
"C:/Program Files (x86)/Epic Games/4.10/Engine/Binaries/Win64/../../../Engine/Shaders/PostProcessCircleDOF.usf" 236
"C:/Program Files (x86)/Epic Games/4.10/Engine/Binaries/Win64/../../../Engine/Shaders/CircleDOFCommon.usf" 237
"C:/Program Files (x86)/Epic Games/4.10/Engine/Binaries/Win64/../../../Engine/Shaders/PostProcessBusyWait.usf" 238
"C:/Program Files (x86)/Epic Games/4.10/Engine/Binaries/Win64/../../../Engine/Shaders/PostProcessBokehDOF.usf" 239
"C:/Program Files (x86)/Epic Games/4.10/Engine/Binaries/Win64/../../../Engine/Shaders/PostProcessVisualizeDOF.usf" 240
"C:/Program Files (x86)/Epic Games/4.10/Engine/Binaries/Win64/../../../Engine/Shaders/FXAAShader.usf" 241
"C:/Program Files (x86)/Epic Games/4.10/Engine/Binaries/Win64/../../../Engine/Shaders/Fxaa3_11.usf" 242
"C:/Program Files (x86)/Epic Games/4.10/Engine/Binaries/Win64/../../../Engine/Shaders/PostProcessPassThrough.usf" 243
"C:/Program Files (x86)/Epic Games/4.10/Engine/Binaries/Win64/../../../Engine/Shaders/PostProcessLpvIndirect.usf" 244
"C:/Program Files (x86)/Epic Games/4.10/Engine/Binaries/Win64/../../../Engine/Shaders/DeferredLightingCommon.usf" 245
"C:/Program Files (x86)/Epic Games/4.10/Engine/Binaries/Win64/../../../Engine/Shaders/DynamicLightingCommon.usf" 246
"C:/Program Files (x86)/Epic Games/4.10/Engine/Binaries/Win64/../../../Engine/Shaders/ShadingModels.usf" 247
"C:/Program Files (x86)/Epic Games/4.10/Engine/Binaries/Win64/../../../Engine/Shaders/LPVFinalPass.usf" 248
"C:/Program Files (x86)/Epic Games/4.10/Engine/Binaries/Win64/../../../Engine/Shaders/LPVCommon.usf" 249
"C:/Program Files (x86)/Epic Games/4.10/Engine/Binaries/Win64/../../../Engine/Shaders/DeferredDecal.usf" 250
"C:/Program Files (x86)/Epic Games/4.10/Engine/Binaries/Win64/../../../Engine/Shaders/PostProcessAmbientOcclusion.usf" 251
"C:/Program Files (x86)/Epic Games/4.10/Engine/Binaries/Win64/../../../Engine/Shaders/PostProcessAmbient.usf" 252
"C:/Program Files (x86)/Epic Games/4.10/Engine/Binaries/Win64/../../../Engine/Shaders/CubemapCommon.usf" 253
"C:/Program Files (x86)/Epic Games/4.10/Engine/Binaries/Win64/../../../Engine/Shaders/VelocityShader.usf" 254
"C:/Program Files (x86)/Epic Games/4.10/Engine/Binaries/Win64/../../../Engine/Shaders/VelocityCommon.usf" 255
"C:/Program Files (x86)/Epic Games/4.10/Engine/Binaries/Win64/../../../Engine/Shaders/Tessellation.usf" 256
"C:/Program Files (x86)/Epic Games/4.10/Engine/Binaries/Win64/../../../Engine/Shaders/FlatTessellation.usf" 257
"C:/Program Files (x86)/Epic Games/4.10/Engine/Binaries/Win64/../../../Engine/Shaders/PNTriangles.usf" 258
"C:/Program Files (x86)/Epic Games/4.10/Engine/Binaries/Win64/../../../Engine/Shaders/TranslucentLightingShaders.usf" 259
"C:/Program Files (x86)/Epic Games/4.10/Engine/Binaries/Win64/../../../Engine/Shaders/SHCommon.usf" 260
"C:/Program Files (x86)/Epic Games/4.10/Engine/Binaries/Win64/../../../Engine/Shaders/ShadowProjectionCommon.usf" 261
"C:/Program Files (x86)/Epic Games/4.10/Engine/Binaries/Win64/../../../Engine/Shaders/TranslucentLightInjectionShaders.usf" 262
"C:/Program Files (x86)/Epic Games/4.10/Engine/Binaries/Win64/../../../Engine/Shaders/LightFunctionCommon.usf" 263
"C:/Program Files (x86)/Epic Games/4.10/Engine/Binaries/Win64/../../../Engine/Shaders/TranslucentShadowDepthShaders.usf" 264
"C:/Program Files (x86)/Epic Games/4.10/Engine/Binaries/Win64/../../../Engine/Shaders/ShadowDepthCommon.usf" 265
"C:/Program Files (x86)/Epic Games/4.10/Engine/Binaries/Win64/../../../Engine/Shaders/TiledDeferredLightShaders.usf" 266
"C:/Program Files (x86)/Epic Games/4.10/Engine/Binaries/Win64/../../../Engine/Shaders/SurfelTree.usf" 267
"C:/Program Files (x86)/Epic Games/4.10/Engine/Binaries/Win64/../../../Engine/Shaders/DistanceFieldLightingShared.usf" 268
"C:/Program Files (x86)/Epic Games/4.10/Engine/Binaries/Win64/../../../Engine/Shaders/SurfelMaterialShared.usf" 269
"C:/Program Files (x86)/Epic Games/4.10/Engine/Binaries/Win64/../../../Engine/Shaders/DistanceFieldAOShared.usf" 270
"C:/Program Files (x86)/Epic Games/4.10/Engine/Binaries/Win64/../../../Engine/Shaders/ShadowProjectionPixelShader.usf" 271
"C:/Program Files (x86)/Epic Games/4.10/Engine/Binaries/Win64/../../../Engine/Shaders/ShadowFilteringCommon.usf" 272
"C:/Program Files (x86)/Epic Games/4.10/Engine/Binaries/Win64/../../../Engine/Shaders/ShadowProjectionVertexShader.usf" 273
"C:/Program Files (x86)/Epic Games/4.10/Engine/Binaries/Win64/../../../Engine/Shaders/ShadowDepthPixelShader.usf" 274
"C:/Program Files (x86)/Epic Games/4.10/Engine/Binaries/Win64/../../../Engine/Shaders/LPVWriteVplCommon.usf" 275
"C:/Program Files (x86)/Epic Games/4.10/Engine/Binaries/Win64/../../../Engine/Shaders/LPVWriteCommon.usf" 276
"C:/Program Files (x86)/Epic Games/4.10/Engine/Binaries/Win64/../../../Engine/Shaders/ShadowDepthVertexShader.usf" 277
"C:/Program Files (x86)/Epic Games/4.10/Engine/Binaries/Win64/../../../Engine/Shaders/ShaderComplexityApplyPixelShader.usf" 278
"C:/Program Files (x86)/Epic Games/4.10/Engine/Binaries/Win64/../../../Engine/Shaders/ShaderComplexityApplyVertexShader.usf" 279
"C:/Program Files (x86)/Epic Games/4.10/Engine/Binaries/Win64/../../../Engine/Shaders/ShaderComplexityAccumulatePixelShader.usf" 280
"C:/Program Files (x86)/Epic Games/4.10/Engine/Binaries/Win64/../../../Engine/Shaders/HZBOcclusion.usf" 281
"C:/Program Files (x86)/Epic Games/4.10/Engine/Binaries/Win64/../../../Engine/Shaders/OcclusionQueryVertexShader.usf" 282
"C:/Program Files (x86)/Epic Games/4.10/Engine/Binaries/Win64/../../../Engine/Shaders/HitProxyPixelShader.usf" 283
"C:/Program Files (x86)/Epic Games/4.10/Engine/Binaries/Win64/../../../Engine/Shaders/HitProxyVertexShader.usf" 284
"C:/Program Files (x86)/Epic Games/4.10/Engine/Binaries/Win64/../../../Engine/Shaders/ReflectionEnvironmentShaders.usf" 285
"C:/Program Files (x86)/Epic Games/4.10/Engine/Binaries/Win64/../../../Engine/Shaders/ReflectionEnvironmentShared.usf" 286
"C:/Program Files (x86)/Epic Games/4.10/Engine/Binaries/Win64/../../../Engine/Shaders/SkyLightingShared.usf" 287
"C:/Program Files (x86)/Epic Games/4.10/Engine/Binaries/Win64/../../../Engine/Shaders/ReflectionEnvironmentComputeShaders.usf" 288
"C:/Program Files (x86)/Epic Games/4.10/Engine/Binaries/Win64/../../../Engine/Shaders/LightShaftShader.usf" 289
"C:/Program Files (x86)/Epic Games/4.10/Engine/Binaries/Win64/../../../Engine/Shaders/StationaryLightOverlapShaders.usf" 290
"C:/Program Files (x86)/Epic Games/4.10/Engine/Binaries/Win64/../../../Engine/Shaders/DeferredLightPixelShaders.usf" 291
"C:/Program Files (x86)/Epic Games/4.10/Engine/Binaries/Win64/../../../Engine/Shaders/DeferredLightVertexShaders.usf" 292
"C:/Program Files (x86)/Epic Games/4.10/Engine/Binaries/Win64/../../../Engine/Shaders/LPVVisualise.usf" 293
"C:/Program Files (x86)/Epic Games/4.10/Engine/Binaries/Win64/../../../Engine/Shaders/LPVGeometryVolumeCommon.usf" 294
"C:/Program Files (x86)/Epic Games/4.10/Engine/Binaries/Win64/../../../Engine/Shaders/LPVDirectLightInject.usf" 295
"C:/Program Files (x86)/Epic Games/4.10/Engine/Binaries/Win64/../../../Engine/Shaders/LPVPropagate.usf" 296
"C:/Program Files (x86)/Epic Games/4.10/Engine/Binaries/Win64/../../../Engine/Shaders/LPVPacking.usf" 297
"C:/Program Files (x86)/Epic Games/4.10/Engine/Binaries/Win64/../../../Engine/Shaders/LPVBuildGeometryVolume.usf" 298
"C:/Program Files (x86)/Epic Games/4.10/Engine/Binaries/Win64/../../../Engine/Shaders/LpvDirectionalOcclusion.usf" 299
"C:/Program Files (x86)/Epic Games/4.10/Engine/Binaries/Win64/../../../Engine/Shaders/LPVInject_AccumulateVplLists.usf" 300
"C:/Program Files (x86)/Epic Games/4.10/Engine/Binaries/Win64/../../../Engine/Shaders/LPVInject_GenerateVplLists.usf" 301
"C:/Program Files (x86)/Epic Games/4.10/Engine/Binaries/Win64/../../../Engine/Shaders/LPVClearLists.usf" 302
"C:/Program Files (x86)/Epic Games/4.10/Engine/Binaries/Win64/../../../Engine/Shaders/LPVClear.usf" 303
"C:/Program Files (x86)/Epic Games/4.10/Engine/Binaries/Win64/../../../Engine/Shaders/LightMapDensityShader.usf" 304
"C:/Program Files (x86)/Epic Games/4.10/Engine/Binaries/Win64/../../../Engine/Shaders/LightFunctionPixelShader.usf" 305
"C:/Program Files (x86)/Epic Games/4.10/Engine/Binaries/Win64/../../../Engine/Shaders/LightFunctionVertexShader.usf" 306
"C:/Program Files (x86)/Epic Games/4.10/Engine/Binaries/Win64/../../../Engine/Shaders/HeightfieldLighting.usf" 307
"C:/Program Files (x86)/Epic Games/4.10/Engine/Binaries/Win64/../../../Engine/Shaders/DistanceFieldShadowingShared.usf" 308
"C:/Program Files (x86)/Epic Games/4.10/Engine/Binaries/Win64/../../../Engine/Shaders/HdrCustomResolveShaders.usf" 309
"C:/Program Files (x86)/Epic Games/4.10/Engine/Binaries/Win64/../../../Engine/Shaders/GPUBenchmark.usf" 310
"C:/Program Files (x86)/Epic Games/4.10/Engine/Binaries/Win64/../../../Engine/Shaders/GlobalDistanceField.usf" 311
"C:/Program Files (x86)/Epic Games/4.10/Engine/Binaries/Win64/../../../Engine/Shaders/GammaCorrection.usf" 312
"C:/Program Files (x86)/Epic Games/4.10/Engine/Binaries/Win64/../../../Engine/Shaders/BasePassForForwardShadingPixelShader.usf" 313
"C:/Program Files (x86)/Epic Games/4.10/Engine/Binaries/Win64/../../../Engine/Shaders/BasePassForForwardShadingCommon.usf" 314
"C:/Program Files (x86)/Epic Games/4.10/Engine/Binaries/Win64/../../../Engine/Shaders/LightmapCommon.usf" 315
"C:/Program Files (x86)/Epic Games/4.10/Engine/Binaries/Win64/../../../Engine/Shaders/BasePassForForwardShadingVertexShader.usf" 316
"C:/Program Files (x86)/Epic Games/4.10/Engine/Binaries/Win64/../../../Engine/Shaders/HeightFogCommon.usf" 317
"C:/Program Files (x86)/Epic Games/4.10/Engine/Binaries/Win64/../../../Engine/Shaders/HeightFogPixelShader.usf" 318
"C:/Program Files (x86)/Epic Games/4.10/Engine/Binaries/Win64/../../../Engine/Shaders/HeightFogVertexShader.usf" 319
"C:/Program Files (x86)/Epic Games/4.10/Engine/Binaries/Win64/../../../Engine/Shaders/DistortAccumulatePS.usf" 320
"C:/Program Files (x86)/Epic Games/4.10/Engine/Binaries/Win64/../../../Engine/Shaders/DistortAccumulateVS.usf" 321
"C:/Program Files (x86)/Epic Games/4.10/Engine/Binaries/Win64/../../../Engine/Shaders/DistortApplyScreenPS.usf" 322
"C:/Program Files (x86)/Epic Games/4.10/Engine/Binaries/Win64/../../../Engine/Shaders/DistanceFieldSurfaceCacheLighting.usf" 323
"C:/Program Files (x86)/Epic Games/4.10/Engine/Binaries/Win64/../../../Engine/Shaders/SkyLighting.usf" 324
"C:/Program Files (x86)/Epic Games/4.10/Engine/Binaries/Win64/../../../Engine/Shaders/DistanceFieldSurfaceCacheLightingCompute.usf" 325
"C:/Program Files (x86)/Epic Games/4.10/Engine/Binaries/Win64/../../../Engine/Shaders/DistanceFieldShadowing.usf" 326
"C:/Program Files (x86)/Epic Games/4.10/Engine/Binaries/Win64/../../../Engine/Shaders/DistanceFieldScreenGridLighting.usf" 327
"C:/Program Files (x86)/Epic Games/4.10/Engine/Binaries/Win64/../../../Engine/Shaders/DistanceFieldLightingPost.usf" 328
"C:/Program Files (x86)/Epic Games/4.10/Engine/Binaries/Win64/../../../Engine/Shaders/DistanceFieldGlobalIllumination.usf" 329
"C:/Program Files (x86)/Epic Games/4.10/Engine/Binaries/Win64/../../../Engine/Shaders/DepthOnlyPixelShader.usf" 330
"C:/Program Files (x86)/Epic Games/4.10/Engine/Binaries/Win64/../../../Engine/Shaders/DepthOnlyVertexShader.usf" 331
"C:/Program Files (x86)/Epic Games/4.10/Engine/Binaries/Win64/../../../Engine/Shaders/PositionOnlyDepthVertexShader.usf" 332
"C:/Program Files (x86)/Epic Games/4.10/Engine/Binaries/Win64/../../../Engine/Shaders/DownsampleDepthPixelShader.usf" 333
"C:/Program Files (x86)/Epic Games/4.10/Engine/Binaries/Win64/../../../Engine/Shaders/EvaluateSurfelMaterial.usf" 334
"C:/Program Files (x86)/Epic Games/4.10/Engine/Binaries/Win64/../../../Engine/Shaders/ConvertToUniformMesh.usf" 335
"C:/Program Files (x86)/Epic Games/4.10/Engine/Binaries/Win64/../../../Engine/Shaders/BasePassPixelShader.usf" 336
"C:/Program Files (x86)/Epic Games/4.10/Engine/Binaries/Win64/../../../Engine/Shaders/BasePassCommon.usf" 337
"C:/Program Files (x86)/Epic Games/4.10/Engine/Binaries/Win64/../../../Engine/Shaders/ForEachLight.usf" 338
"C:/Program Files (x86)/Epic Games/4.10/Engine/Binaries/Win64/../../../Engine/Shaders/BasePassVertexShader.usf" 339
"C:/Program Files (x86)/Epic Games/4.10/Engine/Binaries/Win64/../../../Engine/Shaders/BasePassVertexCommon.usf" 340
"C:/Program Files (x86)/Epic Games/4.10/Engine/Binaries/Win64/../../../Engine/Shaders/BasePassTessellationShaders.usf" 341
"C:/Program Files (x86)/Epic Games/4.10/Engine/Binaries/Win64/../../../Engine/Shaders/AtmospherePrecompute.usf" 342
"C:/Program Files (x86)/Epic Games/4.10/Engine/Binaries/Win64/../../../Engine/Shaders/AtmospherePrecomputeCommon.usf" 343
"C:/Program Files (x86)/Epic Games/4.10/Engine/Binaries/Win64/../../../Engine/Shaders/AtmospherePrecomputeInscatter.usf" 344
"C:/Program Files (x86)/Epic Games/4.10/Engine/Binaries/Win64/../../../Engine/Shaders/AtmosphericFogShader.usf" 345
"C:/Program Files (x86)/Epic Games/4.10/Engine/Binaries/Win64/../../../Engine/Shaders/ResolveVertexShader.usf" 346
"C:/Program Files (x86)/Epic Games/4.10/Engine/Binaries/Win64/../../../Engine/Shaders/ResolvePixelShader.usf" 347
"C:/Program Files (x86)/Epic Games/4.10/Engine/Binaries/Win64/../../../Engine/Shaders/OneColorShader.usf" 348
"C:/Program Files (x86)/Epic Games/4.10/Engine/Binaries/Win64/../../../Engine/Shaders/MediaShaders.usf" 349
"C:/Program Files (x86)/Epic Games/4.10/Engine/Binaries/Win64/../../../Engine/Shaders/ClearReplacementShaders.usf" 350
"C:/Program Files (x86)/Epic Games/4.10/Engine/Binaries/Win64/../../../Engine/Shaders/SimpleElementTexture2DPreviewPixelShader.usf" 351
"C:/Program Files (x86)/Epic Games/4.10/Engine/Binaries/Win64/../../../Engine/Shaders/SimpleElementNormalMapPixelShader.usf" 352
"C:/Program Files (x86)/Epic Games/4.10/Engine/Binaries/Win64/../../../Engine/Shaders/meshpaintdilatepixelshader.usf" 353
"C:/Program Files (x86)/Epic Games/4.10/Engine/Binaries/Win64/../../../Engine/Shaders/meshpaintdilatevertexshader.usf" 354
"C:/Program Files (x86)/Epic Games/4.10/Engine/Binaries/Win64/../../../Engine/Shaders/MeshPaintPixelShader.usf" 355
"C:/Program Files (x86)/Epic Games/4.10/Engine/Binaries/Win64/../../../Engine/Shaders/MeshPaintVertexShader.usf" 356
"../../../Engine/Config/Android/AndroidEngine.ini" 357
"../../../Engine/Config/IOS/IOSEngine.ini" 358
"../../../Engine/Config/Linux/LinuxEngine.ini" 359
"C:/Users/NewPC/AppData/Local/UnrealEngine/4.10/DerivedDataCache/Boot.ddc" 360
"../../../Engine/DerivedDataCache/Compressed.ddp" 361
"../../../Engine/Content/EngineFonts/Roboto.uasset" 362
"../../../Engine/Content/EngineMaterials/Widget3DPassThrough_Translucent.uasset" 363
"../../../Engine/Content/EngineMaterials/Widget3DPassThrough.uasset" 364
"../../../Engine/Content/Functions/Engine_MaterialFunctions02/Texturing/ScreenAlignedUVs.uasset" 365
"../../../Engine/Content/EngineResources/WhiteSquareTexture.uasset" 366
"../../../Engine/Content/Functions/Engine_MaterialFunctions01/Shading/PowerToRoughness.uasset" 367
"../../../Engine/Content/Functions/Engine_MaterialFunctions01/Shading/ConvertFromDiffSpec.uasset" 368
"../../../Engine/Content/EngineMaterials/WorldGridMaterial.uasset" 369
"../../../Engine/Content/Functions/Engine_MaterialFunctions01/Opacity/CameraDepthFade.uasset" 370
"../../../Engine/Content/EngineMaterials/T_Default_Material_Grid_M.uasset" 371
"../../../Engine/Content/EngineMaterials/T_Default_Material_Grid_N.uasset" 372
"../../../Engine/Content/EngineMaterials/DefaultDeferredDecalMaterial.uasset" 373
"../../../Engine/Content/EngineMaterials/DefaultDiffuse.uasset" 374
"../../../Engine/Content/EngineMaterials/DefaultLightFunctionMaterial.uasset" 375
"../../../Engine/Content/EngineMaterials/DefaultPostProcessMaterial.uasset" 376
"../../../Engine/Content/Functions/Engine_MaterialFunctions02/Utility/BreakOutFloat2Components.uasset" 377
"../../../Engine/Content/EngineResources/DefaultTexture.uasset" 378
"../../../Engine/Content/EngineMaterials/Widget3DPassThrough_Translucent_OneSided.uasset" 379
"../../../Engine/Content/EngineMaterials/Widget3DPassThrough_Opaque.uasset" 380
"../../../Engine/Content/EngineMaterials/Widget3DPassThrough_Opaque_OneSided.uasset" 381
"../../../Engine/Content/EngineMaterials/Widget3DPassThrough_Masked.uasset" 382
"../../../Engine/Content/EngineMaterials/Widget3DPassThrough_Masked_OneSided.uasset" 383
"../../../Engine/Content/EditorResources/S_Actor.uasset" 384
"D:/Program Files/GIT/github/UE4Projects/GroupProject/Saved/Config/Windows/TemplateDefs.ini" 385
"D:/Program Files/GIT/github/UE4Projects/GroupProject/Intermediate/Config/CoalescedSourceConfigs/TemplateDefs.ini" 386
"D:/Program Files/GIT/github/UE4Projects/GroupProject/Saved/Config/Windows/GameplayTags.ini" 387
"D:/Program Files/GIT/github/UE4Projects/GroupProject/Intermediate/Config/CoalescedSourceConfigs/GameplayTags.ini" 388
"../../../Engine/Content/Maps/Templates/Thumbnails/Default.uasset" 389
"../../../Engine/Content/EditorMaterials/ParticleSystems/PSysThumbnail_NoImage.uasset" 390
"../../../Engine/Content/EditorMaterials/ParticleSystems/PSysThumbnail_OOD.uasset" 391
"../../../Engine/Content/EditorLandscapeResources/DataLayer.uasset" 392
"../../../Engine/Content/EngineDamageTypes/DmgTypeBP_Environmental.uasset" 393
"..\..\..\Engine\Content\Internationalization\icudt53l\numberingSystems.res" 394
"..\..\..\Engine\Content\Internationalization\icudt53l\curr\supplementalData.res" 395
"..\..\..\Engine\Content\Internationalization\icudt53l\curr\pool.res" 396
"..\..\..\Engine\Content\Internationalization\icudt53l\curr\en_AU.res" 397
"..\..\..\Engine\Content\Internationalization\icudt53l\curr\en_GB.res" 398
"..\..\..\Engine\Content\Internationalization\icudt53l\curr\en_001.res" 399
"..\..\..\Engine\Content\Internationalization\icudt53l\curr\en.res" 400
"..\..\..\Engine\Content\Internationalization\icudt53l\curr\root.res" 401
"../../../Engine/Content/EngineMeshes/Sphere.uasset" 402
"../../../Engine/Content/EngineFonts/RobotoDistanceField.uasset" 403
"../../../Engine/Content/EngineMaterials/DefaultTextMaterialOpaque.uasset" 404
"../../../Engine/Content/EditorResources/S_Trigger.uasset" 405
"../../../Engine/Content/EngineResources/GradientTexture0.uasset" 406
"../../../Engine/Content/EngineResources/Black.uasset" 407
"../../../Engine/Content/EditorMaterials/MatineeGroups/MAT_Groups_Float.uasset" 408
"../../../Engine/Content/EditorMaterials/MatineeGroups/MAT_Groups_Director.uasset" 409
"../../../Engine/Content/EditorMaterials/MatineeGroups/MAT_Groups_Event.uasset" 410
"../../../Engine/Content/EditorMaterials/MatineeGroups/MAT_Groups_Anim.uasset" 411
"../../../Engine/Content/EditorMaterials/MatineeGroups/MAT_Groups_Fade.uasset" 412
"../../../Engine/Content/EditorMaterials/MatineeGroups/MAT_Groups_Move.uasset" 413
"../../../Engine/Content/EditorMaterials/MatineeGroups/MAT_Groups_Slomo.uasset" 414
"../../../Engine/Content/EditorMaterials/MatineeGroups/MAT_ColorTrack.uasset" 415
"../../../Engine/Content/EditorMaterials/MAT_Groups_Toggle.uasset" 416
"../../../Engine/Content/EditorMaterials/MatineeGroups/MAT_Groups_AudioMaster.uasset" 417
"../../../Engine/Content/EditorMaterials/MatineeGroups/MAT_Groups_Sound.uasset" 418
"../../../Engine/Content/EditorMaterials/MatineeGroups/MAT_Groups_Vector.uasset" 419
"../../../Engine/Content/EditorMaterials/MAT_Groups_Visibility.uasset" 420
"../../../Engine/Content/EngineResources/DefaultTextureCube.uasset" 421
"../../../Engine/Content/EngineSounds/Master.uasset" 422
"../../../Engine/Content/EngineSounds/Music.uasset" 423
"../../../Engine/Content/EngineSounds/SFX.uasset" 424
"../../../Engine/Content/EngineSounds/Normal_Attack.uasset" 425
"../../../Engine/Content/EngineSounds/Special_Attack_PSM.uasset" 426
"../../../Engine/Content/EngineSounds/Duck_Normal_Attack_MixMod.uasset" 427
"../../../Engine/Content/EngineSounds/Voice.uasset" 428
"../../../Engine/Content/EngineMeshes/Cylinder.uasset" 429
"../../../Engine/Content/EngineMaterials/DefaultMaterial.uasset" 430
"../../../Engine/Content/EngineTireTypes/DefaultTireType.uasset" 431
"../../../Engine/Content/Editor/Slate/Fonts/FontAwesome.ttf" 432
"../../../Engine/Content/Editor/Slate/Fonts/DroidSansMono.ttf" 433
"../../../Engine/Content/Editor/Slate/Fonts/Roboto-BoldCondensed.ttf" 434
"../../../Engine/Content/Editor/Slate/Fonts/Roboto-Black.ttf" 435
"../../../Engine/Content/Editor/Slate/Fonts/Roboto-Italic.ttf" 436
"../../../Engine/Content/Editor/Slate/Fonts/Roboto-BoldCondensedItalic.ttf" 437
"..\..\..\Engine\Content\Internationalization\icudt53l\coll\ucadata.icu" 438
"..\..\..\Engine\Content\Internationalization\icudt53l\nfc.nrm" 439
"..\..\..\Engine\Content\Internationalization\icudt53l\coll\en.res" 440
"..\..\..\Engine\Content\Internationalization\icudt53l\coll\root.res" 441
"../../../Engine/Content/EngineResources/AICON-Red.uasset" 442
"../../../Engine/Content/EngineResources/AICON-Green.uasset" 443
"../../../Engine/Content/Tutorial/Basics/LevelEditorAttract.uasset" 444
"../../../Engine/Content/Tutorial/ContentIntroCurve.uasset" 445
"../../../Engine/Plugins/2D/Paper2D/Content/MaskedUnlitSpriteMaterial.uasset" 446
"../../../Engine/Plugins/2D/Paper2D/Content/DefaultSpriteMaterial.uasset" 447
"../../../Engine/Plugins/2D/Paper2D/Content/PlaceholderTextures/DummySpriteTexture.uasset" 448
"../../../Engine/Plugins/2D/Paper2D/Content/OpaqueUnlitSpriteMaterial.uasset" 449
"../../../Engine/Plugins/2D/Paper2D/Content/DefaultPaperTerrainMaterial.uasset" 450
"../../../Engine/Plugins/2D/Paper2D/Content/DummySprite.uasset" 451
"../../../Engine/Plugins/2D/Paper2D/Content/DummySpriteTexture.uasset" 452
"C:/Users/NewPC/AppData/Local/UnrealEngine/4.10/Saved/Config/Windows/SourceControlSettings.ini" 453
"D:/Program Files/GIT/github/UE4Projects/GroupProject/Intermediate/Config/CoalescedSourceConfigs/SourceControlSettings.ini" 454
"D:/Program Files/GIT/github/UE4Projects/GroupProject/Saved/Config/Windows/SourceControlSettings.ini" 455
"../../../Engine/Plugins/Runtime/LeapMotionController/Content/LM_CapsuleMesh.uasset" 456
"../../../Engine/Plugins/Runtime/LeapMotionController/Content/LM_TorusMesh.uasset" 457
"../../../Engine/Plugins/Runtime/LeapMotionController/Content/LM_HandColor.uasset" 458
"../../../Engine/Plugins/Runtime/LeapMotionController/Content/LM_PassthroughMaterial.uasset" 459
"../../../Engine/Plugins/Runtime/LeapMotionController/Content/LM_SampleDistortion.uasset" 460
"../../../Engine/Plugins/Runtime/LeapMotionController/Content/LM_TestTexture.uasset" 461
"../../../Engine/Content/BasicShapes/Cube.uasset" 462
"../../../Engine/Content/EngineMaterials/RemoveSurfaceMaterial.uasset" 463
"../../../Engine/Content/EngineDebugMaterials/DebugMeshMaterial.uasset" 464
"../../../Engine/Content/EngineMaterials/M_InvalidLightmapSettings.uasset" 465
"../../../Engine/Content/EngineMaterials/InvalidLightmapSettings.uasset" 466
"../../../Engine/Content/EditorMaterials/GizmoMaterial.uasset" 467
"../../../Engine/Content/EngineMaterials/Good64x64TilingNoiseHighFreq.uasset" 468
"../../../Engine/Content/EngineMaterials/DefaultBokeh.uasset" 469
"../../../Engine/Content/EngineMaterials/PreintegratedSkinBRDF.uasset" 470
"../../../Engine/Content/EngineMaterials/MiniFont.uasset" 471
"../../../Engine/Content/EngineMaterials/WeightMapPlaceholderTexture.uasset" 472
"../../../Engine/Content/EngineMaterials/DefaultWhiteGrid.uasset" 473
"../../../Engine/Content/EngineMaterials/DefaultPhysicalMaterial.uasset" 474
"../../../Engine/Content/EngineFonts/RobotoTiny.uasset" 475
"D:/Program Files/GIT/github/UE4Projects/GroupProject/Intermediate/CachedAssetRegistry.bin" 476
"D:/Program Files/GIT/github/UE4Projects/GroupProject/Content/Blueprints/Car.uasset" 477
"D:/Program Files/GIT/github/UE4Projects/GroupProject/Content/Maps/TestingMap.umap" 478
"D:/Program Files/GIT/github/UE4Projects/GroupProject/Saved/Autosaves/Game/Maps/TestingMap_Auto1.umap" 479
"D:/Program Files/GIT/github/UE4Projects/GroupProject/Saved/Autosaves/Game/Maps/UEDPCTestingMap.umap" 480
"../../../Engine/Config/HTML5/HTML5Engine.ini" 481
"../../../Engine/Content/MobileResources/HUD/VirtualJoystick_Thumb.uasset" 482
"D:/Program Files/GIT/github/UE4Projects/GroupProject/Content/GameMode/TestingGameMode.uasset" 483
"../../../Engine/Content/BasicShapes/BasicShapeMaterial.uasset" 484
"D:/Program Files/GIT/github/UE4Projects/GroupProject/Content/Materials/Blue.uasset" 485
"D:/Program Files/GIT/github/UE4Projects/GroupProject/Content/Materials/Red.uasset" 486
"../../../Engine/Content/BasicShapes/Sphere.uasset" 487
"C:/Users/NewPC/AppData/Local/UnrealEngine/Common/DerivedDataCache/0/9/9/MATSM_984AFA3849534FAA8491540B994BD32E_PCD3D_SM5_3__BC5N_DEV_SL_NODBUFD1117FA1__873A78D5F74B0344F8F142E67B240494E8FA76E0.udd" 488
"C:/Users/NewPC/AppData/Local/UnrealEngine/Common/DerivedDataCache/3/9/1/MATSM_984AFA3849534FAA8491540B994BD32E_PCD3D_SM5_3__BC5N_DEV_SL_NODBUF26B2E085__47850B2F0B3334F66E3FA74CC62D67C8881E4537.udd" 489
"../../../Engine/Content/EditorResources/BSPVertex.uasset" 490
"../../../Engine/Content/EngineDebugMaterials/GeomMaterial.uasset" 491
"../../../Engine/Content/EngineDebugMaterials/BoneWeightMaterial.uasset" 492
"../../../Engine/Content/EngineDebugMaterials/HeatmapGradient.uasset" 493
"../../../Engine/Content/EditorMaterials/PhAT_JointLimitMaterial.uasset" 494
"../../../Engine/Content/EditorMaterials/PreviewShadowIndicatorMaterial.uasset" 495
"../../../Engine/Content/EditorMaterials/PreviewShadowIndicator.uasset" 496
"../../../Engine/Content/EngineMaterials/EditorBrushMaterial.uasset" 497
"../../../Engine/Content/EditorMeshes/ColorCalibrator/SM_ColorCalibrator.uasset" 498
"../../../Engine/Content/EditorMeshes/ColorCalibrator/M_ChromeBall.uasset" 499
"../../../Engine/Content/EditorMeshes/ColorCalibrator/M_ClearCoat.uasset" 500
"../../../Engine/Content/EditorMeshes/ColorCalibrator/M_ClearCoatBlack.uasset" 501
"../../../Engine/Content/EditorMeshes/ColorCalibrator/M_ColorGrid.uasset" 502
"../../../Engine/Content/EditorMeshes/ColorCalibrator/T_ColorGrid.uasset" 503
"../../../Engine/Content/EditorMeshes/ColorCalibrator/M_GreyBall.uasset" 504
"../../../Engine/Content/MobileResources/HUD/DefaultVirtualJoysticks.uasset" 505
"../../../Engine/Content/MobileResources/HUD/VirtualJoystick_Background.uasset" 506
"../../../Engine/Content/Tutorial/BlueprintTutorials/TutorialAssets/Blueprint_64x.uasset" 507
"../../../Engine/Content/Tutorial/SubEditors/TutorialAssets/icon_Editor_Preferences_General_40x.uasset" 508
"../../../Engine/Content/Tutorial/Paper2D/TutorialAssets/Paper2DSprite_TutorialIcon.uasset" 509
"../../../Engine/Content/Tutorial/SubEditors/TutorialAssets/icon_ShowSkeletalMeshes_40x.uasset" 510
"../../../Engine/Content/Tutorial/Landscape/TutorialAssets/Landscape.uasset" 511
"../../../Engine/Content/Tutorial/Foliage/TutorialAssets/Foliage.uasset" 512
"../../../Engine/Content/Tutorial/SubEditors/StaticMeshEditorTutorial.uasset" 513
"../../../Engine/Content/EngineMeshes/Cube.uasset" 514
"../../../Engine/Content/Tutorial/Basics/LevelEditorOverview.uasset" 515
"../../../Engine/Content/Tutorial/Basics/TutorialAssets/icon_tab_Levels_40x.uasset" 516
"../../../Engine/Content/Tutorial/BlueprintTutorials/BlueprintEditorTutorial.uasset" 517
"../../../Engine/Content/Tutorial/BlueprintTutorials/BlueprintMacroLibrariesEditorOverview.uasset" 518
"../../../Engine/Content/Tutorial/BlueprintTutorials/TutorialAssets/BlueprintMacroLibrary_64x.uasset" 519
"../../../Engine/Content/Tutorial/BlueprintTutorials/TutorialAssets/Tutorial_BP_MacroLib.uasset" 520
"../../../Engine/Content/Tutorial/BlueprintTutorials/BlueprintInterfacesEditorOverview.uasset" 521
"../../../Engine/Content/Tutorial/BlueprintTutorials/TutorialAssets/BlueprintInterface_64x.uasset" 522
"../../../Engine/Content/Tutorial/BlueprintTutorials/TutorialAssets/Tutorial_BP_Interface.uasset" 523
"../../../Engine/Content/Tutorial/BlueprintTutorials/LevelBlueprintEditorOverview.uasset" 524
"../../../Engine/Content/Tutorial/SubEditors/DestructibleMeshEditorTutorial.uasset" 525
"../../../Engine/Content/Tutorial/SubEditors/TutorialAssets/Tutorial_DM.uasset" 526
"../../../Engine/Content/EditorMeshes/EditorCube.uasset" 527
"../../../Engine/Content/Tutorial/SubEditors/MaterialEditorTutorial.uasset" 528
"../../../Engine/Content/Tutorial/SubEditors/TutorialAssets/TutorialMaterial.uasset" 529
"../../../Engine/Content/Tutorial/SubEditors/ParticleSystemEditorTutorial.uasset" 530
"../../../Engine/Content/Tutorial/SubEditors/TutorialAssets/TutorialParticleSystem.uasset" 531
"../../../Engine/Content/Tutorial/SubEditors/TutorialAssets/M_smoke_subUV_blackbody.uasset" 532
"../../../Engine/Content/Tutorial/SubEditors/TutorialAssets/T_SmokeSubUV_8X8.uasset" 533
"../../../Engine/Content/Tutorial/SubEditors/TutorialAssets/T_soft_smoke.uasset" 534
"../../../Engine/Content/Tutorial/SubEditors/PersonaAnimEditorWalkThrough.uasset" 535
"../../../Engine/Content/Tutorial/SubEditors/TutorialAssets/Character/NewBlendSpace1D.uasset" 536
"../../../Engine/Content/Tutorial/SubEditors/TutorialAssets/Character/Tutorial_Idle.uasset" 537
"../../../Engine/Content/Tutorial/SubEditors/TutorialAssets/Character/TutorialTPP_Skeleton.uasset" 538
"../../../Engine/Content/Tutorial/SubEditors/TutorialAssets/Character/Tutorial_Walk_Fwd.uasset" 539
"../../../Engine/Content/Tutorial/SubEditors/TutorialAssets/Character/TutorialTPP.uasset" 540
"../../../Engine/Content/Tutorial/SubEditors/TutorialAssets/Character/TutorialTPP_Mat.uasset" 541
"../../../Engine/Content/Tutorial/SubEditors/TutorialAssets/Character/TutorialTPP_PhysicsAsset.uasset" 542
"../../../Engine/Content/Tutorial/SubEditors/PersonaAnimBlueprintEditorWalkthrough.uasset" 543
"../../../Engine/Content/Tutorial/SubEditors/TutorialAssets/Character/TutorialTPP_AnimBlueprint.uasset" 544
"../../../Engine/Content/EditorBlueprintResources/StandardMacros.uasset" 545
"../../../Engine/Content/Tutorial/SubEditors/TutorialAssets/Character/TutorialCharacter.uasset" 546
"../../../Engine/Content/Tutorial/Paper2D/SpriteEditorTutorial.uasset" 547
"../../../Engine/Content/Tutorial/Paper2D/FlipbookEditorTutorial.uasset" 548
"../../../Engine/Content/Tutorial/Paper2D/TutorialAssets/Paper2DFlipbook_TutorialIcon.uasset" 549
"../../../Engine/Content/Tutorial/Landscape/Landscape_Manage_Mode.uasset" 550
"../../../Engine/Content/Tutorial/Landscape/Landscape_Sculpt_Mode.uasset" 551
"../../../Engine/Content/Tutorial/Landscape/Landscape_Painting_Mode.uasset" 552
"../../../Engine/Content/Tutorial/Foliage/Foliage_Intro_Tutorial.uasset" 553
"../../../Engine/Content/Tutorial/Foliage/Foliage_Using_The_Tool_Tutorial.uasset" 554
"../../../Engine/Content/Tutorial/Foliage/Foliage_Settings_Tutorial.uasset" 555
"C:/Users/NewPC/AppData/Local/Temp/UnrealShaderWorkingDir/08DEF2D6492CFDB54A624BBDD34F3497/1/WorkerOutputOnly.out" 556
"C:/Users/NewPC/AppData/Local/Temp/UnrealShaderWorkingDir/08DEF2D6492CFDB54A624BBDD34F3497/3/WorkerOutputOnly.out" 557
"../../../Engine/Content/MobileResources/HUD/MobileHUDDirectionStick.uasset" 558
"../../../Engine/Content/MobileResources/HUD/MobileHUDButton1_off.uasset" 559
"../../../Engine/Content/EngineSky/BP_Sky_Sphere.uasset" 560
"../../../Engine/Content/EngineSky/C_Sky_Cloud_Color.uasset" 561
"../../../Engine/Content/EngineSky/C_Sky_Horizon_Color.uasset" 562
"../../../Engine/Content/EngineSky/C_Sky_Zenith_Color.uasset" 563
"../../../Engine/Content/EngineSky/M_Sky_Panning_Clouds2.uasset" 564
"../../../Engine/Content/EngineSky/T_Sky_Blue.uasset" 565
"../../../Engine/Content/EngineSky/T_Sky_Clouds_M.uasset" 566
"../../../Engine/Content/EngineSky/T_Sky_Stars.uasset" 567
"../../../Engine/Content/EngineSky/SM_SkySphere.uasset" 568
"D:/Program Files/GIT/github/UE4Projects/GroupProject/Content/Blueprints/EndlessLevel.uasset" 569
"C:/Users/NewPC/AppData/Local/UnrealEngine/Common/DerivedDataCache/3/7/0/TEXTURE_814DCC3DC72143F49509781513CB9855_AUTODXT_AAFF7CBC4E364BDA3C8C84BC5A9ED__A68C52B3399554F2A08307AC478EA00D5C140C6F.udd" 570
"C:/Users/NewPC/AppData/Local/UnrealEngine/Common/DerivedDataCache/9/8/3/TEXTURE_814DCC3DC72143F49509781513CB9855_AUTODXT_D1EC3C014D6A0D4B9C5C35A5AB857__20B9AA7BAD138724AF9AD0F90595782494952627.udd" 571
"C:/Users/NewPC/AppData/Local/UnrealEngine/Common/DerivedDataCache/2/1/5/TEXTURE_814DCC3DC72143F49509781513CB9855_AUTODXT_09C472E44B7A184B761521B66E81A__731CD76BC6D8BEDCF01D5B88DA25546E3531838D.udd" 572
"C:/Users/NewPC/AppData/Local/UnrealEngine/Common/DerivedDataCache/3/2/6/TEXTURE_814DCC3DC72143F49509781513CB9855_AUTODXT_AAFF7CBC4E364BDA3C8C84BC5A9ED__AC914B74B81B1A96FDA6D433C43C843F70D8DC9B.udd" 573
"C:/Users/NewPC/AppData/Local/UnrealEngine/Common/DerivedDataCache/4/1/1/TEXTURE_814DCC3DC72143F49509781513CB9855_DXT1_535CC571433F9F0A632E15B55B579570__A2BCCDC35400AFF6290163F56D7663AC571FA19D.udd" 574
"C:/Users/NewPC/AppData/Local/UnrealEngine/Common/DerivedDataCache/9/4/1/TEXTURE_814DCC3DC72143F49509781513CB9855_DXT1_BFDD8CDE441EAF8DF1CC2D99ECD7149D__5C350D6DC0B3902D8FD4AE4C890561E82DE1AED8.udd" 575
"C:/Users/NewPC/AppData/Local/UnrealEngine/Common/DerivedDataCache/0/6/7/TEXTURE_814DCC3DC72143F49509781513CB9855_AUTODXT_09C472E44B7A184B761521B66E81A__298E6060A520F83D57A2BFC5C20A99932B0BEC57.udd" 576
"C:/Users/NewPC/AppData/Local/UnrealEngine/Common/DerivedDataCache/3/8/9/TEXTURE_814DCC3DC72143F49509781513CB9855_DXT1_535CC571433F9F0A632E15B55B579570__4C89B55862AB235B2367220AAA0883E179967F28.udd" 577
"C:/Users/NewPC/AppData/Local/UnrealEngine/Common/DerivedDataCache/0/5/5/TEXTURE_814DCC3DC72143F49509781513CB9855_DXT1_4847A4A74AF0F2A5B7774080999FFE2F__0C896F8264FE20D40237BEE99DCF9A48D837EC3E.udd" 578
"C:/Users/NewPC/AppData/Local/UnrealEngine/Common/DerivedDataCache/3/7/2/TEXTURE_814DCC3DC72143F49509781513CB9855_G8_BE830E84400A6AF2FD50E485C6F16224_0__3876919CDB5E8799B378EFB36CCD417AAC72EFB8.udd" 579
"C:/Users/NewPC/AppData/Local/UnrealEngine/Common/DerivedDataCache/4/4/5/TEXTURE_814DCC3DC72143F49509781513CB9855_G8_A03C1CB943890953D2A2C6A1A42BE450_0__EEA07004D10D6F88D5222F4828769F6200B8557C.udd" 580
"C:/Users/NewPC/AppData/Local/UnrealEngine/Common/DerivedDataCache/6/2/1/TEXTURE_814DCC3DC72143F49509781513CB9855_DXT1_4847A4A74AF0F2A5B7774080999FFE2F__EA7894AB0FAD786324843828DF8ED5E0979E46B9.udd" 581
"C:/Users/NewPC/AppData/Local/UnrealEngine/Common/DerivedDataCache/5/7/1/TEXTURE_814DCC3DC72143F49509781513CB9855_G8_A03C1CB943890953D2A2C6A1A42BE450_0__5B680CB1B45816F6865C1C97A1DCCC3FED5D9F18.udd" 582
"C:/Users/NewPC/AppData/Local/UnrealEngine/Common/DerivedDataCache/3/9/8/TEXTURE_814DCC3DC72143F49509781513CB9855_G8_BE830E84400A6AF2FD50E485C6F16224_0__ABA651C58D3DD9DA6636921CB1347F64ADCEDC68.udd" 583
"C:/Users/NewPC/AppData/Local/UnrealEngine/Common/DerivedDataCache/2/1/2/TEXTURE_814DCC3DC72143F49509781513CB9855_G8_2FB0C43946FE05241098CE8FF03D8CD4_0__8EF480E5BE1A35465E0D0EC4E98BF62A66FEB559.udd" 584
"../../../Engine/Content/EditorResources/EmptyActor.uasset" 585
"C:/Users/NewPC/AppData/Local/Temp/UnrealShaderWorkingDir/08DEF2D6492CFDB54A624BBDD34F3497/0/WorkerOutputOnly.out" 586
"../../../Engine/Content/MobileResources/HUD/MobileHUDButton2_off.uasset" 587
"../../../Engine/Content/MobileResources/HUD/AnalogHat.uasset" 588
"../../../Engine/Content/MobileResources/HUD/MobileHUDButtonFire.uasset" 589
"C:/Users/NewPC/AppData/Local/Temp/UnrealShaderWorkingDir/08DEF2D6492CFDB54A624BBDD34F3497/2/WorkerOutputOnly.out" 590
"D:/Program Files/GIT/github/UE4Projects/GroupProject/Content/Blueprints/BoostPickup.uasset" 591
"../../../Engine/Content/MobileResources/HUD/T_Castle_ThumbstickInner.uasset" 592
"../../../Engine/Content/MobileResources/HUD/LeftVirtualJoystickOnly.uasset" 593
"../../../Engine/Content/MobileResources/T_MobileMenu2.uasset" 594
"../../../Engine/Content/MobileResources/HUD/MobileHUDDirectionPad2.uasset" 595
"../../../Engine/Content/MobileResources/HUD/MobileHUDDirectionPad3.uasset" 596
"../../../Engine/Content/Maps/Entry.umap" 597
"../../../Engine/Content/EngineMaterials/DefaultNormal.uasset" 598
"../../../Engine/Content/MobileResources/HUD/T_Castle_ThumbstickOutter.uasset" 599
"../../../Engine/Content/MobileResources/HUD/MobileHUDButton2_on.uasset" 600
"../../../Engine/Content/MobileResources/T_MobileControls_texture.uasset" 601
"../../../Engine/Content/MobileResources/HUD/MobileHUDButton3.uasset" 602
"../../../Engine/Content/MobileResources/HUD/MobileHUDDirectionPad.uasset" 603
"../../../Engine/Content/MobileResources/HUD/MobileHUDButton1_on.uasset" 604
"..\..\..\Engine\Content\Internationalization\icudt53l\windowsZones.res" 605
"..\..\..\Engine\Content\Internationalization\icudt53l\zoneinfo64.res" 606
"..\..\..\Engine\Content\Internationalization\icudt53l\keyTypeData.res" 607
"..\..\..\Engine\Content\Internationalization\icudt53l\timezoneTypes.res" 608
"..\..\..\Engine\Content\Internationalization\icudt53l\supplementalData.res" 609
"..\..\..\Engine\Content\Internationalization\icudt53l\likelySubtags.res" 610
